

================================================================
== Vivado HLS Report for 'decision_function_50'
================================================================
* Date:           Mon Dec 11 23:04:58 2023

* Version:        2019.1 (Build 2552052 on Fri May 24 15:28:33 MDT 2019)
* Project:        Final_HLS
* Solution:       solution1
* Product family: zynq
* Target device:  xc7z020-clg400-1


================================================================
== Performance Estimates
================================================================
+ Timing (ns): 
    * Summary: 
    +--------+-------+----------+------------+
    |  Clock | Target| Estimated| Uncertainty|
    +--------+-------+----------+------------+
    |ap_clk  |  10.00|     6.791|        1.25|
    +--------+-------+----------+------------+

+ Latency (clock cycles): 
    * Summary: 
    +-----+-----+-----+-----+----------+
    |  Latency  |  Interval | Pipeline |
    | min | max | min | max |   Type   |
    +-----+-----+-----+-----+----------+
    |    3|    3|    3|    3| function |
    +-----+-----+-----+-----+----------+

    + Detail: 
        * Instance: 
        N/A

        * Loop: 
        N/A

============================================================
+ Verbose Summary: Synthesis Manager
============================================================
InlineROM: 1
ExposeGlobal: 0
============================================================
+ Verbose Summary: CDFG Model
============================================================
IsTopModel: 0
ResetActiveHigh: 1
IsCombinational: 0
IsDatapathOnly: 0
HasWiredReturn: 1
HasMFsm: 2
HasVarLatency: 0
IsPipeline: 1
IsRtlPipelined: 1
IsInstanceOverlapped: 0
IsDontTouch: 0
HasImplIP: 0
IsGatedGlobalClock: 0

+ Individual pipeline summary: 
  * Pipeline-0: initiation interval (II) = 3, depth = 4


============================================================
+ Verbose Summary: Schedule
============================================================
* Number of FSM states : 4
* Pipeline : 1
  Pipeline-0 : II = 3, D = 4, States = { 1 2 3 4 }
* Dataflow Pipeline: 0

* FSM state transitions: 
1 --> 2 
2 --> 3 
3 --> 4 
4 --> 

* FSM state operations: 

State 1 <SV = 0> <Delay = 2.32>
ST_1 : Operation 5 [1/1] (0.00ns)   --->   "%x_V_addr = getelementptr [12 x i12]* %x_V, i64 0, i64 0" [../my-conifer-prj/firmware/BDT.h:57]   --->   Operation 5 'getelementptr' 'x_V_addr' <Predicate = true> <Delay = 0.00>
ST_1 : Operation 6 [2/2] (2.32ns)   --->   "%x_V_load = load i12* %x_V_addr, align 2" [../my-conifer-prj/firmware/BDT.h:57]   --->   Operation 6 'load' 'x_V_load' <Predicate = true> <Delay = 2.32> <Core = "RAM">   --->   Core 37 'RAM' <Latency = 1> <II = 1> <Delay = 2.32> <Storage> <Opcode : 'load' 'store'> <Ports = 2> <Width = 12> <Depth = 12> <RAM>
ST_1 : Operation 7 [1/1] (0.00ns)   --->   "%x_V_addr_159 = getelementptr [12 x i12]* %x_V, i64 0, i64 4" [../my-conifer-prj/firmware/BDT.h:57]   --->   Operation 7 'getelementptr' 'x_V_addr_159' <Predicate = true> <Delay = 0.00>
ST_1 : Operation 8 [2/2] (2.32ns)   --->   "%x_V_load_1 = load i12* %x_V_addr_159, align 2" [../my-conifer-prj/firmware/BDT.h:57]   --->   Operation 8 'load' 'x_V_load_1' <Predicate = true> <Delay = 2.32> <Core = "RAM">   --->   Core 37 'RAM' <Latency = 1> <II = 1> <Delay = 2.32> <Storage> <Opcode : 'load' 'store'> <Ports = 2> <Width = 12> <Depth = 12> <RAM>

State 2 <SV = 1> <Delay = 4.31>
ST_2 : Operation 9 [1/2] (2.32ns)   --->   "%x_V_load = load i12* %x_V_addr, align 2" [../my-conifer-prj/firmware/BDT.h:57]   --->   Operation 9 'load' 'x_V_load' <Predicate = true> <Delay = 2.32> <Core = "RAM">   --->   Core 37 'RAM' <Latency = 1> <II = 1> <Delay = 2.32> <Storage> <Opcode : 'load' 'store'> <Ports = 2> <Width = 12> <Depth = 12> <RAM>
ST_2 : Operation 10 [1/1] (1.99ns)   --->   "%icmp_ln1497 = icmp slt i12 %x_V_load, 1" [../my-conifer-prj/firmware/BDT.h:57]   --->   Operation 10 'icmp' 'icmp_ln1497' <Predicate = true> <Delay = 1.99> <Core = "Cmp">   --->   Core 25 'Cmp' <Latency = 0> <II = 1> <Delay = 1.99> <FuncUnit> <Opcode : 'icmp'> <InPorts = 2> <OutPorts = 1>
ST_2 : Operation 11 [1/2] (2.32ns)   --->   "%x_V_load_1 = load i12* %x_V_addr_159, align 2" [../my-conifer-prj/firmware/BDT.h:57]   --->   Operation 11 'load' 'x_V_load_1' <Predicate = true> <Delay = 2.32> <Core = "RAM">   --->   Core 37 'RAM' <Latency = 1> <II = 1> <Delay = 2.32> <Storage> <Opcode : 'load' 'store'> <Ports = 2> <Width = 12> <Depth = 12> <RAM>
ST_2 : Operation 12 [1/1] (1.99ns)   --->   "%icmp_ln1497_1 = icmp slt i12 %x_V_load_1, 1025" [../my-conifer-prj/firmware/BDT.h:57]   --->   Operation 12 'icmp' 'icmp_ln1497_1' <Predicate = true> <Delay = 1.99> <Core = "Cmp">   --->   Core 25 'Cmp' <Latency = 0> <II = 1> <Delay = 1.99> <FuncUnit> <Opcode : 'icmp'> <InPorts = 2> <OutPorts = 1>
ST_2 : Operation 13 [1/1] (0.00ns)   --->   "%x_V_addr_160 = getelementptr [12 x i12]* %x_V, i64 0, i64 3" [../my-conifer-prj/firmware/BDT.h:57]   --->   Operation 13 'getelementptr' 'x_V_addr_160' <Predicate = true> <Delay = 0.00>
ST_2 : Operation 14 [2/2] (2.32ns)   --->   "%x_V_load_5 = load i12* %x_V_addr_160, align 2" [../my-conifer-prj/firmware/BDT.h:57]   --->   Operation 14 'load' 'x_V_load_5' <Predicate = true> <Delay = 2.32> <Core = "RAM">   --->   Core 37 'RAM' <Latency = 1> <II = 1> <Delay = 2.32> <Storage> <Opcode : 'load' 'store'> <Ports = 2> <Width = 12> <Depth = 12> <RAM>
ST_2 : Operation 15 [1/1] (0.00ns)   --->   "%x_V_addr_161 = getelementptr [12 x i12]* %x_V, i64 0, i64 9" [../my-conifer-prj/firmware/BDT.h:57]   --->   Operation 15 'getelementptr' 'x_V_addr_161' <Predicate = true> <Delay = 0.00>
ST_2 : Operation 16 [2/2] (2.32ns)   --->   "%x_V_load_8 = load i12* %x_V_addr_161, align 2" [../my-conifer-prj/firmware/BDT.h:57]   --->   Operation 16 'load' 'x_V_load_8' <Predicate = true> <Delay = 2.32> <Core = "RAM">   --->   Core 37 'RAM' <Latency = 1> <II = 1> <Delay = 2.32> <Storage> <Opcode : 'load' 'store'> <Ports = 2> <Width = 12> <Depth = 12> <RAM>

State 3 <SV = 2> <Delay = 4.31>
ST_3 : Operation 17 [1/2] (2.32ns)   --->   "%x_V_load_5 = load i12* %x_V_addr_160, align 2" [../my-conifer-prj/firmware/BDT.h:57]   --->   Operation 17 'load' 'x_V_load_5' <Predicate = true> <Delay = 2.32> <Core = "RAM">   --->   Core 37 'RAM' <Latency = 1> <II = 1> <Delay = 2.32> <Storage> <Opcode : 'load' 'store'> <Ports = 2> <Width = 12> <Depth = 12> <RAM>
ST_3 : Operation 18 [1/1] (1.99ns)   --->   "%icmp_ln1497_5 = icmp slt i12 %x_V_load_5, -1023" [../my-conifer-prj/firmware/BDT.h:57]   --->   Operation 18 'icmp' 'icmp_ln1497_5' <Predicate = (icmp_ln1497)> <Delay = 1.99> <Core = "Cmp">   --->   Core 25 'Cmp' <Latency = 0> <II = 1> <Delay = 1.99> <FuncUnit> <Opcode : 'icmp'> <InPorts = 2> <OutPorts = 1>
ST_3 : Operation 19 [1/2] (2.32ns)   --->   "%x_V_load_8 = load i12* %x_V_addr_161, align 2" [../my-conifer-prj/firmware/BDT.h:57]   --->   Operation 19 'load' 'x_V_load_8' <Predicate = true> <Delay = 2.32> <Core = "RAM">   --->   Core 37 'RAM' <Latency = 1> <II = 1> <Delay = 2.32> <Storage> <Opcode : 'load' 'store'> <Ports = 2> <Width = 12> <Depth = 12> <RAM>
ST_3 : Operation 20 [1/1] (1.99ns)   --->   "%icmp_ln1497_8 = icmp slt i12 %x_V_load_8, -1151" [../my-conifer-prj/firmware/BDT.h:57]   --->   Operation 20 'icmp' 'icmp_ln1497_8' <Predicate = true> <Delay = 1.99> <Core = "Cmp">   --->   Core 25 'Cmp' <Latency = 0> <II = 1> <Delay = 1.99> <FuncUnit> <Opcode : 'icmp'> <InPorts = 2> <OutPorts = 1>
ST_3 : Operation 21 [1/1] (1.99ns)   --->   "%icmp_ln1497_9 = icmp slt i12 %x_V_load_5, 513" [../my-conifer-prj/firmware/BDT.h:57]   --->   Operation 21 'icmp' 'icmp_ln1497_9' <Predicate = true> <Delay = 1.99> <Core = "Cmp">   --->   Core 25 'Cmp' <Latency = 0> <II = 1> <Delay = 1.99> <FuncUnit> <Opcode : 'icmp'> <InPorts = 2> <OutPorts = 1>
ST_3 : Operation 22 [1/1] (0.00ns)   --->   "%x_V_addr_162 = getelementptr [12 x i12]* %x_V, i64 0, i64 7" [../my-conifer-prj/firmware/BDT.h:57]   --->   Operation 22 'getelementptr' 'x_V_addr_162' <Predicate = true> <Delay = 0.00>
ST_3 : Operation 23 [2/2] (2.32ns)   --->   "%x_V_load_12 = load i12* %x_V_addr_162, align 2" [../my-conifer-prj/firmware/BDT.h:57]   --->   Operation 23 'load' 'x_V_load_12' <Predicate = true> <Delay = 2.32> <Core = "RAM">   --->   Core 37 'RAM' <Latency = 1> <II = 1> <Delay = 2.32> <Storage> <Opcode : 'load' 'store'> <Ports = 2> <Width = 12> <Depth = 12> <RAM>

State 4 <SV = 3> <Delay = 6.79>
ST_4 : Operation 24 [1/1] (0.00ns)   --->   "call void (...)* @_ssdm_op_SpecPipeline(i32 1, i32 1, i32 1, i32 0, [1 x i8]* @p_str) nounwind" [../my-conifer-prj/firmware/BDT.h:25]   --->   Operation 24 'specpipeline' <Predicate = true> <Delay = 0.00>
ST_4 : Operation 25 [1/2] (2.32ns)   --->   "%x_V_load_12 = load i12* %x_V_addr_162, align 2" [../my-conifer-prj/firmware/BDT.h:57]   --->   Operation 25 'load' 'x_V_load_12' <Predicate = true> <Delay = 2.32> <Core = "RAM">   --->   Core 37 'RAM' <Latency = 1> <II = 1> <Delay = 2.32> <Storage> <Opcode : 'load' 'store'> <Ports = 2> <Width = 12> <Depth = 12> <RAM>
ST_4 : Operation 26 [1/1] (1.99ns)   --->   "%icmp_ln1497_12 = icmp slt i12 %x_V_load_12, 1921" [../my-conifer-prj/firmware/BDT.h:57]   --->   Operation 26 'icmp' 'icmp_ln1497_12' <Predicate = true> <Delay = 1.99> <Core = "Cmp">   --->   Core 25 'Cmp' <Latency = 0> <II = 1> <Delay = 1.99> <FuncUnit> <Opcode : 'icmp'> <InPorts = 2> <OutPorts = 1>
ST_4 : Operation 27 [1/1] (0.97ns)   --->   "%and_ln73 = and i1 %icmp_ln1497_1, %icmp_ln1497" [../my-conifer-prj/firmware/BDT.h:73]   --->   Operation 27 'and' 'and_ln73' <Predicate = (icmp_ln1497)> <Delay = 0.97> <Core = "LogicGate">   --->   Core 27 'LogicGate' <Latency = 0> <II = 1> <Delay = 0.97> <FuncUnit> <Opcode : 'and' 'or' 'xor'> <InPorts = 2> <OutPorts = 1>
ST_4 : Operation 28 [1/1] (0.00ns) (grouped into LUT with out node select_ln89_193)   --->   "%xor_ln75 = xor i1 %icmp_ln1497_1, true" [../my-conifer-prj/firmware/BDT.h:75]   --->   Operation 28 'xor' 'xor_ln75' <Predicate = (icmp_ln1497)> <Delay = 0.00> <Core = "LogicGate">   --->   Core 27 'LogicGate' <Latency = 0> <II = 1> <Delay = 0.97> <FuncUnit> <Opcode : 'and' 'or' 'xor'> <InPorts = 2> <OutPorts = 1>
ST_4 : Operation 29 [1/1] (0.00ns) (grouped into LUT with out node select_ln89_193)   --->   "%and_ln73_232 = and i1 %icmp_ln1497_5, %xor_ln75" [../my-conifer-prj/firmware/BDT.h:73]   --->   Operation 29 'and' 'and_ln73_232' <Predicate = (icmp_ln1497)> <Delay = 0.00> <Core = "LogicGate">   --->   Core 27 'LogicGate' <Latency = 0> <II = 1> <Delay = 0.97> <FuncUnit> <Opcode : 'and' 'or' 'xor'> <InPorts = 2> <OutPorts = 1>
ST_4 : Operation 30 [1/1] (0.00ns) (grouped into LUT with out node select_ln89_193)   --->   "%and_ln73_228 = and i1 %and_ln73_232, %icmp_ln1497" [../my-conifer-prj/firmware/BDT.h:73]   --->   Operation 30 'and' 'and_ln73_228' <Predicate = (icmp_ln1497)> <Delay = 0.00> <Core = "LogicGate">   --->   Core 27 'LogicGate' <Latency = 0> <II = 1> <Delay = 0.97> <FuncUnit> <Opcode : 'and' 'or' 'xor'> <InPorts = 2> <OutPorts = 1>
ST_4 : Operation 31 [1/1] (0.97ns)   --->   "%xor_ln75_74 = xor i1 %icmp_ln1497, true" [../my-conifer-prj/firmware/BDT.h:75]   --->   Operation 31 'xor' 'xor_ln75_74' <Predicate = true> <Delay = 0.97> <Core = "LogicGate">   --->   Core 27 'LogicGate' <Latency = 0> <II = 1> <Delay = 0.97> <FuncUnit> <Opcode : 'and' 'or' 'xor'> <InPorts = 2> <OutPorts = 1>
ST_4 : Operation 32 [1/1] (0.97ns)   --->   "%and_ln73_229 = and i1 %icmp_ln1497_8, %xor_ln75_74" [../my-conifer-prj/firmware/BDT.h:73]   --->   Operation 32 'and' 'and_ln73_229' <Predicate = true> <Delay = 0.97> <Core = "LogicGate">   --->   Core 27 'LogicGate' <Latency = 0> <II = 1> <Delay = 0.97> <FuncUnit> <Opcode : 'and' 'or' 'xor'> <InPorts = 2> <OutPorts = 1>
ST_4 : Operation 33 [1/1] (0.00ns) (grouped into LUT with out node select_ln89_195)   --->   "%and_ln73_230 = and i1 %icmp_ln1497_9, %and_ln73_229" [../my-conifer-prj/firmware/BDT.h:73]   --->   Operation 33 'and' 'and_ln73_230' <Predicate = true> <Delay = 0.00> <Core = "LogicGate">   --->   Core 27 'LogicGate' <Latency = 0> <II = 1> <Delay = 0.97> <FuncUnit> <Opcode : 'and' 'or' 'xor'> <InPorts = 2> <OutPorts = 1>
ST_4 : Operation 34 [1/1] (0.00ns) (grouped into LUT with out node tmp)   --->   "%xor_ln75_75 = xor i1 %icmp_ln1497_8, true" [../my-conifer-prj/firmware/BDT.h:75]   --->   Operation 34 'xor' 'xor_ln75_75' <Predicate = true> <Delay = 0.00> <Core = "LogicGate">   --->   Core 27 'LogicGate' <Latency = 0> <II = 1> <Delay = 0.97> <FuncUnit> <Opcode : 'and' 'or' 'xor'> <InPorts = 2> <OutPorts = 1>
ST_4 : Operation 35 [1/1] (0.00ns) (grouped into LUT with out node tmp)   --->   "%and_ln73_233 = and i1 %icmp_ln1497_12, %xor_ln75_74" [../my-conifer-prj/firmware/BDT.h:73]   --->   Operation 35 'and' 'and_ln73_233' <Predicate = true> <Delay = 0.00> <Core = "LogicGate">   --->   Core 27 'LogicGate' <Latency = 0> <II = 1> <Delay = 0.97> <FuncUnit> <Opcode : 'and' 'or' 'xor'> <InPorts = 2> <OutPorts = 1>
ST_4 : Operation 36 [1/1] (0.00ns) (grouped into LUT with out node tmp)   --->   "%and_ln73_231 = and i1 %and_ln73_233, %xor_ln75_75" [../my-conifer-prj/firmware/BDT.h:73]   --->   Operation 36 'and' 'and_ln73_231' <Predicate = true> <Delay = 0.00> <Core = "LogicGate">   --->   Core 27 'LogicGate' <Latency = 0> <II = 1> <Delay = 0.97> <FuncUnit> <Opcode : 'and' 'or' 'xor'> <InPorts = 2> <OutPorts = 1>
ST_4 : Operation 37 [1/1] (0.00ns) (grouped into LUT with out node select_ln89_193)   --->   "%or_ln88 = or i1 %and_ln73, %and_ln73_228" [../my-conifer-prj/firmware/BDT.h:88]   --->   Operation 37 'or' 'or_ln88' <Predicate = (icmp_ln1497)> <Delay = 0.00> <Core = "LogicGate">   --->   Core 27 'LogicGate' <Latency = 0> <II = 1> <Delay = 0.97> <FuncUnit> <Opcode : 'and' 'or' 'xor'> <InPorts = 2> <OutPorts = 1>
ST_4 : Operation 38 [1/1] (0.00ns) (grouped into LUT with out node select_ln89_195)   --->   "%or_ln88_114 = or i1 %icmp_ln1497, %and_ln73_230" [../my-conifer-prj/firmware/BDT.h:88]   --->   Operation 38 'or' 'or_ln88_114' <Predicate = true> <Delay = 0.00> <Core = "LogicGate">   --->   Core 27 'LogicGate' <Latency = 0> <II = 1> <Delay = 0.97> <FuncUnit> <Opcode : 'and' 'or' 'xor'> <InPorts = 2> <OutPorts = 1>
ST_4 : Operation 39 [1/1] (0.97ns)   --->   "%or_ln88_115 = or i1 %icmp_ln1497, %and_ln73_229" [../my-conifer-prj/firmware/BDT.h:88]   --->   Operation 39 'or' 'or_ln88_115' <Predicate = true> <Delay = 0.97> <Core = "LogicGate">   --->   Core 27 'LogicGate' <Latency = 0> <II = 1> <Delay = 0.97> <FuncUnit> <Opcode : 'and' 'or' 'xor'> <InPorts = 2> <OutPorts = 1>
ST_4 : Operation 40 [1/1] (0.00ns) (grouped into LUT with out node tmp)   --->   "%or_ln88_116 = or i1 %or_ln88_115, %and_ln73_231" [../my-conifer-prj/firmware/BDT.h:88]   --->   Operation 40 'or' 'or_ln88_116' <Predicate = true> <Delay = 0.00> <Core = "LogicGate">   --->   Core 27 'LogicGate' <Latency = 0> <II = 1> <Delay = 0.97> <FuncUnit> <Opcode : 'and' 'or' 'xor'> <InPorts = 2> <OutPorts = 1>
ST_4 : Operation 41 [1/1] (0.00ns) (grouped into LUT with out node select_ln89_193)   --->   "%select_ln89 = select i1 %and_ln73, i2 0, i2 -2" [../my-conifer-prj/firmware/BDT.h:89]   --->   Operation 41 'select' 'select_ln89' <Predicate = (icmp_ln1497)> <Delay = 0.00> <Core = "Sel">   --->   Core 26 'Sel' <Latency = 0> <II = 1> <Delay = 0.98> <FuncUnit> <Opcode : 'select'> <InPorts = 3> <OutPorts = 1>
ST_4 : Operation 42 [1/1] (0.00ns) (grouped into LUT with out node select_ln89_193)   --->   "%select_ln89_192 = select i1 %or_ln88, i2 %select_ln89, i2 -1" [../my-conifer-prj/firmware/BDT.h:89]   --->   Operation 42 'select' 'select_ln89_192' <Predicate = (icmp_ln1497)> <Delay = 0.00> <Core = "Sel">   --->   Core 26 'Sel' <Latency = 0> <II = 1> <Delay = 0.98> <FuncUnit> <Opcode : 'select'> <InPorts = 3> <OutPorts = 1>
ST_4 : Operation 43 [1/1] (0.00ns) (grouped into LUT with out node select_ln89_193)   --->   "%zext_ln89 = zext i2 %select_ln89_192 to i3" [../my-conifer-prj/firmware/BDT.h:89]   --->   Operation 43 'zext' 'zext_ln89' <Predicate = (icmp_ln1497)> <Delay = 0.00>
ST_4 : Operation 44 [1/1] (0.99ns) (out node of the LUT)   --->   "%select_ln89_193 = select i1 %icmp_ln1497, i3 %zext_ln89, i3 -4" [../my-conifer-prj/firmware/BDT.h:89]   --->   Operation 44 'select' 'select_ln89_193' <Predicate = true> <Delay = 0.99> <Core = "Sel">   --->   Core 26 'Sel' <Latency = 0> <II = 1> <Delay = 0.98> <FuncUnit> <Opcode : 'select'> <InPorts = 3> <OutPorts = 1>
ST_4 : Operation 45 [1/1] (0.00ns) (grouped into LUT with out node select_ln89_195)   --->   "%select_ln89_194 = select i1 %or_ln88_114, i3 %select_ln89_193, i3 -3" [../my-conifer-prj/firmware/BDT.h:89]   --->   Operation 45 'select' 'select_ln89_194' <Predicate = true> <Delay = 0.00> <Core = "Sel">   --->   Core 26 'Sel' <Latency = 0> <II = 1> <Delay = 0.98> <FuncUnit> <Opcode : 'select'> <InPorts = 3> <OutPorts = 1>
ST_4 : Operation 46 [1/1] (0.98ns) (out node of the LUT)   --->   "%select_ln89_195 = select i1 %or_ln88_115, i3 %select_ln89_194, i3 -2" [../my-conifer-prj/firmware/BDT.h:89]   --->   Operation 46 'select' 'select_ln89_195' <Predicate = true> <Delay = 0.98> <Core = "Sel">   --->   Core 26 'Sel' <Latency = 0> <II = 1> <Delay = 0.98> <FuncUnit> <Opcode : 'select'> <InPorts = 3> <OutPorts = 1>
ST_4 : Operation 47 [1/1] (0.00ns) (grouped into LUT with out node tmp)   --->   "%select_ln89_196 = select i1 %or_ln88_116, i3 %select_ln89_195, i3 -1" [../my-conifer-prj/firmware/BDT.h:89]   --->   Operation 47 'select' 'select_ln89_196' <Predicate = true> <Delay = 0.00> <Core = "Sel">   --->   Core 26 'Sel' <Latency = 0> <II = 1> <Delay = 0.98> <FuncUnit> <Opcode : 'select'> <InPorts = 3> <OutPorts = 1>
ST_4 : Operation 48 [1/1] (2.47ns) (out node of the LUT)   --->   "%tmp = call i12 @_ssdm_op_Mux.ap_auto.8i12.i3(i12 -26, i12 -29, i12 22, i12 -16, i12 -27, i12 -26, i12 26, i12 -28, i3 %select_ln89_196)" [../my-conifer-prj/firmware/BDT.h:89]   --->   Operation 48 'mux' 'tmp' <Predicate = true> <Delay = 2.47> <Core = "MuxnS">   --->   Core 31 'MuxnS' <Latency = 0> <II = 1> <Delay = 2.47> <FuncUnit> <Opcode : 'mux'> <InPorts = 2> <OutPorts = 1>
ST_4 : Operation 49 [1/1] (0.00ns)   --->   "ret i12 %tmp" [../my-conifer-prj/firmware/BDT.h:93]   --->   Operation 49 'ret' <Predicate = true> <Delay = 0.00>


============================================================
+ Verbose Summary: Binding
============================================================
STG Binding: 
---------------- STG Properties BEGIN ----------------
- Is combinational: 0
- Is one-state seq: 0
- Is datapath-only: 0
- Is pipelined: 1
- Is top level: 0
Port [ Return ] is wired: 1; IO mode=ap_ctrl_hs:ce=0
Port [ x_V]:  wired=1; compound=1; hidden=0; nouse=0; global=0; static=0; extern=0; dir=0; type=1; pingpong=0; private_global=0; MemPort=[11]; IO mode=ap_memory:ce=0
---------------- STG Properties END ------------------

---------------- Datapath Model BEGIN ----------------

<LifeTime>
<method=bitvector/>
x_V_addr          (getelementptr) [ 00100]
x_V_addr_159      (getelementptr) [ 00100]
x_V_load          (load         ) [ 00000]
icmp_ln1497       (icmp         ) [ 01011]
x_V_load_1        (load         ) [ 00000]
icmp_ln1497_1     (icmp         ) [ 01011]
x_V_addr_160      (getelementptr) [ 00010]
x_V_addr_161      (getelementptr) [ 00010]
x_V_load_5        (load         ) [ 00000]
icmp_ln1497_5     (icmp         ) [ 01001]
x_V_load_8        (load         ) [ 00000]
icmp_ln1497_8     (icmp         ) [ 01001]
icmp_ln1497_9     (icmp         ) [ 01001]
x_V_addr_162      (getelementptr) [ 01001]
specpipeline_ln25 (specpipeline ) [ 00000]
x_V_load_12       (load         ) [ 00000]
icmp_ln1497_12    (icmp         ) [ 00000]
and_ln73          (and          ) [ 00000]
xor_ln75          (xor          ) [ 00000]
and_ln73_232      (and          ) [ 00000]
and_ln73_228      (and          ) [ 00000]
xor_ln75_74       (xor          ) [ 00000]
and_ln73_229      (and          ) [ 00000]
and_ln73_230      (and          ) [ 00000]
xor_ln75_75       (xor          ) [ 00000]
and_ln73_233      (and          ) [ 00000]
and_ln73_231      (and          ) [ 00000]
or_ln88           (or           ) [ 00000]
or_ln88_114       (or           ) [ 00000]
or_ln88_115       (or           ) [ 00000]
or_ln88_116       (or           ) [ 00000]
select_ln89       (select       ) [ 00000]
select_ln89_192   (select       ) [ 00000]
zext_ln89         (zext         ) [ 00000]
select_ln89_193   (select       ) [ 00000]
select_ln89_194   (select       ) [ 00000]
select_ln89_195   (select       ) [ 00000]
select_ln89_196   (select       ) [ 00000]
tmp               (mux          ) [ 00000]
ret_ln93          (ret          ) [ 00000]
</LifeTime>

<model>

<comp_list>
<comp id="0" class="1000" name="x_V">
<pin_list>
<pin id="1" dir="1" index="0" bw="1" slack="0"/>
</pin_list>
<bind>
<StgValue><ssdm name="x_V"/><MemPortTyVec>1 1 </MemPortTyVec>
</StgValue>
</bind>
</comp>

<comp id="2" class="1001" name="const_2">
<pin_list>
<pin id="3" dir="1" index="0" bw="1" slack="0"/>
</pin_list>
<bind>
<StgValue><ssdm name=""/></StgValue>
</bind>
</comp>

<comp id="4" class="1001" name="const_4">
<pin_list>
<pin id="5" dir="1" index="0" bw="1" slack="0"/>
</pin_list>
<bind>
<StgValue><ssdm name=""/></StgValue>
</bind>
</comp>

<comp id="6" class="1001" name="const_6">
<pin_list>
<pin id="7" dir="1" index="0" bw="1" slack="0"/>
</pin_list>
<bind>
<StgValue><ssdm name=""/></StgValue>
</bind>
</comp>

<comp id="8" class="1001" name="const_8">
<pin_list>
<pin id="9" dir="1" index="0" bw="1" slack="0"/>
</pin_list>
<bind>
<StgValue><ssdm name=""/></StgValue>
</bind>
</comp>

<comp id="10" class="1001" name="const_10">
<pin_list>
<pin id="11" dir="1" index="0" bw="1" slack="0"/>
</pin_list>
<bind>
<StgValue><ssdm name=""/></StgValue>
</bind>
</comp>

<comp id="12" class="1001" name="const_12">
<pin_list>
<pin id="13" dir="1" index="0" bw="1" slack="0"/>
</pin_list>
<bind>
<StgValue><ssdm name=""/></StgValue>
</bind>
</comp>

<comp id="14" class="1001" name="const_14">
<pin_list>
<pin id="15" dir="1" index="0" bw="1" slack="0"/>
</pin_list>
<bind>
<StgValue><ssdm name=""/></StgValue>
</bind>
</comp>

<comp id="16" class="1001" name="const_16">
<pin_list>
<pin id="17" dir="1" index="0" bw="1" slack="0"/>
</pin_list>
<bind>
<StgValue><ssdm name=""/></StgValue>
</bind>
</comp>

<comp id="18" class="1001" name="const_18">
<pin_list>
<pin id="19" dir="1" index="0" bw="1" slack="0"/>
</pin_list>
<bind>
<StgValue><ssdm name=""/></StgValue>
</bind>
</comp>

<comp id="20" class="1001" name="const_20">
<pin_list>
<pin id="21" dir="1" index="0" bw="1" slack="0"/>
</pin_list>
<bind>
<StgValue><ssdm name=""/></StgValue>
</bind>
</comp>

<comp id="22" class="1001" name="const_22">
<pin_list>
<pin id="23" dir="1" index="0" bw="1" slack="2147483647"/>
</pin_list>
<bind>
<StgValue><ssdm name="_ssdm_op_SpecPipeline"/></StgValue>
</bind>
</comp>

<comp id="24" class="1001" name="const_24">
<pin_list>
<pin id="25" dir="1" index="0" bw="1" slack="2147483647"/>
</pin_list>
<bind>
<StgValue><ssdm name=""/></StgValue>
</bind>
</comp>

<comp id="26" class="1001" name="const_26">
<pin_list>
<pin id="27" dir="1" index="0" bw="1" slack="2147483647"/>
</pin_list>
<bind>
<StgValue><ssdm name=""/></StgValue>
</bind>
</comp>

<comp id="28" class="1001" name="const_28">
<pin_list>
<pin id="29" dir="1" index="0" bw="1" slack="2147483647"/>
</pin_list>
<bind>
<StgValue><ssdm name="p_str"/></StgValue>
</bind>
</comp>

<comp id="30" class="1001" name="const_30">
<pin_list>
<pin id="31" dir="1" index="0" bw="1" slack="0"/>
</pin_list>
<bind>
<StgValue><ssdm name=""/></StgValue>
</bind>
</comp>

<comp id="32" class="1001" name="const_32">
<pin_list>
<pin id="33" dir="1" index="0" bw="1" slack="0"/>
</pin_list>
<bind>
<StgValue><ssdm name=""/></StgValue>
</bind>
</comp>

<comp id="34" class="1001" name="const_34">
<pin_list>
<pin id="35" dir="1" index="0" bw="1" slack="0"/>
</pin_list>
<bind>
<StgValue><ssdm name=""/></StgValue>
</bind>
</comp>

<comp id="36" class="1001" name="const_36">
<pin_list>
<pin id="37" dir="1" index="0" bw="1" slack="0"/>
</pin_list>
<bind>
<StgValue><ssdm name=""/></StgValue>
</bind>
</comp>

<comp id="38" class="1001" name="const_38">
<pin_list>
<pin id="39" dir="1" index="0" bw="1" slack="0"/>
</pin_list>
<bind>
<StgValue><ssdm name=""/></StgValue>
</bind>
</comp>

<comp id="40" class="1001" name="const_40">
<pin_list>
<pin id="41" dir="1" index="0" bw="1" slack="0"/>
</pin_list>
<bind>
<StgValue><ssdm name=""/></StgValue>
</bind>
</comp>

<comp id="42" class="1001" name="const_42">
<pin_list>
<pin id="43" dir="1" index="0" bw="1" slack="0"/>
</pin_list>
<bind>
<StgValue><ssdm name=""/></StgValue>
</bind>
</comp>

<comp id="44" class="1001" name="const_44">
<pin_list>
<pin id="45" dir="1" index="0" bw="1" slack="0"/>
</pin_list>
<bind>
<StgValue><ssdm name=""/></StgValue>
</bind>
</comp>

<comp id="46" class="1001" name="const_46">
<pin_list>
<pin id="47" dir="1" index="0" bw="1" slack="0"/>
</pin_list>
<bind>
<StgValue><ssdm name=""/></StgValue>
</bind>
</comp>

<comp id="48" class="1001" name="const_48">
<pin_list>
<pin id="49" dir="1" index="0" bw="1" slack="0"/>
</pin_list>
<bind>
<StgValue><ssdm name="_ssdm_op_Mux.ap_auto.8i12.i3"/></StgValue>
</bind>
</comp>

<comp id="50" class="1001" name="const_50">
<pin_list>
<pin id="51" dir="1" index="0" bw="1" slack="0"/>
</pin_list>
<bind>
<StgValue><ssdm name=""/></StgValue>
</bind>
</comp>

<comp id="52" class="1001" name="const_52">
<pin_list>
<pin id="53" dir="1" index="0" bw="1" slack="0"/>
</pin_list>
<bind>
<StgValue><ssdm name=""/></StgValue>
</bind>
</comp>

<comp id="54" class="1001" name="const_54">
<pin_list>
<pin id="55" dir="1" index="0" bw="1" slack="0"/>
</pin_list>
<bind>
<StgValue><ssdm name=""/></StgValue>
</bind>
</comp>

<comp id="56" class="1001" name="const_56">
<pin_list>
<pin id="57" dir="1" index="0" bw="1" slack="0"/>
</pin_list>
<bind>
<StgValue><ssdm name=""/></StgValue>
</bind>
</comp>

<comp id="58" class="1001" name="const_58">
<pin_list>
<pin id="59" dir="1" index="0" bw="1" slack="0"/>
</pin_list>
<bind>
<StgValue><ssdm name=""/></StgValue>
</bind>
</comp>

<comp id="60" class="1001" name="const_60">
<pin_list>
<pin id="61" dir="1" index="0" bw="1" slack="0"/>
</pin_list>
<bind>
<StgValue><ssdm name=""/></StgValue>
</bind>
</comp>

<comp id="62" class="1001" name="const_62">
<pin_list>
<pin id="63" dir="1" index="0" bw="1" slack="0"/>
</pin_list>
<bind>
<StgValue><ssdm name=""/></StgValue>
</bind>
</comp>

<comp id="64" class="1004" name="x_V_addr_gep_fu_64">
<pin_list>
<pin id="65" dir="0" index="0" bw="12" slack="0"/>
<pin id="66" dir="0" index="1" bw="1" slack="0"/>
<pin id="67" dir="0" index="2" bw="1" slack="0"/>
<pin id="68" dir="1" index="3" bw="4" slack="0"/>
</pin_list>
<bind>
<opcode="getelementptr(29) " fcode="getelementptr"/>
<opset="x_V_addr/1 "/>
</bind>
</comp>

<comp id="72" class="1004" name="grp_access_fu_72">
<pin_list>
<pin id="73" dir="0" index="0" bw="4" slack="0"/>
<pin id="74" dir="0" index="1" bw="12" slack="2147483647"/>
<pin id="75" dir="0" index="2" bw="0" slack="0"/>
<pin id="86" dir="0" index="4" bw="4" slack="2147483647"/>
<pin id="87" dir="0" index="5" bw="12" slack="2147483647"/>
<pin id="88" dir="0" index="6" bw="0" slack="2147483647"/>
<pin id="76" dir="1" index="3" bw="12" slack="0"/>
<pin id="89" dir="1" index="7" bw="12" slack="0"/>
</pin_list>
<bind>
<opcode="load(27) " fcode="load"/>
<opset="x_V_load/1 x_V_load_1/1 x_V_load_5/2 x_V_load_8/2 x_V_load_12/3 "/>
</bind>
</comp>

<comp id="78" class="1004" name="x_V_addr_159_gep_fu_78">
<pin_list>
<pin id="79" dir="0" index="0" bw="12" slack="0"/>
<pin id="80" dir="0" index="1" bw="1" slack="0"/>
<pin id="81" dir="0" index="2" bw="4" slack="0"/>
<pin id="82" dir="1" index="3" bw="4" slack="0"/>
</pin_list>
<bind>
<opcode="getelementptr(29) " fcode="getelementptr"/>
<opset="x_V_addr_159/1 "/>
</bind>
</comp>

<comp id="91" class="1004" name="x_V_addr_160_gep_fu_91">
<pin_list>
<pin id="92" dir="0" index="0" bw="12" slack="0"/>
<pin id="93" dir="0" index="1" bw="1" slack="0"/>
<pin id="94" dir="0" index="2" bw="3" slack="0"/>
<pin id="95" dir="1" index="3" bw="4" slack="0"/>
</pin_list>
<bind>
<opcode="getelementptr(29) " fcode="getelementptr"/>
<opset="x_V_addr_160/2 "/>
</bind>
</comp>

<comp id="100" class="1004" name="x_V_addr_161_gep_fu_100">
<pin_list>
<pin id="101" dir="0" index="0" bw="12" slack="0"/>
<pin id="102" dir="0" index="1" bw="1" slack="0"/>
<pin id="103" dir="0" index="2" bw="5" slack="0"/>
<pin id="104" dir="1" index="3" bw="4" slack="0"/>
</pin_list>
<bind>
<opcode="getelementptr(29) " fcode="getelementptr"/>
<opset="x_V_addr_161/2 "/>
</bind>
</comp>

<comp id="109" class="1004" name="x_V_addr_162_gep_fu_109">
<pin_list>
<pin id="110" dir="0" index="0" bw="12" slack="0"/>
<pin id="111" dir="0" index="1" bw="1" slack="0"/>
<pin id="112" dir="0" index="2" bw="4" slack="0"/>
<pin id="113" dir="1" index="3" bw="4" slack="0"/>
</pin_list>
<bind>
<opcode="getelementptr(29) " fcode="getelementptr"/>
<opset="x_V_addr_162/3 "/>
</bind>
</comp>

<comp id="118" class="1004" name="icmp_ln1497_fu_118">
<pin_list>
<pin id="119" dir="0" index="0" bw="12" slack="0"/>
<pin id="120" dir="0" index="1" bw="1" slack="0"/>
<pin id="121" dir="1" index="2" bw="1" slack="1"/>
</pin_list>
<bind>
<opcode="icmp(45) " fcode="icmp"/>
<opset="icmp_ln1497/2 "/>
</bind>
</comp>

<comp id="124" class="1004" name="icmp_ln1497_1_fu_124">
<pin_list>
<pin id="125" dir="0" index="0" bw="12" slack="0"/>
<pin id="126" dir="0" index="1" bw="12" slack="0"/>
<pin id="127" dir="1" index="2" bw="1" slack="2"/>
</pin_list>
<bind>
<opcode="icmp(45) " fcode="icmp"/>
<opset="icmp_ln1497_1/2 "/>
</bind>
</comp>

<comp id="130" class="1004" name="icmp_ln1497_5_fu_130">
<pin_list>
<pin id="131" dir="0" index="0" bw="12" slack="0"/>
<pin id="132" dir="0" index="1" bw="11" slack="0"/>
<pin id="133" dir="1" index="2" bw="1" slack="1"/>
</pin_list>
<bind>
<opcode="icmp(45) " fcode="icmp"/>
<opset="icmp_ln1497_5/3 "/>
</bind>
</comp>

<comp id="136" class="1004" name="icmp_ln1497_8_fu_136">
<pin_list>
<pin id="137" dir="0" index="0" bw="12" slack="0"/>
<pin id="138" dir="0" index="1" bw="12" slack="0"/>
<pin id="139" dir="1" index="2" bw="1" slack="1"/>
</pin_list>
<bind>
<opcode="icmp(45) " fcode="icmp"/>
<opset="icmp_ln1497_8/3 "/>
</bind>
</comp>

<comp id="142" class="1004" name="icmp_ln1497_9_fu_142">
<pin_list>
<pin id="143" dir="0" index="0" bw="12" slack="0"/>
<pin id="144" dir="0" index="1" bw="11" slack="0"/>
<pin id="145" dir="1" index="2" bw="1" slack="1"/>
</pin_list>
<bind>
<opcode="icmp(45) " fcode="icmp"/>
<opset="icmp_ln1497_9/3 "/>
</bind>
</comp>

<comp id="148" class="1004" name="icmp_ln1497_12_fu_148">
<pin_list>
<pin id="149" dir="0" index="0" bw="12" slack="0"/>
<pin id="150" dir="0" index="1" bw="12" slack="0"/>
<pin id="151" dir="1" index="2" bw="1" slack="0"/>
</pin_list>
<bind>
<opcode="icmp(45) " fcode="icmp"/>
<opset="icmp_ln1497_12/4 "/>
</bind>
</comp>

<comp id="154" class="1004" name="and_ln73_fu_154">
<pin_list>
<pin id="155" dir="0" index="0" bw="1" slack="2"/>
<pin id="156" dir="0" index="1" bw="1" slack="2"/>
<pin id="157" dir="1" index="2" bw="1" slack="0"/>
</pin_list>
<bind>
<opcode="and(23) " fcode="and"/>
<opset="and_ln73/4 "/>
</bind>
</comp>

<comp id="158" class="1004" name="xor_ln75_fu_158">
<pin_list>
<pin id="159" dir="0" index="0" bw="1" slack="2"/>
<pin id="160" dir="0" index="1" bw="1" slack="0"/>
<pin id="161" dir="1" index="2" bw="1" slack="0"/>
</pin_list>
<bind>
<opcode="xor(25) " fcode="xor"/>
<opset="xor_ln75/4 "/>
</bind>
</comp>

<comp id="163" class="1004" name="and_ln73_232_fu_163">
<pin_list>
<pin id="164" dir="0" index="0" bw="1" slack="1"/>
<pin id="165" dir="0" index="1" bw="1" slack="0"/>
<pin id="166" dir="1" index="2" bw="1" slack="0"/>
</pin_list>
<bind>
<opcode="and(23) " fcode="and"/>
<opset="and_ln73_232/4 "/>
</bind>
</comp>

<comp id="168" class="1004" name="and_ln73_228_fu_168">
<pin_list>
<pin id="169" dir="0" index="0" bw="1" slack="0"/>
<pin id="170" dir="0" index="1" bw="1" slack="2"/>
<pin id="171" dir="1" index="2" bw="1" slack="0"/>
</pin_list>
<bind>
<opcode="and(23) " fcode="and"/>
<opset="and_ln73_228/4 "/>
</bind>
</comp>

<comp id="173" class="1004" name="xor_ln75_74_fu_173">
<pin_list>
<pin id="174" dir="0" index="0" bw="1" slack="2"/>
<pin id="175" dir="0" index="1" bw="1" slack="0"/>
<pin id="176" dir="1" index="2" bw="1" slack="0"/>
</pin_list>
<bind>
<opcode="xor(25) " fcode="xor"/>
<opset="xor_ln75_74/4 "/>
</bind>
</comp>

<comp id="178" class="1004" name="and_ln73_229_fu_178">
<pin_list>
<pin id="179" dir="0" index="0" bw="1" slack="1"/>
<pin id="180" dir="0" index="1" bw="1" slack="0"/>
<pin id="181" dir="1" index="2" bw="1" slack="0"/>
</pin_list>
<bind>
<opcode="and(23) " fcode="and"/>
<opset="and_ln73_229/4 "/>
</bind>
</comp>

<comp id="183" class="1004" name="and_ln73_230_fu_183">
<pin_list>
<pin id="184" dir="0" index="0" bw="1" slack="1"/>
<pin id="185" dir="0" index="1" bw="1" slack="0"/>
<pin id="186" dir="1" index="2" bw="1" slack="0"/>
</pin_list>
<bind>
<opcode="and(23) " fcode="and"/>
<opset="and_ln73_230/4 "/>
</bind>
</comp>

<comp id="188" class="1004" name="xor_ln75_75_fu_188">
<pin_list>
<pin id="189" dir="0" index="0" bw="1" slack="1"/>
<pin id="190" dir="0" index="1" bw="1" slack="0"/>
<pin id="191" dir="1" index="2" bw="1" slack="0"/>
</pin_list>
<bind>
<opcode="xor(25) " fcode="xor"/>
<opset="xor_ln75_75/4 "/>
</bind>
</comp>

<comp id="193" class="1004" name="and_ln73_233_fu_193">
<pin_list>
<pin id="194" dir="0" index="0" bw="1" slack="0"/>
<pin id="195" dir="0" index="1" bw="1" slack="0"/>
<pin id="196" dir="1" index="2" bw="1" slack="0"/>
</pin_list>
<bind>
<opcode="and(23) " fcode="and"/>
<opset="and_ln73_233/4 "/>
</bind>
</comp>

<comp id="199" class="1004" name="and_ln73_231_fu_199">
<pin_list>
<pin id="200" dir="0" index="0" bw="1" slack="0"/>
<pin id="201" dir="0" index="1" bw="1" slack="0"/>
<pin id="202" dir="1" index="2" bw="1" slack="0"/>
</pin_list>
<bind>
<opcode="and(23) " fcode="and"/>
<opset="and_ln73_231/4 "/>
</bind>
</comp>

<comp id="205" class="1004" name="or_ln88_fu_205">
<pin_list>
<pin id="206" dir="0" index="0" bw="1" slack="0"/>
<pin id="207" dir="0" index="1" bw="1" slack="0"/>
<pin id="208" dir="1" index="2" bw="1" slack="0"/>
</pin_list>
<bind>
<opcode="or(24) " fcode="or"/>
<opset="or_ln88/4 "/>
</bind>
</comp>

<comp id="211" class="1004" name="or_ln88_114_fu_211">
<pin_list>
<pin id="212" dir="0" index="0" bw="1" slack="2"/>
<pin id="213" dir="0" index="1" bw="1" slack="0"/>
<pin id="214" dir="1" index="2" bw="1" slack="0"/>
</pin_list>
<bind>
<opcode="or(24) " fcode="or"/>
<opset="or_ln88_114/4 "/>
</bind>
</comp>

<comp id="216" class="1004" name="or_ln88_115_fu_216">
<pin_list>
<pin id="217" dir="0" index="0" bw="1" slack="2"/>
<pin id="218" dir="0" index="1" bw="1" slack="0"/>
<pin id="219" dir="1" index="2" bw="1" slack="0"/>
</pin_list>
<bind>
<opcode="or(24) " fcode="or"/>
<opset="or_ln88_115/4 "/>
</bind>
</comp>

<comp id="221" class="1004" name="or_ln88_116_fu_221">
<pin_list>
<pin id="222" dir="0" index="0" bw="1" slack="0"/>
<pin id="223" dir="0" index="1" bw="1" slack="0"/>
<pin id="224" dir="1" index="2" bw="1" slack="0"/>
</pin_list>
<bind>
<opcode="or(24) " fcode="or"/>
<opset="or_ln88_116/4 "/>
</bind>
</comp>

<comp id="227" class="1004" name="select_ln89_fu_227">
<pin_list>
<pin id="228" dir="0" index="0" bw="1" slack="0"/>
<pin id="229" dir="0" index="1" bw="1" slack="0"/>
<pin id="230" dir="0" index="2" bw="2" slack="0"/>
<pin id="231" dir="1" index="3" bw="2" slack="0"/>
</pin_list>
<bind>
<opcode="select(49) " fcode="select"/>
<opset="select_ln89/4 "/>
</bind>
</comp>

<comp id="235" class="1004" name="select_ln89_192_fu_235">
<pin_list>
<pin id="236" dir="0" index="0" bw="1" slack="0"/>
<pin id="237" dir="0" index="1" bw="2" slack="0"/>
<pin id="238" dir="0" index="2" bw="1" slack="0"/>
<pin id="239" dir="1" index="3" bw="2" slack="0"/>
</pin_list>
<bind>
<opcode="select(49) " fcode="select"/>
<opset="select_ln89_192/4 "/>
</bind>
</comp>

<comp id="243" class="1004" name="zext_ln89_fu_243">
<pin_list>
<pin id="244" dir="0" index="0" bw="2" slack="0"/>
<pin id="245" dir="1" index="1" bw="3" slack="0"/>
</pin_list>
<bind>
<opcode="zext(34) " fcode="zext"/>
<opset="zext_ln89/4 "/>
</bind>
</comp>

<comp id="247" class="1004" name="select_ln89_193_fu_247">
<pin_list>
<pin id="248" dir="0" index="0" bw="1" slack="2"/>
<pin id="249" dir="0" index="1" bw="2" slack="0"/>
<pin id="250" dir="0" index="2" bw="3" slack="0"/>
<pin id="251" dir="1" index="3" bw="3" slack="0"/>
</pin_list>
<bind>
<opcode="select(49) " fcode="select"/>
<opset="select_ln89_193/4 "/>
</bind>
</comp>

<comp id="254" class="1004" name="select_ln89_194_fu_254">
<pin_list>
<pin id="255" dir="0" index="0" bw="1" slack="0"/>
<pin id="256" dir="0" index="1" bw="3" slack="0"/>
<pin id="257" dir="0" index="2" bw="3" slack="0"/>
<pin id="258" dir="1" index="3" bw="3" slack="0"/>
</pin_list>
<bind>
<opcode="select(49) " fcode="select"/>
<opset="select_ln89_194/4 "/>
</bind>
</comp>

<comp id="262" class="1004" name="select_ln89_195_fu_262">
<pin_list>
<pin id="263" dir="0" index="0" bw="1" slack="0"/>
<pin id="264" dir="0" index="1" bw="3" slack="0"/>
<pin id="265" dir="0" index="2" bw="2" slack="0"/>
<pin id="266" dir="1" index="3" bw="3" slack="0"/>
</pin_list>
<bind>
<opcode="select(49) " fcode="select"/>
<opset="select_ln89_195/4 "/>
</bind>
</comp>

<comp id="270" class="1004" name="select_ln89_196_fu_270">
<pin_list>
<pin id="271" dir="0" index="0" bw="1" slack="0"/>
<pin id="272" dir="0" index="1" bw="3" slack="0"/>
<pin id="273" dir="0" index="2" bw="1" slack="0"/>
<pin id="274" dir="1" index="3" bw="3" slack="0"/>
</pin_list>
<bind>
<opcode="select(49) " fcode="select"/>
<opset="select_ln89_196/4 "/>
</bind>
</comp>

<comp id="278" class="1004" name="tmp_fu_278">
<pin_list>
<pin id="279" dir="0" index="0" bw="12" slack="0"/>
<pin id="280" dir="0" index="1" bw="6" slack="0"/>
<pin id="281" dir="0" index="2" bw="6" slack="0"/>
<pin id="282" dir="0" index="3" bw="6" slack="0"/>
<pin id="283" dir="0" index="4" bw="5" slack="0"/>
<pin id="284" dir="0" index="5" bw="6" slack="0"/>
<pin id="285" dir="0" index="6" bw="6" slack="0"/>
<pin id="286" dir="0" index="7" bw="6" slack="0"/>
<pin id="287" dir="0" index="8" bw="6" slack="0"/>
<pin id="288" dir="0" index="9" bw="3" slack="0"/>
<pin id="289" dir="1" index="10" bw="12" slack="2147483647"/>
</pin_list>
<bind>
<opcode="mux(1196) " fcode="mux"/>
<opset="tmp/4 "/>
</bind>
</comp>

<comp id="300" class="1005" name="x_V_addr_reg_300">
<pin_list>
<pin id="301" dir="0" index="0" bw="4" slack="1"/>
<pin id="302" dir="1" index="1" bw="4" slack="1"/>
</pin_list>
<bind>
<opset="x_V_addr "/>
</bind>
</comp>

<comp id="305" class="1005" name="x_V_addr_159_reg_305">
<pin_list>
<pin id="306" dir="0" index="0" bw="4" slack="1"/>
<pin id="307" dir="1" index="1" bw="4" slack="1"/>
</pin_list>
<bind>
<opset="x_V_addr_159 "/>
</bind>
</comp>

<comp id="310" class="1005" name="icmp_ln1497_reg_310">
<pin_list>
<pin id="311" dir="0" index="0" bw="1" slack="1"/>
<pin id="312" dir="1" index="1" bw="1" slack="2"/>
</pin_list>
<bind>
<opset="icmp_ln1497 "/>
</bind>
</comp>

<comp id="320" class="1005" name="icmp_ln1497_1_reg_320">
<pin_list>
<pin id="321" dir="0" index="0" bw="1" slack="2"/>
<pin id="322" dir="1" index="1" bw="1" slack="2"/>
</pin_list>
<bind>
<opset="icmp_ln1497_1 "/>
</bind>
</comp>

<comp id="326" class="1005" name="x_V_addr_160_reg_326">
<pin_list>
<pin id="327" dir="0" index="0" bw="4" slack="1"/>
<pin id="328" dir="1" index="1" bw="4" slack="1"/>
</pin_list>
<bind>
<opset="x_V_addr_160 "/>
</bind>
</comp>

<comp id="331" class="1005" name="x_V_addr_161_reg_331">
<pin_list>
<pin id="332" dir="0" index="0" bw="4" slack="1"/>
<pin id="333" dir="1" index="1" bw="4" slack="1"/>
</pin_list>
<bind>
<opset="x_V_addr_161 "/>
</bind>
</comp>

<comp id="336" class="1005" name="icmp_ln1497_5_reg_336">
<pin_list>
<pin id="337" dir="0" index="0" bw="1" slack="1"/>
<pin id="338" dir="1" index="1" bw="1" slack="1"/>
</pin_list>
<bind>
<opset="icmp_ln1497_5 "/>
</bind>
</comp>

<comp id="341" class="1005" name="icmp_ln1497_8_reg_341">
<pin_list>
<pin id="342" dir="0" index="0" bw="1" slack="1"/>
<pin id="343" dir="1" index="1" bw="1" slack="1"/>
</pin_list>
<bind>
<opset="icmp_ln1497_8 "/>
</bind>
</comp>

<comp id="347" class="1005" name="icmp_ln1497_9_reg_347">
<pin_list>
<pin id="348" dir="0" index="0" bw="1" slack="1"/>
<pin id="349" dir="1" index="1" bw="1" slack="1"/>
</pin_list>
<bind>
<opset="icmp_ln1497_9 "/>
</bind>
</comp>

<comp id="352" class="1005" name="x_V_addr_162_reg_352">
<pin_list>
<pin id="353" dir="0" index="0" bw="4" slack="1"/>
<pin id="354" dir="1" index="1" bw="4" slack="1"/>
</pin_list>
<bind>
<opset="x_V_addr_162 "/>
</bind>
</comp>

</comp_list>

<net_list>
<net id="69"><net_src comp="0" pin="0"/><net_sink comp="64" pin=0"/></net>

<net id="70"><net_src comp="2" pin="0"/><net_sink comp="64" pin=1"/></net>

<net id="71"><net_src comp="2" pin="0"/><net_sink comp="64" pin=2"/></net>

<net id="77"><net_src comp="64" pin="3"/><net_sink comp="72" pin=0"/></net>

<net id="83"><net_src comp="0" pin="0"/><net_sink comp="78" pin=0"/></net>

<net id="84"><net_src comp="2" pin="0"/><net_sink comp="78" pin=1"/></net>

<net id="85"><net_src comp="4" pin="0"/><net_sink comp="78" pin=2"/></net>

<net id="90"><net_src comp="78" pin="3"/><net_sink comp="72" pin=2"/></net>

<net id="96"><net_src comp="0" pin="0"/><net_sink comp="91" pin=0"/></net>

<net id="97"><net_src comp="2" pin="0"/><net_sink comp="91" pin=1"/></net>

<net id="98"><net_src comp="10" pin="0"/><net_sink comp="91" pin=2"/></net>

<net id="99"><net_src comp="91" pin="3"/><net_sink comp="72" pin=0"/></net>

<net id="105"><net_src comp="0" pin="0"/><net_sink comp="100" pin=0"/></net>

<net id="106"><net_src comp="2" pin="0"/><net_sink comp="100" pin=1"/></net>

<net id="107"><net_src comp="12" pin="0"/><net_sink comp="100" pin=2"/></net>

<net id="108"><net_src comp="100" pin="3"/><net_sink comp="72" pin=2"/></net>

<net id="114"><net_src comp="0" pin="0"/><net_sink comp="109" pin=0"/></net>

<net id="115"><net_src comp="2" pin="0"/><net_sink comp="109" pin=1"/></net>

<net id="116"><net_src comp="20" pin="0"/><net_sink comp="109" pin=2"/></net>

<net id="117"><net_src comp="109" pin="3"/><net_sink comp="72" pin=0"/></net>

<net id="122"><net_src comp="72" pin="3"/><net_sink comp="118" pin=0"/></net>

<net id="123"><net_src comp="6" pin="0"/><net_sink comp="118" pin=1"/></net>

<net id="128"><net_src comp="72" pin="7"/><net_sink comp="124" pin=0"/></net>

<net id="129"><net_src comp="8" pin="0"/><net_sink comp="124" pin=1"/></net>

<net id="134"><net_src comp="72" pin="3"/><net_sink comp="130" pin=0"/></net>

<net id="135"><net_src comp="14" pin="0"/><net_sink comp="130" pin=1"/></net>

<net id="140"><net_src comp="72" pin="7"/><net_sink comp="136" pin=0"/></net>

<net id="141"><net_src comp="16" pin="0"/><net_sink comp="136" pin=1"/></net>

<net id="146"><net_src comp="72" pin="3"/><net_sink comp="142" pin=0"/></net>

<net id="147"><net_src comp="18" pin="0"/><net_sink comp="142" pin=1"/></net>

<net id="152"><net_src comp="72" pin="3"/><net_sink comp="148" pin=0"/></net>

<net id="153"><net_src comp="30" pin="0"/><net_sink comp="148" pin=1"/></net>

<net id="162"><net_src comp="32" pin="0"/><net_sink comp="158" pin=1"/></net>

<net id="167"><net_src comp="158" pin="2"/><net_sink comp="163" pin=1"/></net>

<net id="172"><net_src comp="163" pin="2"/><net_sink comp="168" pin=0"/></net>

<net id="177"><net_src comp="32" pin="0"/><net_sink comp="173" pin=1"/></net>

<net id="182"><net_src comp="173" pin="2"/><net_sink comp="178" pin=1"/></net>

<net id="187"><net_src comp="178" pin="2"/><net_sink comp="183" pin=1"/></net>

<net id="192"><net_src comp="32" pin="0"/><net_sink comp="188" pin=1"/></net>

<net id="197"><net_src comp="148" pin="2"/><net_sink comp="193" pin=0"/></net>

<net id="198"><net_src comp="173" pin="2"/><net_sink comp="193" pin=1"/></net>

<net id="203"><net_src comp="193" pin="2"/><net_sink comp="199" pin=0"/></net>

<net id="204"><net_src comp="188" pin="2"/><net_sink comp="199" pin=1"/></net>

<net id="209"><net_src comp="154" pin="2"/><net_sink comp="205" pin=0"/></net>

<net id="210"><net_src comp="168" pin="2"/><net_sink comp="205" pin=1"/></net>

<net id="215"><net_src comp="183" pin="2"/><net_sink comp="211" pin=1"/></net>

<net id="220"><net_src comp="178" pin="2"/><net_sink comp="216" pin=1"/></net>

<net id="225"><net_src comp="216" pin="2"/><net_sink comp="221" pin=0"/></net>

<net id="226"><net_src comp="199" pin="2"/><net_sink comp="221" pin=1"/></net>

<net id="232"><net_src comp="154" pin="2"/><net_sink comp="227" pin=0"/></net>

<net id="233"><net_src comp="34" pin="0"/><net_sink comp="227" pin=1"/></net>

<net id="234"><net_src comp="36" pin="0"/><net_sink comp="227" pin=2"/></net>

<net id="240"><net_src comp="205" pin="2"/><net_sink comp="235" pin=0"/></net>

<net id="241"><net_src comp="227" pin="3"/><net_sink comp="235" pin=1"/></net>

<net id="242"><net_src comp="38" pin="0"/><net_sink comp="235" pin=2"/></net>

<net id="246"><net_src comp="235" pin="3"/><net_sink comp="243" pin=0"/></net>

<net id="252"><net_src comp="243" pin="1"/><net_sink comp="247" pin=1"/></net>

<net id="253"><net_src comp="40" pin="0"/><net_sink comp="247" pin=2"/></net>

<net id="259"><net_src comp="211" pin="2"/><net_sink comp="254" pin=0"/></net>

<net id="260"><net_src comp="247" pin="3"/><net_sink comp="254" pin=1"/></net>

<net id="261"><net_src comp="42" pin="0"/><net_sink comp="254" pin=2"/></net>

<net id="267"><net_src comp="216" pin="2"/><net_sink comp="262" pin=0"/></net>

<net id="268"><net_src comp="254" pin="3"/><net_sink comp="262" pin=1"/></net>

<net id="269"><net_src comp="44" pin="0"/><net_sink comp="262" pin=2"/></net>

<net id="275"><net_src comp="221" pin="2"/><net_sink comp="270" pin=0"/></net>

<net id="276"><net_src comp="262" pin="3"/><net_sink comp="270" pin=1"/></net>

<net id="277"><net_src comp="46" pin="0"/><net_sink comp="270" pin=2"/></net>

<net id="290"><net_src comp="48" pin="0"/><net_sink comp="278" pin=0"/></net>

<net id="291"><net_src comp="50" pin="0"/><net_sink comp="278" pin=1"/></net>

<net id="292"><net_src comp="52" pin="0"/><net_sink comp="278" pin=2"/></net>

<net id="293"><net_src comp="54" pin="0"/><net_sink comp="278" pin=3"/></net>

<net id="294"><net_src comp="56" pin="0"/><net_sink comp="278" pin=4"/></net>

<net id="295"><net_src comp="58" pin="0"/><net_sink comp="278" pin=5"/></net>

<net id="296"><net_src comp="50" pin="0"/><net_sink comp="278" pin=6"/></net>

<net id="297"><net_src comp="60" pin="0"/><net_sink comp="278" pin=7"/></net>

<net id="298"><net_src comp="62" pin="0"/><net_sink comp="278" pin=8"/></net>

<net id="299"><net_src comp="270" pin="3"/><net_sink comp="278" pin=9"/></net>

<net id="303"><net_src comp="64" pin="3"/><net_sink comp="300" pin=0"/></net>

<net id="304"><net_src comp="300" pin="1"/><net_sink comp="72" pin=0"/></net>

<net id="308"><net_src comp="78" pin="3"/><net_sink comp="305" pin=0"/></net>

<net id="309"><net_src comp="305" pin="1"/><net_sink comp="72" pin=2"/></net>

<net id="313"><net_src comp="118" pin="2"/><net_sink comp="310" pin=0"/></net>

<net id="314"><net_src comp="310" pin="1"/><net_sink comp="154" pin=1"/></net>

<net id="315"><net_src comp="310" pin="1"/><net_sink comp="168" pin=1"/></net>

<net id="316"><net_src comp="310" pin="1"/><net_sink comp="173" pin=0"/></net>

<net id="317"><net_src comp="310" pin="1"/><net_sink comp="211" pin=0"/></net>

<net id="318"><net_src comp="310" pin="1"/><net_sink comp="216" pin=0"/></net>

<net id="319"><net_src comp="310" pin="1"/><net_sink comp="247" pin=0"/></net>

<net id="323"><net_src comp="124" pin="2"/><net_sink comp="320" pin=0"/></net>

<net id="324"><net_src comp="320" pin="1"/><net_sink comp="154" pin=0"/></net>

<net id="325"><net_src comp="320" pin="1"/><net_sink comp="158" pin=0"/></net>

<net id="329"><net_src comp="91" pin="3"/><net_sink comp="326" pin=0"/></net>

<net id="330"><net_src comp="326" pin="1"/><net_sink comp="72" pin=0"/></net>

<net id="334"><net_src comp="100" pin="3"/><net_sink comp="331" pin=0"/></net>

<net id="335"><net_src comp="331" pin="1"/><net_sink comp="72" pin=2"/></net>

<net id="339"><net_src comp="130" pin="2"/><net_sink comp="336" pin=0"/></net>

<net id="340"><net_src comp="336" pin="1"/><net_sink comp="163" pin=0"/></net>

<net id="344"><net_src comp="136" pin="2"/><net_sink comp="341" pin=0"/></net>

<net id="345"><net_src comp="341" pin="1"/><net_sink comp="178" pin=0"/></net>

<net id="346"><net_src comp="341" pin="1"/><net_sink comp="188" pin=0"/></net>

<net id="350"><net_src comp="142" pin="2"/><net_sink comp="347" pin=0"/></net>

<net id="351"><net_src comp="347" pin="1"/><net_sink comp="183" pin=0"/></net>

<net id="355"><net_src comp="109" pin="3"/><net_sink comp="352" pin=0"/></net>

<net id="356"><net_src comp="352" pin="1"/><net_sink comp="72" pin=0"/></net>

</net_list>

</model> 
---------------- Datapath Model END ------------------

* FSMD analyzer results:
  - Output states:
 - Input state : 
	Port: decision_function.50 : x_V | {1 2 3 4 }
  - Chain level:
	State 1
		x_V_load : 1
		x_V_load_1 : 1
	State 2
		icmp_ln1497 : 1
		icmp_ln1497_1 : 1
		x_V_load_5 : 1
		x_V_load_8 : 1
	State 3
		icmp_ln1497_5 : 1
		icmp_ln1497_8 : 1
		icmp_ln1497_9 : 1
		x_V_load_12 : 1
	State 4
		icmp_ln1497_12 : 1
		and_ln73_233 : 2
		and_ln73_231 : 2
		or_ln88_116 : 2
		zext_ln89 : 1
		select_ln89_193 : 2
		select_ln89_194 : 3
		select_ln89_195 : 4
		select_ln89_196 : 5
		tmp : 6
		ret_ln93 : 7


============================================================
+ Verbose Summary: Datapath Resource usage 
============================================================

* Functional unit list:
|----------|------------------------|---------|---------|
| Operation|     Functional Unit    |    FF   |   LUT   |
|----------|------------------------|---------|---------|
|          |   icmp_ln1497_fu_118   |    0    |    13   |
|          |  icmp_ln1497_1_fu_124  |    0    |    13   |
|   icmp   |  icmp_ln1497_5_fu_130  |    0    |    13   |
|          |  icmp_ln1497_8_fu_136  |    0    |    13   |
|          |  icmp_ln1497_9_fu_142  |    0    |    13   |
|          |  icmp_ln1497_12_fu_148 |    0    |    13   |
|----------|------------------------|---------|---------|
|    mux   |       tmp_fu_278       |    0    |    45   |
|----------|------------------------|---------|---------|
|          |   select_ln89_fu_227   |    0    |    2    |
|          | select_ln89_192_fu_235 |    0    |    2    |
|  select  | select_ln89_193_fu_247 |    0    |    3    |
|          | select_ln89_194_fu_254 |    0    |    3    |
|          | select_ln89_195_fu_262 |    0    |    3    |
|          | select_ln89_196_fu_270 |    0    |    3    |
|----------|------------------------|---------|---------|
|          |     and_ln73_fu_154    |    0    |    2    |
|          |   and_ln73_232_fu_163  |    0    |    2    |
|          |   and_ln73_228_fu_168  |    0    |    2    |
|    and   |   and_ln73_229_fu_178  |    0    |    2    |
|          |   and_ln73_230_fu_183  |    0    |    2    |
|          |   and_ln73_233_fu_193  |    0    |    2    |
|          |   and_ln73_231_fu_199  |    0    |    2    |
|----------|------------------------|---------|---------|
|          |     or_ln88_fu_205     |    0    |    2    |
|    or    |   or_ln88_114_fu_211   |    0    |    2    |
|          |   or_ln88_115_fu_216   |    0    |    2    |
|          |   or_ln88_116_fu_221   |    0    |    2    |
|----------|------------------------|---------|---------|
|          |     xor_ln75_fu_158    |    0    |    2    |
|    xor   |   xor_ln75_74_fu_173   |    0    |    2    |
|          |   xor_ln75_75_fu_188   |    0    |    2    |
|----------|------------------------|---------|---------|
|   zext   |    zext_ln89_fu_243    |    0    |    0    |
|----------|------------------------|---------|---------|
|   Total  |                        |    0    |   167   |
|----------|------------------------|---------|---------|

Memories:
N/A

* Register list:
+---------------------+--------+
|                     |   FF   |
+---------------------+--------+
|icmp_ln1497_1_reg_320|    1   |
|icmp_ln1497_5_reg_336|    1   |
|icmp_ln1497_8_reg_341|    1   |
|icmp_ln1497_9_reg_347|    1   |
| icmp_ln1497_reg_310 |    1   |
| x_V_addr_159_reg_305|    4   |
| x_V_addr_160_reg_326|    4   |
| x_V_addr_161_reg_331|    4   |
| x_V_addr_162_reg_352|    4   |
|   x_V_addr_reg_300  |    4   |
+---------------------+--------+
|        Total        |   25   |
+---------------------+--------+

* Multiplexer (MUX) list: 
|------------------|------|------|------|--------||---------||---------|
|       Comp       |  Pin | Size |  BW  | S x BW ||  Delay  ||   LUT   |
|------------------|------|------|------|--------||---------||---------|
| grp_access_fu_72 |  p0  |   6  |   4  |   24   ||    33   |
| grp_access_fu_72 |  p2  |   4  |   0  |    0   ||    21   |
|------------------|------|------|------|--------||---------||---------|
|       Total      |      |      |      |   24   ||  3.8125 ||    54   |
|------------------|------|------|------|--------||---------||---------|



* Summary:
+-----------+--------+--------+--------+
|           |  Delay |   FF   |   LUT  |
+-----------+--------+--------+--------+
|  Function |    -   |    0   |   167  |
|   Memory  |    -   |    -   |    -   |
|Multiplexer|    3   |    -   |   54   |
|  Register |    -   |   25   |    -   |
+-----------+--------+--------+--------+
|   Total   |    3   |   25   |   221  |
+-----------+--------+--------+--------+
