

================================================================
== Vivado HLS Report for 'decision_function_68'
================================================================
* Date:           Mon Dec 11 23:06:39 2023

* Version:        2019.1 (Build 2552052 on Fri May 24 15:28:33 MDT 2019)
* Project:        Final_HLS
* Solution:       solution1
* Product family: zynq
* Target device:  xc7z020-clg400-1


================================================================
== Performance Estimates
================================================================
+ Timing (ns): 
    * Summary: 
    +--------+-------+----------+------------+
    |  Clock | Target| Estimated| Uncertainty|
    +--------+-------+----------+------------+
    |ap_clk  |  10.00|     7.771|        1.25|
    +--------+-------+----------+------------+

+ Latency (clock cycles): 
    * Summary: 
    +-----+-----+-----+-----+----------+
    |  Latency  |  Interval | Pipeline |
    | min | max | min | max |   Type   |
    +-----+-----+-----+-----+----------+
    |    3|    3|    3|    3| function |
    +-----+-----+-----+-----+----------+

    + Detail: 
        * Instance: 
        N/A

        * Loop: 
        N/A



================================================================
== Utilization Estimates
================================================================
* Summary: 
+-----------------+---------+-------+--------+-------+-----+
|       Name      | BRAM_18K| DSP48E|   FF   |  LUT  | URAM|
+-----------------+---------+-------+--------+-------+-----+
|DSP              |        -|      -|       -|      -|    -|
|Expression       |        -|      -|       0|    132|    -|
|FIFO             |        -|      -|       -|      -|    -|
|Instance         |        -|      -|       0|    457|    -|
|Memory           |        -|      -|       -|      -|    -|
|Multiplexer      |        -|      -|       -|     75|    -|
|Register         |        -|      -|      11|      -|    -|
+-----------------+---------+-------+--------+-------+-----+
|Total            |        0|      0|      11|    664|    0|
+-----------------+---------+-------+--------+-------+-----+
|Available        |      280|    220|  106400|  53200|    0|
+-----------------+---------+-------+--------+-------+-----+
|Utilization (%)  |        0|      0|   ~0   |      1|    0|
+-----------------+---------+-------+--------+-------+-----+

+ Detail: 
    * Instance: 
    +-----------------------------+-------------------------+---------+-------+---+-----+-----+
    |           Instance          |          Module         | BRAM_18K| DSP48E| FF| LUT | URAM|
    +-----------------------------+-------------------------+---------+-------+---+-----+-----+
    |my_prj_acceleratobkb_x4_U69  |my_prj_acceleratobkb_x4  |        0|      0|  0|  457|    0|
    +-----------------------------+-------------------------+---------+-------+---+-----+-----+
    |Total                        |                         |        0|      0|  0|  457|    0|
    +-----------------------------+-------------------------+---------+-------+---+-----+-----+

    * DSP48E: 
    N/A

    * Memory: 
    N/A

    * FIFO: 
    N/A

    * Expression: 
    +---------------------------+----------+-------+---+----+------------+------------+
    |       Variable Name       | Operation| DSP48E| FF| LUT| Bitwidth P0| Bitwidth P1|
    +---------------------------+----------+-------+---+----+------------+------------+
    |and_ln73_142_fu_158_p2     |    and   |      0|  0|   2|           1|           1|
    |and_ln73_143_fu_168_p2     |    and   |      0|  0|   2|           1|           1|
    |and_ln73_144_fu_173_p2     |    and   |      0|  0|   2|           1|           1|
    |and_ln73_145_fu_183_p2     |    and   |      0|  0|   2|           1|           1|
    |and_ln73_146_fu_188_p2     |    and   |      0|  0|   2|           1|           1|
    |and_ln73_147_fu_199_p2     |    and   |      0|  0|   2|           1|           1|
    |and_ln73_148_fu_204_p2     |    and   |      0|  0|   2|           1|           1|
    |and_ln73_fu_154_p2         |    and   |      0|  0|   2|           1|           1|
    |ap_block_pp0_stage0_11001  |    and   |      0|  0|   2|           1|           1|
    |grp_fu_118_p2              |   icmp   |      0|  0|  13|          12|          10|
    |icmp_ln1497_1_fu_130_p2    |   icmp   |      0|  0|  13|          12|           1|
    |icmp_ln1497_2_fu_136_p2    |   icmp   |      0|  0|  13|          12|          10|
    |icmp_ln1497_8_fu_142_p2    |   icmp   |      0|  0|  13|          12|          12|
    |icmp_ln1497_9_fu_148_p2    |   icmp   |      0|  0|  13|          12|           9|
    |icmp_ln1497_fu_124_p2      |   icmp   |      0|  0|  13|          12|          10|
    |or_ln88_64_fu_216_p2       |    or    |      0|  0|   2|           1|           1|
    |or_ln88_65_fu_221_p2       |    or    |      0|  0|   2|           1|           1|
    |or_ln88_66_fu_226_p2       |    or    |      0|  0|   2|           1|           1|
    |or_ln88_fu_210_p2          |    or    |      0|  0|   2|           1|           1|
    |select_ln89_106_fu_250_p3  |  select  |      0|  0|   2|           1|           2|
    |select_ln89_107_fu_262_p3  |  select  |      0|  0|   4|           1|           3|
    |select_ln89_108_fu_269_p3  |  select  |      0|  0|   3|           1|           3|
    |select_ln89_109_fu_277_p3  |  select  |      0|  0|   3|           1|           3|
    |select_ln89_fu_242_p3      |  select  |      0|  0|   3|           1|           2|
    |tmp_fu_293_p9              |  select  |      0|  0|   3|           1|           3|
    |ap_enable_pp0              |    xor   |      0|  0|   2|           1|           2|
    |xor_ln75_43_fu_178_p2      |    xor   |      0|  0|   2|           1|           2|
    |xor_ln75_44_fu_194_p2      |    xor   |      0|  0|   2|           1|           2|
    |xor_ln75_fu_163_p2         |    xor   |      0|  0|   2|           1|           2|
    |xor_ln89_fu_232_p2         |    xor   |      0|  0|   2|           2|           1|
    +---------------------------+----------+-------+---+----+------------+------------+
    |Total                      |          |      0|  0| 132|          97|          90|
    +---------------------------+----------+-------+---+----+------------+------------+

    * Multiplexer: 
    +-------------------------+----+-----------+-----+-----------+
    |           Name          | LUT| Input Size| Bits| Total Bits|
    +-------------------------+----+-----------+-----+-----------+
    |ap_NS_fsm                |  21|          4|    1|          4|
    |ap_enable_reg_pp0_iter0  |   9|          2|    1|          2|
    |ap_enable_reg_pp0_iter1  |   9|          2|    1|          2|
    |x_V_address0             |  21|          4|    4|         16|
    |x_V_address1             |  15|          3|    4|         12|
    +-------------------------+----+-----------+-----+-----------+
    |Total                    |  75|         15|   11|         36|
    +-------------------------+----+-----------+-----+-----------+

    * Register: 
    +-----------------------------+---+----+-----+-----------+
    |             Name            | FF| LUT| Bits| Const Bits|
    +-----------------------------+---+----+-----+-----------+
    |ap_CS_fsm                    |  3|   0|    3|          0|
    |ap_enable_reg_pp0_iter0_reg  |  1|   0|    1|          0|
    |ap_enable_reg_pp0_iter1      |  1|   0|    1|          0|
    |icmp_ln1497_12_reg_356       |  1|   0|    1|          0|
    |icmp_ln1497_1_reg_335        |  1|   0|    1|          0|
    |icmp_ln1497_2_reg_341        |  1|   0|    1|          0|
    |icmp_ln1497_5_reg_361        |  1|   0|    1|          0|
    |icmp_ln1497_8_reg_366        |  1|   0|    1|          0|
    |icmp_ln1497_reg_325          |  1|   0|    1|          0|
    +-----------------------------+---+----+-----+-----------+
    |Total                        | 11|   0|   11|          0|
    +-----------------------------+---+----+-----+-----------+



================================================================
== Interface
================================================================
* Summary: 
+--------------+-----+-----+------------+----------------------+--------------+
|   RTL Ports  | Dir | Bits|  Protocol  |     Source Object    |    C Type    |
+--------------+-----+-----+------------+----------------------+--------------+
|ap_clk        |  in |    1| ap_ctrl_hs | decision_function.68 | return value |
|ap_rst        |  in |    1| ap_ctrl_hs | decision_function.68 | return value |
|ap_start      |  in |    1| ap_ctrl_hs | decision_function.68 | return value |
|ap_done       | out |    1| ap_ctrl_hs | decision_function.68 | return value |
|ap_idle       | out |    1| ap_ctrl_hs | decision_function.68 | return value |
|ap_ready      | out |    1| ap_ctrl_hs | decision_function.68 | return value |
|ap_return     | out |   12| ap_ctrl_hs | decision_function.68 | return value |
|x_V_address0  | out |    4|  ap_memory |          x_V         |     array    |
|x_V_ce0       | out |    1|  ap_memory |          x_V         |     array    |
|x_V_q0        |  in |   12|  ap_memory |          x_V         |     array    |
|x_V_address1  | out |    4|  ap_memory |          x_V         |     array    |
|x_V_ce1       | out |    1|  ap_memory |          x_V         |     array    |
|x_V_q1        |  in |   12|  ap_memory |          x_V         |     array    |
+--------------+-----+-----+------------+----------------------+--------------+

============================================================
+ Verbose Summary: Synthesis Manager
============================================================
InlineROM: 1
ExposeGlobal: 0
============================================================
+ Verbose Summary: CDFG Model
============================================================
IsTopModel: 0
ResetActiveHigh: 1
IsCombinational: 2
IsDatapathOnly: 2
HasWiredReturn: 1
HasMFsm: 2
HasVarLatency: 0
IsPipeline: 1
IsRtlPipelined: 1
IsInstanceOverlapped: 0
IsDontTouch: 0
HasImplIP: 0
IsGatedGlobalClock: 0

+ Individual pipeline summary: 
  * Pipeline-0: initiation interval (II) = 3, depth = 4


============================================================
+ Verbose Summary: Schedule
============================================================
* Number of FSM states : 4
* Pipeline : 1
  Pipeline-0 : II = 3, D = 4, States = { 1 2 3 4 }
* Dataflow Pipeline: 0

* FSM state transitions: 
1 --> 2 
2 --> 3 
3 --> 4 
4 --> 

* FSM state operations: 

State 1 <SV = 0> <Delay = 2.32>
ST_1 : Operation 5 [1/1] (0.00ns)   --->   "%x_V_addr = getelementptr [12 x i12]* %x_V, i64 0, i64 3" [../my-conifer-prj/firmware/BDT.h:57]   --->   Operation 5 'getelementptr' 'x_V_addr' <Predicate = true> <Delay = 0.00>
ST_1 : Operation 6 [2/2] (2.32ns)   --->   "%x_V_load = load i12* %x_V_addr, align 2" [../my-conifer-prj/firmware/BDT.h:57]   --->   Operation 6 'load' 'x_V_load' <Predicate = true> <Delay = 2.32> <Core = "RAM">   --->   Core 37 'RAM' <Latency = 1> <II = 1> <Delay = 2.32> <Storage> <Opcode : 'load' 'store'> <Ports = 2> <Width = 12> <Depth = 12> <RAM>
ST_1 : Operation 7 [1/1] (0.00ns)   --->   "%x_V_addr_86 = getelementptr [12 x i12]* %x_V, i64 0, i64 0" [../my-conifer-prj/firmware/BDT.h:57]   --->   Operation 7 'getelementptr' 'x_V_addr_86' <Predicate = true> <Delay = 0.00>
ST_1 : Operation 8 [2/2] (2.32ns)   --->   "%x_V_load_1 = load i12* %x_V_addr_86, align 2" [../my-conifer-prj/firmware/BDT.h:57]   --->   Operation 8 'load' 'x_V_load_1' <Predicate = true> <Delay = 2.32> <Core = "RAM">   --->   Core 37 'RAM' <Latency = 1> <II = 1> <Delay = 2.32> <Storage> <Opcode : 'load' 'store'> <Ports = 2> <Width = 12> <Depth = 12> <RAM>

State 2 <SV = 1> <Delay = 4.31>
ST_2 : Operation 9 [1/2] (2.32ns)   --->   "%x_V_load = load i12* %x_V_addr, align 2" [../my-conifer-prj/firmware/BDT.h:57]   --->   Operation 9 'load' 'x_V_load' <Predicate = true> <Delay = 2.32> <Core = "RAM">   --->   Core 37 'RAM' <Latency = 1> <II = 1> <Delay = 2.32> <Storage> <Opcode : 'load' 'store'> <Ports = 2> <Width = 12> <Depth = 12> <RAM>
ST_2 : Operation 10 [1/1] (1.99ns)   --->   "%icmp_ln1497 = icmp slt i12 %x_V_load, 513" [../my-conifer-prj/firmware/BDT.h:57]   --->   Operation 10 'icmp' 'icmp_ln1497' <Predicate = true> <Delay = 1.99> <Core = "Cmp">   --->   Core 25 'Cmp' <Latency = 0> <II = 1> <Delay = 1.99> <FuncUnit> <Opcode : 'icmp'> <InPorts = 2> <OutPorts = 1>
ST_2 : Operation 11 [1/2] (2.32ns)   --->   "%x_V_load_1 = load i12* %x_V_addr_86, align 2" [../my-conifer-prj/firmware/BDT.h:57]   --->   Operation 11 'load' 'x_V_load_1' <Predicate = true> <Delay = 2.32> <Core = "RAM">   --->   Core 37 'RAM' <Latency = 1> <II = 1> <Delay = 2.32> <Storage> <Opcode : 'load' 'store'> <Ports = 2> <Width = 12> <Depth = 12> <RAM>
ST_2 : Operation 12 [1/1] (1.99ns)   --->   "%icmp_ln1497_1 = icmp slt i12 %x_V_load_1, 1" [../my-conifer-prj/firmware/BDT.h:57]   --->   Operation 12 'icmp' 'icmp_ln1497_1' <Predicate = true> <Delay = 1.99> <Core = "Cmp">   --->   Core 25 'Cmp' <Latency = 0> <II = 1> <Delay = 1.99> <FuncUnit> <Opcode : 'icmp'> <InPorts = 2> <OutPorts = 1>
ST_2 : Operation 13 [1/1] (1.99ns)   --->   "%icmp_ln1497_2 = icmp slt i12 %x_V_load, 897" [../my-conifer-prj/firmware/BDT.h:57]   --->   Operation 13 'icmp' 'icmp_ln1497_2' <Predicate = true> <Delay = 1.99> <Core = "Cmp">   --->   Core 25 'Cmp' <Latency = 0> <II = 1> <Delay = 1.99> <FuncUnit> <Opcode : 'icmp'> <InPorts = 2> <OutPorts = 1>
ST_2 : Operation 14 [1/1] (0.00ns)   --->   "%x_V_addr_87 = getelementptr [12 x i12]* %x_V, i64 0, i64 8" [../my-conifer-prj/firmware/BDT.h:57]   --->   Operation 14 'getelementptr' 'x_V_addr_87' <Predicate = true> <Delay = 0.00>
ST_2 : Operation 15 [2/2] (2.32ns)   --->   "%x_V_load_5 = load i12* %x_V_addr_87, align 2" [../my-conifer-prj/firmware/BDT.h:57]   --->   Operation 15 'load' 'x_V_load_5' <Predicate = true> <Delay = 2.32> <Core = "RAM">   --->   Core 37 'RAM' <Latency = 1> <II = 1> <Delay = 2.32> <Storage> <Opcode : 'load' 'store'> <Ports = 2> <Width = 12> <Depth = 12> <RAM>
ST_2 : Operation 16 [1/1] (0.00ns)   --->   "%x_V_addr_88 = getelementptr [12 x i12]* %x_V, i64 0, i64 9" [../my-conifer-prj/firmware/BDT.h:57]   --->   Operation 16 'getelementptr' 'x_V_addr_88' <Predicate = true> <Delay = 0.00>
ST_2 : Operation 17 [2/2] (2.32ns)   --->   "%x_V_load_8 = load i12* %x_V_addr_88, align 2" [../my-conifer-prj/firmware/BDT.h:57]   --->   Operation 17 'load' 'x_V_load_8' <Predicate = true> <Delay = 2.32> <Core = "RAM">   --->   Core 37 'RAM' <Latency = 1> <II = 1> <Delay = 2.32> <Storage> <Opcode : 'load' 'store'> <Ports = 2> <Width = 12> <Depth = 12> <RAM>
ST_2 : Operation 18 [1/1] (1.99ns)   --->   "%icmp_ln1497_12 = icmp slt i12 %x_V_load, -383" [../my-conifer-prj/firmware/BDT.h:57]   --->   Operation 18 'icmp' 'icmp_ln1497_12' <Predicate = true> <Delay = 1.99> <Core = "Cmp">   --->   Core 25 'Cmp' <Latency = 0> <II = 1> <Delay = 1.99> <FuncUnit> <Opcode : 'icmp'> <InPorts = 2> <OutPorts = 1>

State 3 <SV = 2> <Delay = 4.31>
ST_3 : Operation 19 [1/2] (2.32ns)   --->   "%x_V_load_5 = load i12* %x_V_addr_87, align 2" [../my-conifer-prj/firmware/BDT.h:57]   --->   Operation 19 'load' 'x_V_load_5' <Predicate = true> <Delay = 2.32> <Core = "RAM">   --->   Core 37 'RAM' <Latency = 1> <II = 1> <Delay = 2.32> <Storage> <Opcode : 'load' 'store'> <Ports = 2> <Width = 12> <Depth = 12> <RAM>
ST_3 : Operation 20 [1/1] (1.99ns)   --->   "%icmp_ln1497_5 = icmp slt i12 %x_V_load_5, -383" [../my-conifer-prj/firmware/BDT.h:57]   --->   Operation 20 'icmp' 'icmp_ln1497_5' <Predicate = (icmp_ln1497)> <Delay = 1.99> <Core = "Cmp">   --->   Core 25 'Cmp' <Latency = 0> <II = 1> <Delay = 1.99> <FuncUnit> <Opcode : 'icmp'> <InPorts = 2> <OutPorts = 1>
ST_3 : Operation 21 [1/2] (2.32ns)   --->   "%x_V_load_8 = load i12* %x_V_addr_88, align 2" [../my-conifer-prj/firmware/BDT.h:57]   --->   Operation 21 'load' 'x_V_load_8' <Predicate = true> <Delay = 2.32> <Core = "RAM">   --->   Core 37 'RAM' <Latency = 1> <II = 1> <Delay = 2.32> <Storage> <Opcode : 'load' 'store'> <Ports = 2> <Width = 12> <Depth = 12> <RAM>
ST_3 : Operation 22 [1/1] (1.99ns)   --->   "%icmp_ln1497_8 = icmp slt i12 %x_V_load_8, -1151" [../my-conifer-prj/firmware/BDT.h:57]   --->   Operation 22 'icmp' 'icmp_ln1497_8' <Predicate = true> <Delay = 1.99> <Core = "Cmp">   --->   Core 25 'Cmp' <Latency = 0> <II = 1> <Delay = 1.99> <FuncUnit> <Opcode : 'icmp'> <InPorts = 2> <OutPorts = 1>
ST_3 : Operation 23 [1/1] (0.00ns)   --->   "%x_V_addr_89 = getelementptr [12 x i12]* %x_V, i64 0, i64 5" [../my-conifer-prj/firmware/BDT.h:57]   --->   Operation 23 'getelementptr' 'x_V_addr_89' <Predicate = true> <Delay = 0.00>
ST_3 : Operation 24 [2/2] (2.32ns)   --->   "%x_V_load_9 = load i12* %x_V_addr_89, align 2" [../my-conifer-prj/firmware/BDT.h:57]   --->   Operation 24 'load' 'x_V_load_9' <Predicate = true> <Delay = 2.32> <Core = "RAM">   --->   Core 37 'RAM' <Latency = 1> <II = 1> <Delay = 2.32> <Storage> <Opcode : 'load' 'store'> <Ports = 2> <Width = 12> <Depth = 12> <RAM>

State 4 <SV = 3> <Delay = 7.77>
ST_4 : Operation 25 [1/1] (0.00ns)   --->   "call void (...)* @_ssdm_op_SpecPipeline(i32 1, i32 1, i32 1, i32 0, [1 x i8]* @p_str) nounwind" [../my-conifer-prj/firmware/BDT.h:25]   --->   Operation 25 'specpipeline' <Predicate = true> <Delay = 0.00>
ST_4 : Operation 26 [1/2] (2.32ns)   --->   "%x_V_load_9 = load i12* %x_V_addr_89, align 2" [../my-conifer-prj/firmware/BDT.h:57]   --->   Operation 26 'load' 'x_V_load_9' <Predicate = true> <Delay = 2.32> <Core = "RAM">   --->   Core 37 'RAM' <Latency = 1> <II = 1> <Delay = 2.32> <Storage> <Opcode : 'load' 'store'> <Ports = 2> <Width = 12> <Depth = 12> <RAM>
ST_4 : Operation 27 [1/1] (1.99ns)   --->   "%icmp_ln1497_9 = icmp slt i12 %x_V_load_9, 257" [../my-conifer-prj/firmware/BDT.h:57]   --->   Operation 27 'icmp' 'icmp_ln1497_9' <Predicate = true> <Delay = 1.99> <Core = "Cmp">   --->   Core 25 'Cmp' <Latency = 0> <II = 1> <Delay = 1.99> <FuncUnit> <Opcode : 'icmp'> <InPorts = 2> <OutPorts = 1>
ST_4 : Operation 28 [1/1] (0.97ns)   --->   "%and_ln73 = and i1 %icmp_ln1497_1, %icmp_ln1497" [../my-conifer-prj/firmware/BDT.h:73]   --->   Operation 28 'and' 'and_ln73' <Predicate = (icmp_ln1497)> <Delay = 0.97> <Core = "LogicGate">   --->   Core 27 'LogicGate' <Latency = 0> <II = 1> <Delay = 0.97> <FuncUnit> <Opcode : 'and' 'or' 'xor'> <InPorts = 2> <OutPorts = 1>
ST_4 : Operation 29 [1/1] (0.00ns) (grouped into LUT with out node select_ln89_107)   --->   "%and_ln73_142 = and i1 %icmp_ln1497_2, %and_ln73" [../my-conifer-prj/firmware/BDT.h:73]   --->   Operation 29 'and' 'and_ln73_142' <Predicate = (icmp_ln1497)> <Delay = 0.00> <Core = "LogicGate">   --->   Core 27 'LogicGate' <Latency = 0> <II = 1> <Delay = 0.97> <FuncUnit> <Opcode : 'and' 'or' 'xor'> <InPorts = 2> <OutPorts = 1>
ST_4 : Operation 30 [1/1] (0.00ns) (grouped into LUT with out node or_ln88)   --->   "%xor_ln75 = xor i1 %icmp_ln1497_1, true" [../my-conifer-prj/firmware/BDT.h:75]   --->   Operation 30 'xor' 'xor_ln75' <Predicate = (icmp_ln1497)> <Delay = 0.00> <Core = "LogicGate">   --->   Core 27 'LogicGate' <Latency = 0> <II = 1> <Delay = 0.97> <FuncUnit> <Opcode : 'and' 'or' 'xor'> <InPorts = 2> <OutPorts = 1>
ST_4 : Operation 31 [1/1] (0.00ns) (grouped into LUT with out node or_ln88)   --->   "%and_ln73_143 = and i1 %icmp_ln1497_5, %xor_ln75" [../my-conifer-prj/firmware/BDT.h:73]   --->   Operation 31 'and' 'and_ln73_143' <Predicate = (icmp_ln1497)> <Delay = 0.00> <Core = "LogicGate">   --->   Core 27 'LogicGate' <Latency = 0> <II = 1> <Delay = 0.97> <FuncUnit> <Opcode : 'and' 'or' 'xor'> <InPorts = 2> <OutPorts = 1>
ST_4 : Operation 32 [1/1] (0.00ns) (grouped into LUT with out node or_ln88)   --->   "%and_ln73_144 = and i1 %and_ln73_143, %icmp_ln1497" [../my-conifer-prj/firmware/BDT.h:73]   --->   Operation 32 'and' 'and_ln73_144' <Predicate = (icmp_ln1497)> <Delay = 0.00> <Core = "LogicGate">   --->   Core 27 'LogicGate' <Latency = 0> <II = 1> <Delay = 0.97> <FuncUnit> <Opcode : 'and' 'or' 'xor'> <InPorts = 2> <OutPorts = 1>
ST_4 : Operation 33 [1/1] (0.97ns)   --->   "%xor_ln75_43 = xor i1 %icmp_ln1497, true" [../my-conifer-prj/firmware/BDT.h:75]   --->   Operation 33 'xor' 'xor_ln75_43' <Predicate = true> <Delay = 0.97> <Core = "LogicGate">   --->   Core 27 'LogicGate' <Latency = 0> <II = 1> <Delay = 0.97> <FuncUnit> <Opcode : 'and' 'or' 'xor'> <InPorts = 2> <OutPorts = 1>
ST_4 : Operation 34 [1/1] (0.97ns)   --->   "%and_ln73_145 = and i1 %icmp_ln1497_8, %xor_ln75_43" [../my-conifer-prj/firmware/BDT.h:73]   --->   Operation 34 'and' 'and_ln73_145' <Predicate = true> <Delay = 0.97> <Core = "LogicGate">   --->   Core 27 'LogicGate' <Latency = 0> <II = 1> <Delay = 0.97> <FuncUnit> <Opcode : 'and' 'or' 'xor'> <InPorts = 2> <OutPorts = 1>
ST_4 : Operation 35 [1/1] (0.00ns) (grouped into LUT with out node select_ln89_109)   --->   "%and_ln73_146 = and i1 %icmp_ln1497_9, %and_ln73_145" [../my-conifer-prj/firmware/BDT.h:73]   --->   Operation 35 'and' 'and_ln73_146' <Predicate = true> <Delay = 0.00> <Core = "LogicGate">   --->   Core 27 'LogicGate' <Latency = 0> <II = 1> <Delay = 0.97> <FuncUnit> <Opcode : 'and' 'or' 'xor'> <InPorts = 2> <OutPorts = 1>
ST_4 : Operation 36 [1/1] (0.00ns) (grouped into LUT with out node tmp)   --->   "%xor_ln75_44 = xor i1 %icmp_ln1497_8, true" [../my-conifer-prj/firmware/BDT.h:75]   --->   Operation 36 'xor' 'xor_ln75_44' <Predicate = true> <Delay = 0.00> <Core = "LogicGate">   --->   Core 27 'LogicGate' <Latency = 0> <II = 1> <Delay = 0.97> <FuncUnit> <Opcode : 'and' 'or' 'xor'> <InPorts = 2> <OutPorts = 1>
ST_4 : Operation 37 [1/1] (0.00ns) (grouped into LUT with out node tmp)   --->   "%and_ln73_147 = and i1 %icmp_ln1497_12, %xor_ln75_43" [../my-conifer-prj/firmware/BDT.h:73]   --->   Operation 37 'and' 'and_ln73_147' <Predicate = true> <Delay = 0.00> <Core = "LogicGate">   --->   Core 27 'LogicGate' <Latency = 0> <II = 1> <Delay = 0.97> <FuncUnit> <Opcode : 'and' 'or' 'xor'> <InPorts = 2> <OutPorts = 1>
ST_4 : Operation 38 [1/1] (0.00ns) (grouped into LUT with out node tmp)   --->   "%and_ln73_148 = and i1 %and_ln73_147, %xor_ln75_44" [../my-conifer-prj/firmware/BDT.h:73]   --->   Operation 38 'and' 'and_ln73_148' <Predicate = true> <Delay = 0.00> <Core = "LogicGate">   --->   Core 27 'LogicGate' <Latency = 0> <II = 1> <Delay = 0.97> <FuncUnit> <Opcode : 'and' 'or' 'xor'> <InPorts = 2> <OutPorts = 1>
ST_4 : Operation 39 [1/1] (0.97ns) (out node of the LUT)   --->   "%or_ln88 = or i1 %and_ln73, %and_ln73_144" [../my-conifer-prj/firmware/BDT.h:88]   --->   Operation 39 'or' 'or_ln88' <Predicate = (icmp_ln1497)> <Delay = 0.97> <Core = "LogicGate">   --->   Core 27 'LogicGate' <Latency = 0> <II = 1> <Delay = 0.97> <FuncUnit> <Opcode : 'and' 'or' 'xor'> <InPorts = 2> <OutPorts = 1>
ST_4 : Operation 40 [1/1] (0.00ns) (grouped into LUT with out node select_ln89_109)   --->   "%or_ln88_64 = or i1 %icmp_ln1497, %and_ln73_146" [../my-conifer-prj/firmware/BDT.h:88]   --->   Operation 40 'or' 'or_ln88_64' <Predicate = true> <Delay = 0.00> <Core = "LogicGate">   --->   Core 27 'LogicGate' <Latency = 0> <II = 1> <Delay = 0.97> <FuncUnit> <Opcode : 'and' 'or' 'xor'> <InPorts = 2> <OutPorts = 1>
ST_4 : Operation 41 [1/1] (0.97ns)   --->   "%or_ln88_65 = or i1 %icmp_ln1497, %and_ln73_145" [../my-conifer-prj/firmware/BDT.h:88]   --->   Operation 41 'or' 'or_ln88_65' <Predicate = true> <Delay = 0.97> <Core = "LogicGate">   --->   Core 27 'LogicGate' <Latency = 0> <II = 1> <Delay = 0.97> <FuncUnit> <Opcode : 'and' 'or' 'xor'> <InPorts = 2> <OutPorts = 1>
ST_4 : Operation 42 [1/1] (0.00ns) (grouped into LUT with out node tmp)   --->   "%or_ln88_66 = or i1 %or_ln88_65, %and_ln73_148" [../my-conifer-prj/firmware/BDT.h:88]   --->   Operation 42 'or' 'or_ln88_66' <Predicate = true> <Delay = 0.00> <Core = "LogicGate">   --->   Core 27 'LogicGate' <Latency = 0> <II = 1> <Delay = 0.97> <FuncUnit> <Opcode : 'and' 'or' 'xor'> <InPorts = 2> <OutPorts = 1>
ST_4 : Operation 43 [1/1] (0.00ns) (grouped into LUT with out node select_ln89_107)   --->   "%xor_ln89 = xor i1 %and_ln73_142, true" [../my-conifer-prj/firmware/BDT.h:89]   --->   Operation 43 'xor' 'xor_ln89' <Predicate = (icmp_ln1497)> <Delay = 0.00> <Core = "LogicGate">   --->   Core 27 'LogicGate' <Latency = 0> <II = 1> <Delay = 0.97> <FuncUnit> <Opcode : 'and' 'or' 'xor'> <InPorts = 2> <OutPorts = 1>
ST_4 : Operation 44 [1/1] (0.00ns) (grouped into LUT with out node select_ln89_107)   --->   "%zext_ln89 = zext i1 %xor_ln89 to i2" [../my-conifer-prj/firmware/BDT.h:89]   --->   Operation 44 'zext' 'zext_ln89' <Predicate = (icmp_ln1497)> <Delay = 0.00>
ST_4 : Operation 45 [1/1] (0.00ns) (grouped into LUT with out node select_ln89_107)   --->   "%select_ln89 = select i1 %and_ln73, i2 %zext_ln89, i2 -2" [../my-conifer-prj/firmware/BDT.h:89]   --->   Operation 45 'select' 'select_ln89' <Predicate = (icmp_ln1497)> <Delay = 0.00> <Core = "Sel">   --->   Core 26 'Sel' <Latency = 0> <II = 1> <Delay = 0.98> <FuncUnit> <Opcode : 'select'> <InPorts = 3> <OutPorts = 1>
ST_4 : Operation 46 [1/1] (0.00ns) (grouped into LUT with out node select_ln89_107)   --->   "%select_ln89_106 = select i1 %or_ln88, i2 %select_ln89, i2 -1" [../my-conifer-prj/firmware/BDT.h:89]   --->   Operation 46 'select' 'select_ln89_106' <Predicate = (icmp_ln1497)> <Delay = 0.00> <Core = "Sel">   --->   Core 26 'Sel' <Latency = 0> <II = 1> <Delay = 0.98> <FuncUnit> <Opcode : 'select'> <InPorts = 3> <OutPorts = 1>
ST_4 : Operation 47 [1/1] (0.00ns) (grouped into LUT with out node select_ln89_107)   --->   "%zext_ln89_16 = zext i2 %select_ln89_106 to i3" [../my-conifer-prj/firmware/BDT.h:89]   --->   Operation 47 'zext' 'zext_ln89_16' <Predicate = (icmp_ln1497)> <Delay = 0.00>
ST_4 : Operation 48 [1/1] (0.99ns) (out node of the LUT)   --->   "%select_ln89_107 = select i1 %icmp_ln1497, i3 %zext_ln89_16, i3 -4" [../my-conifer-prj/firmware/BDT.h:89]   --->   Operation 48 'select' 'select_ln89_107' <Predicate = true> <Delay = 0.99> <Core = "Sel">   --->   Core 26 'Sel' <Latency = 0> <II = 1> <Delay = 0.98> <FuncUnit> <Opcode : 'select'> <InPorts = 3> <OutPorts = 1>
ST_4 : Operation 49 [1/1] (0.00ns) (grouped into LUT with out node select_ln89_109)   --->   "%select_ln89_108 = select i1 %or_ln88_64, i3 %select_ln89_107, i3 -3" [../my-conifer-prj/firmware/BDT.h:89]   --->   Operation 49 'select' 'select_ln89_108' <Predicate = true> <Delay = 0.00> <Core = "Sel">   --->   Core 26 'Sel' <Latency = 0> <II = 1> <Delay = 0.98> <FuncUnit> <Opcode : 'select'> <InPorts = 3> <OutPorts = 1>
ST_4 : Operation 50 [1/1] (0.98ns) (out node of the LUT)   --->   "%select_ln89_109 = select i1 %or_ln88_65, i3 %select_ln89_108, i3 -2" [../my-conifer-prj/firmware/BDT.h:89]   --->   Operation 50 'select' 'select_ln89_109' <Predicate = true> <Delay = 0.98> <Core = "Sel">   --->   Core 26 'Sel' <Latency = 0> <II = 1> <Delay = 0.98> <FuncUnit> <Opcode : 'select'> <InPorts = 3> <OutPorts = 1>
ST_4 : Operation 51 [1/1] (0.00ns) (grouped into LUT with out node tmp)   --->   "%select_ln89_110 = select i1 %or_ln88_66, i3 %select_ln89_109, i3 -1" [../my-conifer-prj/firmware/BDT.h:89]   --->   Operation 51 'select' 'select_ln89_110' <Predicate = true> <Delay = 0.00> <Core = "Sel">   --->   Core 26 'Sel' <Latency = 0> <II = 1> <Delay = 0.98> <FuncUnit> <Opcode : 'select'> <InPorts = 3> <OutPorts = 1>
ST_4 : Operation 52 [1/1] (2.47ns) (out node of the LUT)   --->   "%tmp = call i12 @_ssdm_op_Mux.ap_auto.8i12.i3(i12 23, i12 44, i12 -16, i12 -51, i12 -27, i12 59, i12 26, i12 -30, i3 %select_ln89_110)" [../my-conifer-prj/firmware/BDT.h:89]   --->   Operation 52 'mux' 'tmp' <Predicate = true> <Delay = 2.47> <Core = "MuxnS">   --->   Core 31 'MuxnS' <Latency = 0> <II = 1> <Delay = 4.03> <FuncUnit> <Opcode : 'mux'> <InPorts = 2> <OutPorts = 1>
ST_4 : Operation 53 [1/1] (0.00ns)   --->   "ret i12 %tmp" [../my-conifer-prj/firmware/BDT.h:93]   --->   Operation 53 'ret' <Predicate = true> <Delay = 0.00>


============================================================
+ Verbose Summary: Binding
============================================================
STG Binding: 
---------------- STG Properties BEGIN ----------------
- Is combinational: 0
- Is one-state seq: 0
- Is datapath-only: 0
- Is pipelined: 1
- Is top level: 0
Port [ Return ] is wired: 1; IO mode=ap_ctrl_hs:ce=0
Port [ x_V]:  wired=1; compound=1; hidden=0; nouse=0; global=0; static=0; extern=0; dir=0; type=1; pingpong=0; private_global=0; MemPort=[11]; IO mode=ap_memory:ce=0
---------------- STG Properties END ------------------

---------------- Datapath Model BEGIN ----------------

<LifeTime>
<method=bitvector/>
x_V_addr          (getelementptr) [ 00100]
x_V_addr_86       (getelementptr) [ 00100]
x_V_load          (load         ) [ 00000]
icmp_ln1497       (icmp         ) [ 01011]
x_V_load_1        (load         ) [ 00000]
icmp_ln1497_1     (icmp         ) [ 01011]
icmp_ln1497_2     (icmp         ) [ 01011]
x_V_addr_87       (getelementptr) [ 00010]
x_V_addr_88       (getelementptr) [ 00010]
icmp_ln1497_12    (icmp         ) [ 01011]
x_V_load_5        (load         ) [ 00000]
icmp_ln1497_5     (icmp         ) [ 01001]
x_V_load_8        (load         ) [ 00000]
icmp_ln1497_8     (icmp         ) [ 01001]
x_V_addr_89       (getelementptr) [ 01001]
specpipeline_ln25 (specpipeline ) [ 00000]
x_V_load_9        (load         ) [ 00000]
icmp_ln1497_9     (icmp         ) [ 00000]
and_ln73          (and          ) [ 00000]
and_ln73_142      (and          ) [ 00000]
xor_ln75          (xor          ) [ 00000]
and_ln73_143      (and          ) [ 00000]
and_ln73_144      (and          ) [ 00000]
xor_ln75_43       (xor          ) [ 00000]
and_ln73_145      (and          ) [ 00000]
and_ln73_146      (and          ) [ 00000]
xor_ln75_44       (xor          ) [ 00000]
and_ln73_147      (and          ) [ 00000]
and_ln73_148      (and          ) [ 00000]
or_ln88           (or           ) [ 00000]
or_ln88_64        (or           ) [ 00000]
or_ln88_65        (or           ) [ 00000]
or_ln88_66        (or           ) [ 00000]
xor_ln89          (xor          ) [ 00000]
zext_ln89         (zext         ) [ 00000]
select_ln89       (select       ) [ 00000]
select_ln89_106   (select       ) [ 00000]
zext_ln89_16      (zext         ) [ 00000]
select_ln89_107   (select       ) [ 00000]
select_ln89_108   (select       ) [ 00000]
select_ln89_109   (select       ) [ 00000]
select_ln89_110   (select       ) [ 00000]
tmp               (mux          ) [ 00000]
ret_ln93          (ret          ) [ 00000]
</LifeTime>

<model>

<comp_list>
<comp id="0" class="1000" name="x_V">
<pin_list>
<pin id="1" dir="1" index="0" bw="1" slack="0"/>
</pin_list>
<bind>
<StgValue><ssdm name="x_V"/><MemPortTyVec>1 1 </MemPortTyVec>
</StgValue>
</bind>
</comp>

<comp id="2" class="1001" name="const_2">
<pin_list>
<pin id="3" dir="1" index="0" bw="1" slack="0"/>
</pin_list>
<bind>
<StgValue><ssdm name=""/></StgValue>
</bind>
</comp>

<comp id="4" class="1001" name="const_4">
<pin_list>
<pin id="5" dir="1" index="0" bw="1" slack="0"/>
</pin_list>
<bind>
<StgValue><ssdm name=""/></StgValue>
</bind>
</comp>

<comp id="6" class="1001" name="const_6">
<pin_list>
<pin id="7" dir="1" index="0" bw="1" slack="0"/>
</pin_list>
<bind>
<StgValue><ssdm name=""/></StgValue>
</bind>
</comp>

<comp id="8" class="1001" name="const_8">
<pin_list>
<pin id="9" dir="1" index="0" bw="1" slack="0"/>
</pin_list>
<bind>
<StgValue><ssdm name=""/></StgValue>
</bind>
</comp>

<comp id="10" class="1001" name="const_10">
<pin_list>
<pin id="11" dir="1" index="0" bw="1" slack="0"/>
</pin_list>
<bind>
<StgValue><ssdm name=""/></StgValue>
</bind>
</comp>

<comp id="12" class="1001" name="const_12">
<pin_list>
<pin id="13" dir="1" index="0" bw="1" slack="0"/>
</pin_list>
<bind>
<StgValue><ssdm name=""/></StgValue>
</bind>
</comp>

<comp id="14" class="1001" name="const_14">
<pin_list>
<pin id="15" dir="1" index="0" bw="1" slack="0"/>
</pin_list>
<bind>
<StgValue><ssdm name=""/></StgValue>
</bind>
</comp>

<comp id="16" class="1001" name="const_16">
<pin_list>
<pin id="17" dir="1" index="0" bw="1" slack="0"/>
</pin_list>
<bind>
<StgValue><ssdm name=""/></StgValue>
</bind>
</comp>

<comp id="18" class="1001" name="const_18">
<pin_list>
<pin id="19" dir="1" index="0" bw="1" slack="0"/>
</pin_list>
<bind>
<StgValue><ssdm name=""/></StgValue>
</bind>
</comp>

<comp id="20" class="1001" name="const_20">
<pin_list>
<pin id="21" dir="1" index="0" bw="1" slack="0"/>
</pin_list>
<bind>
<StgValue><ssdm name=""/></StgValue>
</bind>
</comp>

<comp id="22" class="1001" name="const_22">
<pin_list>
<pin id="23" dir="1" index="0" bw="1" slack="2147483647"/>
</pin_list>
<bind>
<StgValue><ssdm name="_ssdm_op_SpecPipeline"/></StgValue>
</bind>
</comp>

<comp id="24" class="1001" name="const_24">
<pin_list>
<pin id="25" dir="1" index="0" bw="1" slack="2147483647"/>
</pin_list>
<bind>
<StgValue><ssdm name=""/></StgValue>
</bind>
</comp>

<comp id="26" class="1001" name="const_26">
<pin_list>
<pin id="27" dir="1" index="0" bw="1" slack="2147483647"/>
</pin_list>
<bind>
<StgValue><ssdm name=""/></StgValue>
</bind>
</comp>

<comp id="28" class="1001" name="const_28">
<pin_list>
<pin id="29" dir="1" index="0" bw="1" slack="2147483647"/>
</pin_list>
<bind>
<StgValue><ssdm name="p_str"/></StgValue>
</bind>
</comp>

<comp id="30" class="1001" name="const_30">
<pin_list>
<pin id="31" dir="1" index="0" bw="1" slack="0"/>
</pin_list>
<bind>
<StgValue><ssdm name=""/></StgValue>
</bind>
</comp>

<comp id="32" class="1001" name="const_32">
<pin_list>
<pin id="33" dir="1" index="0" bw="1" slack="0"/>
</pin_list>
<bind>
<StgValue><ssdm name=""/></StgValue>
</bind>
</comp>

<comp id="34" class="1001" name="const_34">
<pin_list>
<pin id="35" dir="1" index="0" bw="1" slack="0"/>
</pin_list>
<bind>
<StgValue><ssdm name=""/></StgValue>
</bind>
</comp>

<comp id="36" class="1001" name="const_36">
<pin_list>
<pin id="37" dir="1" index="0" bw="1" slack="0"/>
</pin_list>
<bind>
<StgValue><ssdm name=""/></StgValue>
</bind>
</comp>

<comp id="38" class="1001" name="const_38">
<pin_list>
<pin id="39" dir="1" index="0" bw="1" slack="0"/>
</pin_list>
<bind>
<StgValue><ssdm name=""/></StgValue>
</bind>
</comp>

<comp id="40" class="1001" name="const_40">
<pin_list>
<pin id="41" dir="1" index="0" bw="1" slack="0"/>
</pin_list>
<bind>
<StgValue><ssdm name=""/></StgValue>
</bind>
</comp>

<comp id="42" class="1001" name="const_42">
<pin_list>
<pin id="43" dir="1" index="0" bw="1" slack="0"/>
</pin_list>
<bind>
<StgValue><ssdm name=""/></StgValue>
</bind>
</comp>

<comp id="44" class="1001" name="const_44">
<pin_list>
<pin id="45" dir="1" index="0" bw="1" slack="0"/>
</pin_list>
<bind>
<StgValue><ssdm name=""/></StgValue>
</bind>
</comp>

<comp id="46" class="1001" name="const_46">
<pin_list>
<pin id="47" dir="1" index="0" bw="1" slack="0"/>
</pin_list>
<bind>
<StgValue><ssdm name="_ssdm_op_Mux.ap_auto.8i12.i3"/></StgValue>
</bind>
</comp>

<comp id="48" class="1001" name="const_48">
<pin_list>
<pin id="49" dir="1" index="0" bw="1" slack="0"/>
</pin_list>
<bind>
<StgValue><ssdm name=""/></StgValue>
</bind>
</comp>

<comp id="50" class="1001" name="const_50">
<pin_list>
<pin id="51" dir="1" index="0" bw="1" slack="0"/>
</pin_list>
<bind>
<StgValue><ssdm name=""/></StgValue>
</bind>
</comp>

<comp id="52" class="1001" name="const_52">
<pin_list>
<pin id="53" dir="1" index="0" bw="1" slack="0"/>
</pin_list>
<bind>
<StgValue><ssdm name=""/></StgValue>
</bind>
</comp>

<comp id="54" class="1001" name="const_54">
<pin_list>
<pin id="55" dir="1" index="0" bw="1" slack="0"/>
</pin_list>
<bind>
<StgValue><ssdm name=""/></StgValue>
</bind>
</comp>

<comp id="56" class="1001" name="const_56">
<pin_list>
<pin id="57" dir="1" index="0" bw="1" slack="0"/>
</pin_list>
<bind>
<StgValue><ssdm name=""/></StgValue>
</bind>
</comp>

<comp id="58" class="1001" name="const_58">
<pin_list>
<pin id="59" dir="1" index="0" bw="1" slack="0"/>
</pin_list>
<bind>
<StgValue><ssdm name=""/></StgValue>
</bind>
</comp>

<comp id="60" class="1001" name="const_60">
<pin_list>
<pin id="61" dir="1" index="0" bw="1" slack="0"/>
</pin_list>
<bind>
<StgValue><ssdm name=""/></StgValue>
</bind>
</comp>

<comp id="62" class="1001" name="const_62">
<pin_list>
<pin id="63" dir="1" index="0" bw="1" slack="0"/>
</pin_list>
<bind>
<StgValue><ssdm name=""/></StgValue>
</bind>
</comp>

<comp id="64" class="1004" name="x_V_addr_gep_fu_64">
<pin_list>
<pin id="65" dir="0" index="0" bw="12" slack="0"/>
<pin id="66" dir="0" index="1" bw="1" slack="0"/>
<pin id="67" dir="0" index="2" bw="3" slack="0"/>
<pin id="68" dir="1" index="3" bw="4" slack="0"/>
</pin_list>
<bind>
<opcode="getelementptr(29) " fcode="getelementptr"/>
<opset="x_V_addr/1 "/>
</bind>
</comp>

<comp id="72" class="1004" name="grp_access_fu_72">
<pin_list>
<pin id="73" dir="0" index="0" bw="4" slack="0"/>
<pin id="74" dir="0" index="1" bw="12" slack="2147483647"/>
<pin id="75" dir="0" index="2" bw="0" slack="0"/>
<pin id="86" dir="0" index="4" bw="4" slack="2147483647"/>
<pin id="87" dir="0" index="5" bw="12" slack="2147483647"/>
<pin id="88" dir="0" index="6" bw="0" slack="2147483647"/>
<pin id="76" dir="1" index="3" bw="12" slack="0"/>
<pin id="89" dir="1" index="7" bw="12" slack="0"/>
</pin_list>
<bind>
<opcode="load(27) " fcode="load"/>
<opset="x_V_load/1 x_V_load_1/1 x_V_load_5/2 x_V_load_8/2 x_V_load_9/3 "/>
</bind>
</comp>

<comp id="78" class="1004" name="x_V_addr_86_gep_fu_78">
<pin_list>
<pin id="79" dir="0" index="0" bw="12" slack="0"/>
<pin id="80" dir="0" index="1" bw="1" slack="0"/>
<pin id="81" dir="0" index="2" bw="1" slack="0"/>
<pin id="82" dir="1" index="3" bw="4" slack="0"/>
</pin_list>
<bind>
<opcode="getelementptr(29) " fcode="getelementptr"/>
<opset="x_V_addr_86/1 "/>
</bind>
</comp>

<comp id="91" class="1004" name="x_V_addr_87_gep_fu_91">
<pin_list>
<pin id="92" dir="0" index="0" bw="12" slack="0"/>
<pin id="93" dir="0" index="1" bw="1" slack="0"/>
<pin id="94" dir="0" index="2" bw="5" slack="0"/>
<pin id="95" dir="1" index="3" bw="4" slack="0"/>
</pin_list>
<bind>
<opcode="getelementptr(29) " fcode="getelementptr"/>
<opset="x_V_addr_87/2 "/>
</bind>
</comp>

<comp id="100" class="1004" name="x_V_addr_88_gep_fu_100">
<pin_list>
<pin id="101" dir="0" index="0" bw="12" slack="0"/>
<pin id="102" dir="0" index="1" bw="1" slack="0"/>
<pin id="103" dir="0" index="2" bw="5" slack="0"/>
<pin id="104" dir="1" index="3" bw="4" slack="0"/>
</pin_list>
<bind>
<opcode="getelementptr(29) " fcode="getelementptr"/>
<opset="x_V_addr_88/2 "/>
</bind>
</comp>

<comp id="109" class="1004" name="x_V_addr_89_gep_fu_109">
<pin_list>
<pin id="110" dir="0" index="0" bw="12" slack="0"/>
<pin id="111" dir="0" index="1" bw="1" slack="0"/>
<pin id="112" dir="0" index="2" bw="4" slack="0"/>
<pin id="113" dir="1" index="3" bw="4" slack="0"/>
</pin_list>
<bind>
<opcode="getelementptr(29) " fcode="getelementptr"/>
<opset="x_V_addr_89/3 "/>
</bind>
</comp>

<comp id="118" class="1004" name="grp_fu_118">
<pin_list>
<pin id="119" dir="0" index="0" bw="12" slack="0"/>
<pin id="120" dir="0" index="1" bw="12" slack="0"/>
<pin id="121" dir="1" index="2" bw="1" slack="1"/>
</pin_list>
<bind>
<opcode="icmp(45) " fcode="icmp"/>
<opset="icmp_ln1497_12/2 icmp_ln1497_5/3 "/>
</bind>
</comp>

<comp id="124" class="1004" name="icmp_ln1497_fu_124">
<pin_list>
<pin id="125" dir="0" index="0" bw="12" slack="0"/>
<pin id="126" dir="0" index="1" bw="12" slack="0"/>
<pin id="127" dir="1" index="2" bw="1" slack="1"/>
</pin_list>
<bind>
<opcode="icmp(45) " fcode="icmp"/>
<opset="icmp_ln1497/2 "/>
</bind>
</comp>

<comp id="130" class="1004" name="icmp_ln1497_1_fu_130">
<pin_list>
<pin id="131" dir="0" index="0" bw="12" slack="0"/>
<pin id="132" dir="0" index="1" bw="12" slack="0"/>
<pin id="133" dir="1" index="2" bw="1" slack="2"/>
</pin_list>
<bind>
<opcode="icmp(45) " fcode="icmp"/>
<opset="icmp_ln1497_1/2 "/>
</bind>
</comp>

<comp id="136" class="1004" name="icmp_ln1497_2_fu_136">
<pin_list>
<pin id="137" dir="0" index="0" bw="12" slack="0"/>
<pin id="138" dir="0" index="1" bw="12" slack="0"/>
<pin id="139" dir="1" index="2" bw="1" slack="2"/>
</pin_list>
<bind>
<opcode="icmp(45) " fcode="icmp"/>
<opset="icmp_ln1497_2/2 "/>
</bind>
</comp>

<comp id="142" class="1004" name="icmp_ln1497_8_fu_142">
<pin_list>
<pin id="143" dir="0" index="0" bw="12" slack="0"/>
<pin id="144" dir="0" index="1" bw="12" slack="0"/>
<pin id="145" dir="1" index="2" bw="1" slack="1"/>
</pin_list>
<bind>
<opcode="icmp(45) " fcode="icmp"/>
<opset="icmp_ln1497_8/3 "/>
</bind>
</comp>

<comp id="148" class="1004" name="icmp_ln1497_9_fu_148">
<pin_list>
<pin id="149" dir="0" index="0" bw="12" slack="0"/>
<pin id="150" dir="0" index="1" bw="12" slack="0"/>
<pin id="151" dir="1" index="2" bw="1" slack="0"/>
</pin_list>
<bind>
<opcode="icmp(45) " fcode="icmp"/>
<opset="icmp_ln1497_9/4 "/>
</bind>
</comp>

<comp id="154" class="1004" name="and_ln73_fu_154">
<pin_list>
<pin id="155" dir="0" index="0" bw="1" slack="2"/>
<pin id="156" dir="0" index="1" bw="1" slack="2"/>
<pin id="157" dir="1" index="2" bw="1" slack="0"/>
</pin_list>
<bind>
<opcode="and(23) " fcode="and"/>
<opset="and_ln73/4 "/>
</bind>
</comp>

<comp id="158" class="1004" name="and_ln73_142_fu_158">
<pin_list>
<pin id="159" dir="0" index="0" bw="1" slack="2"/>
<pin id="160" dir="0" index="1" bw="1" slack="0"/>
<pin id="161" dir="1" index="2" bw="1" slack="0"/>
</pin_list>
<bind>
<opcode="and(23) " fcode="and"/>
<opset="and_ln73_142/4 "/>
</bind>
</comp>

<comp id="163" class="1004" name="xor_ln75_fu_163">
<pin_list>
<pin id="164" dir="0" index="0" bw="1" slack="2"/>
<pin id="165" dir="0" index="1" bw="1" slack="0"/>
<pin id="166" dir="1" index="2" bw="1" slack="0"/>
</pin_list>
<bind>
<opcode="xor(25) " fcode="xor"/>
<opset="xor_ln75/4 "/>
</bind>
</comp>

<comp id="168" class="1004" name="and_ln73_143_fu_168">
<pin_list>
<pin id="169" dir="0" index="0" bw="1" slack="1"/>
<pin id="170" dir="0" index="1" bw="1" slack="0"/>
<pin id="171" dir="1" index="2" bw="1" slack="0"/>
</pin_list>
<bind>
<opcode="and(23) " fcode="and"/>
<opset="and_ln73_143/4 "/>
</bind>
</comp>

<comp id="173" class="1004" name="and_ln73_144_fu_173">
<pin_list>
<pin id="174" dir="0" index="0" bw="1" slack="0"/>
<pin id="175" dir="0" index="1" bw="1" slack="2"/>
<pin id="176" dir="1" index="2" bw="1" slack="0"/>
</pin_list>
<bind>
<opcode="and(23) " fcode="and"/>
<opset="and_ln73_144/4 "/>
</bind>
</comp>

<comp id="178" class="1004" name="xor_ln75_43_fu_178">
<pin_list>
<pin id="179" dir="0" index="0" bw="1" slack="2"/>
<pin id="180" dir="0" index="1" bw="1" slack="0"/>
<pin id="181" dir="1" index="2" bw="1" slack="0"/>
</pin_list>
<bind>
<opcode="xor(25) " fcode="xor"/>
<opset="xor_ln75_43/4 "/>
</bind>
</comp>

<comp id="183" class="1004" name="and_ln73_145_fu_183">
<pin_list>
<pin id="184" dir="0" index="0" bw="1" slack="1"/>
<pin id="185" dir="0" index="1" bw="1" slack="0"/>
<pin id="186" dir="1" index="2" bw="1" slack="0"/>
</pin_list>
<bind>
<opcode="and(23) " fcode="and"/>
<opset="and_ln73_145/4 "/>
</bind>
</comp>

<comp id="188" class="1004" name="and_ln73_146_fu_188">
<pin_list>
<pin id="189" dir="0" index="0" bw="1" slack="0"/>
<pin id="190" dir="0" index="1" bw="1" slack="0"/>
<pin id="191" dir="1" index="2" bw="1" slack="0"/>
</pin_list>
<bind>
<opcode="and(23) " fcode="and"/>
<opset="and_ln73_146/4 "/>
</bind>
</comp>

<comp id="194" class="1004" name="xor_ln75_44_fu_194">
<pin_list>
<pin id="195" dir="0" index="0" bw="1" slack="1"/>
<pin id="196" dir="0" index="1" bw="1" slack="0"/>
<pin id="197" dir="1" index="2" bw="1" slack="0"/>
</pin_list>
<bind>
<opcode="xor(25) " fcode="xor"/>
<opset="xor_ln75_44/4 "/>
</bind>
</comp>

<comp id="199" class="1004" name="and_ln73_147_fu_199">
<pin_list>
<pin id="200" dir="0" index="0" bw="1" slack="2"/>
<pin id="201" dir="0" index="1" bw="1" slack="0"/>
<pin id="202" dir="1" index="2" bw="1" slack="0"/>
</pin_list>
<bind>
<opcode="and(23) " fcode="and"/>
<opset="and_ln73_147/4 "/>
</bind>
</comp>

<comp id="204" class="1004" name="and_ln73_148_fu_204">
<pin_list>
<pin id="205" dir="0" index="0" bw="1" slack="0"/>
<pin id="206" dir="0" index="1" bw="1" slack="0"/>
<pin id="207" dir="1" index="2" bw="1" slack="0"/>
</pin_list>
<bind>
<opcode="and(23) " fcode="and"/>
<opset="and_ln73_148/4 "/>
</bind>
</comp>

<comp id="210" class="1004" name="or_ln88_fu_210">
<pin_list>
<pin id="211" dir="0" index="0" bw="1" slack="0"/>
<pin id="212" dir="0" index="1" bw="1" slack="0"/>
<pin id="213" dir="1" index="2" bw="1" slack="0"/>
</pin_list>
<bind>
<opcode="or(24) " fcode="or"/>
<opset="or_ln88/4 "/>
</bind>
</comp>

<comp id="216" class="1004" name="or_ln88_64_fu_216">
<pin_list>
<pin id="217" dir="0" index="0" bw="1" slack="2"/>
<pin id="218" dir="0" index="1" bw="1" slack="0"/>
<pin id="219" dir="1" index="2" bw="1" slack="0"/>
</pin_list>
<bind>
<opcode="or(24) " fcode="or"/>
<opset="or_ln88_64/4 "/>
</bind>
</comp>

<comp id="221" class="1004" name="or_ln88_65_fu_221">
<pin_list>
<pin id="222" dir="0" index="0" bw="1" slack="2"/>
<pin id="223" dir="0" index="1" bw="1" slack="0"/>
<pin id="224" dir="1" index="2" bw="1" slack="0"/>
</pin_list>
<bind>
<opcode="or(24) " fcode="or"/>
<opset="or_ln88_65/4 "/>
</bind>
</comp>

<comp id="226" class="1004" name="or_ln88_66_fu_226">
<pin_list>
<pin id="227" dir="0" index="0" bw="1" slack="0"/>
<pin id="228" dir="0" index="1" bw="1" slack="0"/>
<pin id="229" dir="1" index="2" bw="1" slack="0"/>
</pin_list>
<bind>
<opcode="or(24) " fcode="or"/>
<opset="or_ln88_66/4 "/>
</bind>
</comp>

<comp id="232" class="1004" name="xor_ln89_fu_232">
<pin_list>
<pin id="233" dir="0" index="0" bw="1" slack="0"/>
<pin id="234" dir="0" index="1" bw="1" slack="0"/>
<pin id="235" dir="1" index="2" bw="1" slack="0"/>
</pin_list>
<bind>
<opcode="xor(25) " fcode="xor"/>
<opset="xor_ln89/4 "/>
</bind>
</comp>

<comp id="238" class="1004" name="zext_ln89_fu_238">
<pin_list>
<pin id="239" dir="0" index="0" bw="1" slack="0"/>
<pin id="240" dir="1" index="1" bw="2" slack="0"/>
</pin_list>
<bind>
<opcode="zext(34) " fcode="zext"/>
<opset="zext_ln89/4 "/>
</bind>
</comp>

<comp id="242" class="1004" name="select_ln89_fu_242">
<pin_list>
<pin id="243" dir="0" index="0" bw="1" slack="0"/>
<pin id="244" dir="0" index="1" bw="2" slack="0"/>
<pin id="245" dir="0" index="2" bw="2" slack="0"/>
<pin id="246" dir="1" index="3" bw="2" slack="0"/>
</pin_list>
<bind>
<opcode="select(49) " fcode="select"/>
<opset="select_ln89/4 "/>
</bind>
</comp>

<comp id="250" class="1004" name="select_ln89_106_fu_250">
<pin_list>
<pin id="251" dir="0" index="0" bw="1" slack="0"/>
<pin id="252" dir="0" index="1" bw="2" slack="0"/>
<pin id="253" dir="0" index="2" bw="2" slack="0"/>
<pin id="254" dir="1" index="3" bw="2" slack="0"/>
</pin_list>
<bind>
<opcode="select(49) " fcode="select"/>
<opset="select_ln89_106/4 "/>
</bind>
</comp>

<comp id="258" class="1004" name="zext_ln89_16_fu_258">
<pin_list>
<pin id="259" dir="0" index="0" bw="2" slack="0"/>
<pin id="260" dir="1" index="1" bw="3" slack="0"/>
</pin_list>
<bind>
<opcode="zext(34) " fcode="zext"/>
<opset="zext_ln89_16/4 "/>
</bind>
</comp>

<comp id="262" class="1004" name="select_ln89_107_fu_262">
<pin_list>
<pin id="263" dir="0" index="0" bw="1" slack="2"/>
<pin id="264" dir="0" index="1" bw="3" slack="0"/>
<pin id="265" dir="0" index="2" bw="3" slack="0"/>
<pin id="266" dir="1" index="3" bw="3" slack="0"/>
</pin_list>
<bind>
<opcode="select(49) " fcode="select"/>
<opset="select_ln89_107/4 "/>
</bind>
</comp>

<comp id="269" class="1004" name="select_ln89_108_fu_269">
<pin_list>
<pin id="270" dir="0" index="0" bw="1" slack="0"/>
<pin id="271" dir="0" index="1" bw="3" slack="0"/>
<pin id="272" dir="0" index="2" bw="3" slack="0"/>
<pin id="273" dir="1" index="3" bw="3" slack="0"/>
</pin_list>
<bind>
<opcode="select(49) " fcode="select"/>
<opset="select_ln89_108/4 "/>
</bind>
</comp>

<comp id="277" class="1004" name="select_ln89_109_fu_277">
<pin_list>
<pin id="278" dir="0" index="0" bw="1" slack="0"/>
<pin id="279" dir="0" index="1" bw="3" slack="0"/>
<pin id="280" dir="0" index="2" bw="3" slack="0"/>
<pin id="281" dir="1" index="3" bw="3" slack="0"/>
</pin_list>
<bind>
<opcode="select(49) " fcode="select"/>
<opset="select_ln89_109/4 "/>
</bind>
</comp>

<comp id="285" class="1004" name="select_ln89_110_fu_285">
<pin_list>
<pin id="286" dir="0" index="0" bw="1" slack="0"/>
<pin id="287" dir="0" index="1" bw="3" slack="0"/>
<pin id="288" dir="0" index="2" bw="3" slack="0"/>
<pin id="289" dir="1" index="3" bw="3" slack="0"/>
</pin_list>
<bind>
<opcode="select(49) " fcode="select"/>
<opset="select_ln89_110/4 "/>
</bind>
</comp>

<comp id="293" class="1004" name="tmp_fu_293">
<pin_list>
<pin id="294" dir="0" index="0" bw="12" slack="0"/>
<pin id="295" dir="0" index="1" bw="6" slack="0"/>
<pin id="296" dir="0" index="2" bw="7" slack="0"/>
<pin id="297" dir="0" index="3" bw="5" slack="0"/>
<pin id="298" dir="0" index="4" bw="7" slack="0"/>
<pin id="299" dir="0" index="5" bw="6" slack="0"/>
<pin id="300" dir="0" index="6" bw="7" slack="0"/>
<pin id="301" dir="0" index="7" bw="6" slack="0"/>
<pin id="302" dir="0" index="8" bw="6" slack="0"/>
<pin id="303" dir="0" index="9" bw="3" slack="0"/>
<pin id="304" dir="1" index="10" bw="12" slack="2147483647"/>
</pin_list>
<bind>
<opcode="mux(1196) " fcode="mux"/>
<opset="tmp/4 "/>
</bind>
</comp>

<comp id="315" class="1005" name="x_V_addr_reg_315">
<pin_list>
<pin id="316" dir="0" index="0" bw="4" slack="1"/>
<pin id="317" dir="1" index="1" bw="4" slack="1"/>
</pin_list>
<bind>
<opset="x_V_addr "/>
</bind>
</comp>

<comp id="320" class="1005" name="x_V_addr_86_reg_320">
<pin_list>
<pin id="321" dir="0" index="0" bw="4" slack="1"/>
<pin id="322" dir="1" index="1" bw="4" slack="1"/>
</pin_list>
<bind>
<opset="x_V_addr_86 "/>
</bind>
</comp>

<comp id="325" class="1005" name="icmp_ln1497_reg_325">
<pin_list>
<pin id="326" dir="0" index="0" bw="1" slack="1"/>
<pin id="327" dir="1" index="1" bw="1" slack="2"/>
</pin_list>
<bind>
<opset="icmp_ln1497 "/>
</bind>
</comp>

<comp id="335" class="1005" name="icmp_ln1497_1_reg_335">
<pin_list>
<pin id="336" dir="0" index="0" bw="1" slack="2"/>
<pin id="337" dir="1" index="1" bw="1" slack="2"/>
</pin_list>
<bind>
<opset="icmp_ln1497_1 "/>
</bind>
</comp>

<comp id="341" class="1005" name="icmp_ln1497_2_reg_341">
<pin_list>
<pin id="342" dir="0" index="0" bw="1" slack="2"/>
<pin id="343" dir="1" index="1" bw="1" slack="2"/>
</pin_list>
<bind>
<opset="icmp_ln1497_2 "/>
</bind>
</comp>

<comp id="346" class="1005" name="x_V_addr_87_reg_346">
<pin_list>
<pin id="347" dir="0" index="0" bw="4" slack="1"/>
<pin id="348" dir="1" index="1" bw="4" slack="1"/>
</pin_list>
<bind>
<opset="x_V_addr_87 "/>
</bind>
</comp>

<comp id="351" class="1005" name="x_V_addr_88_reg_351">
<pin_list>
<pin id="352" dir="0" index="0" bw="4" slack="1"/>
<pin id="353" dir="1" index="1" bw="4" slack="1"/>
</pin_list>
<bind>
<opset="x_V_addr_88 "/>
</bind>
</comp>

<comp id="356" class="1005" name="icmp_ln1497_12_reg_356">
<pin_list>
<pin id="357" dir="0" index="0" bw="1" slack="2"/>
<pin id="358" dir="1" index="1" bw="1" slack="2"/>
</pin_list>
<bind>
<opset="icmp_ln1497_12 "/>
</bind>
</comp>

<comp id="361" class="1005" name="icmp_ln1497_5_reg_361">
<pin_list>
<pin id="362" dir="0" index="0" bw="1" slack="1"/>
<pin id="363" dir="1" index="1" bw="1" slack="1"/>
</pin_list>
<bind>
<opset="icmp_ln1497_5 "/>
</bind>
</comp>

<comp id="366" class="1005" name="icmp_ln1497_8_reg_366">
<pin_list>
<pin id="367" dir="0" index="0" bw="1" slack="1"/>
<pin id="368" dir="1" index="1" bw="1" slack="1"/>
</pin_list>
<bind>
<opset="icmp_ln1497_8 "/>
</bind>
</comp>

<comp id="372" class="1005" name="x_V_addr_89_reg_372">
<pin_list>
<pin id="373" dir="0" index="0" bw="4" slack="1"/>
<pin id="374" dir="1" index="1" bw="4" slack="1"/>
</pin_list>
<bind>
<opset="x_V_addr_89 "/>
</bind>
</comp>

</comp_list>

<net_list>
<net id="69"><net_src comp="0" pin="0"/><net_sink comp="64" pin=0"/></net>

<net id="70"><net_src comp="2" pin="0"/><net_sink comp="64" pin=1"/></net>

<net id="71"><net_src comp="4" pin="0"/><net_sink comp="64" pin=2"/></net>

<net id="77"><net_src comp="64" pin="3"/><net_sink comp="72" pin=0"/></net>

<net id="83"><net_src comp="0" pin="0"/><net_sink comp="78" pin=0"/></net>

<net id="84"><net_src comp="2" pin="0"/><net_sink comp="78" pin=1"/></net>

<net id="85"><net_src comp="2" pin="0"/><net_sink comp="78" pin=2"/></net>

<net id="90"><net_src comp="78" pin="3"/><net_sink comp="72" pin=2"/></net>

<net id="96"><net_src comp="0" pin="0"/><net_sink comp="91" pin=0"/></net>

<net id="97"><net_src comp="2" pin="0"/><net_sink comp="91" pin=1"/></net>

<net id="98"><net_src comp="12" pin="0"/><net_sink comp="91" pin=2"/></net>

<net id="99"><net_src comp="91" pin="3"/><net_sink comp="72" pin=0"/></net>

<net id="105"><net_src comp="0" pin="0"/><net_sink comp="100" pin=0"/></net>

<net id="106"><net_src comp="2" pin="0"/><net_sink comp="100" pin=1"/></net>

<net id="107"><net_src comp="14" pin="0"/><net_sink comp="100" pin=2"/></net>

<net id="108"><net_src comp="100" pin="3"/><net_sink comp="72" pin=2"/></net>

<net id="114"><net_src comp="0" pin="0"/><net_sink comp="109" pin=0"/></net>

<net id="115"><net_src comp="2" pin="0"/><net_sink comp="109" pin=1"/></net>

<net id="116"><net_src comp="20" pin="0"/><net_sink comp="109" pin=2"/></net>

<net id="117"><net_src comp="109" pin="3"/><net_sink comp="72" pin=0"/></net>

<net id="122"><net_src comp="72" pin="3"/><net_sink comp="118" pin=0"/></net>

<net id="123"><net_src comp="16" pin="0"/><net_sink comp="118" pin=1"/></net>

<net id="128"><net_src comp="72" pin="3"/><net_sink comp="124" pin=0"/></net>

<net id="129"><net_src comp="6" pin="0"/><net_sink comp="124" pin=1"/></net>

<net id="134"><net_src comp="72" pin="7"/><net_sink comp="130" pin=0"/></net>

<net id="135"><net_src comp="8" pin="0"/><net_sink comp="130" pin=1"/></net>

<net id="140"><net_src comp="72" pin="3"/><net_sink comp="136" pin=0"/></net>

<net id="141"><net_src comp="10" pin="0"/><net_sink comp="136" pin=1"/></net>

<net id="146"><net_src comp="72" pin="7"/><net_sink comp="142" pin=0"/></net>

<net id="147"><net_src comp="18" pin="0"/><net_sink comp="142" pin=1"/></net>

<net id="152"><net_src comp="72" pin="3"/><net_sink comp="148" pin=0"/></net>

<net id="153"><net_src comp="30" pin="0"/><net_sink comp="148" pin=1"/></net>

<net id="162"><net_src comp="154" pin="2"/><net_sink comp="158" pin=1"/></net>

<net id="167"><net_src comp="32" pin="0"/><net_sink comp="163" pin=1"/></net>

<net id="172"><net_src comp="163" pin="2"/><net_sink comp="168" pin=1"/></net>

<net id="177"><net_src comp="168" pin="2"/><net_sink comp="173" pin=0"/></net>

<net id="182"><net_src comp="32" pin="0"/><net_sink comp="178" pin=1"/></net>

<net id="187"><net_src comp="178" pin="2"/><net_sink comp="183" pin=1"/></net>

<net id="192"><net_src comp="148" pin="2"/><net_sink comp="188" pin=0"/></net>

<net id="193"><net_src comp="183" pin="2"/><net_sink comp="188" pin=1"/></net>

<net id="198"><net_src comp="32" pin="0"/><net_sink comp="194" pin=1"/></net>

<net id="203"><net_src comp="178" pin="2"/><net_sink comp="199" pin=1"/></net>

<net id="208"><net_src comp="199" pin="2"/><net_sink comp="204" pin=0"/></net>

<net id="209"><net_src comp="194" pin="2"/><net_sink comp="204" pin=1"/></net>

<net id="214"><net_src comp="154" pin="2"/><net_sink comp="210" pin=0"/></net>

<net id="215"><net_src comp="173" pin="2"/><net_sink comp="210" pin=1"/></net>

<net id="220"><net_src comp="188" pin="2"/><net_sink comp="216" pin=1"/></net>

<net id="225"><net_src comp="183" pin="2"/><net_sink comp="221" pin=1"/></net>

<net id="230"><net_src comp="221" pin="2"/><net_sink comp="226" pin=0"/></net>

<net id="231"><net_src comp="204" pin="2"/><net_sink comp="226" pin=1"/></net>

<net id="236"><net_src comp="158" pin="2"/><net_sink comp="232" pin=0"/></net>

<net id="237"><net_src comp="32" pin="0"/><net_sink comp="232" pin=1"/></net>

<net id="241"><net_src comp="232" pin="2"/><net_sink comp="238" pin=0"/></net>

<net id="247"><net_src comp="154" pin="2"/><net_sink comp="242" pin=0"/></net>

<net id="248"><net_src comp="238" pin="1"/><net_sink comp="242" pin=1"/></net>

<net id="249"><net_src comp="34" pin="0"/><net_sink comp="242" pin=2"/></net>

<net id="255"><net_src comp="210" pin="2"/><net_sink comp="250" pin=0"/></net>

<net id="256"><net_src comp="242" pin="3"/><net_sink comp="250" pin=1"/></net>

<net id="257"><net_src comp="36" pin="0"/><net_sink comp="250" pin=2"/></net>

<net id="261"><net_src comp="250" pin="3"/><net_sink comp="258" pin=0"/></net>

<net id="267"><net_src comp="258" pin="1"/><net_sink comp="262" pin=1"/></net>

<net id="268"><net_src comp="38" pin="0"/><net_sink comp="262" pin=2"/></net>

<net id="274"><net_src comp="216" pin="2"/><net_sink comp="269" pin=0"/></net>

<net id="275"><net_src comp="262" pin="3"/><net_sink comp="269" pin=1"/></net>

<net id="276"><net_src comp="40" pin="0"/><net_sink comp="269" pin=2"/></net>

<net id="282"><net_src comp="221" pin="2"/><net_sink comp="277" pin=0"/></net>

<net id="283"><net_src comp="269" pin="3"/><net_sink comp="277" pin=1"/></net>

<net id="284"><net_src comp="42" pin="0"/><net_sink comp="277" pin=2"/></net>

<net id="290"><net_src comp="226" pin="2"/><net_sink comp="285" pin=0"/></net>

<net id="291"><net_src comp="277" pin="3"/><net_sink comp="285" pin=1"/></net>

<net id="292"><net_src comp="44" pin="0"/><net_sink comp="285" pin=2"/></net>

<net id="305"><net_src comp="46" pin="0"/><net_sink comp="293" pin=0"/></net>

<net id="306"><net_src comp="48" pin="0"/><net_sink comp="293" pin=1"/></net>

<net id="307"><net_src comp="50" pin="0"/><net_sink comp="293" pin=2"/></net>

<net id="308"><net_src comp="52" pin="0"/><net_sink comp="293" pin=3"/></net>

<net id="309"><net_src comp="54" pin="0"/><net_sink comp="293" pin=4"/></net>

<net id="310"><net_src comp="56" pin="0"/><net_sink comp="293" pin=5"/></net>

<net id="311"><net_src comp="58" pin="0"/><net_sink comp="293" pin=6"/></net>

<net id="312"><net_src comp="60" pin="0"/><net_sink comp="293" pin=7"/></net>

<net id="313"><net_src comp="62" pin="0"/><net_sink comp="293" pin=8"/></net>

<net id="314"><net_src comp="285" pin="3"/><net_sink comp="293" pin=9"/></net>

<net id="318"><net_src comp="64" pin="3"/><net_sink comp="315" pin=0"/></net>

<net id="319"><net_src comp="315" pin="1"/><net_sink comp="72" pin=0"/></net>

<net id="323"><net_src comp="78" pin="3"/><net_sink comp="320" pin=0"/></net>

<net id="324"><net_src comp="320" pin="1"/><net_sink comp="72" pin=2"/></net>

<net id="328"><net_src comp="124" pin="2"/><net_sink comp="325" pin=0"/></net>

<net id="329"><net_src comp="325" pin="1"/><net_sink comp="154" pin=1"/></net>

<net id="330"><net_src comp="325" pin="1"/><net_sink comp="173" pin=1"/></net>

<net id="331"><net_src comp="325" pin="1"/><net_sink comp="178" pin=0"/></net>

<net id="332"><net_src comp="325" pin="1"/><net_sink comp="216" pin=0"/></net>

<net id="333"><net_src comp="325" pin="1"/><net_sink comp="221" pin=0"/></net>

<net id="334"><net_src comp="325" pin="1"/><net_sink comp="262" pin=0"/></net>

<net id="338"><net_src comp="130" pin="2"/><net_sink comp="335" pin=0"/></net>

<net id="339"><net_src comp="335" pin="1"/><net_sink comp="154" pin=0"/></net>

<net id="340"><net_src comp="335" pin="1"/><net_sink comp="163" pin=0"/></net>

<net id="344"><net_src comp="136" pin="2"/><net_sink comp="341" pin=0"/></net>

<net id="345"><net_src comp="341" pin="1"/><net_sink comp="158" pin=0"/></net>

<net id="349"><net_src comp="91" pin="3"/><net_sink comp="346" pin=0"/></net>

<net id="350"><net_src comp="346" pin="1"/><net_sink comp="72" pin=0"/></net>

<net id="354"><net_src comp="100" pin="3"/><net_sink comp="351" pin=0"/></net>

<net id="355"><net_src comp="351" pin="1"/><net_sink comp="72" pin=2"/></net>

<net id="359"><net_src comp="118" pin="2"/><net_sink comp="356" pin=0"/></net>

<net id="360"><net_src comp="356" pin="1"/><net_sink comp="199" pin=0"/></net>

<net id="364"><net_src comp="118" pin="2"/><net_sink comp="361" pin=0"/></net>

<net id="365"><net_src comp="361" pin="1"/><net_sink comp="168" pin=0"/></net>

<net id="369"><net_src comp="142" pin="2"/><net_sink comp="366" pin=0"/></net>

<net id="370"><net_src comp="366" pin="1"/><net_sink comp="183" pin=0"/></net>

<net id="371"><net_src comp="366" pin="1"/><net_sink comp="194" pin=0"/></net>

<net id="375"><net_src comp="109" pin="3"/><net_sink comp="372" pin=0"/></net>

<net id="376"><net_src comp="372" pin="1"/><net_sink comp="72" pin=0"/></net>

</net_list>

</model> 
---------------- Datapath Model END ------------------

* FSMD analyzer results:
  - Output states:
	Port: x_V | {}
 - Input state : 
	Port: decision_function.68 : x_V | {1 2 3 4 }
  - Chain level:
	State 1
		x_V_load : 1
		x_V_load_1 : 1
	State 2
		icmp_ln1497 : 1
		icmp_ln1497_1 : 1
		icmp_ln1497_2 : 1
		x_V_load_5 : 1
		x_V_load_8 : 1
		icmp_ln1497_12 : 1
	State 3
		icmp_ln1497_5 : 1
		icmp_ln1497_8 : 1
		x_V_load_9 : 1
	State 4
		icmp_ln1497_9 : 1
		select_ln89 : 1
		select_ln89_106 : 2
		zext_ln89_16 : 3
		select_ln89_107 : 4
		select_ln89_108 : 5
		select_ln89_109 : 6
		select_ln89_110 : 7
		tmp : 8
		ret_ln93 : 9


============================================================
+ Verbose Summary: Datapath Resource usage 
============================================================

* Functional unit list:
|----------|------------------------|---------|---------|
| Operation|     Functional Unit    |    FF   |   LUT   |
|----------|------------------------|---------|---------|
|    mux   |       tmp_fu_293       |    0    |   457   |
|----------|------------------------|---------|---------|
|          |       grp_fu_118       |    0    |    13   |
|          |   icmp_ln1497_fu_124   |    0    |    13   |
|   icmp   |  icmp_ln1497_1_fu_130  |    0    |    13   |
|          |  icmp_ln1497_2_fu_136  |    0    |    13   |
|          |  icmp_ln1497_8_fu_142  |    0    |    13   |
|          |  icmp_ln1497_9_fu_148  |    0    |    13   |
|----------|------------------------|---------|---------|
|          |     and_ln73_fu_154    |    0    |    2    |
|          |   and_ln73_142_fu_158  |    0    |    2    |
|          |   and_ln73_143_fu_168  |    0    |    2    |
|    and   |   and_ln73_144_fu_173  |    0    |    2    |
|          |   and_ln73_145_fu_183  |    0    |    2    |
|          |   and_ln73_146_fu_188  |    0    |    2    |
|          |   and_ln73_147_fu_199  |    0    |    2    |
|          |   and_ln73_148_fu_204  |    0    |    2    |
|----------|------------------------|---------|---------|
|          |   select_ln89_fu_242   |    0    |    2    |
|          | select_ln89_106_fu_250 |    0    |    2    |
|  select  | select_ln89_107_fu_262 |    0    |    3    |
|          | select_ln89_108_fu_269 |    0    |    3    |
|          | select_ln89_109_fu_277 |    0    |    3    |
|          | select_ln89_110_fu_285 |    0    |    3    |
|----------|------------------------|---------|---------|
|          |     xor_ln75_fu_163    |    0    |    2    |
|    xor   |   xor_ln75_43_fu_178   |    0    |    2    |
|          |   xor_ln75_44_fu_194   |    0    |    2    |
|          |     xor_ln89_fu_232    |    0    |    2    |
|----------|------------------------|---------|---------|
|          |     or_ln88_fu_210     |    0    |    2    |
|    or    |    or_ln88_64_fu_216   |    0    |    2    |
|          |    or_ln88_65_fu_221   |    0    |    2    |
|          |    or_ln88_66_fu_226   |    0    |    2    |
|----------|------------------------|---------|---------|
|   zext   |    zext_ln89_fu_238    |    0    |    0    |
|          |   zext_ln89_16_fu_258  |    0    |    0    |
|----------|------------------------|---------|---------|
|   Total  |                        |    0    |   583   |
|----------|------------------------|---------|---------|

Memories:
N/A

* Register list:
+----------------------+--------+
|                      |   FF   |
+----------------------+--------+
|icmp_ln1497_12_reg_356|    1   |
| icmp_ln1497_1_reg_335|    1   |
| icmp_ln1497_2_reg_341|    1   |
| icmp_ln1497_5_reg_361|    1   |
| icmp_ln1497_8_reg_366|    1   |
|  icmp_ln1497_reg_325 |    1   |
|  x_V_addr_86_reg_320 |    4   |
|  x_V_addr_87_reg_346 |    4   |
|  x_V_addr_88_reg_351 |    4   |
|  x_V_addr_89_reg_372 |    4   |
|   x_V_addr_reg_315   |    4   |
+----------------------+--------+
|         Total        |   26   |
+----------------------+--------+

* Multiplexer (MUX) list: 
|------------------|------|------|------|--------||---------||---------|
|       Comp       |  Pin | Size |  BW  | S x BW ||  Delay  ||   LUT   |
|------------------|------|------|------|--------||---------||---------|
| grp_access_fu_72 |  p0  |   6  |   4  |   24   ||    33   |
| grp_access_fu_72 |  p2  |   4  |   0  |    0   ||    21   |
|------------------|------|------|------|--------||---------||---------|
|       Total      |      |      |      |   24   ||  3.8125 ||    54   |
|------------------|------|------|------|--------||---------||---------|



* Summary:
+-----------+--------+--------+--------+
|           |  Delay |   FF   |   LUT  |
+-----------+--------+--------+--------+
|  Function |    -   |    0   |   583  |
|   Memory  |    -   |    -   |    -   |
|Multiplexer|    3   |    -   |   54   |
|  Register |    -   |   26   |    -   |
+-----------+--------+--------+--------+
|   Total   |    3   |   26   |   637  |
+-----------+--------+--------+--------+
