

================================================================
== Vivado HLS Report for 'decision_function_59'
================================================================
* Date:           Mon Dec 11 23:04:50 2023

* Version:        2019.1 (Build 2552052 on Fri May 24 15:28:33 MDT 2019)
* Project:        Final_HLS
* Solution:       solution1
* Product family: zynq
* Target device:  xc7z020-clg400-1


================================================================
== Performance Estimates
================================================================
+ Timing (ns): 
    * Summary: 
    +--------+-------+----------+------------+
    |  Clock | Target| Estimated| Uncertainty|
    +--------+-------+----------+------------+
    |ap_clk  |  10.00|     6.791|        1.25|
    +--------+-------+----------+------------+

+ Latency (clock cycles): 
    * Summary: 
    +-----+-----+-----+-----+----------+
    |  Latency  |  Interval | Pipeline |
    | min | max | min | max |   Type   |
    +-----+-----+-----+-----+----------+
    |    3|    3|    3|    3| function |
    +-----+-----+-----+-----+----------+

    + Detail: 
        * Instance: 
        N/A

        * Loop: 
        N/A

============================================================
+ Verbose Summary: Synthesis Manager
============================================================
InlineROM: 1
ExposeGlobal: 0
============================================================
+ Verbose Summary: CDFG Model
============================================================
IsTopModel: 0
ResetActiveHigh: 1
IsCombinational: 0
IsDatapathOnly: 0
HasWiredReturn: 1
HasMFsm: 2
HasVarLatency: 0
IsPipeline: 1
IsRtlPipelined: 1
IsInstanceOverlapped: 0
IsDontTouch: 0
HasImplIP: 0
IsGatedGlobalClock: 0

+ Individual pipeline summary: 
  * Pipeline-0: initiation interval (II) = 3, depth = 4


============================================================
+ Verbose Summary: Schedule
============================================================
* Number of FSM states : 4
* Pipeline : 1
  Pipeline-0 : II = 3, D = 4, States = { 1 2 3 4 }
* Dataflow Pipeline: 0

* FSM state transitions: 
1 --> 2 
2 --> 3 
3 --> 4 
4 --> 

* FSM state operations: 

State 1 <SV = 0> <Delay = 2.32>
ST_1 : Operation 5 [1/1] (0.00ns)   --->   "%x_V_addr = getelementptr [12 x i12]* %x_V, i64 0, i64 0" [../my-conifer-prj/firmware/BDT.h:57]   --->   Operation 5 'getelementptr' 'x_V_addr' <Predicate = true> <Delay = 0.00>
ST_1 : Operation 6 [2/2] (2.32ns)   --->   "%x_V_load = load i12* %x_V_addr, align 2" [../my-conifer-prj/firmware/BDT.h:57]   --->   Operation 6 'load' 'x_V_load' <Predicate = true> <Delay = 2.32> <Core = "RAM">   --->   Core 37 'RAM' <Latency = 1> <II = 1> <Delay = 2.32> <Storage> <Opcode : 'load' 'store'> <Ports = 2> <Width = 12> <Depth = 12> <RAM>
ST_1 : Operation 7 [1/1] (0.00ns)   --->   "%x_V_addr_122 = getelementptr [12 x i12]* %x_V, i64 0, i64 1" [../my-conifer-prj/firmware/BDT.h:57]   --->   Operation 7 'getelementptr' 'x_V_addr_122' <Predicate = true> <Delay = 0.00>
ST_1 : Operation 8 [2/2] (2.32ns)   --->   "%x_V_load_1 = load i12* %x_V_addr_122, align 2" [../my-conifer-prj/firmware/BDT.h:57]   --->   Operation 8 'load' 'x_V_load_1' <Predicate = true> <Delay = 2.32> <Core = "RAM">   --->   Core 37 'RAM' <Latency = 1> <II = 1> <Delay = 2.32> <Storage> <Opcode : 'load' 'store'> <Ports = 2> <Width = 12> <Depth = 12> <RAM>

State 2 <SV = 1> <Delay = 4.31>
ST_2 : Operation 9 [1/2] (2.32ns)   --->   "%x_V_load = load i12* %x_V_addr, align 2" [../my-conifer-prj/firmware/BDT.h:57]   --->   Operation 9 'load' 'x_V_load' <Predicate = true> <Delay = 2.32> <Core = "RAM">   --->   Core 37 'RAM' <Latency = 1> <II = 1> <Delay = 2.32> <Storage> <Opcode : 'load' 'store'> <Ports = 2> <Width = 12> <Depth = 12> <RAM>
ST_2 : Operation 10 [1/1] (1.99ns)   --->   "%icmp_ln1497 = icmp slt i12 %x_V_load, 1" [../my-conifer-prj/firmware/BDT.h:57]   --->   Operation 10 'icmp' 'icmp_ln1497' <Predicate = true> <Delay = 1.99> <Core = "Cmp">   --->   Core 25 'Cmp' <Latency = 0> <II = 1> <Delay = 1.99> <FuncUnit> <Opcode : 'icmp'> <InPorts = 2> <OutPorts = 1>
ST_2 : Operation 11 [1/2] (2.32ns)   --->   "%x_V_load_1 = load i12* %x_V_addr_122, align 2" [../my-conifer-prj/firmware/BDT.h:57]   --->   Operation 11 'load' 'x_V_load_1' <Predicate = true> <Delay = 2.32> <Core = "RAM">   --->   Core 37 'RAM' <Latency = 1> <II = 1> <Delay = 2.32> <Storage> <Opcode : 'load' 'store'> <Ports = 2> <Width = 12> <Depth = 12> <RAM>
ST_2 : Operation 12 [1/1] (1.99ns)   --->   "%icmp_ln1497_1 = icmp slt i12 %x_V_load_1, -1535" [../my-conifer-prj/firmware/BDT.h:57]   --->   Operation 12 'icmp' 'icmp_ln1497_1' <Predicate = true> <Delay = 1.99> <Core = "Cmp">   --->   Core 25 'Cmp' <Latency = 0> <II = 1> <Delay = 1.99> <FuncUnit> <Opcode : 'icmp'> <InPorts = 2> <OutPorts = 1>
ST_2 : Operation 13 [1/1] (0.00ns)   --->   "%x_V_addr_123 = getelementptr [12 x i12]* %x_V, i64 0, i64 3" [../my-conifer-prj/firmware/BDT.h:57]   --->   Operation 13 'getelementptr' 'x_V_addr_123' <Predicate = true> <Delay = 0.00>
ST_2 : Operation 14 [2/2] (2.32ns)   --->   "%x_V_load_2 = load i12* %x_V_addr_123, align 2" [../my-conifer-prj/firmware/BDT.h:57]   --->   Operation 14 'load' 'x_V_load_2' <Predicate = true> <Delay = 2.32> <Core = "RAM">   --->   Core 37 'RAM' <Latency = 1> <II = 1> <Delay = 2.32> <Storage> <Opcode : 'load' 'store'> <Ports = 2> <Width = 12> <Depth = 12> <RAM>
ST_2 : Operation 15 [1/1] (0.00ns)   --->   "%x_V_addr_124 = getelementptr [12 x i12]* %x_V, i64 0, i64 9" [../my-conifer-prj/firmware/BDT.h:57]   --->   Operation 15 'getelementptr' 'x_V_addr_124' <Predicate = true> <Delay = 0.00>
ST_2 : Operation 16 [2/2] (2.32ns)   --->   "%x_V_load_8 = load i12* %x_V_addr_124, align 2" [../my-conifer-prj/firmware/BDT.h:57]   --->   Operation 16 'load' 'x_V_load_8' <Predicate = true> <Delay = 2.32> <Core = "RAM">   --->   Core 37 'RAM' <Latency = 1> <II = 1> <Delay = 2.32> <Storage> <Opcode : 'load' 'store'> <Ports = 2> <Width = 12> <Depth = 12> <RAM>

State 3 <SV = 2> <Delay = 4.31>
ST_3 : Operation 17 [1/2] (2.32ns)   --->   "%x_V_load_2 = load i12* %x_V_addr_123, align 2" [../my-conifer-prj/firmware/BDT.h:57]   --->   Operation 17 'load' 'x_V_load_2' <Predicate = true> <Delay = 2.32> <Core = "RAM">   --->   Core 37 'RAM' <Latency = 1> <II = 1> <Delay = 2.32> <Storage> <Opcode : 'load' 'store'> <Ports = 2> <Width = 12> <Depth = 12> <RAM>
ST_3 : Operation 18 [1/1] (1.99ns)   --->   "%icmp_ln1497_2 = icmp slt i12 %x_V_load_2, 1921" [../my-conifer-prj/firmware/BDT.h:57]   --->   Operation 18 'icmp' 'icmp_ln1497_2' <Predicate = (icmp_ln1497)> <Delay = 1.99> <Core = "Cmp">   --->   Core 25 'Cmp' <Latency = 0> <II = 1> <Delay = 1.99> <FuncUnit> <Opcode : 'icmp'> <InPorts = 2> <OutPorts = 1>
ST_3 : Operation 19 [1/2] (2.32ns)   --->   "%x_V_load_8 = load i12* %x_V_addr_124, align 2" [../my-conifer-prj/firmware/BDT.h:57]   --->   Operation 19 'load' 'x_V_load_8' <Predicate = true> <Delay = 2.32> <Core = "RAM">   --->   Core 37 'RAM' <Latency = 1> <II = 1> <Delay = 2.32> <Storage> <Opcode : 'load' 'store'> <Ports = 2> <Width = 12> <Depth = 12> <RAM>
ST_3 : Operation 20 [1/1] (1.99ns)   --->   "%icmp_ln1497_8 = icmp slt i12 %x_V_load_8, -1151" [../my-conifer-prj/firmware/BDT.h:57]   --->   Operation 20 'icmp' 'icmp_ln1497_8' <Predicate = true> <Delay = 1.99> <Core = "Cmp">   --->   Core 25 'Cmp' <Latency = 0> <II = 1> <Delay = 1.99> <FuncUnit> <Opcode : 'icmp'> <InPorts = 2> <OutPorts = 1>
ST_3 : Operation 21 [1/1] (1.99ns)   --->   "%icmp_ln1497_9 = icmp slt i12 %x_V_load_2, 513" [../my-conifer-prj/firmware/BDT.h:57]   --->   Operation 21 'icmp' 'icmp_ln1497_9' <Predicate = true> <Delay = 1.99> <Core = "Cmp">   --->   Core 25 'Cmp' <Latency = 0> <II = 1> <Delay = 1.99> <FuncUnit> <Opcode : 'icmp'> <InPorts = 2> <OutPorts = 1>
ST_3 : Operation 22 [1/1] (0.00ns)   --->   "%x_V_addr_125 = getelementptr [12 x i12]* %x_V, i64 0, i64 7" [../my-conifer-prj/firmware/BDT.h:57]   --->   Operation 22 'getelementptr' 'x_V_addr_125' <Predicate = true> <Delay = 0.00>
ST_3 : Operation 23 [2/2] (2.32ns)   --->   "%x_V_load_12 = load i12* %x_V_addr_125, align 2" [../my-conifer-prj/firmware/BDT.h:57]   --->   Operation 23 'load' 'x_V_load_12' <Predicate = true> <Delay = 2.32> <Core = "RAM">   --->   Core 37 'RAM' <Latency = 1> <II = 1> <Delay = 2.32> <Storage> <Opcode : 'load' 'store'> <Ports = 2> <Width = 12> <Depth = 12> <RAM>

State 4 <SV = 3> <Delay = 6.79>
ST_4 : Operation 24 [1/1] (0.00ns)   --->   "call void (...)* @_ssdm_op_SpecPipeline(i32 1, i32 1, i32 1, i32 0, [1 x i8]* @p_str) nounwind" [../my-conifer-prj/firmware/BDT.h:25]   --->   Operation 24 'specpipeline' <Predicate = true> <Delay = 0.00>
ST_4 : Operation 25 [1/2] (2.32ns)   --->   "%x_V_load_12 = load i12* %x_V_addr_125, align 2" [../my-conifer-prj/firmware/BDT.h:57]   --->   Operation 25 'load' 'x_V_load_12' <Predicate = true> <Delay = 2.32> <Core = "RAM">   --->   Core 37 'RAM' <Latency = 1> <II = 1> <Delay = 2.32> <Storage> <Opcode : 'load' 'store'> <Ports = 2> <Width = 12> <Depth = 12> <RAM>
ST_4 : Operation 26 [1/1] (1.99ns)   --->   "%icmp_ln1497_12 = icmp slt i12 %x_V_load_12, 1921" [../my-conifer-prj/firmware/BDT.h:57]   --->   Operation 26 'icmp' 'icmp_ln1497_12' <Predicate = true> <Delay = 1.99> <Core = "Cmp">   --->   Core 25 'Cmp' <Latency = 0> <II = 1> <Delay = 1.99> <FuncUnit> <Opcode : 'icmp'> <InPorts = 2> <OutPorts = 1>
ST_4 : Operation 27 [1/1] (0.97ns)   --->   "%and_ln73 = and i1 %icmp_ln1497_1, %icmp_ln1497" [../my-conifer-prj/firmware/BDT.h:73]   --->   Operation 27 'and' 'and_ln73' <Predicate = (icmp_ln1497)> <Delay = 0.97> <Core = "LogicGate">   --->   Core 27 'LogicGate' <Latency = 0> <II = 1> <Delay = 0.97> <FuncUnit> <Opcode : 'and' 'or' 'xor'> <InPorts = 2> <OutPorts = 1>
ST_4 : Operation 28 [1/1] (0.00ns) (grouped into LUT with out node select_ln89_149)   --->   "%and_ln73_198 = and i1 %icmp_ln1497_2, %and_ln73" [../my-conifer-prj/firmware/BDT.h:73]   --->   Operation 28 'and' 'and_ln73_198' <Predicate = (icmp_ln1497)> <Delay = 0.00> <Core = "LogicGate">   --->   Core 27 'LogicGate' <Latency = 0> <II = 1> <Delay = 0.97> <FuncUnit> <Opcode : 'and' 'or' 'xor'> <InPorts = 2> <OutPorts = 1>
ST_4 : Operation 29 [1/1] (0.97ns)   --->   "%xor_ln75 = xor i1 %icmp_ln1497, true" [../my-conifer-prj/firmware/BDT.h:75]   --->   Operation 29 'xor' 'xor_ln75' <Predicate = true> <Delay = 0.97> <Core = "LogicGate">   --->   Core 27 'LogicGate' <Latency = 0> <II = 1> <Delay = 0.97> <FuncUnit> <Opcode : 'and' 'or' 'xor'> <InPorts = 2> <OutPorts = 1>
ST_4 : Operation 30 [1/1] (0.97ns)   --->   "%and_ln73_199 = and i1 %icmp_ln1497_8, %xor_ln75" [../my-conifer-prj/firmware/BDT.h:73]   --->   Operation 30 'and' 'and_ln73_199' <Predicate = true> <Delay = 0.97> <Core = "LogicGate">   --->   Core 27 'LogicGate' <Latency = 0> <II = 1> <Delay = 0.97> <FuncUnit> <Opcode : 'and' 'or' 'xor'> <InPorts = 2> <OutPorts = 1>
ST_4 : Operation 31 [1/1] (0.00ns) (grouped into LUT with out node select_ln89_151)   --->   "%and_ln73_200 = and i1 %icmp_ln1497_9, %and_ln73_199" [../my-conifer-prj/firmware/BDT.h:73]   --->   Operation 31 'and' 'and_ln73_200' <Predicate = true> <Delay = 0.00> <Core = "LogicGate">   --->   Core 27 'LogicGate' <Latency = 0> <II = 1> <Delay = 0.97> <FuncUnit> <Opcode : 'and' 'or' 'xor'> <InPorts = 2> <OutPorts = 1>
ST_4 : Operation 32 [1/1] (0.00ns) (grouped into LUT with out node tmp)   --->   "%xor_ln75_59 = xor i1 %icmp_ln1497_8, true" [../my-conifer-prj/firmware/BDT.h:75]   --->   Operation 32 'xor' 'xor_ln75_59' <Predicate = true> <Delay = 0.00> <Core = "LogicGate">   --->   Core 27 'LogicGate' <Latency = 0> <II = 1> <Delay = 0.97> <FuncUnit> <Opcode : 'and' 'or' 'xor'> <InPorts = 2> <OutPorts = 1>
ST_4 : Operation 33 [1/1] (0.00ns) (grouped into LUT with out node tmp)   --->   "%and_ln73_201 = and i1 %icmp_ln1497_12, %xor_ln75" [../my-conifer-prj/firmware/BDT.h:73]   --->   Operation 33 'and' 'and_ln73_201' <Predicate = true> <Delay = 0.00> <Core = "LogicGate">   --->   Core 27 'LogicGate' <Latency = 0> <II = 1> <Delay = 0.97> <FuncUnit> <Opcode : 'and' 'or' 'xor'> <InPorts = 2> <OutPorts = 1>
ST_4 : Operation 34 [1/1] (0.00ns) (grouped into LUT with out node tmp)   --->   "%and_ln73_202 = and i1 %and_ln73_201, %xor_ln75_59" [../my-conifer-prj/firmware/BDT.h:73]   --->   Operation 34 'and' 'and_ln73_202' <Predicate = true> <Delay = 0.00> <Core = "LogicGate">   --->   Core 27 'LogicGate' <Latency = 0> <II = 1> <Delay = 0.97> <FuncUnit> <Opcode : 'and' 'or' 'xor'> <InPorts = 2> <OutPorts = 1>
ST_4 : Operation 35 [1/1] (0.00ns) (grouped into LUT with out node select_ln89_151)   --->   "%or_ln88 = or i1 %icmp_ln1497, %and_ln73_200" [../my-conifer-prj/firmware/BDT.h:88]   --->   Operation 35 'or' 'or_ln88' <Predicate = true> <Delay = 0.00> <Core = "LogicGate">   --->   Core 27 'LogicGate' <Latency = 0> <II = 1> <Delay = 0.97> <FuncUnit> <Opcode : 'and' 'or' 'xor'> <InPorts = 2> <OutPorts = 1>
ST_4 : Operation 36 [1/1] (0.97ns)   --->   "%or_ln88_89 = or i1 %icmp_ln1497, %and_ln73_199" [../my-conifer-prj/firmware/BDT.h:88]   --->   Operation 36 'or' 'or_ln88_89' <Predicate = true> <Delay = 0.97> <Core = "LogicGate">   --->   Core 27 'LogicGate' <Latency = 0> <II = 1> <Delay = 0.97> <FuncUnit> <Opcode : 'and' 'or' 'xor'> <InPorts = 2> <OutPorts = 1>
ST_4 : Operation 37 [1/1] (0.00ns) (grouped into LUT with out node tmp)   --->   "%or_ln88_90 = or i1 %or_ln88_89, %and_ln73_202" [../my-conifer-prj/firmware/BDT.h:88]   --->   Operation 37 'or' 'or_ln88_90' <Predicate = true> <Delay = 0.00> <Core = "LogicGate">   --->   Core 27 'LogicGate' <Latency = 0> <II = 1> <Delay = 0.97> <FuncUnit> <Opcode : 'and' 'or' 'xor'> <InPorts = 2> <OutPorts = 1>
ST_4 : Operation 38 [1/1] (0.00ns) (grouped into LUT with out node select_ln89_149)   --->   "%xor_ln89 = xor i1 %and_ln73_198, true" [../my-conifer-prj/firmware/BDT.h:89]   --->   Operation 38 'xor' 'xor_ln89' <Predicate = (icmp_ln1497)> <Delay = 0.00> <Core = "LogicGate">   --->   Core 27 'LogicGate' <Latency = 0> <II = 1> <Delay = 0.97> <FuncUnit> <Opcode : 'and' 'or' 'xor'> <InPorts = 2> <OutPorts = 1>
ST_4 : Operation 39 [1/1] (0.00ns) (grouped into LUT with out node select_ln89_149)   --->   "%zext_ln89 = zext i1 %xor_ln89 to i2" [../my-conifer-prj/firmware/BDT.h:89]   --->   Operation 39 'zext' 'zext_ln89' <Predicate = (icmp_ln1497)> <Delay = 0.00>
ST_4 : Operation 40 [1/1] (0.00ns) (grouped into LUT with out node select_ln89_149)   --->   "%select_ln89 = select i1 %and_ln73, i2 %zext_ln89, i2 -2" [../my-conifer-prj/firmware/BDT.h:89]   --->   Operation 40 'select' 'select_ln89' <Predicate = (icmp_ln1497)> <Delay = 0.00> <Core = "Sel">   --->   Core 26 'Sel' <Latency = 0> <II = 1> <Delay = 0.98> <FuncUnit> <Opcode : 'select'> <InPorts = 3> <OutPorts = 1>
ST_4 : Operation 41 [1/1] (0.00ns) (grouped into LUT with out node select_ln89_149)   --->   "%zext_ln89_22 = zext i2 %select_ln89 to i3" [../my-conifer-prj/firmware/BDT.h:89]   --->   Operation 41 'zext' 'zext_ln89_22' <Predicate = (icmp_ln1497)> <Delay = 0.00>
ST_4 : Operation 42 [1/1] (0.99ns) (out node of the LUT)   --->   "%select_ln89_149 = select i1 %icmp_ln1497, i3 %zext_ln89_22, i3 -4" [../my-conifer-prj/firmware/BDT.h:89]   --->   Operation 42 'select' 'select_ln89_149' <Predicate = true> <Delay = 0.99> <Core = "Sel">   --->   Core 26 'Sel' <Latency = 0> <II = 1> <Delay = 0.98> <FuncUnit> <Opcode : 'select'> <InPorts = 3> <OutPorts = 1>
ST_4 : Operation 43 [1/1] (0.00ns) (grouped into LUT with out node select_ln89_151)   --->   "%select_ln89_150 = select i1 %or_ln88, i3 %select_ln89_149, i3 -3" [../my-conifer-prj/firmware/BDT.h:89]   --->   Operation 43 'select' 'select_ln89_150' <Predicate = true> <Delay = 0.00> <Core = "Sel">   --->   Core 26 'Sel' <Latency = 0> <II = 1> <Delay = 0.98> <FuncUnit> <Opcode : 'select'> <InPorts = 3> <OutPorts = 1>
ST_4 : Operation 44 [1/1] (0.98ns) (out node of the LUT)   --->   "%select_ln89_151 = select i1 %or_ln88_89, i3 %select_ln89_150, i3 -2" [../my-conifer-prj/firmware/BDT.h:89]   --->   Operation 44 'select' 'select_ln89_151' <Predicate = true> <Delay = 0.98> <Core = "Sel">   --->   Core 26 'Sel' <Latency = 0> <II = 1> <Delay = 0.98> <FuncUnit> <Opcode : 'select'> <InPorts = 3> <OutPorts = 1>
ST_4 : Operation 45 [1/1] (0.00ns) (grouped into LUT with out node tmp)   --->   "%select_ln89_152 = select i1 %or_ln88_90, i3 %select_ln89_151, i3 -1" [../my-conifer-prj/firmware/BDT.h:89]   --->   Operation 45 'select' 'select_ln89_152' <Predicate = true> <Delay = 0.00> <Core = "Sel">   --->   Core 26 'Sel' <Latency = 0> <II = 1> <Delay = 0.98> <FuncUnit> <Opcode : 'select'> <InPorts = 3> <OutPorts = 1>
ST_4 : Operation 46 [1/1] (2.47ns) (out node of the LUT)   --->   "%tmp = call i12 @_ssdm_op_Mux.ap_auto.8i12.i3(i12 -31, i12 -27, i12 -53, i12 20, i12 -27, i12 -27, i12 26, i12 -34, i3 %select_ln89_152)" [../my-conifer-prj/firmware/BDT.h:89]   --->   Operation 46 'mux' 'tmp' <Predicate = true> <Delay = 2.47> <Core = "MuxnS">   --->   Core 31 'MuxnS' <Latency = 0> <II = 1> <Delay = 2.47> <FuncUnit> <Opcode : 'mux'> <InPorts = 2> <OutPorts = 1>
ST_4 : Operation 47 [1/1] (0.00ns)   --->   "ret i12 %tmp" [../my-conifer-prj/firmware/BDT.h:93]   --->   Operation 47 'ret' <Predicate = true> <Delay = 0.00>


============================================================
+ Verbose Summary: Binding
============================================================
STG Binding: 
---------------- STG Properties BEGIN ----------------
- Is combinational: 0
- Is one-state seq: 0
- Is datapath-only: 0
- Is pipelined: 1
- Is top level: 0
Port [ Return ] is wired: 1; IO mode=ap_ctrl_hs:ce=0
Port [ x_V]:  wired=1; compound=1; hidden=0; nouse=0; global=0; static=0; extern=0; dir=0; type=1; pingpong=0; private_global=0; MemPort=[11]; IO mode=ap_memory:ce=0
---------------- STG Properties END ------------------

---------------- Datapath Model BEGIN ----------------

<LifeTime>
<method=bitvector/>
x_V_addr          (getelementptr) [ 00100]
x_V_addr_122      (getelementptr) [ 00100]
x_V_load          (load         ) [ 00000]
icmp_ln1497       (icmp         ) [ 01011]
x_V_load_1        (load         ) [ 00000]
icmp_ln1497_1     (icmp         ) [ 01011]
x_V_addr_123      (getelementptr) [ 00010]
x_V_addr_124      (getelementptr) [ 00010]
x_V_load_2        (load         ) [ 00000]
icmp_ln1497_2     (icmp         ) [ 01001]
x_V_load_8        (load         ) [ 00000]
icmp_ln1497_8     (icmp         ) [ 01001]
icmp_ln1497_9     (icmp         ) [ 01001]
x_V_addr_125      (getelementptr) [ 01001]
specpipeline_ln25 (specpipeline ) [ 00000]
x_V_load_12       (load         ) [ 00000]
icmp_ln1497_12    (icmp         ) [ 00000]
and_ln73          (and          ) [ 00000]
and_ln73_198      (and          ) [ 00000]
xor_ln75          (xor          ) [ 00000]
and_ln73_199      (and          ) [ 00000]
and_ln73_200      (and          ) [ 00000]
xor_ln75_59       (xor          ) [ 00000]
and_ln73_201      (and          ) [ 00000]
and_ln73_202      (and          ) [ 00000]
or_ln88           (or           ) [ 00000]
or_ln88_89        (or           ) [ 00000]
or_ln88_90        (or           ) [ 00000]
xor_ln89          (xor          ) [ 00000]
zext_ln89         (zext         ) [ 00000]
select_ln89       (select       ) [ 00000]
zext_ln89_22      (zext         ) [ 00000]
select_ln89_149   (select       ) [ 00000]
select_ln89_150   (select       ) [ 00000]
select_ln89_151   (select       ) [ 00000]
select_ln89_152   (select       ) [ 00000]
tmp               (mux          ) [ 00000]
ret_ln93          (ret          ) [ 00000]
</LifeTime>

<model>

<comp_list>
<comp id="0" class="1000" name="x_V">
<pin_list>
<pin id="1" dir="1" index="0" bw="1" slack="0"/>
</pin_list>
<bind>
<StgValue><ssdm name="x_V"/><MemPortTyVec>1 1 </MemPortTyVec>
</StgValue>
</bind>
</comp>

<comp id="2" class="1001" name="const_2">
<pin_list>
<pin id="3" dir="1" index="0" bw="1" slack="0"/>
</pin_list>
<bind>
<StgValue><ssdm name=""/></StgValue>
</bind>
</comp>

<comp id="4" class="1001" name="const_4">
<pin_list>
<pin id="5" dir="1" index="0" bw="1" slack="0"/>
</pin_list>
<bind>
<StgValue><ssdm name=""/></StgValue>
</bind>
</comp>

<comp id="6" class="1001" name="const_6">
<pin_list>
<pin id="7" dir="1" index="0" bw="1" slack="0"/>
</pin_list>
<bind>
<StgValue><ssdm name=""/></StgValue>
</bind>
</comp>

<comp id="8" class="1001" name="const_8">
<pin_list>
<pin id="9" dir="1" index="0" bw="1" slack="0"/>
</pin_list>
<bind>
<StgValue><ssdm name=""/></StgValue>
</bind>
</comp>

<comp id="10" class="1001" name="const_10">
<pin_list>
<pin id="11" dir="1" index="0" bw="1" slack="0"/>
</pin_list>
<bind>
<StgValue><ssdm name=""/></StgValue>
</bind>
</comp>

<comp id="12" class="1001" name="const_12">
<pin_list>
<pin id="13" dir="1" index="0" bw="1" slack="0"/>
</pin_list>
<bind>
<StgValue><ssdm name=""/></StgValue>
</bind>
</comp>

<comp id="14" class="1001" name="const_14">
<pin_list>
<pin id="15" dir="1" index="0" bw="1" slack="0"/>
</pin_list>
<bind>
<StgValue><ssdm name=""/></StgValue>
</bind>
</comp>

<comp id="16" class="1001" name="const_16">
<pin_list>
<pin id="17" dir="1" index="0" bw="1" slack="0"/>
</pin_list>
<bind>
<StgValue><ssdm name=""/></StgValue>
</bind>
</comp>

<comp id="18" class="1001" name="const_18">
<pin_list>
<pin id="19" dir="1" index="0" bw="1" slack="0"/>
</pin_list>
<bind>
<StgValue><ssdm name=""/></StgValue>
</bind>
</comp>

<comp id="20" class="1001" name="const_20">
<pin_list>
<pin id="21" dir="1" index="0" bw="1" slack="0"/>
</pin_list>
<bind>
<StgValue><ssdm name=""/></StgValue>
</bind>
</comp>

<comp id="22" class="1001" name="const_22">
<pin_list>
<pin id="23" dir="1" index="0" bw="1" slack="2147483647"/>
</pin_list>
<bind>
<StgValue><ssdm name="_ssdm_op_SpecPipeline"/></StgValue>
</bind>
</comp>

<comp id="24" class="1001" name="const_24">
<pin_list>
<pin id="25" dir="1" index="0" bw="1" slack="2147483647"/>
</pin_list>
<bind>
<StgValue><ssdm name=""/></StgValue>
</bind>
</comp>

<comp id="26" class="1001" name="const_26">
<pin_list>
<pin id="27" dir="1" index="0" bw="1" slack="2147483647"/>
</pin_list>
<bind>
<StgValue><ssdm name=""/></StgValue>
</bind>
</comp>

<comp id="28" class="1001" name="const_28">
<pin_list>
<pin id="29" dir="1" index="0" bw="1" slack="2147483647"/>
</pin_list>
<bind>
<StgValue><ssdm name="p_str"/></StgValue>
</bind>
</comp>

<comp id="30" class="1001" name="const_30">
<pin_list>
<pin id="31" dir="1" index="0" bw="1" slack="0"/>
</pin_list>
<bind>
<StgValue><ssdm name=""/></StgValue>
</bind>
</comp>

<comp id="32" class="1001" name="const_32">
<pin_list>
<pin id="33" dir="1" index="0" bw="1" slack="0"/>
</pin_list>
<bind>
<StgValue><ssdm name=""/></StgValue>
</bind>
</comp>

<comp id="34" class="1001" name="const_34">
<pin_list>
<pin id="35" dir="1" index="0" bw="1" slack="0"/>
</pin_list>
<bind>
<StgValue><ssdm name=""/></StgValue>
</bind>
</comp>

<comp id="36" class="1001" name="const_36">
<pin_list>
<pin id="37" dir="1" index="0" bw="1" slack="0"/>
</pin_list>
<bind>
<StgValue><ssdm name=""/></StgValue>
</bind>
</comp>

<comp id="38" class="1001" name="const_38">
<pin_list>
<pin id="39" dir="1" index="0" bw="1" slack="0"/>
</pin_list>
<bind>
<StgValue><ssdm name=""/></StgValue>
</bind>
</comp>

<comp id="40" class="1001" name="const_40">
<pin_list>
<pin id="41" dir="1" index="0" bw="1" slack="0"/>
</pin_list>
<bind>
<StgValue><ssdm name=""/></StgValue>
</bind>
</comp>

<comp id="42" class="1001" name="const_42">
<pin_list>
<pin id="43" dir="1" index="0" bw="1" slack="0"/>
</pin_list>
<bind>
<StgValue><ssdm name="_ssdm_op_Mux.ap_auto.8i12.i3"/></StgValue>
</bind>
</comp>

<comp id="44" class="1001" name="const_44">
<pin_list>
<pin id="45" dir="1" index="0" bw="1" slack="0"/>
</pin_list>
<bind>
<StgValue><ssdm name=""/></StgValue>
</bind>
</comp>

<comp id="46" class="1001" name="const_46">
<pin_list>
<pin id="47" dir="1" index="0" bw="1" slack="0"/>
</pin_list>
<bind>
<StgValue><ssdm name=""/></StgValue>
</bind>
</comp>

<comp id="48" class="1001" name="const_48">
<pin_list>
<pin id="49" dir="1" index="0" bw="1" slack="0"/>
</pin_list>
<bind>
<StgValue><ssdm name=""/></StgValue>
</bind>
</comp>

<comp id="50" class="1001" name="const_50">
<pin_list>
<pin id="51" dir="1" index="0" bw="1" slack="0"/>
</pin_list>
<bind>
<StgValue><ssdm name=""/></StgValue>
</bind>
</comp>

<comp id="52" class="1001" name="const_52">
<pin_list>
<pin id="53" dir="1" index="0" bw="1" slack="0"/>
</pin_list>
<bind>
<StgValue><ssdm name=""/></StgValue>
</bind>
</comp>

<comp id="54" class="1001" name="const_54">
<pin_list>
<pin id="55" dir="1" index="0" bw="1" slack="0"/>
</pin_list>
<bind>
<StgValue><ssdm name=""/></StgValue>
</bind>
</comp>

<comp id="56" class="1004" name="x_V_addr_gep_fu_56">
<pin_list>
<pin id="57" dir="0" index="0" bw="12" slack="0"/>
<pin id="58" dir="0" index="1" bw="1" slack="0"/>
<pin id="59" dir="0" index="2" bw="1" slack="0"/>
<pin id="60" dir="1" index="3" bw="4" slack="0"/>
</pin_list>
<bind>
<opcode="getelementptr(29) " fcode="getelementptr"/>
<opset="x_V_addr/1 "/>
</bind>
</comp>

<comp id="64" class="1004" name="grp_access_fu_64">
<pin_list>
<pin id="65" dir="0" index="0" bw="4" slack="0"/>
<pin id="66" dir="0" index="1" bw="12" slack="2147483647"/>
<pin id="67" dir="0" index="2" bw="0" slack="0"/>
<pin id="78" dir="0" index="4" bw="4" slack="2147483647"/>
<pin id="79" dir="0" index="5" bw="12" slack="2147483647"/>
<pin id="80" dir="0" index="6" bw="0" slack="2147483647"/>
<pin id="68" dir="1" index="3" bw="12" slack="0"/>
<pin id="81" dir="1" index="7" bw="12" slack="0"/>
</pin_list>
<bind>
<opcode="load(27) " fcode="load"/>
<opset="x_V_load/1 x_V_load_1/1 x_V_load_2/2 x_V_load_8/2 x_V_load_12/3 "/>
</bind>
</comp>

<comp id="70" class="1004" name="x_V_addr_122_gep_fu_70">
<pin_list>
<pin id="71" dir="0" index="0" bw="12" slack="0"/>
<pin id="72" dir="0" index="1" bw="1" slack="0"/>
<pin id="73" dir="0" index="2" bw="1" slack="0"/>
<pin id="74" dir="1" index="3" bw="4" slack="0"/>
</pin_list>
<bind>
<opcode="getelementptr(29) " fcode="getelementptr"/>
<opset="x_V_addr_122/1 "/>
</bind>
</comp>

<comp id="83" class="1004" name="x_V_addr_123_gep_fu_83">
<pin_list>
<pin id="84" dir="0" index="0" bw="12" slack="0"/>
<pin id="85" dir="0" index="1" bw="1" slack="0"/>
<pin id="86" dir="0" index="2" bw="3" slack="0"/>
<pin id="87" dir="1" index="3" bw="4" slack="0"/>
</pin_list>
<bind>
<opcode="getelementptr(29) " fcode="getelementptr"/>
<opset="x_V_addr_123/2 "/>
</bind>
</comp>

<comp id="92" class="1004" name="x_V_addr_124_gep_fu_92">
<pin_list>
<pin id="93" dir="0" index="0" bw="12" slack="0"/>
<pin id="94" dir="0" index="1" bw="1" slack="0"/>
<pin id="95" dir="0" index="2" bw="5" slack="0"/>
<pin id="96" dir="1" index="3" bw="4" slack="0"/>
</pin_list>
<bind>
<opcode="getelementptr(29) " fcode="getelementptr"/>
<opset="x_V_addr_124/2 "/>
</bind>
</comp>

<comp id="101" class="1004" name="x_V_addr_125_gep_fu_101">
<pin_list>
<pin id="102" dir="0" index="0" bw="12" slack="0"/>
<pin id="103" dir="0" index="1" bw="1" slack="0"/>
<pin id="104" dir="0" index="2" bw="4" slack="0"/>
<pin id="105" dir="1" index="3" bw="4" slack="0"/>
</pin_list>
<bind>
<opcode="getelementptr(29) " fcode="getelementptr"/>
<opset="x_V_addr_125/3 "/>
</bind>
</comp>

<comp id="110" class="1004" name="grp_fu_110">
<pin_list>
<pin id="111" dir="0" index="0" bw="12" slack="0"/>
<pin id="112" dir="0" index="1" bw="12" slack="0"/>
<pin id="113" dir="1" index="2" bw="1" slack="0"/>
</pin_list>
<bind>
<opcode="icmp(45) " fcode="icmp"/>
<opset="icmp_ln1497_2/3 icmp_ln1497_12/4 "/>
</bind>
</comp>

<comp id="116" class="1004" name="icmp_ln1497_fu_116">
<pin_list>
<pin id="117" dir="0" index="0" bw="12" slack="0"/>
<pin id="118" dir="0" index="1" bw="1" slack="0"/>
<pin id="119" dir="1" index="2" bw="1" slack="1"/>
</pin_list>
<bind>
<opcode="icmp(45) " fcode="icmp"/>
<opset="icmp_ln1497/2 "/>
</bind>
</comp>

<comp id="122" class="1004" name="icmp_ln1497_1_fu_122">
<pin_list>
<pin id="123" dir="0" index="0" bw="12" slack="0"/>
<pin id="124" dir="0" index="1" bw="12" slack="0"/>
<pin id="125" dir="1" index="2" bw="1" slack="2"/>
</pin_list>
<bind>
<opcode="icmp(45) " fcode="icmp"/>
<opset="icmp_ln1497_1/2 "/>
</bind>
</comp>

<comp id="128" class="1004" name="icmp_ln1497_8_fu_128">
<pin_list>
<pin id="129" dir="0" index="0" bw="12" slack="0"/>
<pin id="130" dir="0" index="1" bw="12" slack="0"/>
<pin id="131" dir="1" index="2" bw="1" slack="1"/>
</pin_list>
<bind>
<opcode="icmp(45) " fcode="icmp"/>
<opset="icmp_ln1497_8/3 "/>
</bind>
</comp>

<comp id="134" class="1004" name="icmp_ln1497_9_fu_134">
<pin_list>
<pin id="135" dir="0" index="0" bw="12" slack="0"/>
<pin id="136" dir="0" index="1" bw="11" slack="0"/>
<pin id="137" dir="1" index="2" bw="1" slack="1"/>
</pin_list>
<bind>
<opcode="icmp(45) " fcode="icmp"/>
<opset="icmp_ln1497_9/3 "/>
</bind>
</comp>

<comp id="140" class="1004" name="and_ln73_fu_140">
<pin_list>
<pin id="141" dir="0" index="0" bw="1" slack="2"/>
<pin id="142" dir="0" index="1" bw="1" slack="2"/>
<pin id="143" dir="1" index="2" bw="1" slack="0"/>
</pin_list>
<bind>
<opcode="and(23) " fcode="and"/>
<opset="and_ln73/4 "/>
</bind>
</comp>

<comp id="144" class="1004" name="and_ln73_198_fu_144">
<pin_list>
<pin id="145" dir="0" index="0" bw="1" slack="1"/>
<pin id="146" dir="0" index="1" bw="1" slack="0"/>
<pin id="147" dir="1" index="2" bw="1" slack="0"/>
</pin_list>
<bind>
<opcode="and(23) " fcode="and"/>
<opset="and_ln73_198/4 "/>
</bind>
</comp>

<comp id="149" class="1004" name="xor_ln75_fu_149">
<pin_list>
<pin id="150" dir="0" index="0" bw="1" slack="2"/>
<pin id="151" dir="0" index="1" bw="1" slack="0"/>
<pin id="152" dir="1" index="2" bw="1" slack="0"/>
</pin_list>
<bind>
<opcode="xor(25) " fcode="xor"/>
<opset="xor_ln75/4 "/>
</bind>
</comp>

<comp id="154" class="1004" name="and_ln73_199_fu_154">
<pin_list>
<pin id="155" dir="0" index="0" bw="1" slack="1"/>
<pin id="156" dir="0" index="1" bw="1" slack="0"/>
<pin id="157" dir="1" index="2" bw="1" slack="0"/>
</pin_list>
<bind>
<opcode="and(23) " fcode="and"/>
<opset="and_ln73_199/4 "/>
</bind>
</comp>

<comp id="159" class="1004" name="and_ln73_200_fu_159">
<pin_list>
<pin id="160" dir="0" index="0" bw="1" slack="1"/>
<pin id="161" dir="0" index="1" bw="1" slack="0"/>
<pin id="162" dir="1" index="2" bw="1" slack="0"/>
</pin_list>
<bind>
<opcode="and(23) " fcode="and"/>
<opset="and_ln73_200/4 "/>
</bind>
</comp>

<comp id="164" class="1004" name="xor_ln75_59_fu_164">
<pin_list>
<pin id="165" dir="0" index="0" bw="1" slack="1"/>
<pin id="166" dir="0" index="1" bw="1" slack="0"/>
<pin id="167" dir="1" index="2" bw="1" slack="0"/>
</pin_list>
<bind>
<opcode="xor(25) " fcode="xor"/>
<opset="xor_ln75_59/4 "/>
</bind>
</comp>

<comp id="169" class="1004" name="and_ln73_201_fu_169">
<pin_list>
<pin id="170" dir="0" index="0" bw="1" slack="0"/>
<pin id="171" dir="0" index="1" bw="1" slack="0"/>
<pin id="172" dir="1" index="2" bw="1" slack="0"/>
</pin_list>
<bind>
<opcode="and(23) " fcode="and"/>
<opset="and_ln73_201/4 "/>
</bind>
</comp>

<comp id="175" class="1004" name="and_ln73_202_fu_175">
<pin_list>
<pin id="176" dir="0" index="0" bw="1" slack="0"/>
<pin id="177" dir="0" index="1" bw="1" slack="0"/>
<pin id="178" dir="1" index="2" bw="1" slack="0"/>
</pin_list>
<bind>
<opcode="and(23) " fcode="and"/>
<opset="and_ln73_202/4 "/>
</bind>
</comp>

<comp id="181" class="1004" name="or_ln88_fu_181">
<pin_list>
<pin id="182" dir="0" index="0" bw="1" slack="2"/>
<pin id="183" dir="0" index="1" bw="1" slack="0"/>
<pin id="184" dir="1" index="2" bw="1" slack="0"/>
</pin_list>
<bind>
<opcode="or(24) " fcode="or"/>
<opset="or_ln88/4 "/>
</bind>
</comp>

<comp id="186" class="1004" name="or_ln88_89_fu_186">
<pin_list>
<pin id="187" dir="0" index="0" bw="1" slack="2"/>
<pin id="188" dir="0" index="1" bw="1" slack="0"/>
<pin id="189" dir="1" index="2" bw="1" slack="0"/>
</pin_list>
<bind>
<opcode="or(24) " fcode="or"/>
<opset="or_ln88_89/4 "/>
</bind>
</comp>

<comp id="191" class="1004" name="or_ln88_90_fu_191">
<pin_list>
<pin id="192" dir="0" index="0" bw="1" slack="0"/>
<pin id="193" dir="0" index="1" bw="1" slack="0"/>
<pin id="194" dir="1" index="2" bw="1" slack="0"/>
</pin_list>
<bind>
<opcode="or(24) " fcode="or"/>
<opset="or_ln88_90/4 "/>
</bind>
</comp>

<comp id="197" class="1004" name="xor_ln89_fu_197">
<pin_list>
<pin id="198" dir="0" index="0" bw="1" slack="0"/>
<pin id="199" dir="0" index="1" bw="1" slack="0"/>
<pin id="200" dir="1" index="2" bw="1" slack="0"/>
</pin_list>
<bind>
<opcode="xor(25) " fcode="xor"/>
<opset="xor_ln89/4 "/>
</bind>
</comp>

<comp id="203" class="1004" name="zext_ln89_fu_203">
<pin_list>
<pin id="204" dir="0" index="0" bw="1" slack="0"/>
<pin id="205" dir="1" index="1" bw="2" slack="0"/>
</pin_list>
<bind>
<opcode="zext(34) " fcode="zext"/>
<opset="zext_ln89/4 "/>
</bind>
</comp>

<comp id="207" class="1004" name="select_ln89_fu_207">
<pin_list>
<pin id="208" dir="0" index="0" bw="1" slack="0"/>
<pin id="209" dir="0" index="1" bw="1" slack="0"/>
<pin id="210" dir="0" index="2" bw="2" slack="0"/>
<pin id="211" dir="1" index="3" bw="2" slack="0"/>
</pin_list>
<bind>
<opcode="select(49) " fcode="select"/>
<opset="select_ln89/4 "/>
</bind>
</comp>

<comp id="215" class="1004" name="zext_ln89_22_fu_215">
<pin_list>
<pin id="216" dir="0" index="0" bw="2" slack="0"/>
<pin id="217" dir="1" index="1" bw="3" slack="0"/>
</pin_list>
<bind>
<opcode="zext(34) " fcode="zext"/>
<opset="zext_ln89_22/4 "/>
</bind>
</comp>

<comp id="219" class="1004" name="select_ln89_149_fu_219">
<pin_list>
<pin id="220" dir="0" index="0" bw="1" slack="2"/>
<pin id="221" dir="0" index="1" bw="2" slack="0"/>
<pin id="222" dir="0" index="2" bw="3" slack="0"/>
<pin id="223" dir="1" index="3" bw="3" slack="0"/>
</pin_list>
<bind>
<opcode="select(49) " fcode="select"/>
<opset="select_ln89_149/4 "/>
</bind>
</comp>

<comp id="226" class="1004" name="select_ln89_150_fu_226">
<pin_list>
<pin id="227" dir="0" index="0" bw="1" slack="0"/>
<pin id="228" dir="0" index="1" bw="3" slack="0"/>
<pin id="229" dir="0" index="2" bw="3" slack="0"/>
<pin id="230" dir="1" index="3" bw="3" slack="0"/>
</pin_list>
<bind>
<opcode="select(49) " fcode="select"/>
<opset="select_ln89_150/4 "/>
</bind>
</comp>

<comp id="234" class="1004" name="select_ln89_151_fu_234">
<pin_list>
<pin id="235" dir="0" index="0" bw="1" slack="0"/>
<pin id="236" dir="0" index="1" bw="3" slack="0"/>
<pin id="237" dir="0" index="2" bw="2" slack="0"/>
<pin id="238" dir="1" index="3" bw="3" slack="0"/>
</pin_list>
<bind>
<opcode="select(49) " fcode="select"/>
<opset="select_ln89_151/4 "/>
</bind>
</comp>

<comp id="242" class="1004" name="select_ln89_152_fu_242">
<pin_list>
<pin id="243" dir="0" index="0" bw="1" slack="0"/>
<pin id="244" dir="0" index="1" bw="3" slack="0"/>
<pin id="245" dir="0" index="2" bw="1" slack="0"/>
<pin id="246" dir="1" index="3" bw="3" slack="0"/>
</pin_list>
<bind>
<opcode="select(49) " fcode="select"/>
<opset="select_ln89_152/4 "/>
</bind>
</comp>

<comp id="250" class="1004" name="tmp_fu_250">
<pin_list>
<pin id="251" dir="0" index="0" bw="12" slack="0"/>
<pin id="252" dir="0" index="1" bw="6" slack="0"/>
<pin id="253" dir="0" index="2" bw="6" slack="0"/>
<pin id="254" dir="0" index="3" bw="7" slack="0"/>
<pin id="255" dir="0" index="4" bw="6" slack="0"/>
<pin id="256" dir="0" index="5" bw="6" slack="0"/>
<pin id="257" dir="0" index="6" bw="6" slack="0"/>
<pin id="258" dir="0" index="7" bw="6" slack="0"/>
<pin id="259" dir="0" index="8" bw="7" slack="0"/>
<pin id="260" dir="0" index="9" bw="3" slack="0"/>
<pin id="261" dir="1" index="10" bw="12" slack="2147483647"/>
</pin_list>
<bind>
<opcode="mux(1196) " fcode="mux"/>
<opset="tmp/4 "/>
</bind>
</comp>

<comp id="272" class="1005" name="x_V_addr_reg_272">
<pin_list>
<pin id="273" dir="0" index="0" bw="4" slack="1"/>
<pin id="274" dir="1" index="1" bw="4" slack="1"/>
</pin_list>
<bind>
<opset="x_V_addr "/>
</bind>
</comp>

<comp id="277" class="1005" name="x_V_addr_122_reg_277">
<pin_list>
<pin id="278" dir="0" index="0" bw="4" slack="1"/>
<pin id="279" dir="1" index="1" bw="4" slack="1"/>
</pin_list>
<bind>
<opset="x_V_addr_122 "/>
</bind>
</comp>

<comp id="282" class="1005" name="icmp_ln1497_reg_282">
<pin_list>
<pin id="283" dir="0" index="0" bw="1" slack="1"/>
<pin id="284" dir="1" index="1" bw="1" slack="2"/>
</pin_list>
<bind>
<opset="icmp_ln1497 "/>
</bind>
</comp>

<comp id="291" class="1005" name="icmp_ln1497_1_reg_291">
<pin_list>
<pin id="292" dir="0" index="0" bw="1" slack="2"/>
<pin id="293" dir="1" index="1" bw="1" slack="2"/>
</pin_list>
<bind>
<opset="icmp_ln1497_1 "/>
</bind>
</comp>

<comp id="296" class="1005" name="x_V_addr_123_reg_296">
<pin_list>
<pin id="297" dir="0" index="0" bw="4" slack="1"/>
<pin id="298" dir="1" index="1" bw="4" slack="1"/>
</pin_list>
<bind>
<opset="x_V_addr_123 "/>
</bind>
</comp>

<comp id="301" class="1005" name="x_V_addr_124_reg_301">
<pin_list>
<pin id="302" dir="0" index="0" bw="4" slack="1"/>
<pin id="303" dir="1" index="1" bw="4" slack="1"/>
</pin_list>
<bind>
<opset="x_V_addr_124 "/>
</bind>
</comp>

<comp id="306" class="1005" name="icmp_ln1497_2_reg_306">
<pin_list>
<pin id="307" dir="0" index="0" bw="1" slack="1"/>
<pin id="308" dir="1" index="1" bw="1" slack="1"/>
</pin_list>
<bind>
<opset="icmp_ln1497_2 "/>
</bind>
</comp>

<comp id="311" class="1005" name="icmp_ln1497_8_reg_311">
<pin_list>
<pin id="312" dir="0" index="0" bw="1" slack="1"/>
<pin id="313" dir="1" index="1" bw="1" slack="1"/>
</pin_list>
<bind>
<opset="icmp_ln1497_8 "/>
</bind>
</comp>

<comp id="317" class="1005" name="icmp_ln1497_9_reg_317">
<pin_list>
<pin id="318" dir="0" index="0" bw="1" slack="1"/>
<pin id="319" dir="1" index="1" bw="1" slack="1"/>
</pin_list>
<bind>
<opset="icmp_ln1497_9 "/>
</bind>
</comp>

<comp id="322" class="1005" name="x_V_addr_125_reg_322">
<pin_list>
<pin id="323" dir="0" index="0" bw="4" slack="1"/>
<pin id="324" dir="1" index="1" bw="4" slack="1"/>
</pin_list>
<bind>
<opset="x_V_addr_125 "/>
</bind>
</comp>

</comp_list>

<net_list>
<net id="61"><net_src comp="0" pin="0"/><net_sink comp="56" pin=0"/></net>

<net id="62"><net_src comp="2" pin="0"/><net_sink comp="56" pin=1"/></net>

<net id="63"><net_src comp="2" pin="0"/><net_sink comp="56" pin=2"/></net>

<net id="69"><net_src comp="56" pin="3"/><net_sink comp="64" pin=0"/></net>

<net id="75"><net_src comp="0" pin="0"/><net_sink comp="70" pin=0"/></net>

<net id="76"><net_src comp="2" pin="0"/><net_sink comp="70" pin=1"/></net>

<net id="77"><net_src comp="4" pin="0"/><net_sink comp="70" pin=2"/></net>

<net id="82"><net_src comp="70" pin="3"/><net_sink comp="64" pin=2"/></net>

<net id="88"><net_src comp="0" pin="0"/><net_sink comp="83" pin=0"/></net>

<net id="89"><net_src comp="2" pin="0"/><net_sink comp="83" pin=1"/></net>

<net id="90"><net_src comp="10" pin="0"/><net_sink comp="83" pin=2"/></net>

<net id="91"><net_src comp="83" pin="3"/><net_sink comp="64" pin=0"/></net>

<net id="97"><net_src comp="0" pin="0"/><net_sink comp="92" pin=0"/></net>

<net id="98"><net_src comp="2" pin="0"/><net_sink comp="92" pin=1"/></net>

<net id="99"><net_src comp="12" pin="0"/><net_sink comp="92" pin=2"/></net>

<net id="100"><net_src comp="92" pin="3"/><net_sink comp="64" pin=2"/></net>

<net id="106"><net_src comp="0" pin="0"/><net_sink comp="101" pin=0"/></net>

<net id="107"><net_src comp="2" pin="0"/><net_sink comp="101" pin=1"/></net>

<net id="108"><net_src comp="20" pin="0"/><net_sink comp="101" pin=2"/></net>

<net id="109"><net_src comp="101" pin="3"/><net_sink comp="64" pin=0"/></net>

<net id="114"><net_src comp="64" pin="3"/><net_sink comp="110" pin=0"/></net>

<net id="115"><net_src comp="14" pin="0"/><net_sink comp="110" pin=1"/></net>

<net id="120"><net_src comp="64" pin="3"/><net_sink comp="116" pin=0"/></net>

<net id="121"><net_src comp="6" pin="0"/><net_sink comp="116" pin=1"/></net>

<net id="126"><net_src comp="64" pin="7"/><net_sink comp="122" pin=0"/></net>

<net id="127"><net_src comp="8" pin="0"/><net_sink comp="122" pin=1"/></net>

<net id="132"><net_src comp="64" pin="7"/><net_sink comp="128" pin=0"/></net>

<net id="133"><net_src comp="16" pin="0"/><net_sink comp="128" pin=1"/></net>

<net id="138"><net_src comp="64" pin="3"/><net_sink comp="134" pin=0"/></net>

<net id="139"><net_src comp="18" pin="0"/><net_sink comp="134" pin=1"/></net>

<net id="148"><net_src comp="140" pin="2"/><net_sink comp="144" pin=1"/></net>

<net id="153"><net_src comp="30" pin="0"/><net_sink comp="149" pin=1"/></net>

<net id="158"><net_src comp="149" pin="2"/><net_sink comp="154" pin=1"/></net>

<net id="163"><net_src comp="154" pin="2"/><net_sink comp="159" pin=1"/></net>

<net id="168"><net_src comp="30" pin="0"/><net_sink comp="164" pin=1"/></net>

<net id="173"><net_src comp="110" pin="2"/><net_sink comp="169" pin=0"/></net>

<net id="174"><net_src comp="149" pin="2"/><net_sink comp="169" pin=1"/></net>

<net id="179"><net_src comp="169" pin="2"/><net_sink comp="175" pin=0"/></net>

<net id="180"><net_src comp="164" pin="2"/><net_sink comp="175" pin=1"/></net>

<net id="185"><net_src comp="159" pin="2"/><net_sink comp="181" pin=1"/></net>

<net id="190"><net_src comp="154" pin="2"/><net_sink comp="186" pin=1"/></net>

<net id="195"><net_src comp="186" pin="2"/><net_sink comp="191" pin=0"/></net>

<net id="196"><net_src comp="175" pin="2"/><net_sink comp="191" pin=1"/></net>

<net id="201"><net_src comp="144" pin="2"/><net_sink comp="197" pin=0"/></net>

<net id="202"><net_src comp="30" pin="0"/><net_sink comp="197" pin=1"/></net>

<net id="206"><net_src comp="197" pin="2"/><net_sink comp="203" pin=0"/></net>

<net id="212"><net_src comp="140" pin="2"/><net_sink comp="207" pin=0"/></net>

<net id="213"><net_src comp="203" pin="1"/><net_sink comp="207" pin=1"/></net>

<net id="214"><net_src comp="32" pin="0"/><net_sink comp="207" pin=2"/></net>

<net id="218"><net_src comp="207" pin="3"/><net_sink comp="215" pin=0"/></net>

<net id="224"><net_src comp="215" pin="1"/><net_sink comp="219" pin=1"/></net>

<net id="225"><net_src comp="34" pin="0"/><net_sink comp="219" pin=2"/></net>

<net id="231"><net_src comp="181" pin="2"/><net_sink comp="226" pin=0"/></net>

<net id="232"><net_src comp="219" pin="3"/><net_sink comp="226" pin=1"/></net>

<net id="233"><net_src comp="36" pin="0"/><net_sink comp="226" pin=2"/></net>

<net id="239"><net_src comp="186" pin="2"/><net_sink comp="234" pin=0"/></net>

<net id="240"><net_src comp="226" pin="3"/><net_sink comp="234" pin=1"/></net>

<net id="241"><net_src comp="38" pin="0"/><net_sink comp="234" pin=2"/></net>

<net id="247"><net_src comp="191" pin="2"/><net_sink comp="242" pin=0"/></net>

<net id="248"><net_src comp="234" pin="3"/><net_sink comp="242" pin=1"/></net>

<net id="249"><net_src comp="40" pin="0"/><net_sink comp="242" pin=2"/></net>

<net id="262"><net_src comp="42" pin="0"/><net_sink comp="250" pin=0"/></net>

<net id="263"><net_src comp="44" pin="0"/><net_sink comp="250" pin=1"/></net>

<net id="264"><net_src comp="46" pin="0"/><net_sink comp="250" pin=2"/></net>

<net id="265"><net_src comp="48" pin="0"/><net_sink comp="250" pin=3"/></net>

<net id="266"><net_src comp="50" pin="0"/><net_sink comp="250" pin=4"/></net>

<net id="267"><net_src comp="46" pin="0"/><net_sink comp="250" pin=5"/></net>

<net id="268"><net_src comp="46" pin="0"/><net_sink comp="250" pin=6"/></net>

<net id="269"><net_src comp="52" pin="0"/><net_sink comp="250" pin=7"/></net>

<net id="270"><net_src comp="54" pin="0"/><net_sink comp="250" pin=8"/></net>

<net id="271"><net_src comp="242" pin="3"/><net_sink comp="250" pin=9"/></net>

<net id="275"><net_src comp="56" pin="3"/><net_sink comp="272" pin=0"/></net>

<net id="276"><net_src comp="272" pin="1"/><net_sink comp="64" pin=0"/></net>

<net id="280"><net_src comp="70" pin="3"/><net_sink comp="277" pin=0"/></net>

<net id="281"><net_src comp="277" pin="1"/><net_sink comp="64" pin=2"/></net>

<net id="285"><net_src comp="116" pin="2"/><net_sink comp="282" pin=0"/></net>

<net id="286"><net_src comp="282" pin="1"/><net_sink comp="140" pin=1"/></net>

<net id="287"><net_src comp="282" pin="1"/><net_sink comp="149" pin=0"/></net>

<net id="288"><net_src comp="282" pin="1"/><net_sink comp="181" pin=0"/></net>

<net id="289"><net_src comp="282" pin="1"/><net_sink comp="186" pin=0"/></net>

<net id="290"><net_src comp="282" pin="1"/><net_sink comp="219" pin=0"/></net>

<net id="294"><net_src comp="122" pin="2"/><net_sink comp="291" pin=0"/></net>

<net id="295"><net_src comp="291" pin="1"/><net_sink comp="140" pin=0"/></net>

<net id="299"><net_src comp="83" pin="3"/><net_sink comp="296" pin=0"/></net>

<net id="300"><net_src comp="296" pin="1"/><net_sink comp="64" pin=0"/></net>

<net id="304"><net_src comp="92" pin="3"/><net_sink comp="301" pin=0"/></net>

<net id="305"><net_src comp="301" pin="1"/><net_sink comp="64" pin=2"/></net>

<net id="309"><net_src comp="110" pin="2"/><net_sink comp="306" pin=0"/></net>

<net id="310"><net_src comp="306" pin="1"/><net_sink comp="144" pin=0"/></net>

<net id="314"><net_src comp="128" pin="2"/><net_sink comp="311" pin=0"/></net>

<net id="315"><net_src comp="311" pin="1"/><net_sink comp="154" pin=0"/></net>

<net id="316"><net_src comp="311" pin="1"/><net_sink comp="164" pin=0"/></net>

<net id="320"><net_src comp="134" pin="2"/><net_sink comp="317" pin=0"/></net>

<net id="321"><net_src comp="317" pin="1"/><net_sink comp="159" pin=0"/></net>

<net id="325"><net_src comp="101" pin="3"/><net_sink comp="322" pin=0"/></net>

<net id="326"><net_src comp="322" pin="1"/><net_sink comp="64" pin=0"/></net>

</net_list>

</model> 
---------------- Datapath Model END ------------------

* FSMD analyzer results:
  - Output states:
 - Input state : 
	Port: decision_function.59 : x_V | {1 2 3 4 }
  - Chain level:
	State 1
		x_V_load : 1
		x_V_load_1 : 1
	State 2
		icmp_ln1497 : 1
		icmp_ln1497_1 : 1
		x_V_load_2 : 1
		x_V_load_8 : 1
	State 3
		icmp_ln1497_2 : 1
		icmp_ln1497_8 : 1
		icmp_ln1497_9 : 1
		x_V_load_12 : 1
	State 4
		icmp_ln1497_12 : 1
		and_ln73_201 : 2
		and_ln73_202 : 2
		or_ln88_90 : 2
		select_ln89 : 1
		zext_ln89_22 : 2
		select_ln89_149 : 3
		select_ln89_150 : 4
		select_ln89_151 : 5
		select_ln89_152 : 6
		tmp : 7
		ret_ln93 : 8


============================================================
+ Verbose Summary: Datapath Resource usage 
============================================================

* Functional unit list:
|----------|------------------------|---------|---------|
| Operation|     Functional Unit    |    FF   |   LUT   |
|----------|------------------------|---------|---------|
|          |       grp_fu_110       |    0    |    13   |
|          |   icmp_ln1497_fu_116   |    0    |    13   |
|   icmp   |  icmp_ln1497_1_fu_122  |    0    |    13   |
|          |  icmp_ln1497_8_fu_128  |    0    |    13   |
|          |  icmp_ln1497_9_fu_134  |    0    |    13   |
|----------|------------------------|---------|---------|
|    mux   |       tmp_fu_250       |    0    |    45   |
|----------|------------------------|---------|---------|
|          |   select_ln89_fu_207   |    0    |    2    |
|          | select_ln89_149_fu_219 |    0    |    3    |
|  select  | select_ln89_150_fu_226 |    0    |    3    |
|          | select_ln89_151_fu_234 |    0    |    3    |
|          | select_ln89_152_fu_242 |    0    |    3    |
|----------|------------------------|---------|---------|
|          |     and_ln73_fu_140    |    0    |    2    |
|          |   and_ln73_198_fu_144  |    0    |    2    |
|    and   |   and_ln73_199_fu_154  |    0    |    2    |
|          |   and_ln73_200_fu_159  |    0    |    2    |
|          |   and_ln73_201_fu_169  |    0    |    2    |
|          |   and_ln73_202_fu_175  |    0    |    2    |
|----------|------------------------|---------|---------|
|          |     xor_ln75_fu_149    |    0    |    2    |
|    xor   |   xor_ln75_59_fu_164   |    0    |    2    |
|          |     xor_ln89_fu_197    |    0    |    2    |
|----------|------------------------|---------|---------|
|          |     or_ln88_fu_181     |    0    |    2    |
|    or    |    or_ln88_89_fu_186   |    0    |    2    |
|          |    or_ln88_90_fu_191   |    0    |    2    |
|----------|------------------------|---------|---------|
|   zext   |    zext_ln89_fu_203    |    0    |    0    |
|          |   zext_ln89_22_fu_215  |    0    |    0    |
|----------|------------------------|---------|---------|
|   Total  |                        |    0    |   148   |
|----------|------------------------|---------|---------|

Memories:
N/A

* Register list:
+---------------------+--------+
|                     |   FF   |
+---------------------+--------+
|icmp_ln1497_1_reg_291|    1   |
|icmp_ln1497_2_reg_306|    1   |
|icmp_ln1497_8_reg_311|    1   |
|icmp_ln1497_9_reg_317|    1   |
| icmp_ln1497_reg_282 |    1   |
| x_V_addr_122_reg_277|    4   |
| x_V_addr_123_reg_296|    4   |
| x_V_addr_124_reg_301|    4   |
| x_V_addr_125_reg_322|    4   |
|   x_V_addr_reg_272  |    4   |
+---------------------+--------+
|        Total        |   25   |
+---------------------+--------+

* Multiplexer (MUX) list: 
|------------------|------|------|------|--------||---------||---------|
|       Comp       |  Pin | Size |  BW  | S x BW ||  Delay  ||   LUT   |
|------------------|------|------|------|--------||---------||---------|
| grp_access_fu_64 |  p0  |   6  |   4  |   24   ||    33   |
| grp_access_fu_64 |  p2  |   4  |   0  |    0   ||    21   |
|------------------|------|------|------|--------||---------||---------|
|       Total      |      |      |      |   24   ||  3.8125 ||    54   |
|------------------|------|------|------|--------||---------||---------|



* Summary:
+-----------+--------+--------+--------+
|           |  Delay |   FF   |   LUT  |
+-----------+--------+--------+--------+
|  Function |    -   |    0   |   148  |
|   Memory  |    -   |    -   |    -   |
|Multiplexer|    3   |    -   |   54   |
|  Register |    -   |   25   |    -   |
+-----------+--------+--------+--------+
|   Total   |    3   |   25   |   202  |
+-----------+--------+--------+--------+
