

================================================================
== Vivado HLS Report for 'decision_function_48'
================================================================
* Date:           Mon Dec 11 23:05:00 2023

* Version:        2019.1 (Build 2552052 on Fri May 24 15:28:33 MDT 2019)
* Project:        Final_HLS
* Solution:       solution1
* Product family: zynq
* Target device:  xc7z020-clg400-1


================================================================
== Performance Estimates
================================================================
+ Timing (ns): 
    * Summary: 
    +--------+-------+----------+------------+
    |  Clock | Target| Estimated| Uncertainty|
    +--------+-------+----------+------------+
    |ap_clk  |  10.00|     7.771|        1.25|
    +--------+-------+----------+------------+

+ Latency (clock cycles): 
    * Summary: 
    +-----+-----+-----+-----+----------+
    |  Latency  |  Interval | Pipeline |
    | min | max | min | max |   Type   |
    +-----+-----+-----+-----+----------+
    |    3|    3|    3|    3| function |
    +-----+-----+-----+-----+----------+

    + Detail: 
        * Instance: 
        N/A

        * Loop: 
        N/A

============================================================
+ Verbose Summary: Synthesis Manager
============================================================
InlineROM: 1
ExposeGlobal: 0
============================================================
+ Verbose Summary: CDFG Model
============================================================
IsTopModel: 0
ResetActiveHigh: 1
IsCombinational: 0
IsDatapathOnly: 0
HasWiredReturn: 1
HasMFsm: 2
HasVarLatency: 0
IsPipeline: 1
IsRtlPipelined: 1
IsInstanceOverlapped: 0
IsDontTouch: 0
HasImplIP: 0
IsGatedGlobalClock: 0

+ Individual pipeline summary: 
  * Pipeline-0: initiation interval (II) = 3, depth = 4


============================================================
+ Verbose Summary: Schedule
============================================================
* Number of FSM states : 4
* Pipeline : 1
  Pipeline-0 : II = 3, D = 4, States = { 1 2 3 4 }
* Dataflow Pipeline: 0

* FSM state transitions: 
1 --> 2 
2 --> 3 
3 --> 4 
4 --> 

* FSM state operations: 

State 1 <SV = 0> <Delay = 2.32>
ST_1 : Operation 5 [1/1] (0.00ns)   --->   "%x_V_addr = getelementptr [12 x i12]* %x_V, i64 0, i64 3" [../my-conifer-prj/firmware/BDT.h:57]   --->   Operation 5 'getelementptr' 'x_V_addr' <Predicate = true> <Delay = 0.00>
ST_1 : Operation 6 [2/2] (2.32ns)   --->   "%x_V_load = load i12* %x_V_addr, align 2" [../my-conifer-prj/firmware/BDT.h:57]   --->   Operation 6 'load' 'x_V_load' <Predicate = true> <Delay = 2.32> <Core = "RAM">   --->   Core 37 'RAM' <Latency = 1> <II = 1> <Delay = 2.32> <Storage> <Opcode : 'load' 'store'> <Ports = 2> <Width = 12> <Depth = 12> <RAM>
ST_1 : Operation 7 [1/1] (0.00ns)   --->   "%x_V_addr_167 = getelementptr [12 x i12]* %x_V, i64 0, i64 0" [../my-conifer-prj/firmware/BDT.h:57]   --->   Operation 7 'getelementptr' 'x_V_addr_167' <Predicate = true> <Delay = 0.00>
ST_1 : Operation 8 [2/2] (2.32ns)   --->   "%x_V_load_1 = load i12* %x_V_addr_167, align 2" [../my-conifer-prj/firmware/BDT.h:57]   --->   Operation 8 'load' 'x_V_load_1' <Predicate = true> <Delay = 2.32> <Core = "RAM">   --->   Core 37 'RAM' <Latency = 1> <II = 1> <Delay = 2.32> <Storage> <Opcode : 'load' 'store'> <Ports = 2> <Width = 12> <Depth = 12> <RAM>

State 2 <SV = 1> <Delay = 4.31>
ST_2 : Operation 9 [1/2] (2.32ns)   --->   "%x_V_load = load i12* %x_V_addr, align 2" [../my-conifer-prj/firmware/BDT.h:57]   --->   Operation 9 'load' 'x_V_load' <Predicate = true> <Delay = 2.32> <Core = "RAM">   --->   Core 37 'RAM' <Latency = 1> <II = 1> <Delay = 2.32> <Storage> <Opcode : 'load' 'store'> <Ports = 2> <Width = 12> <Depth = 12> <RAM>
ST_2 : Operation 10 [1/1] (1.99ns)   --->   "%icmp_ln1497 = icmp slt i12 %x_V_load, -1023" [../my-conifer-prj/firmware/BDT.h:57]   --->   Operation 10 'icmp' 'icmp_ln1497' <Predicate = true> <Delay = 1.99> <Core = "Cmp">   --->   Core 25 'Cmp' <Latency = 0> <II = 1> <Delay = 1.99> <FuncUnit> <Opcode : 'icmp'> <InPorts = 2> <OutPorts = 1>
ST_2 : Operation 11 [1/2] (2.32ns)   --->   "%x_V_load_1 = load i12* %x_V_addr_167, align 2" [../my-conifer-prj/firmware/BDT.h:57]   --->   Operation 11 'load' 'x_V_load_1' <Predicate = true> <Delay = 2.32> <Core = "RAM">   --->   Core 37 'RAM' <Latency = 1> <II = 1> <Delay = 2.32> <Storage> <Opcode : 'load' 'store'> <Ports = 2> <Width = 12> <Depth = 12> <RAM>
ST_2 : Operation 12 [1/1] (1.99ns)   --->   "%icmp_ln1497_1 = icmp slt i12 %x_V_load_1, 1" [../my-conifer-prj/firmware/BDT.h:57]   --->   Operation 12 'icmp' 'icmp_ln1497_1' <Predicate = true> <Delay = 1.99> <Core = "Cmp">   --->   Core 25 'Cmp' <Latency = 0> <II = 1> <Delay = 1.99> <FuncUnit> <Opcode : 'icmp'> <InPorts = 2> <OutPorts = 1>
ST_2 : Operation 13 [1/1] (0.00ns)   --->   "%x_V_addr_168 = getelementptr [12 x i12]* %x_V, i64 0, i64 7" [../my-conifer-prj/firmware/BDT.h:57]   --->   Operation 13 'getelementptr' 'x_V_addr_168' <Predicate = true> <Delay = 0.00>
ST_2 : Operation 14 [2/2] (2.32ns)   --->   "%x_V_load_2 = load i12* %x_V_addr_168, align 2" [../my-conifer-prj/firmware/BDT.h:57]   --->   Operation 14 'load' 'x_V_load_2' <Predicate = true> <Delay = 2.32> <Core = "RAM">   --->   Core 37 'RAM' <Latency = 1> <II = 1> <Delay = 2.32> <Storage> <Opcode : 'load' 'store'> <Ports = 2> <Width = 12> <Depth = 12> <RAM>
ST_2 : Operation 15 [1/1] (0.00ns)   --->   "%x_V_addr_169 = getelementptr [12 x i12]* %x_V, i64 0, i64 9" [../my-conifer-prj/firmware/BDT.h:57]   --->   Operation 15 'getelementptr' 'x_V_addr_169' <Predicate = true> <Delay = 0.00>
ST_2 : Operation 16 [2/2] (2.32ns)   --->   "%x_V_load_5 = load i12* %x_V_addr_169, align 2" [../my-conifer-prj/firmware/BDT.h:57]   --->   Operation 16 'load' 'x_V_load_5' <Predicate = true> <Delay = 2.32> <Core = "RAM">   --->   Core 37 'RAM' <Latency = 1> <II = 1> <Delay = 2.32> <Storage> <Opcode : 'load' 'store'> <Ports = 2> <Width = 12> <Depth = 12> <RAM>
ST_2 : Operation 17 [1/1] (1.99ns)   --->   "%icmp_ln1497_8 = icmp slt i12 %x_V_load, 897" [../my-conifer-prj/firmware/BDT.h:57]   --->   Operation 17 'icmp' 'icmp_ln1497_8' <Predicate = true> <Delay = 1.99> <Core = "Cmp">   --->   Core 25 'Cmp' <Latency = 0> <II = 1> <Delay = 1.99> <FuncUnit> <Opcode : 'icmp'> <InPorts = 2> <OutPorts = 1>
ST_2 : Operation 18 [1/1] (1.99ns)   --->   "%icmp_ln1497_12 = icmp slt i12 %x_V_load, 513" [../my-conifer-prj/firmware/BDT.h:57]   --->   Operation 18 'icmp' 'icmp_ln1497_12' <Predicate = true> <Delay = 1.99> <Core = "Cmp">   --->   Core 25 'Cmp' <Latency = 0> <II = 1> <Delay = 1.99> <FuncUnit> <Opcode : 'icmp'> <InPorts = 2> <OutPorts = 1>

State 3 <SV = 2> <Delay = 4.31>
ST_3 : Operation 19 [1/2] (2.32ns)   --->   "%x_V_load_2 = load i12* %x_V_addr_168, align 2" [../my-conifer-prj/firmware/BDT.h:57]   --->   Operation 19 'load' 'x_V_load_2' <Predicate = true> <Delay = 2.32> <Core = "RAM">   --->   Core 37 'RAM' <Latency = 1> <II = 1> <Delay = 2.32> <Storage> <Opcode : 'load' 'store'> <Ports = 2> <Width = 12> <Depth = 12> <RAM>
ST_3 : Operation 20 [1/1] (1.99ns)   --->   "%icmp_ln1497_2 = icmp slt i12 %x_V_load_2, 1793" [../my-conifer-prj/firmware/BDT.h:57]   --->   Operation 20 'icmp' 'icmp_ln1497_2' <Predicate = (icmp_ln1497)> <Delay = 1.99> <Core = "Cmp">   --->   Core 25 'Cmp' <Latency = 0> <II = 1> <Delay = 1.99> <FuncUnit> <Opcode : 'icmp'> <InPorts = 2> <OutPorts = 1>
ST_3 : Operation 21 [1/2] (2.32ns)   --->   "%x_V_load_5 = load i12* %x_V_addr_169, align 2" [../my-conifer-prj/firmware/BDT.h:57]   --->   Operation 21 'load' 'x_V_load_5' <Predicate = true> <Delay = 2.32> <Core = "RAM">   --->   Core 37 'RAM' <Latency = 1> <II = 1> <Delay = 2.32> <Storage> <Opcode : 'load' 'store'> <Ports = 2> <Width = 12> <Depth = 12> <RAM>
ST_3 : Operation 22 [1/1] (1.99ns)   --->   "%icmp_ln1497_5 = icmp slt i12 %x_V_load_5, 641" [../my-conifer-prj/firmware/BDT.h:57]   --->   Operation 22 'icmp' 'icmp_ln1497_5' <Predicate = (icmp_ln1497)> <Delay = 1.99> <Core = "Cmp">   --->   Core 25 'Cmp' <Latency = 0> <II = 1> <Delay = 1.99> <FuncUnit> <Opcode : 'icmp'> <InPorts = 2> <OutPorts = 1>
ST_3 : Operation 23 [1/1] (0.00ns)   --->   "%x_V_addr_170 = getelementptr [12 x i12]* %x_V, i64 0, i64 11" [../my-conifer-prj/firmware/BDT.h:57]   --->   Operation 23 'getelementptr' 'x_V_addr_170' <Predicate = true> <Delay = 0.00>
ST_3 : Operation 24 [2/2] (2.32ns)   --->   "%x_V_load_9 = load i12* %x_V_addr_170, align 2" [../my-conifer-prj/firmware/BDT.h:57]   --->   Operation 24 'load' 'x_V_load_9' <Predicate = true> <Delay = 2.32> <Core = "RAM">   --->   Core 37 'RAM' <Latency = 1> <II = 1> <Delay = 2.32> <Storage> <Opcode : 'load' 'store'> <Ports = 2> <Width = 12> <Depth = 12> <RAM>

State 4 <SV = 3> <Delay = 7.77>
ST_4 : Operation 25 [1/1] (0.00ns)   --->   "call void (...)* @_ssdm_op_SpecPipeline(i32 1, i32 1, i32 1, i32 0, [1 x i8]* @p_str) nounwind" [../my-conifer-prj/firmware/BDT.h:25]   --->   Operation 25 'specpipeline' <Predicate = true> <Delay = 0.00>
ST_4 : Operation 26 [1/2] (2.32ns)   --->   "%x_V_load_9 = load i12* %x_V_addr_170, align 2" [../my-conifer-prj/firmware/BDT.h:57]   --->   Operation 26 'load' 'x_V_load_9' <Predicate = true> <Delay = 2.32> <Core = "RAM">   --->   Core 37 'RAM' <Latency = 1> <II = 1> <Delay = 2.32> <Storage> <Opcode : 'load' 'store'> <Ports = 2> <Width = 12> <Depth = 12> <RAM>
ST_4 : Operation 27 [1/1] (1.99ns)   --->   "%icmp_ln1497_9 = icmp slt i12 %x_V_load_9, 257" [../my-conifer-prj/firmware/BDT.h:57]   --->   Operation 27 'icmp' 'icmp_ln1497_9' <Predicate = true> <Delay = 1.99> <Core = "Cmp">   --->   Core 25 'Cmp' <Latency = 0> <II = 1> <Delay = 1.99> <FuncUnit> <Opcode : 'icmp'> <InPorts = 2> <OutPorts = 1>
ST_4 : Operation 28 [1/1] (0.97ns)   --->   "%and_ln73 = and i1 %icmp_ln1497_1, %icmp_ln1497" [../my-conifer-prj/firmware/BDT.h:73]   --->   Operation 28 'and' 'and_ln73' <Predicate = (icmp_ln1497)> <Delay = 0.97> <Core = "LogicGate">   --->   Core 27 'LogicGate' <Latency = 0> <II = 1> <Delay = 0.97> <FuncUnit> <Opcode : 'and' 'or' 'xor'> <InPorts = 2> <OutPorts = 1>
ST_4 : Operation 29 [1/1] (0.00ns) (grouped into LUT with out node select_ln89_202)   --->   "%and_ln73_219 = and i1 %icmp_ln1497_2, %and_ln73" [../my-conifer-prj/firmware/BDT.h:73]   --->   Operation 29 'and' 'and_ln73_219' <Predicate = (icmp_ln1497)> <Delay = 0.00> <Core = "LogicGate">   --->   Core 27 'LogicGate' <Latency = 0> <II = 1> <Delay = 0.97> <FuncUnit> <Opcode : 'and' 'or' 'xor'> <InPorts = 2> <OutPorts = 1>
ST_4 : Operation 30 [1/1] (0.00ns) (grouped into LUT with out node or_ln88)   --->   "%xor_ln75 = xor i1 %icmp_ln1497_1, true" [../my-conifer-prj/firmware/BDT.h:75]   --->   Operation 30 'xor' 'xor_ln75' <Predicate = (icmp_ln1497)> <Delay = 0.00> <Core = "LogicGate">   --->   Core 27 'LogicGate' <Latency = 0> <II = 1> <Delay = 0.97> <FuncUnit> <Opcode : 'and' 'or' 'xor'> <InPorts = 2> <OutPorts = 1>
ST_4 : Operation 31 [1/1] (0.00ns) (grouped into LUT with out node or_ln88)   --->   "%and_ln73_224 = and i1 %icmp_ln1497_5, %xor_ln75" [../my-conifer-prj/firmware/BDT.h:73]   --->   Operation 31 'and' 'and_ln73_224' <Predicate = (icmp_ln1497)> <Delay = 0.00> <Core = "LogicGate">   --->   Core 27 'LogicGate' <Latency = 0> <II = 1> <Delay = 0.97> <FuncUnit> <Opcode : 'and' 'or' 'xor'> <InPorts = 2> <OutPorts = 1>
ST_4 : Operation 32 [1/1] (0.00ns) (grouped into LUT with out node or_ln88)   --->   "%and_ln73_220 = and i1 %and_ln73_224, %icmp_ln1497" [../my-conifer-prj/firmware/BDT.h:73]   --->   Operation 32 'and' 'and_ln73_220' <Predicate = (icmp_ln1497)> <Delay = 0.00> <Core = "LogicGate">   --->   Core 27 'LogicGate' <Latency = 0> <II = 1> <Delay = 0.97> <FuncUnit> <Opcode : 'and' 'or' 'xor'> <InPorts = 2> <OutPorts = 1>
ST_4 : Operation 33 [1/1] (0.97ns)   --->   "%xor_ln75_77 = xor i1 %icmp_ln1497, true" [../my-conifer-prj/firmware/BDT.h:75]   --->   Operation 33 'xor' 'xor_ln75_77' <Predicate = true> <Delay = 0.97> <Core = "LogicGate">   --->   Core 27 'LogicGate' <Latency = 0> <II = 1> <Delay = 0.97> <FuncUnit> <Opcode : 'and' 'or' 'xor'> <InPorts = 2> <OutPorts = 1>
ST_4 : Operation 34 [1/1] (0.97ns)   --->   "%and_ln73_221 = and i1 %icmp_ln1497_8, %xor_ln75_77" [../my-conifer-prj/firmware/BDT.h:73]   --->   Operation 34 'and' 'and_ln73_221' <Predicate = true> <Delay = 0.97> <Core = "LogicGate">   --->   Core 27 'LogicGate' <Latency = 0> <II = 1> <Delay = 0.97> <FuncUnit> <Opcode : 'and' 'or' 'xor'> <InPorts = 2> <OutPorts = 1>
ST_4 : Operation 35 [1/1] (0.00ns) (grouped into LUT with out node select_ln89_204)   --->   "%and_ln73_222 = and i1 %icmp_ln1497_9, %and_ln73_221" [../my-conifer-prj/firmware/BDT.h:73]   --->   Operation 35 'and' 'and_ln73_222' <Predicate = true> <Delay = 0.00> <Core = "LogicGate">   --->   Core 27 'LogicGate' <Latency = 0> <II = 1> <Delay = 0.97> <FuncUnit> <Opcode : 'and' 'or' 'xor'> <InPorts = 2> <OutPorts = 1>
ST_4 : Operation 36 [1/1] (0.00ns) (grouped into LUT with out node tmp)   --->   "%xor_ln75_78 = xor i1 %icmp_ln1497_8, true" [../my-conifer-prj/firmware/BDT.h:75]   --->   Operation 36 'xor' 'xor_ln75_78' <Predicate = true> <Delay = 0.00> <Core = "LogicGate">   --->   Core 27 'LogicGate' <Latency = 0> <II = 1> <Delay = 0.97> <FuncUnit> <Opcode : 'and' 'or' 'xor'> <InPorts = 2> <OutPorts = 1>
ST_4 : Operation 37 [1/1] (0.00ns) (grouped into LUT with out node tmp)   --->   "%and_ln73_225 = and i1 %icmp_ln1497_12, %xor_ln75_77" [../my-conifer-prj/firmware/BDT.h:73]   --->   Operation 37 'and' 'and_ln73_225' <Predicate = true> <Delay = 0.00> <Core = "LogicGate">   --->   Core 27 'LogicGate' <Latency = 0> <II = 1> <Delay = 0.97> <FuncUnit> <Opcode : 'and' 'or' 'xor'> <InPorts = 2> <OutPorts = 1>
ST_4 : Operation 38 [1/1] (0.00ns) (grouped into LUT with out node tmp)   --->   "%and_ln73_223 = and i1 %and_ln73_225, %xor_ln75_78" [../my-conifer-prj/firmware/BDT.h:73]   --->   Operation 38 'and' 'and_ln73_223' <Predicate = true> <Delay = 0.00> <Core = "LogicGate">   --->   Core 27 'LogicGate' <Latency = 0> <II = 1> <Delay = 0.97> <FuncUnit> <Opcode : 'and' 'or' 'xor'> <InPorts = 2> <OutPorts = 1>
ST_4 : Operation 39 [1/1] (0.97ns) (out node of the LUT)   --->   "%or_ln88 = or i1 %and_ln73, %and_ln73_220" [../my-conifer-prj/firmware/BDT.h:88]   --->   Operation 39 'or' 'or_ln88' <Predicate = (icmp_ln1497)> <Delay = 0.97> <Core = "LogicGate">   --->   Core 27 'LogicGate' <Latency = 0> <II = 1> <Delay = 0.97> <FuncUnit> <Opcode : 'and' 'or' 'xor'> <InPorts = 2> <OutPorts = 1>
ST_4 : Operation 40 [1/1] (0.00ns) (grouped into LUT with out node select_ln89_204)   --->   "%or_ln88_119 = or i1 %icmp_ln1497, %and_ln73_222" [../my-conifer-prj/firmware/BDT.h:88]   --->   Operation 40 'or' 'or_ln88_119' <Predicate = true> <Delay = 0.00> <Core = "LogicGate">   --->   Core 27 'LogicGate' <Latency = 0> <II = 1> <Delay = 0.97> <FuncUnit> <Opcode : 'and' 'or' 'xor'> <InPorts = 2> <OutPorts = 1>
ST_4 : Operation 41 [1/1] (0.97ns)   --->   "%or_ln88_120 = or i1 %icmp_ln1497, %and_ln73_221" [../my-conifer-prj/firmware/BDT.h:88]   --->   Operation 41 'or' 'or_ln88_120' <Predicate = true> <Delay = 0.97> <Core = "LogicGate">   --->   Core 27 'LogicGate' <Latency = 0> <II = 1> <Delay = 0.97> <FuncUnit> <Opcode : 'and' 'or' 'xor'> <InPorts = 2> <OutPorts = 1>
ST_4 : Operation 42 [1/1] (0.00ns) (grouped into LUT with out node tmp)   --->   "%or_ln88_121 = or i1 %or_ln88_120, %and_ln73_223" [../my-conifer-prj/firmware/BDT.h:88]   --->   Operation 42 'or' 'or_ln88_121' <Predicate = true> <Delay = 0.00> <Core = "LogicGate">   --->   Core 27 'LogicGate' <Latency = 0> <II = 1> <Delay = 0.97> <FuncUnit> <Opcode : 'and' 'or' 'xor'> <InPorts = 2> <OutPorts = 1>
ST_4 : Operation 43 [1/1] (0.00ns) (grouped into LUT with out node select_ln89_202)   --->   "%xor_ln89 = xor i1 %and_ln73_219, true" [../my-conifer-prj/firmware/BDT.h:89]   --->   Operation 43 'xor' 'xor_ln89' <Predicate = (icmp_ln1497)> <Delay = 0.00> <Core = "LogicGate">   --->   Core 27 'LogicGate' <Latency = 0> <II = 1> <Delay = 0.97> <FuncUnit> <Opcode : 'and' 'or' 'xor'> <InPorts = 2> <OutPorts = 1>
ST_4 : Operation 44 [1/1] (0.00ns) (grouped into LUT with out node select_ln89_202)   --->   "%zext_ln89 = zext i1 %xor_ln89 to i2" [../my-conifer-prj/firmware/BDT.h:89]   --->   Operation 44 'zext' 'zext_ln89' <Predicate = (icmp_ln1497)> <Delay = 0.00>
ST_4 : Operation 45 [1/1] (0.00ns) (grouped into LUT with out node select_ln89_202)   --->   "%select_ln89 = select i1 %and_ln73, i2 %zext_ln89, i2 -2" [../my-conifer-prj/firmware/BDT.h:89]   --->   Operation 45 'select' 'select_ln89' <Predicate = (icmp_ln1497)> <Delay = 0.00> <Core = "Sel">   --->   Core 26 'Sel' <Latency = 0> <II = 1> <Delay = 0.98> <FuncUnit> <Opcode : 'select'> <InPorts = 3> <OutPorts = 1>
ST_4 : Operation 46 [1/1] (0.00ns) (grouped into LUT with out node select_ln89_202)   --->   "%select_ln89_201 = select i1 %or_ln88, i2 %select_ln89, i2 -1" [../my-conifer-prj/firmware/BDT.h:89]   --->   Operation 46 'select' 'select_ln89_201' <Predicate = (icmp_ln1497)> <Delay = 0.00> <Core = "Sel">   --->   Core 26 'Sel' <Latency = 0> <II = 1> <Delay = 0.98> <FuncUnit> <Opcode : 'select'> <InPorts = 3> <OutPorts = 1>
ST_4 : Operation 47 [1/1] (0.00ns) (grouped into LUT with out node select_ln89_202)   --->   "%zext_ln89_29 = zext i2 %select_ln89_201 to i3" [../my-conifer-prj/firmware/BDT.h:89]   --->   Operation 47 'zext' 'zext_ln89_29' <Predicate = (icmp_ln1497)> <Delay = 0.00>
ST_4 : Operation 48 [1/1] (0.99ns) (out node of the LUT)   --->   "%select_ln89_202 = select i1 %icmp_ln1497, i3 %zext_ln89_29, i3 -4" [../my-conifer-prj/firmware/BDT.h:89]   --->   Operation 48 'select' 'select_ln89_202' <Predicate = true> <Delay = 0.99> <Core = "Sel">   --->   Core 26 'Sel' <Latency = 0> <II = 1> <Delay = 0.98> <FuncUnit> <Opcode : 'select'> <InPorts = 3> <OutPorts = 1>
ST_4 : Operation 49 [1/1] (0.00ns) (grouped into LUT with out node select_ln89_204)   --->   "%select_ln89_203 = select i1 %or_ln88_119, i3 %select_ln89_202, i3 -3" [../my-conifer-prj/firmware/BDT.h:89]   --->   Operation 49 'select' 'select_ln89_203' <Predicate = true> <Delay = 0.00> <Core = "Sel">   --->   Core 26 'Sel' <Latency = 0> <II = 1> <Delay = 0.98> <FuncUnit> <Opcode : 'select'> <InPorts = 3> <OutPorts = 1>
ST_4 : Operation 50 [1/1] (0.98ns) (out node of the LUT)   --->   "%select_ln89_204 = select i1 %or_ln88_120, i3 %select_ln89_203, i3 -2" [../my-conifer-prj/firmware/BDT.h:89]   --->   Operation 50 'select' 'select_ln89_204' <Predicate = true> <Delay = 0.98> <Core = "Sel">   --->   Core 26 'Sel' <Latency = 0> <II = 1> <Delay = 0.98> <FuncUnit> <Opcode : 'select'> <InPorts = 3> <OutPorts = 1>
ST_4 : Operation 51 [1/1] (0.00ns) (grouped into LUT with out node tmp)   --->   "%select_ln89_205 = select i1 %or_ln88_121, i3 %select_ln89_204, i3 -1" [../my-conifer-prj/firmware/BDT.h:89]   --->   Operation 51 'select' 'select_ln89_205' <Predicate = true> <Delay = 0.00> <Core = "Sel">   --->   Core 26 'Sel' <Latency = 0> <II = 1> <Delay = 0.98> <FuncUnit> <Opcode : 'select'> <InPorts = 3> <OutPorts = 1>
ST_4 : Operation 52 [1/1] (2.47ns) (out node of the LUT)   --->   "%tmp = call i12 @_ssdm_op_Mux.ap_auto.8i12.i3(i12 -26, i12 -40, i12 14, i12 -33, i12 34, i12 -31, i12 26, i12 -23, i3 %select_ln89_205)" [../my-conifer-prj/firmware/BDT.h:89]   --->   Operation 52 'mux' 'tmp' <Predicate = true> <Delay = 2.47> <Core = "MuxnS">   --->   Core 31 'MuxnS' <Latency = 0> <II = 1> <Delay = 2.47> <FuncUnit> <Opcode : 'mux'> <InPorts = 2> <OutPorts = 1>
ST_4 : Operation 53 [1/1] (0.00ns)   --->   "ret i12 %tmp" [../my-conifer-prj/firmware/BDT.h:93]   --->   Operation 53 'ret' <Predicate = true> <Delay = 0.00>


============================================================
+ Verbose Summary: Binding
============================================================
STG Binding: 
---------------- STG Properties BEGIN ----------------
- Is combinational: 0
- Is one-state seq: 0
- Is datapath-only: 0
- Is pipelined: 1
- Is top level: 0
Port [ Return ] is wired: 1; IO mode=ap_ctrl_hs:ce=0
Port [ x_V]:  wired=1; compound=1; hidden=0; nouse=0; global=0; static=0; extern=0; dir=0; type=1; pingpong=0; private_global=0; MemPort=[11]; IO mode=ap_memory:ce=0
---------------- STG Properties END ------------------

---------------- Datapath Model BEGIN ----------------

<LifeTime>
<method=bitvector/>
x_V_addr          (getelementptr) [ 00100]
x_V_addr_167      (getelementptr) [ 00100]
x_V_load          (load         ) [ 00000]
icmp_ln1497       (icmp         ) [ 01011]
x_V_load_1        (load         ) [ 00000]
icmp_ln1497_1     (icmp         ) [ 01011]
x_V_addr_168      (getelementptr) [ 00010]
x_V_addr_169      (getelementptr) [ 00010]
icmp_ln1497_8     (icmp         ) [ 01011]
icmp_ln1497_12    (icmp         ) [ 01011]
x_V_load_2        (load         ) [ 00000]
icmp_ln1497_2     (icmp         ) [ 01001]
x_V_load_5        (load         ) [ 00000]
icmp_ln1497_5     (icmp         ) [ 01001]
x_V_addr_170      (getelementptr) [ 01001]
specpipeline_ln25 (specpipeline ) [ 00000]
x_V_load_9        (load         ) [ 00000]
icmp_ln1497_9     (icmp         ) [ 00000]
and_ln73          (and          ) [ 00000]
and_ln73_219      (and          ) [ 00000]
xor_ln75          (xor          ) [ 00000]
and_ln73_224      (and          ) [ 00000]
and_ln73_220      (and          ) [ 00000]
xor_ln75_77       (xor          ) [ 00000]
and_ln73_221      (and          ) [ 00000]
and_ln73_222      (and          ) [ 00000]
xor_ln75_78       (xor          ) [ 00000]
and_ln73_225      (and          ) [ 00000]
and_ln73_223      (and          ) [ 00000]
or_ln88           (or           ) [ 00000]
or_ln88_119       (or           ) [ 00000]
or_ln88_120       (or           ) [ 00000]
or_ln88_121       (or           ) [ 00000]
xor_ln89          (xor          ) [ 00000]
zext_ln89         (zext         ) [ 00000]
select_ln89       (select       ) [ 00000]
select_ln89_201   (select       ) [ 00000]
zext_ln89_29      (zext         ) [ 00000]
select_ln89_202   (select       ) [ 00000]
select_ln89_203   (select       ) [ 00000]
select_ln89_204   (select       ) [ 00000]
select_ln89_205   (select       ) [ 00000]
tmp               (mux          ) [ 00000]
ret_ln93          (ret          ) [ 00000]
</LifeTime>

<model>

<comp_list>
<comp id="0" class="1000" name="x_V">
<pin_list>
<pin id="1" dir="1" index="0" bw="1" slack="0"/>
</pin_list>
<bind>
<StgValue><ssdm name="x_V"/><MemPortTyVec>1 1 </MemPortTyVec>
</StgValue>
</bind>
</comp>

<comp id="2" class="1001" name="const_2">
<pin_list>
<pin id="3" dir="1" index="0" bw="1" slack="0"/>
</pin_list>
<bind>
<StgValue><ssdm name=""/></StgValue>
</bind>
</comp>

<comp id="4" class="1001" name="const_4">
<pin_list>
<pin id="5" dir="1" index="0" bw="1" slack="0"/>
</pin_list>
<bind>
<StgValue><ssdm name=""/></StgValue>
</bind>
</comp>

<comp id="6" class="1001" name="const_6">
<pin_list>
<pin id="7" dir="1" index="0" bw="1" slack="0"/>
</pin_list>
<bind>
<StgValue><ssdm name=""/></StgValue>
</bind>
</comp>

<comp id="8" class="1001" name="const_8">
<pin_list>
<pin id="9" dir="1" index="0" bw="1" slack="0"/>
</pin_list>
<bind>
<StgValue><ssdm name=""/></StgValue>
</bind>
</comp>

<comp id="10" class="1001" name="const_10">
<pin_list>
<pin id="11" dir="1" index="0" bw="1" slack="0"/>
</pin_list>
<bind>
<StgValue><ssdm name=""/></StgValue>
</bind>
</comp>

<comp id="12" class="1001" name="const_12">
<pin_list>
<pin id="13" dir="1" index="0" bw="1" slack="0"/>
</pin_list>
<bind>
<StgValue><ssdm name=""/></StgValue>
</bind>
</comp>

<comp id="14" class="1001" name="const_14">
<pin_list>
<pin id="15" dir="1" index="0" bw="1" slack="0"/>
</pin_list>
<bind>
<StgValue><ssdm name=""/></StgValue>
</bind>
</comp>

<comp id="16" class="1001" name="const_16">
<pin_list>
<pin id="17" dir="1" index="0" bw="1" slack="0"/>
</pin_list>
<bind>
<StgValue><ssdm name=""/></StgValue>
</bind>
</comp>

<comp id="18" class="1001" name="const_18">
<pin_list>
<pin id="19" dir="1" index="0" bw="1" slack="0"/>
</pin_list>
<bind>
<StgValue><ssdm name=""/></StgValue>
</bind>
</comp>

<comp id="20" class="1001" name="const_20">
<pin_list>
<pin id="21" dir="1" index="0" bw="1" slack="0"/>
</pin_list>
<bind>
<StgValue><ssdm name=""/></StgValue>
</bind>
</comp>

<comp id="22" class="1001" name="const_22">
<pin_list>
<pin id="23" dir="1" index="0" bw="1" slack="0"/>
</pin_list>
<bind>
<StgValue><ssdm name=""/></StgValue>
</bind>
</comp>

<comp id="24" class="1001" name="const_24">
<pin_list>
<pin id="25" dir="1" index="0" bw="1" slack="2147483647"/>
</pin_list>
<bind>
<StgValue><ssdm name="_ssdm_op_SpecPipeline"/></StgValue>
</bind>
</comp>

<comp id="26" class="1001" name="const_26">
<pin_list>
<pin id="27" dir="1" index="0" bw="1" slack="2147483647"/>
</pin_list>
<bind>
<StgValue><ssdm name=""/></StgValue>
</bind>
</comp>

<comp id="28" class="1001" name="const_28">
<pin_list>
<pin id="29" dir="1" index="0" bw="1" slack="2147483647"/>
</pin_list>
<bind>
<StgValue><ssdm name=""/></StgValue>
</bind>
</comp>

<comp id="30" class="1001" name="const_30">
<pin_list>
<pin id="31" dir="1" index="0" bw="1" slack="2147483647"/>
</pin_list>
<bind>
<StgValue><ssdm name="p_str"/></StgValue>
</bind>
</comp>

<comp id="32" class="1001" name="const_32">
<pin_list>
<pin id="33" dir="1" index="0" bw="1" slack="0"/>
</pin_list>
<bind>
<StgValue><ssdm name=""/></StgValue>
</bind>
</comp>

<comp id="34" class="1001" name="const_34">
<pin_list>
<pin id="35" dir="1" index="0" bw="1" slack="0"/>
</pin_list>
<bind>
<StgValue><ssdm name=""/></StgValue>
</bind>
</comp>

<comp id="36" class="1001" name="const_36">
<pin_list>
<pin id="37" dir="1" index="0" bw="1" slack="0"/>
</pin_list>
<bind>
<StgValue><ssdm name=""/></StgValue>
</bind>
</comp>

<comp id="38" class="1001" name="const_38">
<pin_list>
<pin id="39" dir="1" index="0" bw="1" slack="0"/>
</pin_list>
<bind>
<StgValue><ssdm name=""/></StgValue>
</bind>
</comp>

<comp id="40" class="1001" name="const_40">
<pin_list>
<pin id="41" dir="1" index="0" bw="1" slack="0"/>
</pin_list>
<bind>
<StgValue><ssdm name=""/></StgValue>
</bind>
</comp>

<comp id="42" class="1001" name="const_42">
<pin_list>
<pin id="43" dir="1" index="0" bw="1" slack="0"/>
</pin_list>
<bind>
<StgValue><ssdm name=""/></StgValue>
</bind>
</comp>

<comp id="44" class="1001" name="const_44">
<pin_list>
<pin id="45" dir="1" index="0" bw="1" slack="0"/>
</pin_list>
<bind>
<StgValue><ssdm name=""/></StgValue>
</bind>
</comp>

<comp id="46" class="1001" name="const_46">
<pin_list>
<pin id="47" dir="1" index="0" bw="1" slack="0"/>
</pin_list>
<bind>
<StgValue><ssdm name=""/></StgValue>
</bind>
</comp>

<comp id="48" class="1001" name="const_48">
<pin_list>
<pin id="49" dir="1" index="0" bw="1" slack="0"/>
</pin_list>
<bind>
<StgValue><ssdm name="_ssdm_op_Mux.ap_auto.8i12.i3"/></StgValue>
</bind>
</comp>

<comp id="50" class="1001" name="const_50">
<pin_list>
<pin id="51" dir="1" index="0" bw="1" slack="0"/>
</pin_list>
<bind>
<StgValue><ssdm name=""/></StgValue>
</bind>
</comp>

<comp id="52" class="1001" name="const_52">
<pin_list>
<pin id="53" dir="1" index="0" bw="1" slack="0"/>
</pin_list>
<bind>
<StgValue><ssdm name=""/></StgValue>
</bind>
</comp>

<comp id="54" class="1001" name="const_54">
<pin_list>
<pin id="55" dir="1" index="0" bw="1" slack="0"/>
</pin_list>
<bind>
<StgValue><ssdm name=""/></StgValue>
</bind>
</comp>

<comp id="56" class="1001" name="const_56">
<pin_list>
<pin id="57" dir="1" index="0" bw="1" slack="0"/>
</pin_list>
<bind>
<StgValue><ssdm name=""/></StgValue>
</bind>
</comp>

<comp id="58" class="1001" name="const_58">
<pin_list>
<pin id="59" dir="1" index="0" bw="1" slack="0"/>
</pin_list>
<bind>
<StgValue><ssdm name=""/></StgValue>
</bind>
</comp>

<comp id="60" class="1001" name="const_60">
<pin_list>
<pin id="61" dir="1" index="0" bw="1" slack="0"/>
</pin_list>
<bind>
<StgValue><ssdm name=""/></StgValue>
</bind>
</comp>

<comp id="62" class="1001" name="const_62">
<pin_list>
<pin id="63" dir="1" index="0" bw="1" slack="0"/>
</pin_list>
<bind>
<StgValue><ssdm name=""/></StgValue>
</bind>
</comp>

<comp id="64" class="1001" name="const_64">
<pin_list>
<pin id="65" dir="1" index="0" bw="1" slack="0"/>
</pin_list>
<bind>
<StgValue><ssdm name=""/></StgValue>
</bind>
</comp>

<comp id="66" class="1004" name="x_V_addr_gep_fu_66">
<pin_list>
<pin id="67" dir="0" index="0" bw="12" slack="0"/>
<pin id="68" dir="0" index="1" bw="1" slack="0"/>
<pin id="69" dir="0" index="2" bw="3" slack="0"/>
<pin id="70" dir="1" index="3" bw="4" slack="0"/>
</pin_list>
<bind>
<opcode="getelementptr(29) " fcode="getelementptr"/>
<opset="x_V_addr/1 "/>
</bind>
</comp>

<comp id="74" class="1004" name="grp_access_fu_74">
<pin_list>
<pin id="75" dir="0" index="0" bw="4" slack="0"/>
<pin id="76" dir="0" index="1" bw="12" slack="2147483647"/>
<pin id="77" dir="0" index="2" bw="0" slack="0"/>
<pin id="88" dir="0" index="4" bw="4" slack="2147483647"/>
<pin id="89" dir="0" index="5" bw="12" slack="2147483647"/>
<pin id="90" dir="0" index="6" bw="0" slack="2147483647"/>
<pin id="78" dir="1" index="3" bw="12" slack="0"/>
<pin id="91" dir="1" index="7" bw="12" slack="0"/>
</pin_list>
<bind>
<opcode="load(27) " fcode="load"/>
<opset="x_V_load/1 x_V_load_1/1 x_V_load_2/2 x_V_load_5/2 x_V_load_9/3 "/>
</bind>
</comp>

<comp id="80" class="1004" name="x_V_addr_167_gep_fu_80">
<pin_list>
<pin id="81" dir="0" index="0" bw="12" slack="0"/>
<pin id="82" dir="0" index="1" bw="1" slack="0"/>
<pin id="83" dir="0" index="2" bw="1" slack="0"/>
<pin id="84" dir="1" index="3" bw="4" slack="0"/>
</pin_list>
<bind>
<opcode="getelementptr(29) " fcode="getelementptr"/>
<opset="x_V_addr_167/1 "/>
</bind>
</comp>

<comp id="93" class="1004" name="x_V_addr_168_gep_fu_93">
<pin_list>
<pin id="94" dir="0" index="0" bw="12" slack="0"/>
<pin id="95" dir="0" index="1" bw="1" slack="0"/>
<pin id="96" dir="0" index="2" bw="4" slack="0"/>
<pin id="97" dir="1" index="3" bw="4" slack="0"/>
</pin_list>
<bind>
<opcode="getelementptr(29) " fcode="getelementptr"/>
<opset="x_V_addr_168/2 "/>
</bind>
</comp>

<comp id="102" class="1004" name="x_V_addr_169_gep_fu_102">
<pin_list>
<pin id="103" dir="0" index="0" bw="12" slack="0"/>
<pin id="104" dir="0" index="1" bw="1" slack="0"/>
<pin id="105" dir="0" index="2" bw="5" slack="0"/>
<pin id="106" dir="1" index="3" bw="4" slack="0"/>
</pin_list>
<bind>
<opcode="getelementptr(29) " fcode="getelementptr"/>
<opset="x_V_addr_169/2 "/>
</bind>
</comp>

<comp id="111" class="1004" name="x_V_addr_170_gep_fu_111">
<pin_list>
<pin id="112" dir="0" index="0" bw="12" slack="0"/>
<pin id="113" dir="0" index="1" bw="1" slack="0"/>
<pin id="114" dir="0" index="2" bw="5" slack="0"/>
<pin id="115" dir="1" index="3" bw="4" slack="0"/>
</pin_list>
<bind>
<opcode="getelementptr(29) " fcode="getelementptr"/>
<opset="x_V_addr_170/3 "/>
</bind>
</comp>

<comp id="120" class="1004" name="icmp_ln1497_fu_120">
<pin_list>
<pin id="121" dir="0" index="0" bw="12" slack="0"/>
<pin id="122" dir="0" index="1" bw="11" slack="0"/>
<pin id="123" dir="1" index="2" bw="1" slack="1"/>
</pin_list>
<bind>
<opcode="icmp(45) " fcode="icmp"/>
<opset="icmp_ln1497/2 "/>
</bind>
</comp>

<comp id="126" class="1004" name="icmp_ln1497_1_fu_126">
<pin_list>
<pin id="127" dir="0" index="0" bw="12" slack="0"/>
<pin id="128" dir="0" index="1" bw="1" slack="0"/>
<pin id="129" dir="1" index="2" bw="1" slack="2"/>
</pin_list>
<bind>
<opcode="icmp(45) " fcode="icmp"/>
<opset="icmp_ln1497_1/2 "/>
</bind>
</comp>

<comp id="132" class="1004" name="icmp_ln1497_8_fu_132">
<pin_list>
<pin id="133" dir="0" index="0" bw="12" slack="0"/>
<pin id="134" dir="0" index="1" bw="11" slack="0"/>
<pin id="135" dir="1" index="2" bw="1" slack="2"/>
</pin_list>
<bind>
<opcode="icmp(45) " fcode="icmp"/>
<opset="icmp_ln1497_8/2 "/>
</bind>
</comp>

<comp id="138" class="1004" name="icmp_ln1497_12_fu_138">
<pin_list>
<pin id="139" dir="0" index="0" bw="12" slack="0"/>
<pin id="140" dir="0" index="1" bw="11" slack="0"/>
<pin id="141" dir="1" index="2" bw="1" slack="2"/>
</pin_list>
<bind>
<opcode="icmp(45) " fcode="icmp"/>
<opset="icmp_ln1497_12/2 "/>
</bind>
</comp>

<comp id="144" class="1004" name="icmp_ln1497_2_fu_144">
<pin_list>
<pin id="145" dir="0" index="0" bw="12" slack="0"/>
<pin id="146" dir="0" index="1" bw="12" slack="0"/>
<pin id="147" dir="1" index="2" bw="1" slack="1"/>
</pin_list>
<bind>
<opcode="icmp(45) " fcode="icmp"/>
<opset="icmp_ln1497_2/3 "/>
</bind>
</comp>

<comp id="150" class="1004" name="icmp_ln1497_5_fu_150">
<pin_list>
<pin id="151" dir="0" index="0" bw="12" slack="0"/>
<pin id="152" dir="0" index="1" bw="11" slack="0"/>
<pin id="153" dir="1" index="2" bw="1" slack="1"/>
</pin_list>
<bind>
<opcode="icmp(45) " fcode="icmp"/>
<opset="icmp_ln1497_5/3 "/>
</bind>
</comp>

<comp id="156" class="1004" name="icmp_ln1497_9_fu_156">
<pin_list>
<pin id="157" dir="0" index="0" bw="12" slack="0"/>
<pin id="158" dir="0" index="1" bw="10" slack="0"/>
<pin id="159" dir="1" index="2" bw="1" slack="0"/>
</pin_list>
<bind>
<opcode="icmp(45) " fcode="icmp"/>
<opset="icmp_ln1497_9/4 "/>
</bind>
</comp>

<comp id="162" class="1004" name="and_ln73_fu_162">
<pin_list>
<pin id="163" dir="0" index="0" bw="1" slack="2"/>
<pin id="164" dir="0" index="1" bw="1" slack="2"/>
<pin id="165" dir="1" index="2" bw="1" slack="0"/>
</pin_list>
<bind>
<opcode="and(23) " fcode="and"/>
<opset="and_ln73/4 "/>
</bind>
</comp>

<comp id="166" class="1004" name="and_ln73_219_fu_166">
<pin_list>
<pin id="167" dir="0" index="0" bw="1" slack="1"/>
<pin id="168" dir="0" index="1" bw="1" slack="0"/>
<pin id="169" dir="1" index="2" bw="1" slack="0"/>
</pin_list>
<bind>
<opcode="and(23) " fcode="and"/>
<opset="and_ln73_219/4 "/>
</bind>
</comp>

<comp id="171" class="1004" name="xor_ln75_fu_171">
<pin_list>
<pin id="172" dir="0" index="0" bw="1" slack="2"/>
<pin id="173" dir="0" index="1" bw="1" slack="0"/>
<pin id="174" dir="1" index="2" bw="1" slack="0"/>
</pin_list>
<bind>
<opcode="xor(25) " fcode="xor"/>
<opset="xor_ln75/4 "/>
</bind>
</comp>

<comp id="176" class="1004" name="and_ln73_224_fu_176">
<pin_list>
<pin id="177" dir="0" index="0" bw="1" slack="1"/>
<pin id="178" dir="0" index="1" bw="1" slack="0"/>
<pin id="179" dir="1" index="2" bw="1" slack="0"/>
</pin_list>
<bind>
<opcode="and(23) " fcode="and"/>
<opset="and_ln73_224/4 "/>
</bind>
</comp>

<comp id="181" class="1004" name="and_ln73_220_fu_181">
<pin_list>
<pin id="182" dir="0" index="0" bw="1" slack="0"/>
<pin id="183" dir="0" index="1" bw="1" slack="2"/>
<pin id="184" dir="1" index="2" bw="1" slack="0"/>
</pin_list>
<bind>
<opcode="and(23) " fcode="and"/>
<opset="and_ln73_220/4 "/>
</bind>
</comp>

<comp id="186" class="1004" name="xor_ln75_77_fu_186">
<pin_list>
<pin id="187" dir="0" index="0" bw="1" slack="2"/>
<pin id="188" dir="0" index="1" bw="1" slack="0"/>
<pin id="189" dir="1" index="2" bw="1" slack="0"/>
</pin_list>
<bind>
<opcode="xor(25) " fcode="xor"/>
<opset="xor_ln75_77/4 "/>
</bind>
</comp>

<comp id="191" class="1004" name="and_ln73_221_fu_191">
<pin_list>
<pin id="192" dir="0" index="0" bw="1" slack="2"/>
<pin id="193" dir="0" index="1" bw="1" slack="0"/>
<pin id="194" dir="1" index="2" bw="1" slack="0"/>
</pin_list>
<bind>
<opcode="and(23) " fcode="and"/>
<opset="and_ln73_221/4 "/>
</bind>
</comp>

<comp id="196" class="1004" name="and_ln73_222_fu_196">
<pin_list>
<pin id="197" dir="0" index="0" bw="1" slack="0"/>
<pin id="198" dir="0" index="1" bw="1" slack="0"/>
<pin id="199" dir="1" index="2" bw="1" slack="0"/>
</pin_list>
<bind>
<opcode="and(23) " fcode="and"/>
<opset="and_ln73_222/4 "/>
</bind>
</comp>

<comp id="202" class="1004" name="xor_ln75_78_fu_202">
<pin_list>
<pin id="203" dir="0" index="0" bw="1" slack="2"/>
<pin id="204" dir="0" index="1" bw="1" slack="0"/>
<pin id="205" dir="1" index="2" bw="1" slack="0"/>
</pin_list>
<bind>
<opcode="xor(25) " fcode="xor"/>
<opset="xor_ln75_78/4 "/>
</bind>
</comp>

<comp id="207" class="1004" name="and_ln73_225_fu_207">
<pin_list>
<pin id="208" dir="0" index="0" bw="1" slack="2"/>
<pin id="209" dir="0" index="1" bw="1" slack="0"/>
<pin id="210" dir="1" index="2" bw="1" slack="0"/>
</pin_list>
<bind>
<opcode="and(23) " fcode="and"/>
<opset="and_ln73_225/4 "/>
</bind>
</comp>

<comp id="212" class="1004" name="and_ln73_223_fu_212">
<pin_list>
<pin id="213" dir="0" index="0" bw="1" slack="0"/>
<pin id="214" dir="0" index="1" bw="1" slack="0"/>
<pin id="215" dir="1" index="2" bw="1" slack="0"/>
</pin_list>
<bind>
<opcode="and(23) " fcode="and"/>
<opset="and_ln73_223/4 "/>
</bind>
</comp>

<comp id="218" class="1004" name="or_ln88_fu_218">
<pin_list>
<pin id="219" dir="0" index="0" bw="1" slack="0"/>
<pin id="220" dir="0" index="1" bw="1" slack="0"/>
<pin id="221" dir="1" index="2" bw="1" slack="0"/>
</pin_list>
<bind>
<opcode="or(24) " fcode="or"/>
<opset="or_ln88/4 "/>
</bind>
</comp>

<comp id="224" class="1004" name="or_ln88_119_fu_224">
<pin_list>
<pin id="225" dir="0" index="0" bw="1" slack="2"/>
<pin id="226" dir="0" index="1" bw="1" slack="0"/>
<pin id="227" dir="1" index="2" bw="1" slack="0"/>
</pin_list>
<bind>
<opcode="or(24) " fcode="or"/>
<opset="or_ln88_119/4 "/>
</bind>
</comp>

<comp id="229" class="1004" name="or_ln88_120_fu_229">
<pin_list>
<pin id="230" dir="0" index="0" bw="1" slack="2"/>
<pin id="231" dir="0" index="1" bw="1" slack="0"/>
<pin id="232" dir="1" index="2" bw="1" slack="0"/>
</pin_list>
<bind>
<opcode="or(24) " fcode="or"/>
<opset="or_ln88_120/4 "/>
</bind>
</comp>

<comp id="234" class="1004" name="or_ln88_121_fu_234">
<pin_list>
<pin id="235" dir="0" index="0" bw="1" slack="0"/>
<pin id="236" dir="0" index="1" bw="1" slack="0"/>
<pin id="237" dir="1" index="2" bw="1" slack="0"/>
</pin_list>
<bind>
<opcode="or(24) " fcode="or"/>
<opset="or_ln88_121/4 "/>
</bind>
</comp>

<comp id="240" class="1004" name="xor_ln89_fu_240">
<pin_list>
<pin id="241" dir="0" index="0" bw="1" slack="0"/>
<pin id="242" dir="0" index="1" bw="1" slack="0"/>
<pin id="243" dir="1" index="2" bw="1" slack="0"/>
</pin_list>
<bind>
<opcode="xor(25) " fcode="xor"/>
<opset="xor_ln89/4 "/>
</bind>
</comp>

<comp id="246" class="1004" name="zext_ln89_fu_246">
<pin_list>
<pin id="247" dir="0" index="0" bw="1" slack="0"/>
<pin id="248" dir="1" index="1" bw="2" slack="0"/>
</pin_list>
<bind>
<opcode="zext(34) " fcode="zext"/>
<opset="zext_ln89/4 "/>
</bind>
</comp>

<comp id="250" class="1004" name="select_ln89_fu_250">
<pin_list>
<pin id="251" dir="0" index="0" bw="1" slack="0"/>
<pin id="252" dir="0" index="1" bw="1" slack="0"/>
<pin id="253" dir="0" index="2" bw="2" slack="0"/>
<pin id="254" dir="1" index="3" bw="2" slack="0"/>
</pin_list>
<bind>
<opcode="select(49) " fcode="select"/>
<opset="select_ln89/4 "/>
</bind>
</comp>

<comp id="258" class="1004" name="select_ln89_201_fu_258">
<pin_list>
<pin id="259" dir="0" index="0" bw="1" slack="0"/>
<pin id="260" dir="0" index="1" bw="2" slack="0"/>
<pin id="261" dir="0" index="2" bw="1" slack="0"/>
<pin id="262" dir="1" index="3" bw="2" slack="0"/>
</pin_list>
<bind>
<opcode="select(49) " fcode="select"/>
<opset="select_ln89_201/4 "/>
</bind>
</comp>

<comp id="266" class="1004" name="zext_ln89_29_fu_266">
<pin_list>
<pin id="267" dir="0" index="0" bw="2" slack="0"/>
<pin id="268" dir="1" index="1" bw="3" slack="0"/>
</pin_list>
<bind>
<opcode="zext(34) " fcode="zext"/>
<opset="zext_ln89_29/4 "/>
</bind>
</comp>

<comp id="270" class="1004" name="select_ln89_202_fu_270">
<pin_list>
<pin id="271" dir="0" index="0" bw="1" slack="2"/>
<pin id="272" dir="0" index="1" bw="2" slack="0"/>
<pin id="273" dir="0" index="2" bw="3" slack="0"/>
<pin id="274" dir="1" index="3" bw="3" slack="0"/>
</pin_list>
<bind>
<opcode="select(49) " fcode="select"/>
<opset="select_ln89_202/4 "/>
</bind>
</comp>

<comp id="277" class="1004" name="select_ln89_203_fu_277">
<pin_list>
<pin id="278" dir="0" index="0" bw="1" slack="0"/>
<pin id="279" dir="0" index="1" bw="3" slack="0"/>
<pin id="280" dir="0" index="2" bw="3" slack="0"/>
<pin id="281" dir="1" index="3" bw="3" slack="0"/>
</pin_list>
<bind>
<opcode="select(49) " fcode="select"/>
<opset="select_ln89_203/4 "/>
</bind>
</comp>

<comp id="285" class="1004" name="select_ln89_204_fu_285">
<pin_list>
<pin id="286" dir="0" index="0" bw="1" slack="0"/>
<pin id="287" dir="0" index="1" bw="3" slack="0"/>
<pin id="288" dir="0" index="2" bw="2" slack="0"/>
<pin id="289" dir="1" index="3" bw="3" slack="0"/>
</pin_list>
<bind>
<opcode="select(49) " fcode="select"/>
<opset="select_ln89_204/4 "/>
</bind>
</comp>

<comp id="293" class="1004" name="select_ln89_205_fu_293">
<pin_list>
<pin id="294" dir="0" index="0" bw="1" slack="0"/>
<pin id="295" dir="0" index="1" bw="3" slack="0"/>
<pin id="296" dir="0" index="2" bw="1" slack="0"/>
<pin id="297" dir="1" index="3" bw="3" slack="0"/>
</pin_list>
<bind>
<opcode="select(49) " fcode="select"/>
<opset="select_ln89_205/4 "/>
</bind>
</comp>

<comp id="301" class="1004" name="tmp_fu_301">
<pin_list>
<pin id="302" dir="0" index="0" bw="12" slack="0"/>
<pin id="303" dir="0" index="1" bw="6" slack="0"/>
<pin id="304" dir="0" index="2" bw="7" slack="0"/>
<pin id="305" dir="0" index="3" bw="5" slack="0"/>
<pin id="306" dir="0" index="4" bw="7" slack="0"/>
<pin id="307" dir="0" index="5" bw="7" slack="0"/>
<pin id="308" dir="0" index="6" bw="6" slack="0"/>
<pin id="309" dir="0" index="7" bw="6" slack="0"/>
<pin id="310" dir="0" index="8" bw="6" slack="0"/>
<pin id="311" dir="0" index="9" bw="3" slack="0"/>
<pin id="312" dir="1" index="10" bw="12" slack="2147483647"/>
</pin_list>
<bind>
<opcode="mux(1196) " fcode="mux"/>
<opset="tmp/4 "/>
</bind>
</comp>

<comp id="323" class="1005" name="x_V_addr_reg_323">
<pin_list>
<pin id="324" dir="0" index="0" bw="4" slack="1"/>
<pin id="325" dir="1" index="1" bw="4" slack="1"/>
</pin_list>
<bind>
<opset="x_V_addr "/>
</bind>
</comp>

<comp id="328" class="1005" name="x_V_addr_167_reg_328">
<pin_list>
<pin id="329" dir="0" index="0" bw="4" slack="1"/>
<pin id="330" dir="1" index="1" bw="4" slack="1"/>
</pin_list>
<bind>
<opset="x_V_addr_167 "/>
</bind>
</comp>

<comp id="333" class="1005" name="icmp_ln1497_reg_333">
<pin_list>
<pin id="334" dir="0" index="0" bw="1" slack="1"/>
<pin id="335" dir="1" index="1" bw="1" slack="2"/>
</pin_list>
<bind>
<opset="icmp_ln1497 "/>
</bind>
</comp>

<comp id="343" class="1005" name="icmp_ln1497_1_reg_343">
<pin_list>
<pin id="344" dir="0" index="0" bw="1" slack="2"/>
<pin id="345" dir="1" index="1" bw="1" slack="2"/>
</pin_list>
<bind>
<opset="icmp_ln1497_1 "/>
</bind>
</comp>

<comp id="349" class="1005" name="x_V_addr_168_reg_349">
<pin_list>
<pin id="350" dir="0" index="0" bw="4" slack="1"/>
<pin id="351" dir="1" index="1" bw="4" slack="1"/>
</pin_list>
<bind>
<opset="x_V_addr_168 "/>
</bind>
</comp>

<comp id="354" class="1005" name="x_V_addr_169_reg_354">
<pin_list>
<pin id="355" dir="0" index="0" bw="4" slack="1"/>
<pin id="356" dir="1" index="1" bw="4" slack="1"/>
</pin_list>
<bind>
<opset="x_V_addr_169 "/>
</bind>
</comp>

<comp id="359" class="1005" name="icmp_ln1497_8_reg_359">
<pin_list>
<pin id="360" dir="0" index="0" bw="1" slack="2"/>
<pin id="361" dir="1" index="1" bw="1" slack="2"/>
</pin_list>
<bind>
<opset="icmp_ln1497_8 "/>
</bind>
</comp>

<comp id="365" class="1005" name="icmp_ln1497_12_reg_365">
<pin_list>
<pin id="366" dir="0" index="0" bw="1" slack="2"/>
<pin id="367" dir="1" index="1" bw="1" slack="2"/>
</pin_list>
<bind>
<opset="icmp_ln1497_12 "/>
</bind>
</comp>

<comp id="370" class="1005" name="icmp_ln1497_2_reg_370">
<pin_list>
<pin id="371" dir="0" index="0" bw="1" slack="1"/>
<pin id="372" dir="1" index="1" bw="1" slack="1"/>
</pin_list>
<bind>
<opset="icmp_ln1497_2 "/>
</bind>
</comp>

<comp id="375" class="1005" name="icmp_ln1497_5_reg_375">
<pin_list>
<pin id="376" dir="0" index="0" bw="1" slack="1"/>
<pin id="377" dir="1" index="1" bw="1" slack="1"/>
</pin_list>
<bind>
<opset="icmp_ln1497_5 "/>
</bind>
</comp>

<comp id="380" class="1005" name="x_V_addr_170_reg_380">
<pin_list>
<pin id="381" dir="0" index="0" bw="4" slack="1"/>
<pin id="382" dir="1" index="1" bw="4" slack="1"/>
</pin_list>
<bind>
<opset="x_V_addr_170 "/>
</bind>
</comp>

</comp_list>

<net_list>
<net id="71"><net_src comp="0" pin="0"/><net_sink comp="66" pin=0"/></net>

<net id="72"><net_src comp="2" pin="0"/><net_sink comp="66" pin=1"/></net>

<net id="73"><net_src comp="4" pin="0"/><net_sink comp="66" pin=2"/></net>

<net id="79"><net_src comp="66" pin="3"/><net_sink comp="74" pin=0"/></net>

<net id="85"><net_src comp="0" pin="0"/><net_sink comp="80" pin=0"/></net>

<net id="86"><net_src comp="2" pin="0"/><net_sink comp="80" pin=1"/></net>

<net id="87"><net_src comp="2" pin="0"/><net_sink comp="80" pin=2"/></net>

<net id="92"><net_src comp="80" pin="3"/><net_sink comp="74" pin=2"/></net>

<net id="98"><net_src comp="0" pin="0"/><net_sink comp="93" pin=0"/></net>

<net id="99"><net_src comp="2" pin="0"/><net_sink comp="93" pin=1"/></net>

<net id="100"><net_src comp="10" pin="0"/><net_sink comp="93" pin=2"/></net>

<net id="101"><net_src comp="93" pin="3"/><net_sink comp="74" pin=0"/></net>

<net id="107"><net_src comp="0" pin="0"/><net_sink comp="102" pin=0"/></net>

<net id="108"><net_src comp="2" pin="0"/><net_sink comp="102" pin=1"/></net>

<net id="109"><net_src comp="12" pin="0"/><net_sink comp="102" pin=2"/></net>

<net id="110"><net_src comp="102" pin="3"/><net_sink comp="74" pin=2"/></net>

<net id="116"><net_src comp="0" pin="0"/><net_sink comp="111" pin=0"/></net>

<net id="117"><net_src comp="2" pin="0"/><net_sink comp="111" pin=1"/></net>

<net id="118"><net_src comp="22" pin="0"/><net_sink comp="111" pin=2"/></net>

<net id="119"><net_src comp="111" pin="3"/><net_sink comp="74" pin=0"/></net>

<net id="124"><net_src comp="74" pin="3"/><net_sink comp="120" pin=0"/></net>

<net id="125"><net_src comp="6" pin="0"/><net_sink comp="120" pin=1"/></net>

<net id="130"><net_src comp="74" pin="7"/><net_sink comp="126" pin=0"/></net>

<net id="131"><net_src comp="8" pin="0"/><net_sink comp="126" pin=1"/></net>

<net id="136"><net_src comp="74" pin="3"/><net_sink comp="132" pin=0"/></net>

<net id="137"><net_src comp="14" pin="0"/><net_sink comp="132" pin=1"/></net>

<net id="142"><net_src comp="74" pin="3"/><net_sink comp="138" pin=0"/></net>

<net id="143"><net_src comp="16" pin="0"/><net_sink comp="138" pin=1"/></net>

<net id="148"><net_src comp="74" pin="3"/><net_sink comp="144" pin=0"/></net>

<net id="149"><net_src comp="18" pin="0"/><net_sink comp="144" pin=1"/></net>

<net id="154"><net_src comp="74" pin="7"/><net_sink comp="150" pin=0"/></net>

<net id="155"><net_src comp="20" pin="0"/><net_sink comp="150" pin=1"/></net>

<net id="160"><net_src comp="74" pin="3"/><net_sink comp="156" pin=0"/></net>

<net id="161"><net_src comp="32" pin="0"/><net_sink comp="156" pin=1"/></net>

<net id="170"><net_src comp="162" pin="2"/><net_sink comp="166" pin=1"/></net>

<net id="175"><net_src comp="34" pin="0"/><net_sink comp="171" pin=1"/></net>

<net id="180"><net_src comp="171" pin="2"/><net_sink comp="176" pin=1"/></net>

<net id="185"><net_src comp="176" pin="2"/><net_sink comp="181" pin=0"/></net>

<net id="190"><net_src comp="34" pin="0"/><net_sink comp="186" pin=1"/></net>

<net id="195"><net_src comp="186" pin="2"/><net_sink comp="191" pin=1"/></net>

<net id="200"><net_src comp="156" pin="2"/><net_sink comp="196" pin=0"/></net>

<net id="201"><net_src comp="191" pin="2"/><net_sink comp="196" pin=1"/></net>

<net id="206"><net_src comp="34" pin="0"/><net_sink comp="202" pin=1"/></net>

<net id="211"><net_src comp="186" pin="2"/><net_sink comp="207" pin=1"/></net>

<net id="216"><net_src comp="207" pin="2"/><net_sink comp="212" pin=0"/></net>

<net id="217"><net_src comp="202" pin="2"/><net_sink comp="212" pin=1"/></net>

<net id="222"><net_src comp="162" pin="2"/><net_sink comp="218" pin=0"/></net>

<net id="223"><net_src comp="181" pin="2"/><net_sink comp="218" pin=1"/></net>

<net id="228"><net_src comp="196" pin="2"/><net_sink comp="224" pin=1"/></net>

<net id="233"><net_src comp="191" pin="2"/><net_sink comp="229" pin=1"/></net>

<net id="238"><net_src comp="229" pin="2"/><net_sink comp="234" pin=0"/></net>

<net id="239"><net_src comp="212" pin="2"/><net_sink comp="234" pin=1"/></net>

<net id="244"><net_src comp="166" pin="2"/><net_sink comp="240" pin=0"/></net>

<net id="245"><net_src comp="34" pin="0"/><net_sink comp="240" pin=1"/></net>

<net id="249"><net_src comp="240" pin="2"/><net_sink comp="246" pin=0"/></net>

<net id="255"><net_src comp="162" pin="2"/><net_sink comp="250" pin=0"/></net>

<net id="256"><net_src comp="246" pin="1"/><net_sink comp="250" pin=1"/></net>

<net id="257"><net_src comp="36" pin="0"/><net_sink comp="250" pin=2"/></net>

<net id="263"><net_src comp="218" pin="2"/><net_sink comp="258" pin=0"/></net>

<net id="264"><net_src comp="250" pin="3"/><net_sink comp="258" pin=1"/></net>

<net id="265"><net_src comp="38" pin="0"/><net_sink comp="258" pin=2"/></net>

<net id="269"><net_src comp="258" pin="3"/><net_sink comp="266" pin=0"/></net>

<net id="275"><net_src comp="266" pin="1"/><net_sink comp="270" pin=1"/></net>

<net id="276"><net_src comp="40" pin="0"/><net_sink comp="270" pin=2"/></net>

<net id="282"><net_src comp="224" pin="2"/><net_sink comp="277" pin=0"/></net>

<net id="283"><net_src comp="270" pin="3"/><net_sink comp="277" pin=1"/></net>

<net id="284"><net_src comp="42" pin="0"/><net_sink comp="277" pin=2"/></net>

<net id="290"><net_src comp="229" pin="2"/><net_sink comp="285" pin=0"/></net>

<net id="291"><net_src comp="277" pin="3"/><net_sink comp="285" pin=1"/></net>

<net id="292"><net_src comp="44" pin="0"/><net_sink comp="285" pin=2"/></net>

<net id="298"><net_src comp="234" pin="2"/><net_sink comp="293" pin=0"/></net>

<net id="299"><net_src comp="285" pin="3"/><net_sink comp="293" pin=1"/></net>

<net id="300"><net_src comp="46" pin="0"/><net_sink comp="293" pin=2"/></net>

<net id="313"><net_src comp="48" pin="0"/><net_sink comp="301" pin=0"/></net>

<net id="314"><net_src comp="50" pin="0"/><net_sink comp="301" pin=1"/></net>

<net id="315"><net_src comp="52" pin="0"/><net_sink comp="301" pin=2"/></net>

<net id="316"><net_src comp="54" pin="0"/><net_sink comp="301" pin=3"/></net>

<net id="317"><net_src comp="56" pin="0"/><net_sink comp="301" pin=4"/></net>

<net id="318"><net_src comp="58" pin="0"/><net_sink comp="301" pin=5"/></net>

<net id="319"><net_src comp="60" pin="0"/><net_sink comp="301" pin=6"/></net>

<net id="320"><net_src comp="62" pin="0"/><net_sink comp="301" pin=7"/></net>

<net id="321"><net_src comp="64" pin="0"/><net_sink comp="301" pin=8"/></net>

<net id="322"><net_src comp="293" pin="3"/><net_sink comp="301" pin=9"/></net>

<net id="326"><net_src comp="66" pin="3"/><net_sink comp="323" pin=0"/></net>

<net id="327"><net_src comp="323" pin="1"/><net_sink comp="74" pin=0"/></net>

<net id="331"><net_src comp="80" pin="3"/><net_sink comp="328" pin=0"/></net>

<net id="332"><net_src comp="328" pin="1"/><net_sink comp="74" pin=2"/></net>

<net id="336"><net_src comp="120" pin="2"/><net_sink comp="333" pin=0"/></net>

<net id="337"><net_src comp="333" pin="1"/><net_sink comp="162" pin=1"/></net>

<net id="338"><net_src comp="333" pin="1"/><net_sink comp="181" pin=1"/></net>

<net id="339"><net_src comp="333" pin="1"/><net_sink comp="186" pin=0"/></net>

<net id="340"><net_src comp="333" pin="1"/><net_sink comp="224" pin=0"/></net>

<net id="341"><net_src comp="333" pin="1"/><net_sink comp="229" pin=0"/></net>

<net id="342"><net_src comp="333" pin="1"/><net_sink comp="270" pin=0"/></net>

<net id="346"><net_src comp="126" pin="2"/><net_sink comp="343" pin=0"/></net>

<net id="347"><net_src comp="343" pin="1"/><net_sink comp="162" pin=0"/></net>

<net id="348"><net_src comp="343" pin="1"/><net_sink comp="171" pin=0"/></net>

<net id="352"><net_src comp="93" pin="3"/><net_sink comp="349" pin=0"/></net>

<net id="353"><net_src comp="349" pin="1"/><net_sink comp="74" pin=0"/></net>

<net id="357"><net_src comp="102" pin="3"/><net_sink comp="354" pin=0"/></net>

<net id="358"><net_src comp="354" pin="1"/><net_sink comp="74" pin=2"/></net>

<net id="362"><net_src comp="132" pin="2"/><net_sink comp="359" pin=0"/></net>

<net id="363"><net_src comp="359" pin="1"/><net_sink comp="191" pin=0"/></net>

<net id="364"><net_src comp="359" pin="1"/><net_sink comp="202" pin=0"/></net>

<net id="368"><net_src comp="138" pin="2"/><net_sink comp="365" pin=0"/></net>

<net id="369"><net_src comp="365" pin="1"/><net_sink comp="207" pin=0"/></net>

<net id="373"><net_src comp="144" pin="2"/><net_sink comp="370" pin=0"/></net>

<net id="374"><net_src comp="370" pin="1"/><net_sink comp="166" pin=0"/></net>

<net id="378"><net_src comp="150" pin="2"/><net_sink comp="375" pin=0"/></net>

<net id="379"><net_src comp="375" pin="1"/><net_sink comp="176" pin=0"/></net>

<net id="383"><net_src comp="111" pin="3"/><net_sink comp="380" pin=0"/></net>

<net id="384"><net_src comp="380" pin="1"/><net_sink comp="74" pin=0"/></net>

</net_list>

</model> 
---------------- Datapath Model END ------------------

* FSMD analyzer results:
  - Output states:
 - Input state : 
	Port: decision_function.48 : x_V | {1 2 3 4 }
  - Chain level:
	State 1
		x_V_load : 1
		x_V_load_1 : 1
	State 2
		icmp_ln1497 : 1
		icmp_ln1497_1 : 1
		x_V_load_2 : 1
		x_V_load_5 : 1
		icmp_ln1497_8 : 1
		icmp_ln1497_12 : 1
	State 3
		icmp_ln1497_2 : 1
		icmp_ln1497_5 : 1
		x_V_load_9 : 1
	State 4
		icmp_ln1497_9 : 1
		select_ln89 : 1
		select_ln89_201 : 2
		zext_ln89_29 : 3
		select_ln89_202 : 4
		select_ln89_203 : 5
		select_ln89_204 : 6
		select_ln89_205 : 7
		tmp : 8
		ret_ln93 : 9


============================================================
+ Verbose Summary: Datapath Resource usage 
============================================================

* Functional unit list:
|----------|------------------------|---------|---------|
| Operation|     Functional Unit    |    FF   |   LUT   |
|----------|------------------------|---------|---------|
|          |   icmp_ln1497_fu_120   |    0    |    13   |
|          |  icmp_ln1497_1_fu_126  |    0    |    13   |
|          |  icmp_ln1497_8_fu_132  |    0    |    13   |
|   icmp   |  icmp_ln1497_12_fu_138 |    0    |    13   |
|          |  icmp_ln1497_2_fu_144  |    0    |    13   |
|          |  icmp_ln1497_5_fu_150  |    0    |    13   |
|          |  icmp_ln1497_9_fu_156  |    0    |    13   |
|----------|------------------------|---------|---------|
|    mux   |       tmp_fu_301       |    0    |    45   |
|----------|------------------------|---------|---------|
|          |     and_ln73_fu_162    |    0    |    2    |
|          |   and_ln73_219_fu_166  |    0    |    2    |
|          |   and_ln73_224_fu_176  |    0    |    2    |
|    and   |   and_ln73_220_fu_181  |    0    |    2    |
|          |   and_ln73_221_fu_191  |    0    |    2    |
|          |   and_ln73_222_fu_196  |    0    |    2    |
|          |   and_ln73_225_fu_207  |    0    |    2    |
|          |   and_ln73_223_fu_212  |    0    |    2    |
|----------|------------------------|---------|---------|
|          |   select_ln89_fu_250   |    0    |    2    |
|          | select_ln89_201_fu_258 |    0    |    2    |
|  select  | select_ln89_202_fu_270 |    0    |    3    |
|          | select_ln89_203_fu_277 |    0    |    3    |
|          | select_ln89_204_fu_285 |    0    |    3    |
|          | select_ln89_205_fu_293 |    0    |    3    |
|----------|------------------------|---------|---------|
|          |     xor_ln75_fu_171    |    0    |    2    |
|    xor   |   xor_ln75_77_fu_186   |    0    |    2    |
|          |   xor_ln75_78_fu_202   |    0    |    2    |
|          |     xor_ln89_fu_240    |    0    |    2    |
|----------|------------------------|---------|---------|
|          |     or_ln88_fu_218     |    0    |    2    |
|    or    |   or_ln88_119_fu_224   |    0    |    2    |
|          |   or_ln88_120_fu_229   |    0    |    2    |
|          |   or_ln88_121_fu_234   |    0    |    2    |
|----------|------------------------|---------|---------|
|   zext   |    zext_ln89_fu_246    |    0    |    0    |
|          |   zext_ln89_29_fu_266  |    0    |    0    |
|----------|------------------------|---------|---------|
|   Total  |                        |    0    |   184   |
|----------|------------------------|---------|---------|

Memories:
N/A

* Register list:
+----------------------+--------+
|                      |   FF   |
+----------------------+--------+
|icmp_ln1497_12_reg_365|    1   |
| icmp_ln1497_1_reg_343|    1   |
| icmp_ln1497_2_reg_370|    1   |
| icmp_ln1497_5_reg_375|    1   |
| icmp_ln1497_8_reg_359|    1   |
|  icmp_ln1497_reg_333 |    1   |
| x_V_addr_167_reg_328 |    4   |
| x_V_addr_168_reg_349 |    4   |
| x_V_addr_169_reg_354 |    4   |
| x_V_addr_170_reg_380 |    4   |
|   x_V_addr_reg_323   |    4   |
+----------------------+--------+
|         Total        |   26   |
+----------------------+--------+

* Multiplexer (MUX) list: 
|------------------|------|------|------|--------||---------||---------|
|       Comp       |  Pin | Size |  BW  | S x BW ||  Delay  ||   LUT   |
|------------------|------|------|------|--------||---------||---------|
| grp_access_fu_74 |  p0  |   6  |   4  |   24   ||    33   |
| grp_access_fu_74 |  p2  |   4  |   0  |    0   ||    21   |
|------------------|------|------|------|--------||---------||---------|
|       Total      |      |      |      |   24   ||  3.8125 ||    54   |
|------------------|------|------|------|--------||---------||---------|



* Summary:
+-----------+--------+--------+--------+
|           |  Delay |   FF   |   LUT  |
+-----------+--------+--------+--------+
|  Function |    -   |    0   |   184  |
|   Memory  |    -   |    -   |    -   |
|Multiplexer|    3   |    -   |   54   |
|  Register |    -   |   26   |    -   |
+-----------+--------+--------+--------+
|   Total   |    3   |   26   |   238  |
+-----------+--------+--------+--------+
