

================================================================
== Vivado HLS Report for 'decision_function_67'
================================================================
* Date:           Mon Dec 11 23:04:44 2023

* Version:        2019.1 (Build 2552052 on Fri May 24 15:28:33 MDT 2019)
* Project:        Final_HLS
* Solution:       solution1
* Product family: zynq
* Target device:  xc7z020-clg400-1


================================================================
== Performance Estimates
================================================================
+ Timing (ns): 
    * Summary: 
    +--------+-------+----------+------------+
    |  Clock | Target| Estimated| Uncertainty|
    +--------+-------+----------+------------+
    |ap_clk  |  10.00|     7.771|        1.25|
    +--------+-------+----------+------------+

+ Latency (clock cycles): 
    * Summary: 
    +-----+-----+-----+-----+----------+
    |  Latency  |  Interval | Pipeline |
    | min | max | min | max |   Type   |
    +-----+-----+-----+-----+----------+
    |    3|    3|    3|    3| function |
    +-----+-----+-----+-----+----------+

    + Detail: 
        * Instance: 
        N/A

        * Loop: 
        N/A

============================================================
+ Verbose Summary: Synthesis Manager
============================================================
InlineROM: 1
ExposeGlobal: 0
============================================================
+ Verbose Summary: CDFG Model
============================================================
IsTopModel: 0
ResetActiveHigh: 1
IsCombinational: 0
IsDatapathOnly: 0
HasWiredReturn: 1
HasMFsm: 2
HasVarLatency: 0
IsPipeline: 1
IsRtlPipelined: 1
IsInstanceOverlapped: 0
IsDontTouch: 0
HasImplIP: 0
IsGatedGlobalClock: 0

+ Individual pipeline summary: 
  * Pipeline-0: initiation interval (II) = 3, depth = 4


============================================================
+ Verbose Summary: Schedule
============================================================
* Number of FSM states : 4
* Pipeline : 1
  Pipeline-0 : II = 3, D = 4, States = { 1 2 3 4 }
* Dataflow Pipeline: 0

* FSM state transitions: 
1 --> 2 
2 --> 3 
3 --> 4 
4 --> 

* FSM state operations: 

State 1 <SV = 0> <Delay = 2.32>
ST_1 : Operation 5 [1/1] (0.00ns)   --->   "%x_V_addr = getelementptr [12 x i12]* %x_V, i64 0, i64 3" [../my-conifer-prj/firmware/BDT.h:57]   --->   Operation 5 'getelementptr' 'x_V_addr' <Predicate = true> <Delay = 0.00>
ST_1 : Operation 6 [2/2] (2.32ns)   --->   "%x_V_load = load i12* %x_V_addr, align 2" [../my-conifer-prj/firmware/BDT.h:57]   --->   Operation 6 'load' 'x_V_load' <Predicate = true> <Delay = 2.32> <Core = "RAM">   --->   Core 37 'RAM' <Latency = 1> <II = 1> <Delay = 2.32> <Storage> <Opcode : 'load' 'store'> <Ports = 2> <Width = 12> <Depth = 12> <RAM>
ST_1 : Operation 7 [1/1] (0.00ns)   --->   "%x_V_addr_90 = getelementptr [12 x i12]* %x_V, i64 0, i64 0" [../my-conifer-prj/firmware/BDT.h:57]   --->   Operation 7 'getelementptr' 'x_V_addr_90' <Predicate = true> <Delay = 0.00>
ST_1 : Operation 8 [2/2] (2.32ns)   --->   "%x_V_load_1 = load i12* %x_V_addr_90, align 2" [../my-conifer-prj/firmware/BDT.h:57]   --->   Operation 8 'load' 'x_V_load_1' <Predicate = true> <Delay = 2.32> <Core = "RAM">   --->   Core 37 'RAM' <Latency = 1> <II = 1> <Delay = 2.32> <Storage> <Opcode : 'load' 'store'> <Ports = 2> <Width = 12> <Depth = 12> <RAM>

State 2 <SV = 1> <Delay = 4.31>
ST_2 : Operation 9 [1/2] (2.32ns)   --->   "%x_V_load = load i12* %x_V_addr, align 2" [../my-conifer-prj/firmware/BDT.h:57]   --->   Operation 9 'load' 'x_V_load' <Predicate = true> <Delay = 2.32> <Core = "RAM">   --->   Core 37 'RAM' <Latency = 1> <II = 1> <Delay = 2.32> <Storage> <Opcode : 'load' 'store'> <Ports = 2> <Width = 12> <Depth = 12> <RAM>
ST_2 : Operation 10 [1/1] (1.99ns)   --->   "%icmp_ln1497 = icmp slt i12 %x_V_load, -1023" [../my-conifer-prj/firmware/BDT.h:57]   --->   Operation 10 'icmp' 'icmp_ln1497' <Predicate = true> <Delay = 1.99> <Core = "Cmp">   --->   Core 25 'Cmp' <Latency = 0> <II = 1> <Delay = 1.99> <FuncUnit> <Opcode : 'icmp'> <InPorts = 2> <OutPorts = 1>
ST_2 : Operation 11 [1/2] (2.32ns)   --->   "%x_V_load_1 = load i12* %x_V_addr_90, align 2" [../my-conifer-prj/firmware/BDT.h:57]   --->   Operation 11 'load' 'x_V_load_1' <Predicate = true> <Delay = 2.32> <Core = "RAM">   --->   Core 37 'RAM' <Latency = 1> <II = 1> <Delay = 2.32> <Storage> <Opcode : 'load' 'store'> <Ports = 2> <Width = 12> <Depth = 12> <RAM>
ST_2 : Operation 12 [1/1] (1.99ns)   --->   "%icmp_ln1497_1 = icmp slt i12 %x_V_load_1, 1" [../my-conifer-prj/firmware/BDT.h:57]   --->   Operation 12 'icmp' 'icmp_ln1497_1' <Predicate = true> <Delay = 1.99> <Core = "Cmp">   --->   Core 25 'Cmp' <Latency = 0> <II = 1> <Delay = 1.99> <FuncUnit> <Opcode : 'icmp'> <InPorts = 2> <OutPorts = 1>
ST_2 : Operation 13 [1/1] (0.00ns)   --->   "%x_V_addr_91 = getelementptr [12 x i12]* %x_V, i64 0, i64 5" [../my-conifer-prj/firmware/BDT.h:57]   --->   Operation 13 'getelementptr' 'x_V_addr_91' <Predicate = true> <Delay = 0.00>
ST_2 : Operation 14 [2/2] (2.32ns)   --->   "%x_V_load_2 = load i12* %x_V_addr_91, align 2" [../my-conifer-prj/firmware/BDT.h:57]   --->   Operation 14 'load' 'x_V_load_2' <Predicate = true> <Delay = 2.32> <Core = "RAM">   --->   Core 37 'RAM' <Latency = 1> <II = 1> <Delay = 2.32> <Storage> <Opcode : 'load' 'store'> <Ports = 2> <Width = 12> <Depth = 12> <RAM>
ST_2 : Operation 15 [1/1] (0.00ns)   --->   "%x_V_addr_92 = getelementptr [12 x i12]* %x_V, i64 0, i64 1" [../my-conifer-prj/firmware/BDT.h:57]   --->   Operation 15 'getelementptr' 'x_V_addr_92' <Predicate = true> <Delay = 0.00>
ST_2 : Operation 16 [2/2] (2.32ns)   --->   "%x_V_load_5 = load i12* %x_V_addr_92, align 2" [../my-conifer-prj/firmware/BDT.h:57]   --->   Operation 16 'load' 'x_V_load_5' <Predicate = true> <Delay = 2.32> <Core = "RAM">   --->   Core 37 'RAM' <Latency = 1> <II = 1> <Delay = 2.32> <Storage> <Opcode : 'load' 'store'> <Ports = 2> <Width = 12> <Depth = 12> <RAM>
ST_2 : Operation 17 [1/1] (1.99ns)   --->   "%icmp_ln1497_8 = icmp slt i12 %x_V_load, 897" [../my-conifer-prj/firmware/BDT.h:57]   --->   Operation 17 'icmp' 'icmp_ln1497_8' <Predicate = true> <Delay = 1.99> <Core = "Cmp">   --->   Core 25 'Cmp' <Latency = 0> <II = 1> <Delay = 1.99> <FuncUnit> <Opcode : 'icmp'> <InPorts = 2> <OutPorts = 1>

State 3 <SV = 2> <Delay = 4.31>
ST_3 : Operation 18 [1/2] (2.32ns)   --->   "%x_V_load_2 = load i12* %x_V_addr_91, align 2" [../my-conifer-prj/firmware/BDT.h:57]   --->   Operation 18 'load' 'x_V_load_2' <Predicate = true> <Delay = 2.32> <Core = "RAM">   --->   Core 37 'RAM' <Latency = 1> <II = 1> <Delay = 2.32> <Storage> <Opcode : 'load' 'store'> <Ports = 2> <Width = 12> <Depth = 12> <RAM>
ST_3 : Operation 19 [1/1] (1.99ns)   --->   "%icmp_ln1497_2 = icmp slt i12 %x_V_load_2, 1815" [../my-conifer-prj/firmware/BDT.h:57]   --->   Operation 19 'icmp' 'icmp_ln1497_2' <Predicate = (icmp_ln1497)> <Delay = 1.99> <Core = "Cmp">   --->   Core 25 'Cmp' <Latency = 0> <II = 1> <Delay = 1.99> <FuncUnit> <Opcode : 'icmp'> <InPorts = 2> <OutPorts = 1>
ST_3 : Operation 20 [1/2] (2.32ns)   --->   "%x_V_load_5 = load i12* %x_V_addr_92, align 2" [../my-conifer-prj/firmware/BDT.h:57]   --->   Operation 20 'load' 'x_V_load_5' <Predicate = true> <Delay = 2.32> <Core = "RAM">   --->   Core 37 'RAM' <Latency = 1> <II = 1> <Delay = 2.32> <Storage> <Opcode : 'load' 'store'> <Ports = 2> <Width = 12> <Depth = 12> <RAM>
ST_3 : Operation 21 [1/1] (1.99ns)   --->   "%icmp_ln1497_5 = icmp slt i12 %x_V_load_5, -1535" [../my-conifer-prj/firmware/BDT.h:57]   --->   Operation 21 'icmp' 'icmp_ln1497_5' <Predicate = (icmp_ln1497)> <Delay = 1.99> <Core = "Cmp">   --->   Core 25 'Cmp' <Latency = 0> <II = 1> <Delay = 1.99> <FuncUnit> <Opcode : 'icmp'> <InPorts = 2> <OutPorts = 1>
ST_3 : Operation 22 [1/1] (0.00ns)   --->   "%x_V_addr_93 = getelementptr [12 x i12]* %x_V, i64 0, i64 11" [../my-conifer-prj/firmware/BDT.h:57]   --->   Operation 22 'getelementptr' 'x_V_addr_93' <Predicate = true> <Delay = 0.00>
ST_3 : Operation 23 [2/2] (2.32ns)   --->   "%x_V_load_9 = load i12* %x_V_addr_93, align 2" [../my-conifer-prj/firmware/BDT.h:57]   --->   Operation 23 'load' 'x_V_load_9' <Predicate = true> <Delay = 2.32> <Core = "RAM">   --->   Core 37 'RAM' <Latency = 1> <II = 1> <Delay = 2.32> <Storage> <Opcode : 'load' 'store'> <Ports = 2> <Width = 12> <Depth = 12> <RAM>
ST_3 : Operation 24 [1/1] (0.00ns)   --->   "%x_V_addr_94 = getelementptr [12 x i12]* %x_V, i64 0, i64 10" [../my-conifer-prj/firmware/BDT.h:57]   --->   Operation 24 'getelementptr' 'x_V_addr_94' <Predicate = true> <Delay = 0.00>
ST_3 : Operation 25 [2/2] (2.32ns)   --->   "%x_V_load_12 = load i12* %x_V_addr_94, align 2" [../my-conifer-prj/firmware/BDT.h:57]   --->   Operation 25 'load' 'x_V_load_12' <Predicate = true> <Delay = 2.32> <Core = "RAM">   --->   Core 37 'RAM' <Latency = 1> <II = 1> <Delay = 2.32> <Storage> <Opcode : 'load' 'store'> <Ports = 2> <Width = 12> <Depth = 12> <RAM>

State 4 <SV = 3> <Delay = 7.77>
ST_4 : Operation 26 [1/1] (0.00ns)   --->   "call void (...)* @_ssdm_op_SpecPipeline(i32 1, i32 1, i32 1, i32 0, [1 x i8]* @p_str) nounwind" [../my-conifer-prj/firmware/BDT.h:25]   --->   Operation 26 'specpipeline' <Predicate = true> <Delay = 0.00>
ST_4 : Operation 27 [1/2] (2.32ns)   --->   "%x_V_load_9 = load i12* %x_V_addr_93, align 2" [../my-conifer-prj/firmware/BDT.h:57]   --->   Operation 27 'load' 'x_V_load_9' <Predicate = true> <Delay = 2.32> <Core = "RAM">   --->   Core 37 'RAM' <Latency = 1> <II = 1> <Delay = 2.32> <Storage> <Opcode : 'load' 'store'> <Ports = 2> <Width = 12> <Depth = 12> <RAM>
ST_4 : Operation 28 [1/1] (1.99ns)   --->   "%icmp_ln1497_9 = icmp slt i12 %x_V_load_9, 257" [../my-conifer-prj/firmware/BDT.h:57]   --->   Operation 28 'icmp' 'icmp_ln1497_9' <Predicate = true> <Delay = 1.99> <Core = "Cmp">   --->   Core 25 'Cmp' <Latency = 0> <II = 1> <Delay = 1.99> <FuncUnit> <Opcode : 'icmp'> <InPorts = 2> <OutPorts = 1>
ST_4 : Operation 29 [1/2] (2.32ns)   --->   "%x_V_load_12 = load i12* %x_V_addr_94, align 2" [../my-conifer-prj/firmware/BDT.h:57]   --->   Operation 29 'load' 'x_V_load_12' <Predicate = true> <Delay = 2.32> <Core = "RAM">   --->   Core 37 'RAM' <Latency = 1> <II = 1> <Delay = 2.32> <Storage> <Opcode : 'load' 'store'> <Ports = 2> <Width = 12> <Depth = 12> <RAM>
ST_4 : Operation 30 [1/1] (1.99ns)   --->   "%icmp_ln1497_12 = icmp slt i12 %x_V_load_12, -383" [../my-conifer-prj/firmware/BDT.h:57]   --->   Operation 30 'icmp' 'icmp_ln1497_12' <Predicate = true> <Delay = 1.99> <Core = "Cmp">   --->   Core 25 'Cmp' <Latency = 0> <II = 1> <Delay = 1.99> <FuncUnit> <Opcode : 'icmp'> <InPorts = 2> <OutPorts = 1>
ST_4 : Operation 31 [1/1] (0.97ns)   --->   "%and_ln73 = and i1 %icmp_ln1497_1, %icmp_ln1497" [../my-conifer-prj/firmware/BDT.h:73]   --->   Operation 31 'and' 'and_ln73' <Predicate = (icmp_ln1497)> <Delay = 0.97> <Core = "LogicGate">   --->   Core 27 'LogicGate' <Latency = 0> <II = 1> <Delay = 0.97> <FuncUnit> <Opcode : 'and' 'or' 'xor'> <InPorts = 2> <OutPorts = 1>
ST_4 : Operation 32 [1/1] (0.00ns) (grouped into LUT with out node select_ln89_112)   --->   "%and_ln73_149 = and i1 %icmp_ln1497_2, %and_ln73" [../my-conifer-prj/firmware/BDT.h:73]   --->   Operation 32 'and' 'and_ln73_149' <Predicate = (icmp_ln1497)> <Delay = 0.00> <Core = "LogicGate">   --->   Core 27 'LogicGate' <Latency = 0> <II = 1> <Delay = 0.97> <FuncUnit> <Opcode : 'and' 'or' 'xor'> <InPorts = 2> <OutPorts = 1>
ST_4 : Operation 33 [1/1] (0.00ns) (grouped into LUT with out node or_ln88)   --->   "%xor_ln75 = xor i1 %icmp_ln1497_1, true" [../my-conifer-prj/firmware/BDT.h:75]   --->   Operation 33 'xor' 'xor_ln75' <Predicate = (icmp_ln1497)> <Delay = 0.00> <Core = "LogicGate">   --->   Core 27 'LogicGate' <Latency = 0> <II = 1> <Delay = 0.97> <FuncUnit> <Opcode : 'and' 'or' 'xor'> <InPorts = 2> <OutPorts = 1>
ST_4 : Operation 34 [1/1] (0.00ns) (grouped into LUT with out node or_ln88)   --->   "%and_ln73_150 = and i1 %icmp_ln1497_5, %xor_ln75" [../my-conifer-prj/firmware/BDT.h:73]   --->   Operation 34 'and' 'and_ln73_150' <Predicate = (icmp_ln1497)> <Delay = 0.00> <Core = "LogicGate">   --->   Core 27 'LogicGate' <Latency = 0> <II = 1> <Delay = 0.97> <FuncUnit> <Opcode : 'and' 'or' 'xor'> <InPorts = 2> <OutPorts = 1>
ST_4 : Operation 35 [1/1] (0.00ns) (grouped into LUT with out node or_ln88)   --->   "%and_ln73_151 = and i1 %and_ln73_150, %icmp_ln1497" [../my-conifer-prj/firmware/BDT.h:73]   --->   Operation 35 'and' 'and_ln73_151' <Predicate = (icmp_ln1497)> <Delay = 0.00> <Core = "LogicGate">   --->   Core 27 'LogicGate' <Latency = 0> <II = 1> <Delay = 0.97> <FuncUnit> <Opcode : 'and' 'or' 'xor'> <InPorts = 2> <OutPorts = 1>
ST_4 : Operation 36 [1/1] (0.97ns)   --->   "%xor_ln75_45 = xor i1 %icmp_ln1497, true" [../my-conifer-prj/firmware/BDT.h:75]   --->   Operation 36 'xor' 'xor_ln75_45' <Predicate = true> <Delay = 0.97> <Core = "LogicGate">   --->   Core 27 'LogicGate' <Latency = 0> <II = 1> <Delay = 0.97> <FuncUnit> <Opcode : 'and' 'or' 'xor'> <InPorts = 2> <OutPorts = 1>
ST_4 : Operation 37 [1/1] (0.97ns)   --->   "%and_ln73_152 = and i1 %icmp_ln1497_8, %xor_ln75_45" [../my-conifer-prj/firmware/BDT.h:73]   --->   Operation 37 'and' 'and_ln73_152' <Predicate = true> <Delay = 0.97> <Core = "LogicGate">   --->   Core 27 'LogicGate' <Latency = 0> <II = 1> <Delay = 0.97> <FuncUnit> <Opcode : 'and' 'or' 'xor'> <InPorts = 2> <OutPorts = 1>
ST_4 : Operation 38 [1/1] (0.00ns) (grouped into LUT with out node select_ln89_114)   --->   "%and_ln73_153 = and i1 %icmp_ln1497_9, %and_ln73_152" [../my-conifer-prj/firmware/BDT.h:73]   --->   Operation 38 'and' 'and_ln73_153' <Predicate = true> <Delay = 0.00> <Core = "LogicGate">   --->   Core 27 'LogicGate' <Latency = 0> <II = 1> <Delay = 0.97> <FuncUnit> <Opcode : 'and' 'or' 'xor'> <InPorts = 2> <OutPorts = 1>
ST_4 : Operation 39 [1/1] (0.00ns) (grouped into LUT with out node tmp)   --->   "%xor_ln75_46 = xor i1 %icmp_ln1497_8, true" [../my-conifer-prj/firmware/BDT.h:75]   --->   Operation 39 'xor' 'xor_ln75_46' <Predicate = true> <Delay = 0.00> <Core = "LogicGate">   --->   Core 27 'LogicGate' <Latency = 0> <II = 1> <Delay = 0.97> <FuncUnit> <Opcode : 'and' 'or' 'xor'> <InPorts = 2> <OutPorts = 1>
ST_4 : Operation 40 [1/1] (0.00ns) (grouped into LUT with out node tmp)   --->   "%and_ln73_154 = and i1 %icmp_ln1497_12, %xor_ln75_45" [../my-conifer-prj/firmware/BDT.h:73]   --->   Operation 40 'and' 'and_ln73_154' <Predicate = true> <Delay = 0.00> <Core = "LogicGate">   --->   Core 27 'LogicGate' <Latency = 0> <II = 1> <Delay = 0.97> <FuncUnit> <Opcode : 'and' 'or' 'xor'> <InPorts = 2> <OutPorts = 1>
ST_4 : Operation 41 [1/1] (0.00ns) (grouped into LUT with out node tmp)   --->   "%and_ln73_155 = and i1 %and_ln73_154, %xor_ln75_46" [../my-conifer-prj/firmware/BDT.h:73]   --->   Operation 41 'and' 'and_ln73_155' <Predicate = true> <Delay = 0.00> <Core = "LogicGate">   --->   Core 27 'LogicGate' <Latency = 0> <II = 1> <Delay = 0.97> <FuncUnit> <Opcode : 'and' 'or' 'xor'> <InPorts = 2> <OutPorts = 1>
ST_4 : Operation 42 [1/1] (0.97ns) (out node of the LUT)   --->   "%or_ln88 = or i1 %and_ln73, %and_ln73_151" [../my-conifer-prj/firmware/BDT.h:88]   --->   Operation 42 'or' 'or_ln88' <Predicate = (icmp_ln1497)> <Delay = 0.97> <Core = "LogicGate">   --->   Core 27 'LogicGate' <Latency = 0> <II = 1> <Delay = 0.97> <FuncUnit> <Opcode : 'and' 'or' 'xor'> <InPorts = 2> <OutPorts = 1>
ST_4 : Operation 43 [1/1] (0.00ns) (grouped into LUT with out node select_ln89_114)   --->   "%or_ln88_67 = or i1 %icmp_ln1497, %and_ln73_153" [../my-conifer-prj/firmware/BDT.h:88]   --->   Operation 43 'or' 'or_ln88_67' <Predicate = true> <Delay = 0.00> <Core = "LogicGate">   --->   Core 27 'LogicGate' <Latency = 0> <II = 1> <Delay = 0.97> <FuncUnit> <Opcode : 'and' 'or' 'xor'> <InPorts = 2> <OutPorts = 1>
ST_4 : Operation 44 [1/1] (0.97ns)   --->   "%or_ln88_68 = or i1 %icmp_ln1497, %and_ln73_152" [../my-conifer-prj/firmware/BDT.h:88]   --->   Operation 44 'or' 'or_ln88_68' <Predicate = true> <Delay = 0.97> <Core = "LogicGate">   --->   Core 27 'LogicGate' <Latency = 0> <II = 1> <Delay = 0.97> <FuncUnit> <Opcode : 'and' 'or' 'xor'> <InPorts = 2> <OutPorts = 1>
ST_4 : Operation 45 [1/1] (0.00ns) (grouped into LUT with out node tmp)   --->   "%or_ln88_69 = or i1 %or_ln88_68, %and_ln73_155" [../my-conifer-prj/firmware/BDT.h:88]   --->   Operation 45 'or' 'or_ln88_69' <Predicate = true> <Delay = 0.00> <Core = "LogicGate">   --->   Core 27 'LogicGate' <Latency = 0> <II = 1> <Delay = 0.97> <FuncUnit> <Opcode : 'and' 'or' 'xor'> <InPorts = 2> <OutPorts = 1>
ST_4 : Operation 46 [1/1] (0.00ns) (grouped into LUT with out node select_ln89_112)   --->   "%xor_ln89 = xor i1 %and_ln73_149, true" [../my-conifer-prj/firmware/BDT.h:89]   --->   Operation 46 'xor' 'xor_ln89' <Predicate = (icmp_ln1497)> <Delay = 0.00> <Core = "LogicGate">   --->   Core 27 'LogicGate' <Latency = 0> <II = 1> <Delay = 0.97> <FuncUnit> <Opcode : 'and' 'or' 'xor'> <InPorts = 2> <OutPorts = 1>
ST_4 : Operation 47 [1/1] (0.00ns) (grouped into LUT with out node select_ln89_112)   --->   "%zext_ln89 = zext i1 %xor_ln89 to i2" [../my-conifer-prj/firmware/BDT.h:89]   --->   Operation 47 'zext' 'zext_ln89' <Predicate = (icmp_ln1497)> <Delay = 0.00>
ST_4 : Operation 48 [1/1] (0.00ns) (grouped into LUT with out node select_ln89_112)   --->   "%select_ln89 = select i1 %and_ln73, i2 %zext_ln89, i2 -2" [../my-conifer-prj/firmware/BDT.h:89]   --->   Operation 48 'select' 'select_ln89' <Predicate = (icmp_ln1497)> <Delay = 0.00> <Core = "Sel">   --->   Core 26 'Sel' <Latency = 0> <II = 1> <Delay = 0.98> <FuncUnit> <Opcode : 'select'> <InPorts = 3> <OutPorts = 1>
ST_4 : Operation 49 [1/1] (0.00ns) (grouped into LUT with out node select_ln89_112)   --->   "%select_ln89_111 = select i1 %or_ln88, i2 %select_ln89, i2 -1" [../my-conifer-prj/firmware/BDT.h:89]   --->   Operation 49 'select' 'select_ln89_111' <Predicate = (icmp_ln1497)> <Delay = 0.00> <Core = "Sel">   --->   Core 26 'Sel' <Latency = 0> <II = 1> <Delay = 0.98> <FuncUnit> <Opcode : 'select'> <InPorts = 3> <OutPorts = 1>
ST_4 : Operation 50 [1/1] (0.00ns) (grouped into LUT with out node select_ln89_112)   --->   "%zext_ln89_17 = zext i2 %select_ln89_111 to i3" [../my-conifer-prj/firmware/BDT.h:89]   --->   Operation 50 'zext' 'zext_ln89_17' <Predicate = (icmp_ln1497)> <Delay = 0.00>
ST_4 : Operation 51 [1/1] (0.99ns) (out node of the LUT)   --->   "%select_ln89_112 = select i1 %icmp_ln1497, i3 %zext_ln89_17, i3 -4" [../my-conifer-prj/firmware/BDT.h:89]   --->   Operation 51 'select' 'select_ln89_112' <Predicate = true> <Delay = 0.99> <Core = "Sel">   --->   Core 26 'Sel' <Latency = 0> <II = 1> <Delay = 0.98> <FuncUnit> <Opcode : 'select'> <InPorts = 3> <OutPorts = 1>
ST_4 : Operation 52 [1/1] (0.00ns) (grouped into LUT with out node select_ln89_114)   --->   "%select_ln89_113 = select i1 %or_ln88_67, i3 %select_ln89_112, i3 -3" [../my-conifer-prj/firmware/BDT.h:89]   --->   Operation 52 'select' 'select_ln89_113' <Predicate = true> <Delay = 0.00> <Core = "Sel">   --->   Core 26 'Sel' <Latency = 0> <II = 1> <Delay = 0.98> <FuncUnit> <Opcode : 'select'> <InPorts = 3> <OutPorts = 1>
ST_4 : Operation 53 [1/1] (0.98ns) (out node of the LUT)   --->   "%select_ln89_114 = select i1 %or_ln88_68, i3 %select_ln89_113, i3 -2" [../my-conifer-prj/firmware/BDT.h:89]   --->   Operation 53 'select' 'select_ln89_114' <Predicate = true> <Delay = 0.98> <Core = "Sel">   --->   Core 26 'Sel' <Latency = 0> <II = 1> <Delay = 0.98> <FuncUnit> <Opcode : 'select'> <InPorts = 3> <OutPorts = 1>
ST_4 : Operation 54 [1/1] (0.00ns) (grouped into LUT with out node tmp)   --->   "%select_ln89_115 = select i1 %or_ln88_69, i3 %select_ln89_114, i3 -1" [../my-conifer-prj/firmware/BDT.h:89]   --->   Operation 54 'select' 'select_ln89_115' <Predicate = true> <Delay = 0.00> <Core = "Sel">   --->   Core 26 'Sel' <Latency = 0> <II = 1> <Delay = 0.98> <FuncUnit> <Opcode : 'select'> <InPorts = 3> <OutPorts = 1>
ST_4 : Operation 55 [1/1] (2.47ns) (out node of the LUT)   --->   "%tmp = call i12 @_ssdm_op_Mux.ap_auto.8i12.i3(i12 -64, i12 -26, i12 -29, i12 20, i12 43, i12 -37, i12 -26, i12 34, i3 %select_ln89_115)" [../my-conifer-prj/firmware/BDT.h:89]   --->   Operation 55 'mux' 'tmp' <Predicate = true> <Delay = 2.47> <Core = "MuxnS">   --->   Core 31 'MuxnS' <Latency = 0> <II = 1> <Delay = 2.47> <FuncUnit> <Opcode : 'mux'> <InPorts = 2> <OutPorts = 1>
ST_4 : Operation 56 [1/1] (0.00ns)   --->   "ret i12 %tmp" [../my-conifer-prj/firmware/BDT.h:93]   --->   Operation 56 'ret' <Predicate = true> <Delay = 0.00>


============================================================
+ Verbose Summary: Binding
============================================================
STG Binding: 
---------------- STG Properties BEGIN ----------------
- Is combinational: 0
- Is one-state seq: 0
- Is datapath-only: 0
- Is pipelined: 1
- Is top level: 0
Port [ Return ] is wired: 1; IO mode=ap_ctrl_hs:ce=0
Port [ x_V]:  wired=1; compound=1; hidden=0; nouse=0; global=0; static=0; extern=0; dir=0; type=1; pingpong=0; private_global=0; MemPort=[11]; IO mode=ap_memory:ce=0
---------------- STG Properties END ------------------

---------------- Datapath Model BEGIN ----------------

<LifeTime>
<method=bitvector/>
x_V_addr          (getelementptr) [ 00100]
x_V_addr_90       (getelementptr) [ 00100]
x_V_load          (load         ) [ 00000]
icmp_ln1497       (icmp         ) [ 01011]
x_V_load_1        (load         ) [ 00000]
icmp_ln1497_1     (icmp         ) [ 01011]
x_V_addr_91       (getelementptr) [ 00010]
x_V_addr_92       (getelementptr) [ 00010]
icmp_ln1497_8     (icmp         ) [ 01011]
x_V_load_2        (load         ) [ 00000]
icmp_ln1497_2     (icmp         ) [ 01001]
x_V_load_5        (load         ) [ 00000]
icmp_ln1497_5     (icmp         ) [ 01001]
x_V_addr_93       (getelementptr) [ 01001]
x_V_addr_94       (getelementptr) [ 01001]
specpipeline_ln25 (specpipeline ) [ 00000]
x_V_load_9        (load         ) [ 00000]
icmp_ln1497_9     (icmp         ) [ 00000]
x_V_load_12       (load         ) [ 00000]
icmp_ln1497_12    (icmp         ) [ 00000]
and_ln73          (and          ) [ 00000]
and_ln73_149      (and          ) [ 00000]
xor_ln75          (xor          ) [ 00000]
and_ln73_150      (and          ) [ 00000]
and_ln73_151      (and          ) [ 00000]
xor_ln75_45       (xor          ) [ 00000]
and_ln73_152      (and          ) [ 00000]
and_ln73_153      (and          ) [ 00000]
xor_ln75_46       (xor          ) [ 00000]
and_ln73_154      (and          ) [ 00000]
and_ln73_155      (and          ) [ 00000]
or_ln88           (or           ) [ 00000]
or_ln88_67        (or           ) [ 00000]
or_ln88_68        (or           ) [ 00000]
or_ln88_69        (or           ) [ 00000]
xor_ln89          (xor          ) [ 00000]
zext_ln89         (zext         ) [ 00000]
select_ln89       (select       ) [ 00000]
select_ln89_111   (select       ) [ 00000]
zext_ln89_17      (zext         ) [ 00000]
select_ln89_112   (select       ) [ 00000]
select_ln89_113   (select       ) [ 00000]
select_ln89_114   (select       ) [ 00000]
select_ln89_115   (select       ) [ 00000]
tmp               (mux          ) [ 00000]
ret_ln93          (ret          ) [ 00000]
</LifeTime>

<model>

<comp_list>
<comp id="0" class="1000" name="x_V">
<pin_list>
<pin id="1" dir="1" index="0" bw="1" slack="0"/>
</pin_list>
<bind>
<StgValue><ssdm name="x_V"/><MemPortTyVec>1 1 </MemPortTyVec>
</StgValue>
</bind>
</comp>

<comp id="2" class="1001" name="const_2">
<pin_list>
<pin id="3" dir="1" index="0" bw="1" slack="0"/>
</pin_list>
<bind>
<StgValue><ssdm name=""/></StgValue>
</bind>
</comp>

<comp id="4" class="1001" name="const_4">
<pin_list>
<pin id="5" dir="1" index="0" bw="1" slack="0"/>
</pin_list>
<bind>
<StgValue><ssdm name=""/></StgValue>
</bind>
</comp>

<comp id="6" class="1001" name="const_6">
<pin_list>
<pin id="7" dir="1" index="0" bw="1" slack="0"/>
</pin_list>
<bind>
<StgValue><ssdm name=""/></StgValue>
</bind>
</comp>

<comp id="8" class="1001" name="const_8">
<pin_list>
<pin id="9" dir="1" index="0" bw="1" slack="0"/>
</pin_list>
<bind>
<StgValue><ssdm name=""/></StgValue>
</bind>
</comp>

<comp id="10" class="1001" name="const_10">
<pin_list>
<pin id="11" dir="1" index="0" bw="1" slack="0"/>
</pin_list>
<bind>
<StgValue><ssdm name=""/></StgValue>
</bind>
</comp>

<comp id="12" class="1001" name="const_12">
<pin_list>
<pin id="13" dir="1" index="0" bw="1" slack="0"/>
</pin_list>
<bind>
<StgValue><ssdm name=""/></StgValue>
</bind>
</comp>

<comp id="14" class="1001" name="const_14">
<pin_list>
<pin id="15" dir="1" index="0" bw="1" slack="0"/>
</pin_list>
<bind>
<StgValue><ssdm name=""/></StgValue>
</bind>
</comp>

<comp id="16" class="1001" name="const_16">
<pin_list>
<pin id="17" dir="1" index="0" bw="1" slack="0"/>
</pin_list>
<bind>
<StgValue><ssdm name=""/></StgValue>
</bind>
</comp>

<comp id="18" class="1001" name="const_18">
<pin_list>
<pin id="19" dir="1" index="0" bw="1" slack="0"/>
</pin_list>
<bind>
<StgValue><ssdm name=""/></StgValue>
</bind>
</comp>

<comp id="20" class="1001" name="const_20">
<pin_list>
<pin id="21" dir="1" index="0" bw="1" slack="0"/>
</pin_list>
<bind>
<StgValue><ssdm name=""/></StgValue>
</bind>
</comp>

<comp id="22" class="1001" name="const_22">
<pin_list>
<pin id="23" dir="1" index="0" bw="1" slack="0"/>
</pin_list>
<bind>
<StgValue><ssdm name=""/></StgValue>
</bind>
</comp>

<comp id="24" class="1001" name="const_24">
<pin_list>
<pin id="25" dir="1" index="0" bw="1" slack="2147483647"/>
</pin_list>
<bind>
<StgValue><ssdm name="_ssdm_op_SpecPipeline"/></StgValue>
</bind>
</comp>

<comp id="26" class="1001" name="const_26">
<pin_list>
<pin id="27" dir="1" index="0" bw="1" slack="2147483647"/>
</pin_list>
<bind>
<StgValue><ssdm name=""/></StgValue>
</bind>
</comp>

<comp id="28" class="1001" name="const_28">
<pin_list>
<pin id="29" dir="1" index="0" bw="1" slack="2147483647"/>
</pin_list>
<bind>
<StgValue><ssdm name=""/></StgValue>
</bind>
</comp>

<comp id="30" class="1001" name="const_30">
<pin_list>
<pin id="31" dir="1" index="0" bw="1" slack="2147483647"/>
</pin_list>
<bind>
<StgValue><ssdm name="p_str"/></StgValue>
</bind>
</comp>

<comp id="32" class="1001" name="const_32">
<pin_list>
<pin id="33" dir="1" index="0" bw="1" slack="0"/>
</pin_list>
<bind>
<StgValue><ssdm name=""/></StgValue>
</bind>
</comp>

<comp id="34" class="1001" name="const_34">
<pin_list>
<pin id="35" dir="1" index="0" bw="1" slack="0"/>
</pin_list>
<bind>
<StgValue><ssdm name=""/></StgValue>
</bind>
</comp>

<comp id="36" class="1001" name="const_36">
<pin_list>
<pin id="37" dir="1" index="0" bw="1" slack="0"/>
</pin_list>
<bind>
<StgValue><ssdm name=""/></StgValue>
</bind>
</comp>

<comp id="38" class="1001" name="const_38">
<pin_list>
<pin id="39" dir="1" index="0" bw="1" slack="0"/>
</pin_list>
<bind>
<StgValue><ssdm name=""/></StgValue>
</bind>
</comp>

<comp id="40" class="1001" name="const_40">
<pin_list>
<pin id="41" dir="1" index="0" bw="1" slack="0"/>
</pin_list>
<bind>
<StgValue><ssdm name=""/></StgValue>
</bind>
</comp>

<comp id="42" class="1001" name="const_42">
<pin_list>
<pin id="43" dir="1" index="0" bw="1" slack="0"/>
</pin_list>
<bind>
<StgValue><ssdm name=""/></StgValue>
</bind>
</comp>

<comp id="44" class="1001" name="const_44">
<pin_list>
<pin id="45" dir="1" index="0" bw="1" slack="0"/>
</pin_list>
<bind>
<StgValue><ssdm name=""/></StgValue>
</bind>
</comp>

<comp id="46" class="1001" name="const_46">
<pin_list>
<pin id="47" dir="1" index="0" bw="1" slack="0"/>
</pin_list>
<bind>
<StgValue><ssdm name=""/></StgValue>
</bind>
</comp>

<comp id="48" class="1001" name="const_48">
<pin_list>
<pin id="49" dir="1" index="0" bw="1" slack="0"/>
</pin_list>
<bind>
<StgValue><ssdm name=""/></StgValue>
</bind>
</comp>

<comp id="50" class="1001" name="const_50">
<pin_list>
<pin id="51" dir="1" index="0" bw="1" slack="0"/>
</pin_list>
<bind>
<StgValue><ssdm name="_ssdm_op_Mux.ap_auto.8i12.i3"/></StgValue>
</bind>
</comp>

<comp id="52" class="1001" name="const_52">
<pin_list>
<pin id="53" dir="1" index="0" bw="1" slack="0"/>
</pin_list>
<bind>
<StgValue><ssdm name=""/></StgValue>
</bind>
</comp>

<comp id="54" class="1001" name="const_54">
<pin_list>
<pin id="55" dir="1" index="0" bw="1" slack="0"/>
</pin_list>
<bind>
<StgValue><ssdm name=""/></StgValue>
</bind>
</comp>

<comp id="56" class="1001" name="const_56">
<pin_list>
<pin id="57" dir="1" index="0" bw="1" slack="0"/>
</pin_list>
<bind>
<StgValue><ssdm name=""/></StgValue>
</bind>
</comp>

<comp id="58" class="1001" name="const_58">
<pin_list>
<pin id="59" dir="1" index="0" bw="1" slack="0"/>
</pin_list>
<bind>
<StgValue><ssdm name=""/></StgValue>
</bind>
</comp>

<comp id="60" class="1001" name="const_60">
<pin_list>
<pin id="61" dir="1" index="0" bw="1" slack="0"/>
</pin_list>
<bind>
<StgValue><ssdm name=""/></StgValue>
</bind>
</comp>

<comp id="62" class="1001" name="const_62">
<pin_list>
<pin id="63" dir="1" index="0" bw="1" slack="0"/>
</pin_list>
<bind>
<StgValue><ssdm name=""/></StgValue>
</bind>
</comp>

<comp id="64" class="1001" name="const_64">
<pin_list>
<pin id="65" dir="1" index="0" bw="1" slack="0"/>
</pin_list>
<bind>
<StgValue><ssdm name=""/></StgValue>
</bind>
</comp>

<comp id="66" class="1004" name="x_V_addr_gep_fu_66">
<pin_list>
<pin id="67" dir="0" index="0" bw="12" slack="0"/>
<pin id="68" dir="0" index="1" bw="1" slack="0"/>
<pin id="69" dir="0" index="2" bw="3" slack="0"/>
<pin id="70" dir="1" index="3" bw="4" slack="0"/>
</pin_list>
<bind>
<opcode="getelementptr(29) " fcode="getelementptr"/>
<opset="x_V_addr/1 "/>
</bind>
</comp>

<comp id="74" class="1004" name="grp_access_fu_74">
<pin_list>
<pin id="75" dir="0" index="0" bw="4" slack="0"/>
<pin id="76" dir="0" index="1" bw="12" slack="2147483647"/>
<pin id="77" dir="0" index="2" bw="0" slack="0"/>
<pin id="88" dir="0" index="4" bw="4" slack="2147483647"/>
<pin id="89" dir="0" index="5" bw="12" slack="2147483647"/>
<pin id="90" dir="0" index="6" bw="0" slack="2147483647"/>
<pin id="78" dir="1" index="3" bw="12" slack="0"/>
<pin id="91" dir="1" index="7" bw="12" slack="0"/>
</pin_list>
<bind>
<opcode="load(27) " fcode="load"/>
<opset="x_V_load/1 x_V_load_1/1 x_V_load_2/2 x_V_load_5/2 x_V_load_9/3 x_V_load_12/3 "/>
</bind>
</comp>

<comp id="80" class="1004" name="x_V_addr_90_gep_fu_80">
<pin_list>
<pin id="81" dir="0" index="0" bw="12" slack="0"/>
<pin id="82" dir="0" index="1" bw="1" slack="0"/>
<pin id="83" dir="0" index="2" bw="1" slack="0"/>
<pin id="84" dir="1" index="3" bw="4" slack="0"/>
</pin_list>
<bind>
<opcode="getelementptr(29) " fcode="getelementptr"/>
<opset="x_V_addr_90/1 "/>
</bind>
</comp>

<comp id="93" class="1004" name="x_V_addr_91_gep_fu_93">
<pin_list>
<pin id="94" dir="0" index="0" bw="12" slack="0"/>
<pin id="95" dir="0" index="1" bw="1" slack="0"/>
<pin id="96" dir="0" index="2" bw="4" slack="0"/>
<pin id="97" dir="1" index="3" bw="4" slack="0"/>
</pin_list>
<bind>
<opcode="getelementptr(29) " fcode="getelementptr"/>
<opset="x_V_addr_91/2 "/>
</bind>
</comp>

<comp id="102" class="1004" name="x_V_addr_92_gep_fu_102">
<pin_list>
<pin id="103" dir="0" index="0" bw="12" slack="0"/>
<pin id="104" dir="0" index="1" bw="1" slack="0"/>
<pin id="105" dir="0" index="2" bw="1" slack="0"/>
<pin id="106" dir="1" index="3" bw="4" slack="0"/>
</pin_list>
<bind>
<opcode="getelementptr(29) " fcode="getelementptr"/>
<opset="x_V_addr_92/2 "/>
</bind>
</comp>

<comp id="111" class="1004" name="x_V_addr_93_gep_fu_111">
<pin_list>
<pin id="112" dir="0" index="0" bw="12" slack="0"/>
<pin id="113" dir="0" index="1" bw="1" slack="0"/>
<pin id="114" dir="0" index="2" bw="5" slack="0"/>
<pin id="115" dir="1" index="3" bw="4" slack="0"/>
</pin_list>
<bind>
<opcode="getelementptr(29) " fcode="getelementptr"/>
<opset="x_V_addr_93/3 "/>
</bind>
</comp>

<comp id="120" class="1004" name="x_V_addr_94_gep_fu_120">
<pin_list>
<pin id="121" dir="0" index="0" bw="12" slack="0"/>
<pin id="122" dir="0" index="1" bw="1" slack="0"/>
<pin id="123" dir="0" index="2" bw="5" slack="0"/>
<pin id="124" dir="1" index="3" bw="4" slack="0"/>
</pin_list>
<bind>
<opcode="getelementptr(29) " fcode="getelementptr"/>
<opset="x_V_addr_94/3 "/>
</bind>
</comp>

<comp id="129" class="1004" name="icmp_ln1497_fu_129">
<pin_list>
<pin id="130" dir="0" index="0" bw="12" slack="0"/>
<pin id="131" dir="0" index="1" bw="11" slack="0"/>
<pin id="132" dir="1" index="2" bw="1" slack="1"/>
</pin_list>
<bind>
<opcode="icmp(45) " fcode="icmp"/>
<opset="icmp_ln1497/2 "/>
</bind>
</comp>

<comp id="135" class="1004" name="icmp_ln1497_1_fu_135">
<pin_list>
<pin id="136" dir="0" index="0" bw="12" slack="0"/>
<pin id="137" dir="0" index="1" bw="1" slack="0"/>
<pin id="138" dir="1" index="2" bw="1" slack="2"/>
</pin_list>
<bind>
<opcode="icmp(45) " fcode="icmp"/>
<opset="icmp_ln1497_1/2 "/>
</bind>
</comp>

<comp id="141" class="1004" name="icmp_ln1497_8_fu_141">
<pin_list>
<pin id="142" dir="0" index="0" bw="12" slack="0"/>
<pin id="143" dir="0" index="1" bw="11" slack="0"/>
<pin id="144" dir="1" index="2" bw="1" slack="2"/>
</pin_list>
<bind>
<opcode="icmp(45) " fcode="icmp"/>
<opset="icmp_ln1497_8/2 "/>
</bind>
</comp>

<comp id="147" class="1004" name="icmp_ln1497_2_fu_147">
<pin_list>
<pin id="148" dir="0" index="0" bw="12" slack="0"/>
<pin id="149" dir="0" index="1" bw="12" slack="0"/>
<pin id="150" dir="1" index="2" bw="1" slack="1"/>
</pin_list>
<bind>
<opcode="icmp(45) " fcode="icmp"/>
<opset="icmp_ln1497_2/3 "/>
</bind>
</comp>

<comp id="153" class="1004" name="icmp_ln1497_5_fu_153">
<pin_list>
<pin id="154" dir="0" index="0" bw="12" slack="0"/>
<pin id="155" dir="0" index="1" bw="12" slack="0"/>
<pin id="156" dir="1" index="2" bw="1" slack="1"/>
</pin_list>
<bind>
<opcode="icmp(45) " fcode="icmp"/>
<opset="icmp_ln1497_5/3 "/>
</bind>
</comp>

<comp id="159" class="1004" name="icmp_ln1497_9_fu_159">
<pin_list>
<pin id="160" dir="0" index="0" bw="12" slack="0"/>
<pin id="161" dir="0" index="1" bw="10" slack="0"/>
<pin id="162" dir="1" index="2" bw="1" slack="0"/>
</pin_list>
<bind>
<opcode="icmp(45) " fcode="icmp"/>
<opset="icmp_ln1497_9/4 "/>
</bind>
</comp>

<comp id="165" class="1004" name="icmp_ln1497_12_fu_165">
<pin_list>
<pin id="166" dir="0" index="0" bw="12" slack="0"/>
<pin id="167" dir="0" index="1" bw="10" slack="0"/>
<pin id="168" dir="1" index="2" bw="1" slack="0"/>
</pin_list>
<bind>
<opcode="icmp(45) " fcode="icmp"/>
<opset="icmp_ln1497_12/4 "/>
</bind>
</comp>

<comp id="171" class="1004" name="and_ln73_fu_171">
<pin_list>
<pin id="172" dir="0" index="0" bw="1" slack="2"/>
<pin id="173" dir="0" index="1" bw="1" slack="2"/>
<pin id="174" dir="1" index="2" bw="1" slack="0"/>
</pin_list>
<bind>
<opcode="and(23) " fcode="and"/>
<opset="and_ln73/4 "/>
</bind>
</comp>

<comp id="175" class="1004" name="and_ln73_149_fu_175">
<pin_list>
<pin id="176" dir="0" index="0" bw="1" slack="1"/>
<pin id="177" dir="0" index="1" bw="1" slack="0"/>
<pin id="178" dir="1" index="2" bw="1" slack="0"/>
</pin_list>
<bind>
<opcode="and(23) " fcode="and"/>
<opset="and_ln73_149/4 "/>
</bind>
</comp>

<comp id="180" class="1004" name="xor_ln75_fu_180">
<pin_list>
<pin id="181" dir="0" index="0" bw="1" slack="2"/>
<pin id="182" dir="0" index="1" bw="1" slack="0"/>
<pin id="183" dir="1" index="2" bw="1" slack="0"/>
</pin_list>
<bind>
<opcode="xor(25) " fcode="xor"/>
<opset="xor_ln75/4 "/>
</bind>
</comp>

<comp id="185" class="1004" name="and_ln73_150_fu_185">
<pin_list>
<pin id="186" dir="0" index="0" bw="1" slack="1"/>
<pin id="187" dir="0" index="1" bw="1" slack="0"/>
<pin id="188" dir="1" index="2" bw="1" slack="0"/>
</pin_list>
<bind>
<opcode="and(23) " fcode="and"/>
<opset="and_ln73_150/4 "/>
</bind>
</comp>

<comp id="190" class="1004" name="and_ln73_151_fu_190">
<pin_list>
<pin id="191" dir="0" index="0" bw="1" slack="0"/>
<pin id="192" dir="0" index="1" bw="1" slack="2"/>
<pin id="193" dir="1" index="2" bw="1" slack="0"/>
</pin_list>
<bind>
<opcode="and(23) " fcode="and"/>
<opset="and_ln73_151/4 "/>
</bind>
</comp>

<comp id="195" class="1004" name="xor_ln75_45_fu_195">
<pin_list>
<pin id="196" dir="0" index="0" bw="1" slack="2"/>
<pin id="197" dir="0" index="1" bw="1" slack="0"/>
<pin id="198" dir="1" index="2" bw="1" slack="0"/>
</pin_list>
<bind>
<opcode="xor(25) " fcode="xor"/>
<opset="xor_ln75_45/4 "/>
</bind>
</comp>

<comp id="200" class="1004" name="and_ln73_152_fu_200">
<pin_list>
<pin id="201" dir="0" index="0" bw="1" slack="2"/>
<pin id="202" dir="0" index="1" bw="1" slack="0"/>
<pin id="203" dir="1" index="2" bw="1" slack="0"/>
</pin_list>
<bind>
<opcode="and(23) " fcode="and"/>
<opset="and_ln73_152/4 "/>
</bind>
</comp>

<comp id="205" class="1004" name="and_ln73_153_fu_205">
<pin_list>
<pin id="206" dir="0" index="0" bw="1" slack="0"/>
<pin id="207" dir="0" index="1" bw="1" slack="0"/>
<pin id="208" dir="1" index="2" bw="1" slack="0"/>
</pin_list>
<bind>
<opcode="and(23) " fcode="and"/>
<opset="and_ln73_153/4 "/>
</bind>
</comp>

<comp id="211" class="1004" name="xor_ln75_46_fu_211">
<pin_list>
<pin id="212" dir="0" index="0" bw="1" slack="2"/>
<pin id="213" dir="0" index="1" bw="1" slack="0"/>
<pin id="214" dir="1" index="2" bw="1" slack="0"/>
</pin_list>
<bind>
<opcode="xor(25) " fcode="xor"/>
<opset="xor_ln75_46/4 "/>
</bind>
</comp>

<comp id="216" class="1004" name="and_ln73_154_fu_216">
<pin_list>
<pin id="217" dir="0" index="0" bw="1" slack="0"/>
<pin id="218" dir="0" index="1" bw="1" slack="0"/>
<pin id="219" dir="1" index="2" bw="1" slack="0"/>
</pin_list>
<bind>
<opcode="and(23) " fcode="and"/>
<opset="and_ln73_154/4 "/>
</bind>
</comp>

<comp id="222" class="1004" name="and_ln73_155_fu_222">
<pin_list>
<pin id="223" dir="0" index="0" bw="1" slack="0"/>
<pin id="224" dir="0" index="1" bw="1" slack="0"/>
<pin id="225" dir="1" index="2" bw="1" slack="0"/>
</pin_list>
<bind>
<opcode="and(23) " fcode="and"/>
<opset="and_ln73_155/4 "/>
</bind>
</comp>

<comp id="228" class="1004" name="or_ln88_fu_228">
<pin_list>
<pin id="229" dir="0" index="0" bw="1" slack="0"/>
<pin id="230" dir="0" index="1" bw="1" slack="0"/>
<pin id="231" dir="1" index="2" bw="1" slack="0"/>
</pin_list>
<bind>
<opcode="or(24) " fcode="or"/>
<opset="or_ln88/4 "/>
</bind>
</comp>

<comp id="234" class="1004" name="or_ln88_67_fu_234">
<pin_list>
<pin id="235" dir="0" index="0" bw="1" slack="2"/>
<pin id="236" dir="0" index="1" bw="1" slack="0"/>
<pin id="237" dir="1" index="2" bw="1" slack="0"/>
</pin_list>
<bind>
<opcode="or(24) " fcode="or"/>
<opset="or_ln88_67/4 "/>
</bind>
</comp>

<comp id="239" class="1004" name="or_ln88_68_fu_239">
<pin_list>
<pin id="240" dir="0" index="0" bw="1" slack="2"/>
<pin id="241" dir="0" index="1" bw="1" slack="0"/>
<pin id="242" dir="1" index="2" bw="1" slack="0"/>
</pin_list>
<bind>
<opcode="or(24) " fcode="or"/>
<opset="or_ln88_68/4 "/>
</bind>
</comp>

<comp id="244" class="1004" name="or_ln88_69_fu_244">
<pin_list>
<pin id="245" dir="0" index="0" bw="1" slack="0"/>
<pin id="246" dir="0" index="1" bw="1" slack="0"/>
<pin id="247" dir="1" index="2" bw="1" slack="0"/>
</pin_list>
<bind>
<opcode="or(24) " fcode="or"/>
<opset="or_ln88_69/4 "/>
</bind>
</comp>

<comp id="250" class="1004" name="xor_ln89_fu_250">
<pin_list>
<pin id="251" dir="0" index="0" bw="1" slack="0"/>
<pin id="252" dir="0" index="1" bw="1" slack="0"/>
<pin id="253" dir="1" index="2" bw="1" slack="0"/>
</pin_list>
<bind>
<opcode="xor(25) " fcode="xor"/>
<opset="xor_ln89/4 "/>
</bind>
</comp>

<comp id="256" class="1004" name="zext_ln89_fu_256">
<pin_list>
<pin id="257" dir="0" index="0" bw="1" slack="0"/>
<pin id="258" dir="1" index="1" bw="2" slack="0"/>
</pin_list>
<bind>
<opcode="zext(34) " fcode="zext"/>
<opset="zext_ln89/4 "/>
</bind>
</comp>

<comp id="260" class="1004" name="select_ln89_fu_260">
<pin_list>
<pin id="261" dir="0" index="0" bw="1" slack="0"/>
<pin id="262" dir="0" index="1" bw="1" slack="0"/>
<pin id="263" dir="0" index="2" bw="2" slack="0"/>
<pin id="264" dir="1" index="3" bw="2" slack="0"/>
</pin_list>
<bind>
<opcode="select(49) " fcode="select"/>
<opset="select_ln89/4 "/>
</bind>
</comp>

<comp id="268" class="1004" name="select_ln89_111_fu_268">
<pin_list>
<pin id="269" dir="0" index="0" bw="1" slack="0"/>
<pin id="270" dir="0" index="1" bw="2" slack="0"/>
<pin id="271" dir="0" index="2" bw="1" slack="0"/>
<pin id="272" dir="1" index="3" bw="2" slack="0"/>
</pin_list>
<bind>
<opcode="select(49) " fcode="select"/>
<opset="select_ln89_111/4 "/>
</bind>
</comp>

<comp id="276" class="1004" name="zext_ln89_17_fu_276">
<pin_list>
<pin id="277" dir="0" index="0" bw="2" slack="0"/>
<pin id="278" dir="1" index="1" bw="3" slack="0"/>
</pin_list>
<bind>
<opcode="zext(34) " fcode="zext"/>
<opset="zext_ln89_17/4 "/>
</bind>
</comp>

<comp id="280" class="1004" name="select_ln89_112_fu_280">
<pin_list>
<pin id="281" dir="0" index="0" bw="1" slack="2"/>
<pin id="282" dir="0" index="1" bw="2" slack="0"/>
<pin id="283" dir="0" index="2" bw="3" slack="0"/>
<pin id="284" dir="1" index="3" bw="3" slack="0"/>
</pin_list>
<bind>
<opcode="select(49) " fcode="select"/>
<opset="select_ln89_112/4 "/>
</bind>
</comp>

<comp id="287" class="1004" name="select_ln89_113_fu_287">
<pin_list>
<pin id="288" dir="0" index="0" bw="1" slack="0"/>
<pin id="289" dir="0" index="1" bw="3" slack="0"/>
<pin id="290" dir="0" index="2" bw="3" slack="0"/>
<pin id="291" dir="1" index="3" bw="3" slack="0"/>
</pin_list>
<bind>
<opcode="select(49) " fcode="select"/>
<opset="select_ln89_113/4 "/>
</bind>
</comp>

<comp id="295" class="1004" name="select_ln89_114_fu_295">
<pin_list>
<pin id="296" dir="0" index="0" bw="1" slack="0"/>
<pin id="297" dir="0" index="1" bw="3" slack="0"/>
<pin id="298" dir="0" index="2" bw="2" slack="0"/>
<pin id="299" dir="1" index="3" bw="3" slack="0"/>
</pin_list>
<bind>
<opcode="select(49) " fcode="select"/>
<opset="select_ln89_114/4 "/>
</bind>
</comp>

<comp id="303" class="1004" name="select_ln89_115_fu_303">
<pin_list>
<pin id="304" dir="0" index="0" bw="1" slack="0"/>
<pin id="305" dir="0" index="1" bw="3" slack="0"/>
<pin id="306" dir="0" index="2" bw="1" slack="0"/>
<pin id="307" dir="1" index="3" bw="3" slack="0"/>
</pin_list>
<bind>
<opcode="select(49) " fcode="select"/>
<opset="select_ln89_115/4 "/>
</bind>
</comp>

<comp id="311" class="1004" name="tmp_fu_311">
<pin_list>
<pin id="312" dir="0" index="0" bw="12" slack="0"/>
<pin id="313" dir="0" index="1" bw="7" slack="0"/>
<pin id="314" dir="0" index="2" bw="6" slack="0"/>
<pin id="315" dir="0" index="3" bw="6" slack="0"/>
<pin id="316" dir="0" index="4" bw="6" slack="0"/>
<pin id="317" dir="0" index="5" bw="7" slack="0"/>
<pin id="318" dir="0" index="6" bw="7" slack="0"/>
<pin id="319" dir="0" index="7" bw="6" slack="0"/>
<pin id="320" dir="0" index="8" bw="7" slack="0"/>
<pin id="321" dir="0" index="9" bw="3" slack="0"/>
<pin id="322" dir="1" index="10" bw="12" slack="2147483647"/>
</pin_list>
<bind>
<opcode="mux(1196) " fcode="mux"/>
<opset="tmp/4 "/>
</bind>
</comp>

<comp id="333" class="1005" name="x_V_addr_reg_333">
<pin_list>
<pin id="334" dir="0" index="0" bw="4" slack="1"/>
<pin id="335" dir="1" index="1" bw="4" slack="1"/>
</pin_list>
<bind>
<opset="x_V_addr "/>
</bind>
</comp>

<comp id="338" class="1005" name="x_V_addr_90_reg_338">
<pin_list>
<pin id="339" dir="0" index="0" bw="4" slack="1"/>
<pin id="340" dir="1" index="1" bw="4" slack="1"/>
</pin_list>
<bind>
<opset="x_V_addr_90 "/>
</bind>
</comp>

<comp id="343" class="1005" name="icmp_ln1497_reg_343">
<pin_list>
<pin id="344" dir="0" index="0" bw="1" slack="1"/>
<pin id="345" dir="1" index="1" bw="1" slack="2"/>
</pin_list>
<bind>
<opset="icmp_ln1497 "/>
</bind>
</comp>

<comp id="353" class="1005" name="icmp_ln1497_1_reg_353">
<pin_list>
<pin id="354" dir="0" index="0" bw="1" slack="2"/>
<pin id="355" dir="1" index="1" bw="1" slack="2"/>
</pin_list>
<bind>
<opset="icmp_ln1497_1 "/>
</bind>
</comp>

<comp id="359" class="1005" name="x_V_addr_91_reg_359">
<pin_list>
<pin id="360" dir="0" index="0" bw="4" slack="1"/>
<pin id="361" dir="1" index="1" bw="4" slack="1"/>
</pin_list>
<bind>
<opset="x_V_addr_91 "/>
</bind>
</comp>

<comp id="364" class="1005" name="x_V_addr_92_reg_364">
<pin_list>
<pin id="365" dir="0" index="0" bw="4" slack="1"/>
<pin id="366" dir="1" index="1" bw="4" slack="1"/>
</pin_list>
<bind>
<opset="x_V_addr_92 "/>
</bind>
</comp>

<comp id="369" class="1005" name="icmp_ln1497_8_reg_369">
<pin_list>
<pin id="370" dir="0" index="0" bw="1" slack="2"/>
<pin id="371" dir="1" index="1" bw="1" slack="2"/>
</pin_list>
<bind>
<opset="icmp_ln1497_8 "/>
</bind>
</comp>

<comp id="375" class="1005" name="icmp_ln1497_2_reg_375">
<pin_list>
<pin id="376" dir="0" index="0" bw="1" slack="1"/>
<pin id="377" dir="1" index="1" bw="1" slack="1"/>
</pin_list>
<bind>
<opset="icmp_ln1497_2 "/>
</bind>
</comp>

<comp id="380" class="1005" name="icmp_ln1497_5_reg_380">
<pin_list>
<pin id="381" dir="0" index="0" bw="1" slack="1"/>
<pin id="382" dir="1" index="1" bw="1" slack="1"/>
</pin_list>
<bind>
<opset="icmp_ln1497_5 "/>
</bind>
</comp>

<comp id="385" class="1005" name="x_V_addr_93_reg_385">
<pin_list>
<pin id="386" dir="0" index="0" bw="4" slack="1"/>
<pin id="387" dir="1" index="1" bw="4" slack="1"/>
</pin_list>
<bind>
<opset="x_V_addr_93 "/>
</bind>
</comp>

<comp id="390" class="1005" name="x_V_addr_94_reg_390">
<pin_list>
<pin id="391" dir="0" index="0" bw="4" slack="1"/>
<pin id="392" dir="1" index="1" bw="4" slack="1"/>
</pin_list>
<bind>
<opset="x_V_addr_94 "/>
</bind>
</comp>

</comp_list>

<net_list>
<net id="71"><net_src comp="0" pin="0"/><net_sink comp="66" pin=0"/></net>

<net id="72"><net_src comp="2" pin="0"/><net_sink comp="66" pin=1"/></net>

<net id="73"><net_src comp="4" pin="0"/><net_sink comp="66" pin=2"/></net>

<net id="79"><net_src comp="66" pin="3"/><net_sink comp="74" pin=0"/></net>

<net id="85"><net_src comp="0" pin="0"/><net_sink comp="80" pin=0"/></net>

<net id="86"><net_src comp="2" pin="0"/><net_sink comp="80" pin=1"/></net>

<net id="87"><net_src comp="2" pin="0"/><net_sink comp="80" pin=2"/></net>

<net id="92"><net_src comp="80" pin="3"/><net_sink comp="74" pin=2"/></net>

<net id="98"><net_src comp="0" pin="0"/><net_sink comp="93" pin=0"/></net>

<net id="99"><net_src comp="2" pin="0"/><net_sink comp="93" pin=1"/></net>

<net id="100"><net_src comp="10" pin="0"/><net_sink comp="93" pin=2"/></net>

<net id="101"><net_src comp="93" pin="3"/><net_sink comp="74" pin=0"/></net>

<net id="107"><net_src comp="0" pin="0"/><net_sink comp="102" pin=0"/></net>

<net id="108"><net_src comp="2" pin="0"/><net_sink comp="102" pin=1"/></net>

<net id="109"><net_src comp="12" pin="0"/><net_sink comp="102" pin=2"/></net>

<net id="110"><net_src comp="102" pin="3"/><net_sink comp="74" pin=2"/></net>

<net id="116"><net_src comp="0" pin="0"/><net_sink comp="111" pin=0"/></net>

<net id="117"><net_src comp="2" pin="0"/><net_sink comp="111" pin=1"/></net>

<net id="118"><net_src comp="20" pin="0"/><net_sink comp="111" pin=2"/></net>

<net id="119"><net_src comp="111" pin="3"/><net_sink comp="74" pin=0"/></net>

<net id="125"><net_src comp="0" pin="0"/><net_sink comp="120" pin=0"/></net>

<net id="126"><net_src comp="2" pin="0"/><net_sink comp="120" pin=1"/></net>

<net id="127"><net_src comp="22" pin="0"/><net_sink comp="120" pin=2"/></net>

<net id="128"><net_src comp="120" pin="3"/><net_sink comp="74" pin=2"/></net>

<net id="133"><net_src comp="74" pin="3"/><net_sink comp="129" pin=0"/></net>

<net id="134"><net_src comp="6" pin="0"/><net_sink comp="129" pin=1"/></net>

<net id="139"><net_src comp="74" pin="7"/><net_sink comp="135" pin=0"/></net>

<net id="140"><net_src comp="8" pin="0"/><net_sink comp="135" pin=1"/></net>

<net id="145"><net_src comp="74" pin="3"/><net_sink comp="141" pin=0"/></net>

<net id="146"><net_src comp="14" pin="0"/><net_sink comp="141" pin=1"/></net>

<net id="151"><net_src comp="74" pin="3"/><net_sink comp="147" pin=0"/></net>

<net id="152"><net_src comp="16" pin="0"/><net_sink comp="147" pin=1"/></net>

<net id="157"><net_src comp="74" pin="7"/><net_sink comp="153" pin=0"/></net>

<net id="158"><net_src comp="18" pin="0"/><net_sink comp="153" pin=1"/></net>

<net id="163"><net_src comp="74" pin="3"/><net_sink comp="159" pin=0"/></net>

<net id="164"><net_src comp="32" pin="0"/><net_sink comp="159" pin=1"/></net>

<net id="169"><net_src comp="74" pin="7"/><net_sink comp="165" pin=0"/></net>

<net id="170"><net_src comp="34" pin="0"/><net_sink comp="165" pin=1"/></net>

<net id="179"><net_src comp="171" pin="2"/><net_sink comp="175" pin=1"/></net>

<net id="184"><net_src comp="36" pin="0"/><net_sink comp="180" pin=1"/></net>

<net id="189"><net_src comp="180" pin="2"/><net_sink comp="185" pin=1"/></net>

<net id="194"><net_src comp="185" pin="2"/><net_sink comp="190" pin=0"/></net>

<net id="199"><net_src comp="36" pin="0"/><net_sink comp="195" pin=1"/></net>

<net id="204"><net_src comp="195" pin="2"/><net_sink comp="200" pin=1"/></net>

<net id="209"><net_src comp="159" pin="2"/><net_sink comp="205" pin=0"/></net>

<net id="210"><net_src comp="200" pin="2"/><net_sink comp="205" pin=1"/></net>

<net id="215"><net_src comp="36" pin="0"/><net_sink comp="211" pin=1"/></net>

<net id="220"><net_src comp="165" pin="2"/><net_sink comp="216" pin=0"/></net>

<net id="221"><net_src comp="195" pin="2"/><net_sink comp="216" pin=1"/></net>

<net id="226"><net_src comp="216" pin="2"/><net_sink comp="222" pin=0"/></net>

<net id="227"><net_src comp="211" pin="2"/><net_sink comp="222" pin=1"/></net>

<net id="232"><net_src comp="171" pin="2"/><net_sink comp="228" pin=0"/></net>

<net id="233"><net_src comp="190" pin="2"/><net_sink comp="228" pin=1"/></net>

<net id="238"><net_src comp="205" pin="2"/><net_sink comp="234" pin=1"/></net>

<net id="243"><net_src comp="200" pin="2"/><net_sink comp="239" pin=1"/></net>

<net id="248"><net_src comp="239" pin="2"/><net_sink comp="244" pin=0"/></net>

<net id="249"><net_src comp="222" pin="2"/><net_sink comp="244" pin=1"/></net>

<net id="254"><net_src comp="175" pin="2"/><net_sink comp="250" pin=0"/></net>

<net id="255"><net_src comp="36" pin="0"/><net_sink comp="250" pin=1"/></net>

<net id="259"><net_src comp="250" pin="2"/><net_sink comp="256" pin=0"/></net>

<net id="265"><net_src comp="171" pin="2"/><net_sink comp="260" pin=0"/></net>

<net id="266"><net_src comp="256" pin="1"/><net_sink comp="260" pin=1"/></net>

<net id="267"><net_src comp="38" pin="0"/><net_sink comp="260" pin=2"/></net>

<net id="273"><net_src comp="228" pin="2"/><net_sink comp="268" pin=0"/></net>

<net id="274"><net_src comp="260" pin="3"/><net_sink comp="268" pin=1"/></net>

<net id="275"><net_src comp="40" pin="0"/><net_sink comp="268" pin=2"/></net>

<net id="279"><net_src comp="268" pin="3"/><net_sink comp="276" pin=0"/></net>

<net id="285"><net_src comp="276" pin="1"/><net_sink comp="280" pin=1"/></net>

<net id="286"><net_src comp="42" pin="0"/><net_sink comp="280" pin=2"/></net>

<net id="292"><net_src comp="234" pin="2"/><net_sink comp="287" pin=0"/></net>

<net id="293"><net_src comp="280" pin="3"/><net_sink comp="287" pin=1"/></net>

<net id="294"><net_src comp="44" pin="0"/><net_sink comp="287" pin=2"/></net>

<net id="300"><net_src comp="239" pin="2"/><net_sink comp="295" pin=0"/></net>

<net id="301"><net_src comp="287" pin="3"/><net_sink comp="295" pin=1"/></net>

<net id="302"><net_src comp="46" pin="0"/><net_sink comp="295" pin=2"/></net>

<net id="308"><net_src comp="244" pin="2"/><net_sink comp="303" pin=0"/></net>

<net id="309"><net_src comp="295" pin="3"/><net_sink comp="303" pin=1"/></net>

<net id="310"><net_src comp="48" pin="0"/><net_sink comp="303" pin=2"/></net>

<net id="323"><net_src comp="50" pin="0"/><net_sink comp="311" pin=0"/></net>

<net id="324"><net_src comp="52" pin="0"/><net_sink comp="311" pin=1"/></net>

<net id="325"><net_src comp="54" pin="0"/><net_sink comp="311" pin=2"/></net>

<net id="326"><net_src comp="56" pin="0"/><net_sink comp="311" pin=3"/></net>

<net id="327"><net_src comp="58" pin="0"/><net_sink comp="311" pin=4"/></net>

<net id="328"><net_src comp="60" pin="0"/><net_sink comp="311" pin=5"/></net>

<net id="329"><net_src comp="62" pin="0"/><net_sink comp="311" pin=6"/></net>

<net id="330"><net_src comp="54" pin="0"/><net_sink comp="311" pin=7"/></net>

<net id="331"><net_src comp="64" pin="0"/><net_sink comp="311" pin=8"/></net>

<net id="332"><net_src comp="303" pin="3"/><net_sink comp="311" pin=9"/></net>

<net id="336"><net_src comp="66" pin="3"/><net_sink comp="333" pin=0"/></net>

<net id="337"><net_src comp="333" pin="1"/><net_sink comp="74" pin=0"/></net>

<net id="341"><net_src comp="80" pin="3"/><net_sink comp="338" pin=0"/></net>

<net id="342"><net_src comp="338" pin="1"/><net_sink comp="74" pin=2"/></net>

<net id="346"><net_src comp="129" pin="2"/><net_sink comp="343" pin=0"/></net>

<net id="347"><net_src comp="343" pin="1"/><net_sink comp="171" pin=1"/></net>

<net id="348"><net_src comp="343" pin="1"/><net_sink comp="190" pin=1"/></net>

<net id="349"><net_src comp="343" pin="1"/><net_sink comp="195" pin=0"/></net>

<net id="350"><net_src comp="343" pin="1"/><net_sink comp="234" pin=0"/></net>

<net id="351"><net_src comp="343" pin="1"/><net_sink comp="239" pin=0"/></net>

<net id="352"><net_src comp="343" pin="1"/><net_sink comp="280" pin=0"/></net>

<net id="356"><net_src comp="135" pin="2"/><net_sink comp="353" pin=0"/></net>

<net id="357"><net_src comp="353" pin="1"/><net_sink comp="171" pin=0"/></net>

<net id="358"><net_src comp="353" pin="1"/><net_sink comp="180" pin=0"/></net>

<net id="362"><net_src comp="93" pin="3"/><net_sink comp="359" pin=0"/></net>

<net id="363"><net_src comp="359" pin="1"/><net_sink comp="74" pin=0"/></net>

<net id="367"><net_src comp="102" pin="3"/><net_sink comp="364" pin=0"/></net>

<net id="368"><net_src comp="364" pin="1"/><net_sink comp="74" pin=2"/></net>

<net id="372"><net_src comp="141" pin="2"/><net_sink comp="369" pin=0"/></net>

<net id="373"><net_src comp="369" pin="1"/><net_sink comp="200" pin=0"/></net>

<net id="374"><net_src comp="369" pin="1"/><net_sink comp="211" pin=0"/></net>

<net id="378"><net_src comp="147" pin="2"/><net_sink comp="375" pin=0"/></net>

<net id="379"><net_src comp="375" pin="1"/><net_sink comp="175" pin=0"/></net>

<net id="383"><net_src comp="153" pin="2"/><net_sink comp="380" pin=0"/></net>

<net id="384"><net_src comp="380" pin="1"/><net_sink comp="185" pin=0"/></net>

<net id="388"><net_src comp="111" pin="3"/><net_sink comp="385" pin=0"/></net>

<net id="389"><net_src comp="385" pin="1"/><net_sink comp="74" pin=0"/></net>

<net id="393"><net_src comp="120" pin="3"/><net_sink comp="390" pin=0"/></net>

<net id="394"><net_src comp="390" pin="1"/><net_sink comp="74" pin=2"/></net>

</net_list>

</model> 
---------------- Datapath Model END ------------------

* FSMD analyzer results:
  - Output states:
 - Input state : 
	Port: decision_function.67 : x_V | {1 2 3 4 }
  - Chain level:
	State 1
		x_V_load : 1
		x_V_load_1 : 1
	State 2
		icmp_ln1497 : 1
		icmp_ln1497_1 : 1
		x_V_load_2 : 1
		x_V_load_5 : 1
		icmp_ln1497_8 : 1
	State 3
		icmp_ln1497_2 : 1
		icmp_ln1497_5 : 1
		x_V_load_9 : 1
		x_V_load_12 : 1
	State 4
		icmp_ln1497_9 : 1
		icmp_ln1497_12 : 1
		and_ln73_154 : 2
		and_ln73_155 : 2
		or_ln88_69 : 2
		select_ln89 : 1
		select_ln89_111 : 2
		zext_ln89_17 : 3
		select_ln89_112 : 4
		select_ln89_113 : 5
		select_ln89_114 : 6
		select_ln89_115 : 7
		tmp : 8
		ret_ln93 : 9


============================================================
+ Verbose Summary: Datapath Resource usage 
============================================================

* Functional unit list:
|----------|------------------------|---------|---------|
| Operation|     Functional Unit    |    FF   |   LUT   |
|----------|------------------------|---------|---------|
|          |   icmp_ln1497_fu_129   |    0    |    13   |
|          |  icmp_ln1497_1_fu_135  |    0    |    13   |
|          |  icmp_ln1497_8_fu_141  |    0    |    13   |
|   icmp   |  icmp_ln1497_2_fu_147  |    0    |    13   |
|          |  icmp_ln1497_5_fu_153  |    0    |    13   |
|          |  icmp_ln1497_9_fu_159  |    0    |    13   |
|          |  icmp_ln1497_12_fu_165 |    0    |    13   |
|----------|------------------------|---------|---------|
|    mux   |       tmp_fu_311       |    0    |    45   |
|----------|------------------------|---------|---------|
|          |     and_ln73_fu_171    |    0    |    2    |
|          |   and_ln73_149_fu_175  |    0    |    2    |
|          |   and_ln73_150_fu_185  |    0    |    2    |
|    and   |   and_ln73_151_fu_190  |    0    |    2    |
|          |   and_ln73_152_fu_200  |    0    |    2    |
|          |   and_ln73_153_fu_205  |    0    |    2    |
|          |   and_ln73_154_fu_216  |    0    |    2    |
|          |   and_ln73_155_fu_222  |    0    |    2    |
|----------|------------------------|---------|---------|
|          |   select_ln89_fu_260   |    0    |    2    |
|          | select_ln89_111_fu_268 |    0    |    2    |
|  select  | select_ln89_112_fu_280 |    0    |    3    |
|          | select_ln89_113_fu_287 |    0    |    3    |
|          | select_ln89_114_fu_295 |    0    |    3    |
|          | select_ln89_115_fu_303 |    0    |    3    |
|----------|------------------------|---------|---------|
|          |     xor_ln75_fu_180    |    0    |    2    |
|    xor   |   xor_ln75_45_fu_195   |    0    |    2    |
|          |   xor_ln75_46_fu_211   |    0    |    2    |
|          |     xor_ln89_fu_250    |    0    |    2    |
|----------|------------------------|---------|---------|
|          |     or_ln88_fu_228     |    0    |    2    |
|    or    |    or_ln88_67_fu_234   |    0    |    2    |
|          |    or_ln88_68_fu_239   |    0    |    2    |
|          |    or_ln88_69_fu_244   |    0    |    2    |
|----------|------------------------|---------|---------|
|   zext   |    zext_ln89_fu_256    |    0    |    0    |
|          |   zext_ln89_17_fu_276  |    0    |    0    |
|----------|------------------------|---------|---------|
|   Total  |                        |    0    |   184   |
|----------|------------------------|---------|---------|

Memories:
N/A

* Register list:
+---------------------+--------+
|                     |   FF   |
+---------------------+--------+
|icmp_ln1497_1_reg_353|    1   |
|icmp_ln1497_2_reg_375|    1   |
|icmp_ln1497_5_reg_380|    1   |
|icmp_ln1497_8_reg_369|    1   |
| icmp_ln1497_reg_343 |    1   |
| x_V_addr_90_reg_338 |    4   |
| x_V_addr_91_reg_359 |    4   |
| x_V_addr_92_reg_364 |    4   |
| x_V_addr_93_reg_385 |    4   |
| x_V_addr_94_reg_390 |    4   |
|   x_V_addr_reg_333  |    4   |
+---------------------+--------+
|        Total        |   29   |
+---------------------+--------+

* Multiplexer (MUX) list: 
|------------------|------|------|------|--------||---------||---------|
|       Comp       |  Pin | Size |  BW  | S x BW ||  Delay  ||   LUT   |
|------------------|------|------|------|--------||---------||---------|
| grp_access_fu_74 |  p0  |   6  |   4  |   24   ||    33   |
| grp_access_fu_74 |  p2  |   6  |   0  |    0   ||    33   |
|------------------|------|------|------|--------||---------||---------|
|       Total      |      |      |      |   24   ||  3.904  ||    66   |
|------------------|------|------|------|--------||---------||---------|



* Summary:
+-----------+--------+--------+--------+
|           |  Delay |   FF   |   LUT  |
+-----------+--------+--------+--------+
|  Function |    -   |    0   |   184  |
|   Memory  |    -   |    -   |    -   |
|Multiplexer|    3   |    -   |   66   |
|  Register |    -   |   29   |    -   |
+-----------+--------+--------+--------+
|   Total   |    3   |   29   |   250  |
+-----------+--------+--------+--------+
