

================================================================
== Vivado HLS Report for 'decision_function_19'
================================================================
* Date:           Mon Dec 11 23:05:25 2023

* Version:        2019.1 (Build 2552052 on Fri May 24 15:28:33 MDT 2019)
* Project:        Final_HLS
* Solution:       solution1
* Product family: zynq
* Target device:  xc7z020-clg400-1


================================================================
== Performance Estimates
================================================================
+ Timing (ns): 
    * Summary: 
    +--------+-------+----------+------------+
    |  Clock | Target| Estimated| Uncertainty|
    +--------+-------+----------+------------+
    |ap_clk  |  10.00|     6.791|        1.25|
    +--------+-------+----------+------------+

+ Latency (clock cycles): 
    * Summary: 
    +-----+-----+-----+-----+----------+
    |  Latency  |  Interval | Pipeline |
    | min | max | min | max |   Type   |
    +-----+-----+-----+-----+----------+
    |    4|    4|    4|    4| function |
    +-----+-----+-----+-----+----------+

    + Detail: 
        * Instance: 
        N/A

        * Loop: 
        N/A

============================================================
+ Verbose Summary: Synthesis Manager
============================================================
InlineROM: 1
ExposeGlobal: 0
============================================================
+ Verbose Summary: CDFG Model
============================================================
IsTopModel: 0
ResetActiveHigh: 1
IsCombinational: 0
IsDatapathOnly: 0
HasWiredReturn: 1
HasMFsm: 2
HasVarLatency: 0
IsPipeline: 1
IsRtlPipelined: 1
IsInstanceOverlapped: 0
IsDontTouch: 0
HasImplIP: 0
IsGatedGlobalClock: 0

+ Individual pipeline summary: 
  * Pipeline-0: initiation interval (II) = 4, depth = 5


============================================================
+ Verbose Summary: Schedule
============================================================
* Number of FSM states : 5
* Pipeline : 1
  Pipeline-0 : II = 4, D = 5, States = { 1 2 3 4 5 }
* Dataflow Pipeline: 0

* FSM state transitions: 
1 --> 2 
2 --> 3 
3 --> 4 
4 --> 5 
5 --> 

* FSM state operations: 

State 1 <SV = 0> <Delay = 2.32>
ST_1 : Operation 6 [1/1] (0.00ns)   --->   "%x_V_addr = getelementptr [12 x i12]* %x_V, i64 0, i64 9" [../my-conifer-prj/firmware/BDT.h:57]   --->   Operation 6 'getelementptr' 'x_V_addr' <Predicate = true> <Delay = 0.00>
ST_1 : Operation 7 [2/2] (2.32ns)   --->   "%x_V_load = load i12* %x_V_addr, align 2" [../my-conifer-prj/firmware/BDT.h:57]   --->   Operation 7 'load' 'x_V_load' <Predicate = true> <Delay = 2.32> <Core = "RAM">   --->   Core 37 'RAM' <Latency = 1> <II = 1> <Delay = 2.32> <Storage> <Opcode : 'load' 'store'> <Ports = 2> <Width = 12> <Depth = 12> <RAM>
ST_1 : Operation 8 [1/1] (0.00ns)   --->   "%x_V_addr_73 = getelementptr [12 x i12]* %x_V, i64 0, i64 8" [../my-conifer-prj/firmware/BDT.h:57]   --->   Operation 8 'getelementptr' 'x_V_addr_73' <Predicate = true> <Delay = 0.00>
ST_1 : Operation 9 [2/2] (2.32ns)   --->   "%x_V_load_1 = load i12* %x_V_addr_73, align 2" [../my-conifer-prj/firmware/BDT.h:57]   --->   Operation 9 'load' 'x_V_load_1' <Predicate = true> <Delay = 2.32> <Core = "RAM">   --->   Core 37 'RAM' <Latency = 1> <II = 1> <Delay = 2.32> <Storage> <Opcode : 'load' 'store'> <Ports = 2> <Width = 12> <Depth = 12> <RAM>

State 2 <SV = 1> <Delay = 4.31>
ST_2 : Operation 10 [1/2] (2.32ns)   --->   "%x_V_load = load i12* %x_V_addr, align 2" [../my-conifer-prj/firmware/BDT.h:57]   --->   Operation 10 'load' 'x_V_load' <Predicate = true> <Delay = 2.32> <Core = "RAM">   --->   Core 37 'RAM' <Latency = 1> <II = 1> <Delay = 2.32> <Storage> <Opcode : 'load' 'store'> <Ports = 2> <Width = 12> <Depth = 12> <RAM>
ST_2 : Operation 11 [1/1] (1.99ns)   --->   "%icmp_ln1497 = icmp slt i12 %x_V_load, 1921" [../my-conifer-prj/firmware/BDT.h:57]   --->   Operation 11 'icmp' 'icmp_ln1497' <Predicate = true> <Delay = 1.99> <Core = "Cmp">   --->   Core 25 'Cmp' <Latency = 0> <II = 1> <Delay = 1.99> <FuncUnit> <Opcode : 'icmp'> <InPorts = 2> <OutPorts = 1>
ST_2 : Operation 12 [1/2] (2.32ns)   --->   "%x_V_load_1 = load i12* %x_V_addr_73, align 2" [../my-conifer-prj/firmware/BDT.h:57]   --->   Operation 12 'load' 'x_V_load_1' <Predicate = true> <Delay = 2.32> <Core = "RAM">   --->   Core 37 'RAM' <Latency = 1> <II = 1> <Delay = 2.32> <Storage> <Opcode : 'load' 'store'> <Ports = 2> <Width = 12> <Depth = 12> <RAM>
ST_2 : Operation 13 [1/1] (1.99ns)   --->   "%icmp_ln1497_1 = icmp slt i12 %x_V_load_1, -1663" [../my-conifer-prj/firmware/BDT.h:57]   --->   Operation 13 'icmp' 'icmp_ln1497_1' <Predicate = true> <Delay = 1.99> <Core = "Cmp">   --->   Core 25 'Cmp' <Latency = 0> <II = 1> <Delay = 1.99> <FuncUnit> <Opcode : 'icmp'> <InPorts = 2> <OutPorts = 1>
ST_2 : Operation 14 [1/1] (0.00ns)   --->   "%x_V_addr_74 = getelementptr [12 x i12]* %x_V, i64 0, i64 0" [../my-conifer-prj/firmware/BDT.h:57]   --->   Operation 14 'getelementptr' 'x_V_addr_74' <Predicate = true> <Delay = 0.00>
ST_2 : Operation 15 [2/2] (2.32ns)   --->   "%x_V_load_2 = load i12* %x_V_addr_74, align 2" [../my-conifer-prj/firmware/BDT.h:57]   --->   Operation 15 'load' 'x_V_load_2' <Predicate = true> <Delay = 2.32> <Core = "RAM">   --->   Core 37 'RAM' <Latency = 1> <II = 1> <Delay = 2.32> <Storage> <Opcode : 'load' 'store'> <Ports = 2> <Width = 12> <Depth = 12> <RAM>
ST_2 : Operation 16 [1/1] (0.00ns)   --->   "%x_V_addr_75 = getelementptr [12 x i12]* %x_V, i64 0, i64 2" [../my-conifer-prj/firmware/BDT.h:57]   --->   Operation 16 'getelementptr' 'x_V_addr_75' <Predicate = true> <Delay = 0.00>
ST_2 : Operation 17 [2/2] (2.32ns)   --->   "%x_V_load_5 = load i12* %x_V_addr_75, align 2" [../my-conifer-prj/firmware/BDT.h:57]   --->   Operation 17 'load' 'x_V_load_5' <Predicate = true> <Delay = 2.32> <Core = "RAM">   --->   Core 37 'RAM' <Latency = 1> <II = 1> <Delay = 2.32> <Storage> <Opcode : 'load' 'store'> <Ports = 2> <Width = 12> <Depth = 12> <RAM>

State 3 <SV = 2> <Delay = 4.31>
ST_3 : Operation 18 [1/2] (2.32ns)   --->   "%x_V_load_2 = load i12* %x_V_addr_74, align 2" [../my-conifer-prj/firmware/BDT.h:57]   --->   Operation 18 'load' 'x_V_load_2' <Predicate = true> <Delay = 2.32> <Core = "RAM">   --->   Core 37 'RAM' <Latency = 1> <II = 1> <Delay = 2.32> <Storage> <Opcode : 'load' 'store'> <Ports = 2> <Width = 12> <Depth = 12> <RAM>
ST_3 : Operation 19 [1/1] (1.99ns)   --->   "%icmp_ln1497_2 = icmp slt i12 %x_V_load_2, 1" [../my-conifer-prj/firmware/BDT.h:57]   --->   Operation 19 'icmp' 'icmp_ln1497_2' <Predicate = (icmp_ln1497)> <Delay = 1.99> <Core = "Cmp">   --->   Core 25 'Cmp' <Latency = 0> <II = 1> <Delay = 1.99> <FuncUnit> <Opcode : 'icmp'> <InPorts = 2> <OutPorts = 1>
ST_3 : Operation 20 [1/2] (2.32ns)   --->   "%x_V_load_5 = load i12* %x_V_addr_75, align 2" [../my-conifer-prj/firmware/BDT.h:57]   --->   Operation 20 'load' 'x_V_load_5' <Predicate = true> <Delay = 2.32> <Core = "RAM">   --->   Core 37 'RAM' <Latency = 1> <II = 1> <Delay = 2.32> <Storage> <Opcode : 'load' 'store'> <Ports = 2> <Width = 12> <Depth = 12> <RAM>
ST_3 : Operation 21 [1/1] (1.99ns)   --->   "%icmp_ln1497_5 = icmp slt i12 %x_V_load_5, 1" [../my-conifer-prj/firmware/BDT.h:57]   --->   Operation 21 'icmp' 'icmp_ln1497_5' <Predicate = (icmp_ln1497)> <Delay = 1.99> <Core = "Cmp">   --->   Core 25 'Cmp' <Latency = 0> <II = 1> <Delay = 1.99> <FuncUnit> <Opcode : 'icmp'> <InPorts = 2> <OutPorts = 1>
ST_3 : Operation 22 [1/1] (0.00ns)   --->   "%x_V_addr_76 = getelementptr [12 x i12]* %x_V, i64 0, i64 3" [../my-conifer-prj/firmware/BDT.h:57]   --->   Operation 22 'getelementptr' 'x_V_addr_76' <Predicate = true> <Delay = 0.00>
ST_3 : Operation 23 [2/2] (2.32ns)   --->   "%x_V_load_8 = load i12* %x_V_addr_76, align 2" [../my-conifer-prj/firmware/BDT.h:57]   --->   Operation 23 'load' 'x_V_load_8' <Predicate = true> <Delay = 2.32> <Core = "RAM">   --->   Core 37 'RAM' <Latency = 1> <II = 1> <Delay = 2.32> <Storage> <Opcode : 'load' 'store'> <Ports = 2> <Width = 12> <Depth = 12> <RAM>
ST_3 : Operation 24 [1/1] (0.00ns)   --->   "%x_V_addr_77 = getelementptr [12 x i12]* %x_V, i64 0, i64 1" [../my-conifer-prj/firmware/BDT.h:57]   --->   Operation 24 'getelementptr' 'x_V_addr_77' <Predicate = true> <Delay = 0.00>
ST_3 : Operation 25 [2/2] (2.32ns)   --->   "%x_V_load_9 = load i12* %x_V_addr_77, align 2" [../my-conifer-prj/firmware/BDT.h:57]   --->   Operation 25 'load' 'x_V_load_9' <Predicate = true> <Delay = 2.32> <Core = "RAM">   --->   Core 37 'RAM' <Latency = 1> <II = 1> <Delay = 2.32> <Storage> <Opcode : 'load' 'store'> <Ports = 2> <Width = 12> <Depth = 12> <RAM>

State 4 <SV = 3> <Delay = 4.31>
ST_4 : Operation 26 [1/2] (2.32ns)   --->   "%x_V_load_8 = load i12* %x_V_addr_76, align 2" [../my-conifer-prj/firmware/BDT.h:57]   --->   Operation 26 'load' 'x_V_load_8' <Predicate = true> <Delay = 2.32> <Core = "RAM">   --->   Core 37 'RAM' <Latency = 1> <II = 1> <Delay = 2.32> <Storage> <Opcode : 'load' 'store'> <Ports = 2> <Width = 12> <Depth = 12> <RAM>
ST_4 : Operation 27 [1/1] (1.99ns)   --->   "%icmp_ln1497_8 = icmp slt i12 %x_V_load_8, -1663" [../my-conifer-prj/firmware/BDT.h:57]   --->   Operation 27 'icmp' 'icmp_ln1497_8' <Predicate = true> <Delay = 1.99> <Core = "Cmp">   --->   Core 25 'Cmp' <Latency = 0> <II = 1> <Delay = 1.99> <FuncUnit> <Opcode : 'icmp'> <InPorts = 2> <OutPorts = 1>
ST_4 : Operation 28 [1/2] (2.32ns)   --->   "%x_V_load_9 = load i12* %x_V_addr_77, align 2" [../my-conifer-prj/firmware/BDT.h:57]   --->   Operation 28 'load' 'x_V_load_9' <Predicate = true> <Delay = 2.32> <Core = "RAM">   --->   Core 37 'RAM' <Latency = 1> <II = 1> <Delay = 2.32> <Storage> <Opcode : 'load' 'store'> <Ports = 2> <Width = 12> <Depth = 12> <RAM>
ST_4 : Operation 29 [1/1] (1.99ns)   --->   "%icmp_ln1497_9 = icmp slt i12 %x_V_load_9, -1663" [../my-conifer-prj/firmware/BDT.h:57]   --->   Operation 29 'icmp' 'icmp_ln1497_9' <Predicate = true> <Delay = 1.99> <Core = "Cmp">   --->   Core 25 'Cmp' <Latency = 0> <II = 1> <Delay = 1.99> <FuncUnit> <Opcode : 'icmp'> <InPorts = 2> <OutPorts = 1>
ST_4 : Operation 30 [1/1] (0.00ns)   --->   "%x_V_addr_78 = getelementptr [12 x i12]* %x_V, i64 0, i64 5" [../my-conifer-prj/firmware/BDT.h:57]   --->   Operation 30 'getelementptr' 'x_V_addr_78' <Predicate = true> <Delay = 0.00>
ST_4 : Operation 31 [2/2] (2.32ns)   --->   "%x_V_load_12 = load i12* %x_V_addr_78, align 2" [../my-conifer-prj/firmware/BDT.h:57]   --->   Operation 31 'load' 'x_V_load_12' <Predicate = true> <Delay = 2.32> <Core = "RAM">   --->   Core 37 'RAM' <Latency = 1> <II = 1> <Delay = 2.32> <Storage> <Opcode : 'load' 'store'> <Ports = 2> <Width = 12> <Depth = 12> <RAM>

State 5 <SV = 4> <Delay = 6.79>
ST_5 : Operation 32 [1/1] (0.00ns)   --->   "call void (...)* @_ssdm_op_SpecPipeline(i32 1, i32 1, i32 1, i32 0, [1 x i8]* @p_str) nounwind" [../my-conifer-prj/firmware/BDT.h:25]   --->   Operation 32 'specpipeline' <Predicate = true> <Delay = 0.00>
ST_5 : Operation 33 [1/2] (2.32ns)   --->   "%x_V_load_12 = load i12* %x_V_addr_78, align 2" [../my-conifer-prj/firmware/BDT.h:57]   --->   Operation 33 'load' 'x_V_load_12' <Predicate = true> <Delay = 2.32> <Core = "RAM">   --->   Core 37 'RAM' <Latency = 1> <II = 1> <Delay = 2.32> <Storage> <Opcode : 'load' 'store'> <Ports = 2> <Width = 12> <Depth = 12> <RAM>
ST_5 : Operation 34 [1/1] (1.99ns)   --->   "%icmp_ln1497_12 = icmp slt i12 %x_V_load_12, -1252" [../my-conifer-prj/firmware/BDT.h:57]   --->   Operation 34 'icmp' 'icmp_ln1497_12' <Predicate = true> <Delay = 1.99> <Core = "Cmp">   --->   Core 25 'Cmp' <Latency = 0> <II = 1> <Delay = 1.99> <FuncUnit> <Opcode : 'icmp'> <InPorts = 2> <OutPorts = 1>
ST_5 : Operation 35 [1/1] (0.97ns)   --->   "%and_ln73 = and i1 %icmp_ln1497_1, %icmp_ln1497" [../my-conifer-prj/firmware/BDT.h:73]   --->   Operation 35 'and' 'and_ln73' <Predicate = (icmp_ln1497)> <Delay = 0.97> <Core = "LogicGate">   --->   Core 27 'LogicGate' <Latency = 0> <II = 1> <Delay = 0.97> <FuncUnit> <Opcode : 'and' 'or' 'xor'> <InPorts = 2> <OutPorts = 1>
ST_5 : Operation 36 [1/1] (0.00ns) (grouped into LUT with out node select_ln89_86)   --->   "%and_ln73_84 = and i1 %icmp_ln1497_2, %and_ln73" [../my-conifer-prj/firmware/BDT.h:73]   --->   Operation 36 'and' 'and_ln73_84' <Predicate = (icmp_ln1497)> <Delay = 0.00> <Core = "LogicGate">   --->   Core 27 'LogicGate' <Latency = 0> <II = 1> <Delay = 0.97> <FuncUnit> <Opcode : 'and' 'or' 'xor'> <InPorts = 2> <OutPorts = 1>
ST_5 : Operation 37 [1/1] (0.00ns) (grouped into LUT with out node or_ln88)   --->   "%xor_ln75 = xor i1 %icmp_ln1497_1, true" [../my-conifer-prj/firmware/BDT.h:75]   --->   Operation 37 'xor' 'xor_ln75' <Predicate = (icmp_ln1497)> <Delay = 0.00> <Core = "LogicGate">   --->   Core 27 'LogicGate' <Latency = 0> <II = 1> <Delay = 0.97> <FuncUnit> <Opcode : 'and' 'or' 'xor'> <InPorts = 2> <OutPorts = 1>
ST_5 : Operation 38 [1/1] (0.00ns) (grouped into LUT with out node or_ln88)   --->   "%and_ln73_89 = and i1 %icmp_ln1497_5, %xor_ln75" [../my-conifer-prj/firmware/BDT.h:73]   --->   Operation 38 'and' 'and_ln73_89' <Predicate = (icmp_ln1497)> <Delay = 0.00> <Core = "LogicGate">   --->   Core 27 'LogicGate' <Latency = 0> <II = 1> <Delay = 0.97> <FuncUnit> <Opcode : 'and' 'or' 'xor'> <InPorts = 2> <OutPorts = 1>
ST_5 : Operation 39 [1/1] (0.00ns) (grouped into LUT with out node or_ln88)   --->   "%and_ln73_85 = and i1 %and_ln73_89, %icmp_ln1497" [../my-conifer-prj/firmware/BDT.h:73]   --->   Operation 39 'and' 'and_ln73_85' <Predicate = (icmp_ln1497)> <Delay = 0.00> <Core = "LogicGate">   --->   Core 27 'LogicGate' <Latency = 0> <II = 1> <Delay = 0.97> <FuncUnit> <Opcode : 'and' 'or' 'xor'> <InPorts = 2> <OutPorts = 1>
ST_5 : Operation 40 [1/1] (0.97ns)   --->   "%xor_ln75_33 = xor i1 %icmp_ln1497, true" [../my-conifer-prj/firmware/BDT.h:75]   --->   Operation 40 'xor' 'xor_ln75_33' <Predicate = true> <Delay = 0.97> <Core = "LogicGate">   --->   Core 27 'LogicGate' <Latency = 0> <II = 1> <Delay = 0.97> <FuncUnit> <Opcode : 'and' 'or' 'xor'> <InPorts = 2> <OutPorts = 1>
ST_5 : Operation 41 [1/1] (0.97ns)   --->   "%and_ln73_86 = and i1 %icmp_ln1497_8, %xor_ln75_33" [../my-conifer-prj/firmware/BDT.h:73]   --->   Operation 41 'and' 'and_ln73_86' <Predicate = true> <Delay = 0.97> <Core = "LogicGate">   --->   Core 27 'LogicGate' <Latency = 0> <II = 1> <Delay = 0.97> <FuncUnit> <Opcode : 'and' 'or' 'xor'> <InPorts = 2> <OutPorts = 1>
ST_5 : Operation 42 [1/1] (0.00ns) (grouped into LUT with out node select_ln89_88)   --->   "%and_ln73_87 = and i1 %icmp_ln1497_9, %and_ln73_86" [../my-conifer-prj/firmware/BDT.h:73]   --->   Operation 42 'and' 'and_ln73_87' <Predicate = true> <Delay = 0.00> <Core = "LogicGate">   --->   Core 27 'LogicGate' <Latency = 0> <II = 1> <Delay = 0.97> <FuncUnit> <Opcode : 'and' 'or' 'xor'> <InPorts = 2> <OutPorts = 1>
ST_5 : Operation 43 [1/1] (0.00ns) (grouped into LUT with out node tmp)   --->   "%xor_ln75_34 = xor i1 %icmp_ln1497_8, true" [../my-conifer-prj/firmware/BDT.h:75]   --->   Operation 43 'xor' 'xor_ln75_34' <Predicate = true> <Delay = 0.00> <Core = "LogicGate">   --->   Core 27 'LogicGate' <Latency = 0> <II = 1> <Delay = 0.97> <FuncUnit> <Opcode : 'and' 'or' 'xor'> <InPorts = 2> <OutPorts = 1>
ST_5 : Operation 44 [1/1] (0.00ns) (grouped into LUT with out node tmp)   --->   "%and_ln73_90 = and i1 %icmp_ln1497_12, %xor_ln75_33" [../my-conifer-prj/firmware/BDT.h:73]   --->   Operation 44 'and' 'and_ln73_90' <Predicate = true> <Delay = 0.00> <Core = "LogicGate">   --->   Core 27 'LogicGate' <Latency = 0> <II = 1> <Delay = 0.97> <FuncUnit> <Opcode : 'and' 'or' 'xor'> <InPorts = 2> <OutPorts = 1>
ST_5 : Operation 45 [1/1] (0.00ns) (grouped into LUT with out node tmp)   --->   "%and_ln73_88 = and i1 %and_ln73_90, %xor_ln75_34" [../my-conifer-prj/firmware/BDT.h:73]   --->   Operation 45 'and' 'and_ln73_88' <Predicate = true> <Delay = 0.00> <Core = "LogicGate">   --->   Core 27 'LogicGate' <Latency = 0> <II = 1> <Delay = 0.97> <FuncUnit> <Opcode : 'and' 'or' 'xor'> <InPorts = 2> <OutPorts = 1>
ST_5 : Operation 46 [1/1] (0.97ns) (out node of the LUT)   --->   "%or_ln88 = or i1 %and_ln73, %and_ln73_85" [../my-conifer-prj/firmware/BDT.h:88]   --->   Operation 46 'or' 'or_ln88' <Predicate = (icmp_ln1497)> <Delay = 0.97> <Core = "LogicGate">   --->   Core 27 'LogicGate' <Latency = 0> <II = 1> <Delay = 0.97> <FuncUnit> <Opcode : 'and' 'or' 'xor'> <InPorts = 2> <OutPorts = 1>
ST_5 : Operation 47 [1/1] (0.00ns) (grouped into LUT with out node select_ln89_88)   --->   "%or_ln88_50 = or i1 %icmp_ln1497, %and_ln73_87" [../my-conifer-prj/firmware/BDT.h:88]   --->   Operation 47 'or' 'or_ln88_50' <Predicate = true> <Delay = 0.00> <Core = "LogicGate">   --->   Core 27 'LogicGate' <Latency = 0> <II = 1> <Delay = 0.97> <FuncUnit> <Opcode : 'and' 'or' 'xor'> <InPorts = 2> <OutPorts = 1>
ST_5 : Operation 48 [1/1] (0.97ns)   --->   "%or_ln88_51 = or i1 %icmp_ln1497, %and_ln73_86" [../my-conifer-prj/firmware/BDT.h:88]   --->   Operation 48 'or' 'or_ln88_51' <Predicate = true> <Delay = 0.97> <Core = "LogicGate">   --->   Core 27 'LogicGate' <Latency = 0> <II = 1> <Delay = 0.97> <FuncUnit> <Opcode : 'and' 'or' 'xor'> <InPorts = 2> <OutPorts = 1>
ST_5 : Operation 49 [1/1] (0.00ns) (grouped into LUT with out node tmp)   --->   "%or_ln88_52 = or i1 %or_ln88_51, %and_ln73_88" [../my-conifer-prj/firmware/BDT.h:88]   --->   Operation 49 'or' 'or_ln88_52' <Predicate = true> <Delay = 0.00> <Core = "LogicGate">   --->   Core 27 'LogicGate' <Latency = 0> <II = 1> <Delay = 0.97> <FuncUnit> <Opcode : 'and' 'or' 'xor'> <InPorts = 2> <OutPorts = 1>
ST_5 : Operation 50 [1/1] (0.00ns) (grouped into LUT with out node select_ln89_86)   --->   "%xor_ln89 = xor i1 %and_ln73_84, true" [../my-conifer-prj/firmware/BDT.h:89]   --->   Operation 50 'xor' 'xor_ln89' <Predicate = (icmp_ln1497)> <Delay = 0.00> <Core = "LogicGate">   --->   Core 27 'LogicGate' <Latency = 0> <II = 1> <Delay = 0.97> <FuncUnit> <Opcode : 'and' 'or' 'xor'> <InPorts = 2> <OutPorts = 1>
ST_5 : Operation 51 [1/1] (0.00ns) (grouped into LUT with out node select_ln89_86)   --->   "%zext_ln89 = zext i1 %xor_ln89 to i2" [../my-conifer-prj/firmware/BDT.h:89]   --->   Operation 51 'zext' 'zext_ln89' <Predicate = (icmp_ln1497)> <Delay = 0.00>
ST_5 : Operation 52 [1/1] (0.00ns) (grouped into LUT with out node select_ln89_86)   --->   "%select_ln89 = select i1 %and_ln73, i2 %zext_ln89, i2 -2" [../my-conifer-prj/firmware/BDT.h:89]   --->   Operation 52 'select' 'select_ln89' <Predicate = (icmp_ln1497)> <Delay = 0.00> <Core = "Sel">   --->   Core 26 'Sel' <Latency = 0> <II = 1> <Delay = 0.98> <FuncUnit> <Opcode : 'select'> <InPorts = 3> <OutPorts = 1>
ST_5 : Operation 53 [1/1] (0.00ns) (grouped into LUT with out node select_ln89_86)   --->   "%select_ln89_85 = select i1 %or_ln88, i2 %select_ln89, i2 -1" [../my-conifer-prj/firmware/BDT.h:89]   --->   Operation 53 'select' 'select_ln89_85' <Predicate = (icmp_ln1497)> <Delay = 0.00> <Core = "Sel">   --->   Core 26 'Sel' <Latency = 0> <II = 1> <Delay = 0.98> <FuncUnit> <Opcode : 'select'> <InPorts = 3> <OutPorts = 1>
ST_5 : Operation 54 [1/1] (0.00ns) (grouped into LUT with out node select_ln89_86)   --->   "%zext_ln89_17 = zext i2 %select_ln89_85 to i3" [../my-conifer-prj/firmware/BDT.h:89]   --->   Operation 54 'zext' 'zext_ln89_17' <Predicate = (icmp_ln1497)> <Delay = 0.00>
ST_5 : Operation 55 [1/1] (0.99ns) (out node of the LUT)   --->   "%select_ln89_86 = select i1 %icmp_ln1497, i3 %zext_ln89_17, i3 -4" [../my-conifer-prj/firmware/BDT.h:89]   --->   Operation 55 'select' 'select_ln89_86' <Predicate = true> <Delay = 0.99> <Core = "Sel">   --->   Core 26 'Sel' <Latency = 0> <II = 1> <Delay = 0.98> <FuncUnit> <Opcode : 'select'> <InPorts = 3> <OutPorts = 1>
ST_5 : Operation 56 [1/1] (0.00ns) (grouped into LUT with out node select_ln89_88)   --->   "%select_ln89_87 = select i1 %or_ln88_50, i3 %select_ln89_86, i3 -3" [../my-conifer-prj/firmware/BDT.h:89]   --->   Operation 56 'select' 'select_ln89_87' <Predicate = true> <Delay = 0.00> <Core = "Sel">   --->   Core 26 'Sel' <Latency = 0> <II = 1> <Delay = 0.98> <FuncUnit> <Opcode : 'select'> <InPorts = 3> <OutPorts = 1>
ST_5 : Operation 57 [1/1] (0.98ns) (out node of the LUT)   --->   "%select_ln89_88 = select i1 %or_ln88_51, i3 %select_ln89_87, i3 -2" [../my-conifer-prj/firmware/BDT.h:89]   --->   Operation 57 'select' 'select_ln89_88' <Predicate = true> <Delay = 0.98> <Core = "Sel">   --->   Core 26 'Sel' <Latency = 0> <II = 1> <Delay = 0.98> <FuncUnit> <Opcode : 'select'> <InPorts = 3> <OutPorts = 1>
ST_5 : Operation 58 [1/1] (0.00ns) (grouped into LUT with out node tmp)   --->   "%select_ln89_89 = select i1 %or_ln88_52, i3 %select_ln89_88, i3 -1" [../my-conifer-prj/firmware/BDT.h:89]   --->   Operation 58 'select' 'select_ln89_89' <Predicate = true> <Delay = 0.00> <Core = "Sel">   --->   Core 26 'Sel' <Latency = 0> <II = 1> <Delay = 0.98> <FuncUnit> <Opcode : 'select'> <InPorts = 3> <OutPorts = 1>
ST_5 : Operation 59 [1/1] (2.47ns) (out node of the LUT)   --->   "%tmp = call i12 @_ssdm_op_Mux.ap_auto.8i12.i3(i12 7, i12 -26, i12 18, i12 17, i12 -27, i12 -29, i12 -18, i12 -49, i3 %select_ln89_89)" [../my-conifer-prj/firmware/BDT.h:89]   --->   Operation 59 'mux' 'tmp' <Predicate = true> <Delay = 2.47> <Core = "MuxnS">   --->   Core 31 'MuxnS' <Latency = 0> <II = 1> <Delay = 2.47> <FuncUnit> <Opcode : 'mux'> <InPorts = 2> <OutPorts = 1>
ST_5 : Operation 60 [1/1] (0.00ns)   --->   "ret i12 %tmp" [../my-conifer-prj/firmware/BDT.h:93]   --->   Operation 60 'ret' <Predicate = true> <Delay = 0.00>


============================================================
+ Verbose Summary: Timing violations
============================================================
Target clock period: 10ns, clock uncertainty: 1.25ns.

 <State 1>: 2.32ns
The critical path consists of the following:
	'getelementptr' operation ('x_V_addr', ../my-conifer-prj/firmware/BDT.h:57) [3]  (0 ns)
	'load' operation ('x_V_load', ../my-conifer-prj/firmware/BDT.h:57) on array 'x_V' [4]  (2.32 ns)

 <State 2>: 4.31ns
The critical path consists of the following:
	'load' operation ('x_V_load', ../my-conifer-prj/firmware/BDT.h:57) on array 'x_V' [4]  (2.32 ns)
	'icmp' operation ('icmp_ln1497', ../my-conifer-prj/firmware/BDT.h:57) [5]  (1.99 ns)

 <State 3>: 4.31ns
The critical path consists of the following:
	'load' operation ('x_V_load_2', ../my-conifer-prj/firmware/BDT.h:57) on array 'x_V' [10]  (2.32 ns)
	'icmp' operation ('icmp_ln1497_2', ../my-conifer-prj/firmware/BDT.h:57) [11]  (1.99 ns)

 <State 4>: 4.31ns
The critical path consists of the following:
	'load' operation ('x_V_load_8', ../my-conifer-prj/firmware/BDT.h:57) on array 'x_V' [16]  (2.32 ns)
	'icmp' operation ('icmp_ln1497_8', ../my-conifer-prj/firmware/BDT.h:57) [17]  (1.99 ns)

 <State 5>: 6.79ns
The critical path consists of the following:
	'load' operation ('x_V_load_12', ../my-conifer-prj/firmware/BDT.h:57) on array 'x_V' [22]  (2.32 ns)
	'icmp' operation ('icmp_ln1497_12', ../my-conifer-prj/firmware/BDT.h:57) [23]  (1.99 ns)
	'and' operation ('and_ln73_90', ../my-conifer-prj/firmware/BDT.h:73) [33]  (0 ns)
	'and' operation ('and_ln73_88', ../my-conifer-prj/firmware/BDT.h:73) [34]  (0 ns)
	'or' operation ('or_ln88_52', ../my-conifer-prj/firmware/BDT.h:88) [38]  (0 ns)
	'select' operation ('select_ln89_89', ../my-conifer-prj/firmware/BDT.h:89) [47]  (0 ns)
	'mux' operation ('tmp', ../my-conifer-prj/firmware/BDT.h:89) [48]  (2.48 ns)


============================================================
+ Verbose Summary: Binding
============================================================
N/A
* FSMD analyzer results:
  - Output states:
 - Input state : 
  - Chain level:
	State 1
	State 2
	State 3
	State 4
	State 5


============================================================
+ Verbose Summary: Datapath Resource usage 
============================================================
N/A
