

================================================================
== Vivado HLS Report for 'decision_function_26'
================================================================
* Date:           Mon Dec 11 23:05:19 2023

* Version:        2019.1 (Build 2552052 on Fri May 24 15:28:33 MDT 2019)
* Project:        Final_HLS
* Solution:       solution1
* Product family: zynq
* Target device:  xc7z020-clg400-1


================================================================
== Performance Estimates
================================================================
+ Timing (ns): 
    * Summary: 
    +--------+-------+----------+------------+
    |  Clock | Target| Estimated| Uncertainty|
    +--------+-------+----------+------------+
    |ap_clk  |  10.00|     6.408|        1.25|
    +--------+-------+----------+------------+

+ Latency (clock cycles): 
    * Summary: 
    +-----+-----+-----+-----+----------+
    |  Latency  |  Interval | Pipeline |
    | min | max | min | max |   Type   |
    +-----+-----+-----+-----+----------+
    |    3|    3|    2|    2| function |
    +-----+-----+-----+-----+----------+

    + Detail: 
        * Instance: 
        N/A

        * Loop: 
        N/A

============================================================
+ Verbose Summary: Synthesis Manager
============================================================
InlineROM: 1
ExposeGlobal: 0
============================================================
+ Verbose Summary: CDFG Model
============================================================
IsTopModel: 0
ResetActiveHigh: 1
IsCombinational: 0
IsDatapathOnly: 0
HasWiredReturn: 1
HasMFsm: 2
HasVarLatency: 0
IsPipeline: 1
IsRtlPipelined: 1
IsInstanceOverlapped: 0
IsDontTouch: 0
HasImplIP: 0
IsGatedGlobalClock: 0

+ Individual pipeline summary: 
  * Pipeline-0: initiation interval (II) = 2, depth = 4


============================================================
+ Verbose Summary: Schedule
============================================================
* Number of FSM states : 4
* Pipeline : 1
  Pipeline-0 : II = 2, D = 4, States = { 1 2 3 4 }
* Dataflow Pipeline: 0

* FSM state transitions: 
1 --> 2 
2 --> 3 
3 --> 4 
4 --> 

* FSM state operations: 

State 1 <SV = 0> <Delay = 2.32>
ST_1 : Operation 5 [1/1] (0.00ns)   --->   "%x_V_addr = getelementptr [12 x i12]* %x_V, i64 0, i64 3" [../my-conifer-prj/firmware/BDT.h:57]   --->   Operation 5 'getelementptr' 'x_V_addr' <Predicate = true> <Delay = 0.00>
ST_1 : Operation 6 [2/2] (2.32ns)   --->   "%x_V_load = load i12* %x_V_addr, align 2" [../my-conifer-prj/firmware/BDT.h:57]   --->   Operation 6 'load' 'x_V_load' <Predicate = true> <Delay = 2.32> <Core = "RAM">   --->   Core 37 'RAM' <Latency = 1> <II = 1> <Delay = 2.32> <Storage> <Opcode : 'load' 'store'> <Ports = 2> <Width = 12> <Depth = 12> <RAM>
ST_1 : Operation 7 [1/1] (0.00ns)   --->   "%x_V_addr_104 = getelementptr [12 x i12]* %x_V, i64 0, i64 5" [../my-conifer-prj/firmware/BDT.h:57]   --->   Operation 7 'getelementptr' 'x_V_addr_104' <Predicate = true> <Delay = 0.00>
ST_1 : Operation 8 [2/2] (2.32ns)   --->   "%x_V_load_1 = load i12* %x_V_addr_104, align 2" [../my-conifer-prj/firmware/BDT.h:57]   --->   Operation 8 'load' 'x_V_load_1' <Predicate = true> <Delay = 2.32> <Core = "RAM">   --->   Core 37 'RAM' <Latency = 1> <II = 1> <Delay = 2.32> <Storage> <Opcode : 'load' 'store'> <Ports = 2> <Width = 12> <Depth = 12> <RAM>

State 2 <SV = 1> <Delay = 4.31>
ST_2 : Operation 9 [1/2] (2.32ns)   --->   "%x_V_load = load i12* %x_V_addr, align 2" [../my-conifer-prj/firmware/BDT.h:57]   --->   Operation 9 'load' 'x_V_load' <Predicate = true> <Delay = 2.32> <Core = "RAM">   --->   Core 37 'RAM' <Latency = 1> <II = 1> <Delay = 2.32> <Storage> <Opcode : 'load' 'store'> <Ports = 2> <Width = 12> <Depth = 12> <RAM>
ST_2 : Operation 10 [1/1] (1.99ns)   --->   "%icmp_ln1497 = icmp slt i12 %x_V_load, -1023" [../my-conifer-prj/firmware/BDT.h:57]   --->   Operation 10 'icmp' 'icmp_ln1497' <Predicate = true> <Delay = 1.99> <Core = "Cmp">   --->   Core 25 'Cmp' <Latency = 0> <II = 1> <Delay = 1.99> <FuncUnit> <Opcode : 'icmp'> <InPorts = 2> <OutPorts = 1>
ST_2 : Operation 11 [1/2] (2.32ns)   --->   "%x_V_load_1 = load i12* %x_V_addr_104, align 2" [../my-conifer-prj/firmware/BDT.h:57]   --->   Operation 11 'load' 'x_V_load_1' <Predicate = true> <Delay = 2.32> <Core = "RAM">   --->   Core 37 'RAM' <Latency = 1> <II = 1> <Delay = 2.32> <Storage> <Opcode : 'load' 'store'> <Ports = 2> <Width = 12> <Depth = 12> <RAM>
ST_2 : Operation 12 [1/1] (1.99ns)   --->   "%icmp_ln1497_1 = icmp slt i12 %x_V_load_1, -1248" [../my-conifer-prj/firmware/BDT.h:57]   --->   Operation 12 'icmp' 'icmp_ln1497_1' <Predicate = true> <Delay = 1.99> <Core = "Cmp">   --->   Core 25 'Cmp' <Latency = 0> <II = 1> <Delay = 1.99> <FuncUnit> <Opcode : 'icmp'> <InPorts = 2> <OutPorts = 1>
ST_2 : Operation 13 [1/1] (0.00ns)   --->   "%x_V_addr_105 = getelementptr [12 x i12]* %x_V, i64 0, i64 0" [../my-conifer-prj/firmware/BDT.h:57]   --->   Operation 13 'getelementptr' 'x_V_addr_105' <Predicate = true> <Delay = 0.00>
ST_2 : Operation 14 [2/2] (2.32ns)   --->   "%x_V_load_2 = load i12* %x_V_addr_105, align 2" [../my-conifer-prj/firmware/BDT.h:57]   --->   Operation 14 'load' 'x_V_load_2' <Predicate = true> <Delay = 2.32> <Core = "RAM">   --->   Core 37 'RAM' <Latency = 1> <II = 1> <Delay = 2.32> <Storage> <Opcode : 'load' 'store'> <Ports = 2> <Width = 12> <Depth = 12> <RAM>
ST_2 : Operation 15 [1/1] (0.00ns)   --->   "%x_V_addr_106 = getelementptr [12 x i12]* %x_V, i64 0, i64 11" [../my-conifer-prj/firmware/BDT.h:57]   --->   Operation 15 'getelementptr' 'x_V_addr_106' <Predicate = true> <Delay = 0.00>
ST_2 : Operation 16 [2/2] (2.32ns)   --->   "%x_V_load_5 = load i12* %x_V_addr_106, align 2" [../my-conifer-prj/firmware/BDT.h:57]   --->   Operation 16 'load' 'x_V_load_5' <Predicate = true> <Delay = 2.32> <Core = "RAM">   --->   Core 37 'RAM' <Latency = 1> <II = 1> <Delay = 2.32> <Storage> <Opcode : 'load' 'store'> <Ports = 2> <Width = 12> <Depth = 12> <RAM>
ST_2 : Operation 17 [1/1] (1.99ns)   --->   "%icmp_ln1497_8 = icmp slt i12 %x_V_load, 897" [../my-conifer-prj/firmware/BDT.h:57]   --->   Operation 17 'icmp' 'icmp_ln1497_8' <Predicate = true> <Delay = 1.99> <Core = "Cmp">   --->   Core 25 'Cmp' <Latency = 0> <II = 1> <Delay = 1.99> <FuncUnit> <Opcode : 'icmp'> <InPorts = 2> <OutPorts = 1>
ST_2 : Operation 18 [1/1] (1.99ns)   --->   "%icmp_ln1497_12 = icmp slt i12 %x_V_load, 513" [../my-conifer-prj/firmware/BDT.h:57]   --->   Operation 18 'icmp' 'icmp_ln1497_12' <Predicate = true> <Delay = 1.99> <Core = "Cmp">   --->   Core 25 'Cmp' <Latency = 0> <II = 1> <Delay = 1.99> <FuncUnit> <Opcode : 'icmp'> <InPorts = 2> <OutPorts = 1>

State 3 <SV = 2> <Delay = 4.31>
ST_3 : Operation 19 [1/2] (2.32ns)   --->   "%x_V_load_2 = load i12* %x_V_addr_105, align 2" [../my-conifer-prj/firmware/BDT.h:57]   --->   Operation 19 'load' 'x_V_load_2' <Predicate = true> <Delay = 2.32> <Core = "RAM">   --->   Core 37 'RAM' <Latency = 1> <II = 1> <Delay = 2.32> <Storage> <Opcode : 'load' 'store'> <Ports = 2> <Width = 12> <Depth = 12> <RAM>
ST_3 : Operation 20 [1/1] (1.99ns)   --->   "%icmp_ln1497_2 = icmp slt i12 %x_V_load_2, 1" [../my-conifer-prj/firmware/BDT.h:57]   --->   Operation 20 'icmp' 'icmp_ln1497_2' <Predicate = (icmp_ln1497)> <Delay = 1.99> <Core = "Cmp">   --->   Core 25 'Cmp' <Latency = 0> <II = 1> <Delay = 1.99> <FuncUnit> <Opcode : 'icmp'> <InPorts = 2> <OutPorts = 1>
ST_3 : Operation 21 [1/2] (2.32ns)   --->   "%x_V_load_5 = load i12* %x_V_addr_106, align 2" [../my-conifer-prj/firmware/BDT.h:57]   --->   Operation 21 'load' 'x_V_load_5' <Predicate = true> <Delay = 2.32> <Core = "RAM">   --->   Core 37 'RAM' <Latency = 1> <II = 1> <Delay = 2.32> <Storage> <Opcode : 'load' 'store'> <Ports = 2> <Width = 12> <Depth = 12> <RAM>
ST_3 : Operation 22 [1/1] (1.99ns)   --->   "%icmp_ln1497_5 = icmp slt i12 %x_V_load_5, 1537" [../my-conifer-prj/firmware/BDT.h:57]   --->   Operation 22 'icmp' 'icmp_ln1497_5' <Predicate = (icmp_ln1497)> <Delay = 1.99> <Core = "Cmp">   --->   Core 25 'Cmp' <Latency = 0> <II = 1> <Delay = 1.99> <FuncUnit> <Opcode : 'icmp'> <InPorts = 2> <OutPorts = 1>
ST_3 : Operation 23 [1/1] (1.99ns)   --->   "%icmp_ln1497_9 = icmp slt i12 %x_V_load_5, 257" [../my-conifer-prj/firmware/BDT.h:57]   --->   Operation 23 'icmp' 'icmp_ln1497_9' <Predicate = true> <Delay = 1.99> <Core = "Cmp">   --->   Core 25 'Cmp' <Latency = 0> <II = 1> <Delay = 1.99> <FuncUnit> <Opcode : 'icmp'> <InPorts = 2> <OutPorts = 1>

State 4 <SV = 3> <Delay = 6.40>
ST_4 : Operation 24 [1/1] (0.00ns)   --->   "call void (...)* @_ssdm_op_SpecPipeline(i32 1, i32 1, i32 1, i32 0, [1 x i8]* @p_str) nounwind" [../my-conifer-prj/firmware/BDT.h:25]   --->   Operation 24 'specpipeline' <Predicate = true> <Delay = 0.00>
ST_4 : Operation 25 [1/1] (0.97ns)   --->   "%and_ln73 = and i1 %icmp_ln1497_1, %icmp_ln1497" [../my-conifer-prj/firmware/BDT.h:73]   --->   Operation 25 'and' 'and_ln73' <Predicate = (icmp_ln1497)> <Delay = 0.97> <Core = "LogicGate">   --->   Core 27 'LogicGate' <Latency = 0> <II = 1> <Delay = 0.97> <FuncUnit> <Opcode : 'and' 'or' 'xor'> <InPorts = 2> <OutPorts = 1>
ST_4 : Operation 26 [1/1] (0.00ns) (grouped into LUT with out node select_ln89_117)   --->   "%and_ln73_115 = and i1 %icmp_ln1497_2, %and_ln73" [../my-conifer-prj/firmware/BDT.h:73]   --->   Operation 26 'and' 'and_ln73_115' <Predicate = (icmp_ln1497)> <Delay = 0.00> <Core = "LogicGate">   --->   Core 27 'LogicGate' <Latency = 0> <II = 1> <Delay = 0.97> <FuncUnit> <Opcode : 'and' 'or' 'xor'> <InPorts = 2> <OutPorts = 1>
ST_4 : Operation 27 [1/1] (0.00ns) (grouped into LUT with out node or_ln88)   --->   "%xor_ln75 = xor i1 %icmp_ln1497_1, true" [../my-conifer-prj/firmware/BDT.h:75]   --->   Operation 27 'xor' 'xor_ln75' <Predicate = (icmp_ln1497)> <Delay = 0.00> <Core = "LogicGate">   --->   Core 27 'LogicGate' <Latency = 0> <II = 1> <Delay = 0.97> <FuncUnit> <Opcode : 'and' 'or' 'xor'> <InPorts = 2> <OutPorts = 1>
ST_4 : Operation 28 [1/1] (0.00ns) (grouped into LUT with out node or_ln88)   --->   "%and_ln73_120 = and i1 %icmp_ln1497_5, %xor_ln75" [../my-conifer-prj/firmware/BDT.h:73]   --->   Operation 28 'and' 'and_ln73_120' <Predicate = (icmp_ln1497)> <Delay = 0.00> <Core = "LogicGate">   --->   Core 27 'LogicGate' <Latency = 0> <II = 1> <Delay = 0.97> <FuncUnit> <Opcode : 'and' 'or' 'xor'> <InPorts = 2> <OutPorts = 1>
ST_4 : Operation 29 [1/1] (0.00ns) (grouped into LUT with out node or_ln88)   --->   "%and_ln73_116 = and i1 %and_ln73_120, %icmp_ln1497" [../my-conifer-prj/firmware/BDT.h:73]   --->   Operation 29 'and' 'and_ln73_116' <Predicate = (icmp_ln1497)> <Delay = 0.00> <Core = "LogicGate">   --->   Core 27 'LogicGate' <Latency = 0> <II = 1> <Delay = 0.97> <FuncUnit> <Opcode : 'and' 'or' 'xor'> <InPorts = 2> <OutPorts = 1>
ST_4 : Operation 30 [1/1] (0.97ns)   --->   "%xor_ln75_45 = xor i1 %icmp_ln1497, true" [../my-conifer-prj/firmware/BDT.h:75]   --->   Operation 30 'xor' 'xor_ln75_45' <Predicate = true> <Delay = 0.97> <Core = "LogicGate">   --->   Core 27 'LogicGate' <Latency = 0> <II = 1> <Delay = 0.97> <FuncUnit> <Opcode : 'and' 'or' 'xor'> <InPorts = 2> <OutPorts = 1>
ST_4 : Operation 31 [1/1] (0.97ns)   --->   "%and_ln73_117 = and i1 %icmp_ln1497_8, %xor_ln75_45" [../my-conifer-prj/firmware/BDT.h:73]   --->   Operation 31 'and' 'and_ln73_117' <Predicate = true> <Delay = 0.97> <Core = "LogicGate">   --->   Core 27 'LogicGate' <Latency = 0> <II = 1> <Delay = 0.97> <FuncUnit> <Opcode : 'and' 'or' 'xor'> <InPorts = 2> <OutPorts = 1>
ST_4 : Operation 32 [1/1] (0.00ns) (grouped into LUT with out node select_ln89_119)   --->   "%and_ln73_118 = and i1 %icmp_ln1497_9, %and_ln73_117" [../my-conifer-prj/firmware/BDT.h:73]   --->   Operation 32 'and' 'and_ln73_118' <Predicate = true> <Delay = 0.00> <Core = "LogicGate">   --->   Core 27 'LogicGate' <Latency = 0> <II = 1> <Delay = 0.97> <FuncUnit> <Opcode : 'and' 'or' 'xor'> <InPorts = 2> <OutPorts = 1>
ST_4 : Operation 33 [1/1] (0.00ns) (grouped into LUT with out node tmp)   --->   "%xor_ln75_46 = xor i1 %icmp_ln1497_8, true" [../my-conifer-prj/firmware/BDT.h:75]   --->   Operation 33 'xor' 'xor_ln75_46' <Predicate = true> <Delay = 0.00> <Core = "LogicGate">   --->   Core 27 'LogicGate' <Latency = 0> <II = 1> <Delay = 0.97> <FuncUnit> <Opcode : 'and' 'or' 'xor'> <InPorts = 2> <OutPorts = 1>
ST_4 : Operation 34 [1/1] (0.00ns) (grouped into LUT with out node tmp)   --->   "%and_ln73_121 = and i1 %icmp_ln1497_12, %xor_ln75_45" [../my-conifer-prj/firmware/BDT.h:73]   --->   Operation 34 'and' 'and_ln73_121' <Predicate = true> <Delay = 0.00> <Core = "LogicGate">   --->   Core 27 'LogicGate' <Latency = 0> <II = 1> <Delay = 0.97> <FuncUnit> <Opcode : 'and' 'or' 'xor'> <InPorts = 2> <OutPorts = 1>
ST_4 : Operation 35 [1/1] (0.00ns) (grouped into LUT with out node tmp)   --->   "%and_ln73_119 = and i1 %and_ln73_121, %xor_ln75_46" [../my-conifer-prj/firmware/BDT.h:73]   --->   Operation 35 'and' 'and_ln73_119' <Predicate = true> <Delay = 0.00> <Core = "LogicGate">   --->   Core 27 'LogicGate' <Latency = 0> <II = 1> <Delay = 0.97> <FuncUnit> <Opcode : 'and' 'or' 'xor'> <InPorts = 2> <OutPorts = 1>
ST_4 : Operation 36 [1/1] (0.97ns) (out node of the LUT)   --->   "%or_ln88 = or i1 %and_ln73, %and_ln73_116" [../my-conifer-prj/firmware/BDT.h:88]   --->   Operation 36 'or' 'or_ln88' <Predicate = (icmp_ln1497)> <Delay = 0.97> <Core = "LogicGate">   --->   Core 27 'LogicGate' <Latency = 0> <II = 1> <Delay = 0.97> <FuncUnit> <Opcode : 'and' 'or' 'xor'> <InPorts = 2> <OutPorts = 1>
ST_4 : Operation 37 [1/1] (0.00ns) (grouped into LUT with out node select_ln89_119)   --->   "%or_ln88_68 = or i1 %icmp_ln1497, %and_ln73_118" [../my-conifer-prj/firmware/BDT.h:88]   --->   Operation 37 'or' 'or_ln88_68' <Predicate = true> <Delay = 0.00> <Core = "LogicGate">   --->   Core 27 'LogicGate' <Latency = 0> <II = 1> <Delay = 0.97> <FuncUnit> <Opcode : 'and' 'or' 'xor'> <InPorts = 2> <OutPorts = 1>
ST_4 : Operation 38 [1/1] (0.97ns)   --->   "%or_ln88_69 = or i1 %icmp_ln1497, %and_ln73_117" [../my-conifer-prj/firmware/BDT.h:88]   --->   Operation 38 'or' 'or_ln88_69' <Predicate = true> <Delay = 0.97> <Core = "LogicGate">   --->   Core 27 'LogicGate' <Latency = 0> <II = 1> <Delay = 0.97> <FuncUnit> <Opcode : 'and' 'or' 'xor'> <InPorts = 2> <OutPorts = 1>
ST_4 : Operation 39 [1/1] (0.00ns) (grouped into LUT with out node tmp)   --->   "%or_ln88_70 = or i1 %or_ln88_69, %and_ln73_119" [../my-conifer-prj/firmware/BDT.h:88]   --->   Operation 39 'or' 'or_ln88_70' <Predicate = true> <Delay = 0.00> <Core = "LogicGate">   --->   Core 27 'LogicGate' <Latency = 0> <II = 1> <Delay = 0.97> <FuncUnit> <Opcode : 'and' 'or' 'xor'> <InPorts = 2> <OutPorts = 1>
ST_4 : Operation 40 [1/1] (0.00ns) (grouped into LUT with out node select_ln89_117)   --->   "%xor_ln89 = xor i1 %and_ln73_115, true" [../my-conifer-prj/firmware/BDT.h:89]   --->   Operation 40 'xor' 'xor_ln89' <Predicate = (icmp_ln1497)> <Delay = 0.00> <Core = "LogicGate">   --->   Core 27 'LogicGate' <Latency = 0> <II = 1> <Delay = 0.97> <FuncUnit> <Opcode : 'and' 'or' 'xor'> <InPorts = 2> <OutPorts = 1>
ST_4 : Operation 41 [1/1] (0.00ns) (grouped into LUT with out node select_ln89_117)   --->   "%zext_ln89 = zext i1 %xor_ln89 to i2" [../my-conifer-prj/firmware/BDT.h:89]   --->   Operation 41 'zext' 'zext_ln89' <Predicate = (icmp_ln1497)> <Delay = 0.00>
ST_4 : Operation 42 [1/1] (0.00ns) (grouped into LUT with out node select_ln89_117)   --->   "%select_ln89 = select i1 %and_ln73, i2 %zext_ln89, i2 -2" [../my-conifer-prj/firmware/BDT.h:89]   --->   Operation 42 'select' 'select_ln89' <Predicate = (icmp_ln1497)> <Delay = 0.00> <Core = "Sel">   --->   Core 26 'Sel' <Latency = 0> <II = 1> <Delay = 0.98> <FuncUnit> <Opcode : 'select'> <InPorts = 3> <OutPorts = 1>
ST_4 : Operation 43 [1/1] (0.00ns) (grouped into LUT with out node select_ln89_117)   --->   "%select_ln89_116 = select i1 %or_ln88, i2 %select_ln89, i2 -1" [../my-conifer-prj/firmware/BDT.h:89]   --->   Operation 43 'select' 'select_ln89_116' <Predicate = (icmp_ln1497)> <Delay = 0.00> <Core = "Sel">   --->   Core 26 'Sel' <Latency = 0> <II = 1> <Delay = 0.98> <FuncUnit> <Opcode : 'select'> <InPorts = 3> <OutPorts = 1>
ST_4 : Operation 44 [1/1] (0.00ns) (grouped into LUT with out node select_ln89_117)   --->   "%zext_ln89_24 = zext i2 %select_ln89_116 to i3" [../my-conifer-prj/firmware/BDT.h:89]   --->   Operation 44 'zext' 'zext_ln89_24' <Predicate = (icmp_ln1497)> <Delay = 0.00>
ST_4 : Operation 45 [1/1] (0.99ns) (out node of the LUT)   --->   "%select_ln89_117 = select i1 %icmp_ln1497, i3 %zext_ln89_24, i3 -4" [../my-conifer-prj/firmware/BDT.h:89]   --->   Operation 45 'select' 'select_ln89_117' <Predicate = true> <Delay = 0.99> <Core = "Sel">   --->   Core 26 'Sel' <Latency = 0> <II = 1> <Delay = 0.98> <FuncUnit> <Opcode : 'select'> <InPorts = 3> <OutPorts = 1>
ST_4 : Operation 46 [1/1] (0.00ns) (grouped into LUT with out node select_ln89_119)   --->   "%select_ln89_118 = select i1 %or_ln88_68, i3 %select_ln89_117, i3 -3" [../my-conifer-prj/firmware/BDT.h:89]   --->   Operation 46 'select' 'select_ln89_118' <Predicate = true> <Delay = 0.00> <Core = "Sel">   --->   Core 26 'Sel' <Latency = 0> <II = 1> <Delay = 0.98> <FuncUnit> <Opcode : 'select'> <InPorts = 3> <OutPorts = 1>
ST_4 : Operation 47 [1/1] (0.98ns) (out node of the LUT)   --->   "%select_ln89_119 = select i1 %or_ln88_69, i3 %select_ln89_118, i3 -2" [../my-conifer-prj/firmware/BDT.h:89]   --->   Operation 47 'select' 'select_ln89_119' <Predicate = true> <Delay = 0.98> <Core = "Sel">   --->   Core 26 'Sel' <Latency = 0> <II = 1> <Delay = 0.98> <FuncUnit> <Opcode : 'select'> <InPorts = 3> <OutPorts = 1>
ST_4 : Operation 48 [1/1] (0.00ns) (grouped into LUT with out node tmp)   --->   "%select_ln89_120 = select i1 %or_ln88_70, i3 %select_ln89_119, i3 -1" [../my-conifer-prj/firmware/BDT.h:89]   --->   Operation 48 'select' 'select_ln89_120' <Predicate = true> <Delay = 0.00> <Core = "Sel">   --->   Core 26 'Sel' <Latency = 0> <II = 1> <Delay = 0.98> <FuncUnit> <Opcode : 'select'> <InPorts = 3> <OutPorts = 1>
ST_4 : Operation 49 [1/1] (2.47ns) (out node of the LUT)   --->   "%tmp = call i12 @_ssdm_op_Mux.ap_auto.8i12.i3(i12 -29, i12 12, i12 -309, i12 -24, i12 29, i12 -25, i12 18, i12 -19, i3 %select_ln89_120)" [../my-conifer-prj/firmware/BDT.h:89]   --->   Operation 49 'mux' 'tmp' <Predicate = true> <Delay = 2.47> <Core = "MuxnS">   --->   Core 31 'MuxnS' <Latency = 0> <II = 1> <Delay = 2.47> <FuncUnit> <Opcode : 'mux'> <InPorts = 2> <OutPorts = 1>
ST_4 : Operation 50 [1/1] (0.00ns)   --->   "ret i12 %tmp" [../my-conifer-prj/firmware/BDT.h:93]   --->   Operation 50 'ret' <Predicate = true> <Delay = 0.00>


============================================================
+ Verbose Summary: Binding
============================================================
STG Binding: 
---------------- STG Properties BEGIN ----------------
- Is combinational: 0
- Is one-state seq: 0
- Is datapath-only: 0
- Is pipelined: 1
- Is top level: 0
Port [ Return ] is wired: 1; IO mode=ap_ctrl_hs:ce=0
Port [ x_V]:  wired=1; compound=1; hidden=0; nouse=0; global=0; static=0; extern=0; dir=0; type=1; pingpong=0; private_global=0; MemPort=[11]; IO mode=ap_memory:ce=0
---------------- STG Properties END ------------------

---------------- Datapath Model BEGIN ----------------

<LifeTime>
<method=bitvector/>
x_V_addr          (getelementptr) [ 00100]
x_V_addr_104      (getelementptr) [ 00100]
x_V_load          (load         ) [ 00000]
icmp_ln1497       (icmp         ) [ 01111]
x_V_load_1        (load         ) [ 00000]
icmp_ln1497_1     (icmp         ) [ 01111]
x_V_addr_105      (getelementptr) [ 01010]
x_V_addr_106      (getelementptr) [ 01010]
icmp_ln1497_8     (icmp         ) [ 01111]
icmp_ln1497_12    (icmp         ) [ 01111]
x_V_load_2        (load         ) [ 00000]
icmp_ln1497_2     (icmp         ) [ 00101]
x_V_load_5        (load         ) [ 00000]
icmp_ln1497_5     (icmp         ) [ 00101]
icmp_ln1497_9     (icmp         ) [ 00101]
specpipeline_ln25 (specpipeline ) [ 00000]
and_ln73          (and          ) [ 00000]
and_ln73_115      (and          ) [ 00000]
xor_ln75          (xor          ) [ 00000]
and_ln73_120      (and          ) [ 00000]
and_ln73_116      (and          ) [ 00000]
xor_ln75_45       (xor          ) [ 00000]
and_ln73_117      (and          ) [ 00000]
and_ln73_118      (and          ) [ 00000]
xor_ln75_46       (xor          ) [ 00000]
and_ln73_121      (and          ) [ 00000]
and_ln73_119      (and          ) [ 00000]
or_ln88           (or           ) [ 00000]
or_ln88_68        (or           ) [ 00000]
or_ln88_69        (or           ) [ 00000]
or_ln88_70        (or           ) [ 00000]
xor_ln89          (xor          ) [ 00000]
zext_ln89         (zext         ) [ 00000]
select_ln89       (select       ) [ 00000]
select_ln89_116   (select       ) [ 00000]
zext_ln89_24      (zext         ) [ 00000]
select_ln89_117   (select       ) [ 00000]
select_ln89_118   (select       ) [ 00000]
select_ln89_119   (select       ) [ 00000]
select_ln89_120   (select       ) [ 00000]
tmp               (mux          ) [ 00000]
ret_ln93          (ret          ) [ 00000]
</LifeTime>

<model>

<comp_list>
<comp id="0" class="1000" name="x_V">
<pin_list>
<pin id="1" dir="1" index="0" bw="1" slack="0"/>
</pin_list>
<bind>
<StgValue><ssdm name="x_V"/><MemPortTyVec>1 1 </MemPortTyVec>
</StgValue>
</bind>
</comp>

<comp id="2" class="1001" name="const_2">
<pin_list>
<pin id="3" dir="1" index="0" bw="1" slack="0"/>
</pin_list>
<bind>
<StgValue><ssdm name=""/></StgValue>
</bind>
</comp>

<comp id="4" class="1001" name="const_4">
<pin_list>
<pin id="5" dir="1" index="0" bw="1" slack="0"/>
</pin_list>
<bind>
<StgValue><ssdm name=""/></StgValue>
</bind>
</comp>

<comp id="6" class="1001" name="const_6">
<pin_list>
<pin id="7" dir="1" index="0" bw="1" slack="0"/>
</pin_list>
<bind>
<StgValue><ssdm name=""/></StgValue>
</bind>
</comp>

<comp id="8" class="1001" name="const_8">
<pin_list>
<pin id="9" dir="1" index="0" bw="1" slack="0"/>
</pin_list>
<bind>
<StgValue><ssdm name=""/></StgValue>
</bind>
</comp>

<comp id="10" class="1001" name="const_10">
<pin_list>
<pin id="11" dir="1" index="0" bw="1" slack="0"/>
</pin_list>
<bind>
<StgValue><ssdm name=""/></StgValue>
</bind>
</comp>

<comp id="12" class="1001" name="const_12">
<pin_list>
<pin id="13" dir="1" index="0" bw="1" slack="0"/>
</pin_list>
<bind>
<StgValue><ssdm name=""/></StgValue>
</bind>
</comp>

<comp id="14" class="1001" name="const_14">
<pin_list>
<pin id="15" dir="1" index="0" bw="1" slack="0"/>
</pin_list>
<bind>
<StgValue><ssdm name=""/></StgValue>
</bind>
</comp>

<comp id="16" class="1001" name="const_16">
<pin_list>
<pin id="17" dir="1" index="0" bw="1" slack="0"/>
</pin_list>
<bind>
<StgValue><ssdm name=""/></StgValue>
</bind>
</comp>

<comp id="18" class="1001" name="const_18">
<pin_list>
<pin id="19" dir="1" index="0" bw="1" slack="0"/>
</pin_list>
<bind>
<StgValue><ssdm name=""/></StgValue>
</bind>
</comp>

<comp id="20" class="1001" name="const_20">
<pin_list>
<pin id="21" dir="1" index="0" bw="1" slack="0"/>
</pin_list>
<bind>
<StgValue><ssdm name=""/></StgValue>
</bind>
</comp>

<comp id="22" class="1001" name="const_22">
<pin_list>
<pin id="23" dir="1" index="0" bw="1" slack="0"/>
</pin_list>
<bind>
<StgValue><ssdm name=""/></StgValue>
</bind>
</comp>

<comp id="24" class="1001" name="const_24">
<pin_list>
<pin id="25" dir="1" index="0" bw="1" slack="2147483647"/>
</pin_list>
<bind>
<StgValue><ssdm name="_ssdm_op_SpecPipeline"/></StgValue>
</bind>
</comp>

<comp id="26" class="1001" name="const_26">
<pin_list>
<pin id="27" dir="1" index="0" bw="1" slack="2147483647"/>
</pin_list>
<bind>
<StgValue><ssdm name=""/></StgValue>
</bind>
</comp>

<comp id="28" class="1001" name="const_28">
<pin_list>
<pin id="29" dir="1" index="0" bw="1" slack="2147483647"/>
</pin_list>
<bind>
<StgValue><ssdm name=""/></StgValue>
</bind>
</comp>

<comp id="30" class="1001" name="const_30">
<pin_list>
<pin id="31" dir="1" index="0" bw="1" slack="2147483647"/>
</pin_list>
<bind>
<StgValue><ssdm name="p_str"/></StgValue>
</bind>
</comp>

<comp id="32" class="1001" name="const_32">
<pin_list>
<pin id="33" dir="1" index="0" bw="1" slack="0"/>
</pin_list>
<bind>
<StgValue><ssdm name=""/></StgValue>
</bind>
</comp>

<comp id="34" class="1001" name="const_34">
<pin_list>
<pin id="35" dir="1" index="0" bw="1" slack="0"/>
</pin_list>
<bind>
<StgValue><ssdm name=""/></StgValue>
</bind>
</comp>

<comp id="36" class="1001" name="const_36">
<pin_list>
<pin id="37" dir="1" index="0" bw="1" slack="0"/>
</pin_list>
<bind>
<StgValue><ssdm name=""/></StgValue>
</bind>
</comp>

<comp id="38" class="1001" name="const_38">
<pin_list>
<pin id="39" dir="1" index="0" bw="1" slack="0"/>
</pin_list>
<bind>
<StgValue><ssdm name=""/></StgValue>
</bind>
</comp>

<comp id="40" class="1001" name="const_40">
<pin_list>
<pin id="41" dir="1" index="0" bw="1" slack="0"/>
</pin_list>
<bind>
<StgValue><ssdm name=""/></StgValue>
</bind>
</comp>

<comp id="42" class="1001" name="const_42">
<pin_list>
<pin id="43" dir="1" index="0" bw="1" slack="0"/>
</pin_list>
<bind>
<StgValue><ssdm name=""/></StgValue>
</bind>
</comp>

<comp id="44" class="1001" name="const_44">
<pin_list>
<pin id="45" dir="1" index="0" bw="1" slack="0"/>
</pin_list>
<bind>
<StgValue><ssdm name=""/></StgValue>
</bind>
</comp>

<comp id="46" class="1001" name="const_46">
<pin_list>
<pin id="47" dir="1" index="0" bw="1" slack="0"/>
</pin_list>
<bind>
<StgValue><ssdm name="_ssdm_op_Mux.ap_auto.8i12.i3"/></StgValue>
</bind>
</comp>

<comp id="48" class="1001" name="const_48">
<pin_list>
<pin id="49" dir="1" index="0" bw="1" slack="0"/>
</pin_list>
<bind>
<StgValue><ssdm name=""/></StgValue>
</bind>
</comp>

<comp id="50" class="1001" name="const_50">
<pin_list>
<pin id="51" dir="1" index="0" bw="1" slack="0"/>
</pin_list>
<bind>
<StgValue><ssdm name=""/></StgValue>
</bind>
</comp>

<comp id="52" class="1001" name="const_52">
<pin_list>
<pin id="53" dir="1" index="0" bw="1" slack="0"/>
</pin_list>
<bind>
<StgValue><ssdm name=""/></StgValue>
</bind>
</comp>

<comp id="54" class="1001" name="const_54">
<pin_list>
<pin id="55" dir="1" index="0" bw="1" slack="0"/>
</pin_list>
<bind>
<StgValue><ssdm name=""/></StgValue>
</bind>
</comp>

<comp id="56" class="1001" name="const_56">
<pin_list>
<pin id="57" dir="1" index="0" bw="1" slack="0"/>
</pin_list>
<bind>
<StgValue><ssdm name=""/></StgValue>
</bind>
</comp>

<comp id="58" class="1001" name="const_58">
<pin_list>
<pin id="59" dir="1" index="0" bw="1" slack="0"/>
</pin_list>
<bind>
<StgValue><ssdm name=""/></StgValue>
</bind>
</comp>

<comp id="60" class="1001" name="const_60">
<pin_list>
<pin id="61" dir="1" index="0" bw="1" slack="0"/>
</pin_list>
<bind>
<StgValue><ssdm name=""/></StgValue>
</bind>
</comp>

<comp id="62" class="1001" name="const_62">
<pin_list>
<pin id="63" dir="1" index="0" bw="1" slack="0"/>
</pin_list>
<bind>
<StgValue><ssdm name=""/></StgValue>
</bind>
</comp>

<comp id="64" class="1004" name="x_V_addr_gep_fu_64">
<pin_list>
<pin id="65" dir="0" index="0" bw="12" slack="0"/>
<pin id="66" dir="0" index="1" bw="1" slack="0"/>
<pin id="67" dir="0" index="2" bw="3" slack="0"/>
<pin id="68" dir="1" index="3" bw="4" slack="0"/>
</pin_list>
<bind>
<opcode="getelementptr(29) " fcode="getelementptr"/>
<opset="x_V_addr/1 "/>
</bind>
</comp>

<comp id="72" class="1004" name="grp_access_fu_72">
<pin_list>
<pin id="73" dir="0" index="0" bw="4" slack="0"/>
<pin id="74" dir="0" index="1" bw="12" slack="2147483647"/>
<pin id="75" dir="0" index="2" bw="0" slack="0"/>
<pin id="86" dir="0" index="4" bw="4" slack="2147483647"/>
<pin id="87" dir="0" index="5" bw="12" slack="2147483647"/>
<pin id="88" dir="0" index="6" bw="0" slack="2147483647"/>
<pin id="76" dir="1" index="3" bw="12" slack="0"/>
<pin id="89" dir="1" index="7" bw="12" slack="0"/>
</pin_list>
<bind>
<opcode="load(27) " fcode="load"/>
<opset="x_V_load/1 x_V_load_1/1 x_V_load_2/2 x_V_load_5/2 "/>
</bind>
</comp>

<comp id="78" class="1004" name="x_V_addr_104_gep_fu_78">
<pin_list>
<pin id="79" dir="0" index="0" bw="12" slack="0"/>
<pin id="80" dir="0" index="1" bw="1" slack="0"/>
<pin id="81" dir="0" index="2" bw="4" slack="0"/>
<pin id="82" dir="1" index="3" bw="4" slack="0"/>
</pin_list>
<bind>
<opcode="getelementptr(29) " fcode="getelementptr"/>
<opset="x_V_addr_104/1 "/>
</bind>
</comp>

<comp id="91" class="1004" name="x_V_addr_105_gep_fu_91">
<pin_list>
<pin id="92" dir="0" index="0" bw="12" slack="0"/>
<pin id="93" dir="0" index="1" bw="1" slack="0"/>
<pin id="94" dir="0" index="2" bw="1" slack="0"/>
<pin id="95" dir="1" index="3" bw="4" slack="0"/>
</pin_list>
<bind>
<opcode="getelementptr(29) " fcode="getelementptr"/>
<opset="x_V_addr_105/2 "/>
</bind>
</comp>

<comp id="100" class="1004" name="x_V_addr_106_gep_fu_100">
<pin_list>
<pin id="101" dir="0" index="0" bw="12" slack="0"/>
<pin id="102" dir="0" index="1" bw="1" slack="0"/>
<pin id="103" dir="0" index="2" bw="5" slack="0"/>
<pin id="104" dir="1" index="3" bw="4" slack="0"/>
</pin_list>
<bind>
<opcode="getelementptr(29) " fcode="getelementptr"/>
<opset="x_V_addr_106/2 "/>
</bind>
</comp>

<comp id="109" class="1004" name="icmp_ln1497_fu_109">
<pin_list>
<pin id="110" dir="0" index="0" bw="12" slack="0"/>
<pin id="111" dir="0" index="1" bw="11" slack="0"/>
<pin id="112" dir="1" index="2" bw="1" slack="1"/>
</pin_list>
<bind>
<opcode="icmp(45) " fcode="icmp"/>
<opset="icmp_ln1497/2 "/>
</bind>
</comp>

<comp id="115" class="1004" name="icmp_ln1497_1_fu_115">
<pin_list>
<pin id="116" dir="0" index="0" bw="12" slack="0"/>
<pin id="117" dir="0" index="1" bw="12" slack="0"/>
<pin id="118" dir="1" index="2" bw="1" slack="2"/>
</pin_list>
<bind>
<opcode="icmp(45) " fcode="icmp"/>
<opset="icmp_ln1497_1/2 "/>
</bind>
</comp>

<comp id="121" class="1004" name="icmp_ln1497_8_fu_121">
<pin_list>
<pin id="122" dir="0" index="0" bw="12" slack="0"/>
<pin id="123" dir="0" index="1" bw="11" slack="0"/>
<pin id="124" dir="1" index="2" bw="1" slack="2"/>
</pin_list>
<bind>
<opcode="icmp(45) " fcode="icmp"/>
<opset="icmp_ln1497_8/2 "/>
</bind>
</comp>

<comp id="127" class="1004" name="icmp_ln1497_12_fu_127">
<pin_list>
<pin id="128" dir="0" index="0" bw="12" slack="0"/>
<pin id="129" dir="0" index="1" bw="11" slack="0"/>
<pin id="130" dir="1" index="2" bw="1" slack="2"/>
</pin_list>
<bind>
<opcode="icmp(45) " fcode="icmp"/>
<opset="icmp_ln1497_12/2 "/>
</bind>
</comp>

<comp id="133" class="1004" name="icmp_ln1497_2_fu_133">
<pin_list>
<pin id="134" dir="0" index="0" bw="12" slack="0"/>
<pin id="135" dir="0" index="1" bw="1" slack="0"/>
<pin id="136" dir="1" index="2" bw="1" slack="1"/>
</pin_list>
<bind>
<opcode="icmp(45) " fcode="icmp"/>
<opset="icmp_ln1497_2/3 "/>
</bind>
</comp>

<comp id="139" class="1004" name="icmp_ln1497_5_fu_139">
<pin_list>
<pin id="140" dir="0" index="0" bw="12" slack="0"/>
<pin id="141" dir="0" index="1" bw="12" slack="0"/>
<pin id="142" dir="1" index="2" bw="1" slack="1"/>
</pin_list>
<bind>
<opcode="icmp(45) " fcode="icmp"/>
<opset="icmp_ln1497_5/3 "/>
</bind>
</comp>

<comp id="145" class="1004" name="icmp_ln1497_9_fu_145">
<pin_list>
<pin id="146" dir="0" index="0" bw="12" slack="0"/>
<pin id="147" dir="0" index="1" bw="10" slack="0"/>
<pin id="148" dir="1" index="2" bw="1" slack="1"/>
</pin_list>
<bind>
<opcode="icmp(45) " fcode="icmp"/>
<opset="icmp_ln1497_9/3 "/>
</bind>
</comp>

<comp id="151" class="1004" name="and_ln73_fu_151">
<pin_list>
<pin id="152" dir="0" index="0" bw="1" slack="2"/>
<pin id="153" dir="0" index="1" bw="1" slack="2"/>
<pin id="154" dir="1" index="2" bw="1" slack="0"/>
</pin_list>
<bind>
<opcode="and(23) " fcode="and"/>
<opset="and_ln73/4 "/>
</bind>
</comp>

<comp id="155" class="1004" name="and_ln73_115_fu_155">
<pin_list>
<pin id="156" dir="0" index="0" bw="1" slack="1"/>
<pin id="157" dir="0" index="1" bw="1" slack="0"/>
<pin id="158" dir="1" index="2" bw="1" slack="0"/>
</pin_list>
<bind>
<opcode="and(23) " fcode="and"/>
<opset="and_ln73_115/4 "/>
</bind>
</comp>

<comp id="160" class="1004" name="xor_ln75_fu_160">
<pin_list>
<pin id="161" dir="0" index="0" bw="1" slack="2"/>
<pin id="162" dir="0" index="1" bw="1" slack="0"/>
<pin id="163" dir="1" index="2" bw="1" slack="0"/>
</pin_list>
<bind>
<opcode="xor(25) " fcode="xor"/>
<opset="xor_ln75/4 "/>
</bind>
</comp>

<comp id="165" class="1004" name="and_ln73_120_fu_165">
<pin_list>
<pin id="166" dir="0" index="0" bw="1" slack="1"/>
<pin id="167" dir="0" index="1" bw="1" slack="0"/>
<pin id="168" dir="1" index="2" bw="1" slack="0"/>
</pin_list>
<bind>
<opcode="and(23) " fcode="and"/>
<opset="and_ln73_120/4 "/>
</bind>
</comp>

<comp id="170" class="1004" name="and_ln73_116_fu_170">
<pin_list>
<pin id="171" dir="0" index="0" bw="1" slack="0"/>
<pin id="172" dir="0" index="1" bw="1" slack="2"/>
<pin id="173" dir="1" index="2" bw="1" slack="0"/>
</pin_list>
<bind>
<opcode="and(23) " fcode="and"/>
<opset="and_ln73_116/4 "/>
</bind>
</comp>

<comp id="175" class="1004" name="xor_ln75_45_fu_175">
<pin_list>
<pin id="176" dir="0" index="0" bw="1" slack="2"/>
<pin id="177" dir="0" index="1" bw="1" slack="0"/>
<pin id="178" dir="1" index="2" bw="1" slack="0"/>
</pin_list>
<bind>
<opcode="xor(25) " fcode="xor"/>
<opset="xor_ln75_45/4 "/>
</bind>
</comp>

<comp id="180" class="1004" name="and_ln73_117_fu_180">
<pin_list>
<pin id="181" dir="0" index="0" bw="1" slack="2"/>
<pin id="182" dir="0" index="1" bw="1" slack="0"/>
<pin id="183" dir="1" index="2" bw="1" slack="0"/>
</pin_list>
<bind>
<opcode="and(23) " fcode="and"/>
<opset="and_ln73_117/4 "/>
</bind>
</comp>

<comp id="185" class="1004" name="and_ln73_118_fu_185">
<pin_list>
<pin id="186" dir="0" index="0" bw="1" slack="1"/>
<pin id="187" dir="0" index="1" bw="1" slack="0"/>
<pin id="188" dir="1" index="2" bw="1" slack="0"/>
</pin_list>
<bind>
<opcode="and(23) " fcode="and"/>
<opset="and_ln73_118/4 "/>
</bind>
</comp>

<comp id="190" class="1004" name="xor_ln75_46_fu_190">
<pin_list>
<pin id="191" dir="0" index="0" bw="1" slack="2"/>
<pin id="192" dir="0" index="1" bw="1" slack="0"/>
<pin id="193" dir="1" index="2" bw="1" slack="0"/>
</pin_list>
<bind>
<opcode="xor(25) " fcode="xor"/>
<opset="xor_ln75_46/4 "/>
</bind>
</comp>

<comp id="195" class="1004" name="and_ln73_121_fu_195">
<pin_list>
<pin id="196" dir="0" index="0" bw="1" slack="2"/>
<pin id="197" dir="0" index="1" bw="1" slack="0"/>
<pin id="198" dir="1" index="2" bw="1" slack="0"/>
</pin_list>
<bind>
<opcode="and(23) " fcode="and"/>
<opset="and_ln73_121/4 "/>
</bind>
</comp>

<comp id="200" class="1004" name="and_ln73_119_fu_200">
<pin_list>
<pin id="201" dir="0" index="0" bw="1" slack="0"/>
<pin id="202" dir="0" index="1" bw="1" slack="0"/>
<pin id="203" dir="1" index="2" bw="1" slack="0"/>
</pin_list>
<bind>
<opcode="and(23) " fcode="and"/>
<opset="and_ln73_119/4 "/>
</bind>
</comp>

<comp id="206" class="1004" name="or_ln88_fu_206">
<pin_list>
<pin id="207" dir="0" index="0" bw="1" slack="0"/>
<pin id="208" dir="0" index="1" bw="1" slack="0"/>
<pin id="209" dir="1" index="2" bw="1" slack="0"/>
</pin_list>
<bind>
<opcode="or(24) " fcode="or"/>
<opset="or_ln88/4 "/>
</bind>
</comp>

<comp id="212" class="1004" name="or_ln88_68_fu_212">
<pin_list>
<pin id="213" dir="0" index="0" bw="1" slack="2"/>
<pin id="214" dir="0" index="1" bw="1" slack="0"/>
<pin id="215" dir="1" index="2" bw="1" slack="0"/>
</pin_list>
<bind>
<opcode="or(24) " fcode="or"/>
<opset="or_ln88_68/4 "/>
</bind>
</comp>

<comp id="217" class="1004" name="or_ln88_69_fu_217">
<pin_list>
<pin id="218" dir="0" index="0" bw="1" slack="2"/>
<pin id="219" dir="0" index="1" bw="1" slack="0"/>
<pin id="220" dir="1" index="2" bw="1" slack="0"/>
</pin_list>
<bind>
<opcode="or(24) " fcode="or"/>
<opset="or_ln88_69/4 "/>
</bind>
</comp>

<comp id="222" class="1004" name="or_ln88_70_fu_222">
<pin_list>
<pin id="223" dir="0" index="0" bw="1" slack="0"/>
<pin id="224" dir="0" index="1" bw="1" slack="0"/>
<pin id="225" dir="1" index="2" bw="1" slack="0"/>
</pin_list>
<bind>
<opcode="or(24) " fcode="or"/>
<opset="or_ln88_70/4 "/>
</bind>
</comp>

<comp id="228" class="1004" name="xor_ln89_fu_228">
<pin_list>
<pin id="229" dir="0" index="0" bw="1" slack="0"/>
<pin id="230" dir="0" index="1" bw="1" slack="0"/>
<pin id="231" dir="1" index="2" bw="1" slack="0"/>
</pin_list>
<bind>
<opcode="xor(25) " fcode="xor"/>
<opset="xor_ln89/4 "/>
</bind>
</comp>

<comp id="234" class="1004" name="zext_ln89_fu_234">
<pin_list>
<pin id="235" dir="0" index="0" bw="1" slack="0"/>
<pin id="236" dir="1" index="1" bw="2" slack="0"/>
</pin_list>
<bind>
<opcode="zext(34) " fcode="zext"/>
<opset="zext_ln89/4 "/>
</bind>
</comp>

<comp id="238" class="1004" name="select_ln89_fu_238">
<pin_list>
<pin id="239" dir="0" index="0" bw="1" slack="0"/>
<pin id="240" dir="0" index="1" bw="1" slack="0"/>
<pin id="241" dir="0" index="2" bw="2" slack="0"/>
<pin id="242" dir="1" index="3" bw="2" slack="0"/>
</pin_list>
<bind>
<opcode="select(49) " fcode="select"/>
<opset="select_ln89/4 "/>
</bind>
</comp>

<comp id="246" class="1004" name="select_ln89_116_fu_246">
<pin_list>
<pin id="247" dir="0" index="0" bw="1" slack="0"/>
<pin id="248" dir="0" index="1" bw="2" slack="0"/>
<pin id="249" dir="0" index="2" bw="1" slack="0"/>
<pin id="250" dir="1" index="3" bw="2" slack="0"/>
</pin_list>
<bind>
<opcode="select(49) " fcode="select"/>
<opset="select_ln89_116/4 "/>
</bind>
</comp>

<comp id="254" class="1004" name="zext_ln89_24_fu_254">
<pin_list>
<pin id="255" dir="0" index="0" bw="2" slack="0"/>
<pin id="256" dir="1" index="1" bw="3" slack="0"/>
</pin_list>
<bind>
<opcode="zext(34) " fcode="zext"/>
<opset="zext_ln89_24/4 "/>
</bind>
</comp>

<comp id="258" class="1004" name="select_ln89_117_fu_258">
<pin_list>
<pin id="259" dir="0" index="0" bw="1" slack="2"/>
<pin id="260" dir="0" index="1" bw="2" slack="0"/>
<pin id="261" dir="0" index="2" bw="3" slack="0"/>
<pin id="262" dir="1" index="3" bw="3" slack="0"/>
</pin_list>
<bind>
<opcode="select(49) " fcode="select"/>
<opset="select_ln89_117/4 "/>
</bind>
</comp>

<comp id="265" class="1004" name="select_ln89_118_fu_265">
<pin_list>
<pin id="266" dir="0" index="0" bw="1" slack="0"/>
<pin id="267" dir="0" index="1" bw="3" slack="0"/>
<pin id="268" dir="0" index="2" bw="3" slack="0"/>
<pin id="269" dir="1" index="3" bw="3" slack="0"/>
</pin_list>
<bind>
<opcode="select(49) " fcode="select"/>
<opset="select_ln89_118/4 "/>
</bind>
</comp>

<comp id="273" class="1004" name="select_ln89_119_fu_273">
<pin_list>
<pin id="274" dir="0" index="0" bw="1" slack="0"/>
<pin id="275" dir="0" index="1" bw="3" slack="0"/>
<pin id="276" dir="0" index="2" bw="2" slack="0"/>
<pin id="277" dir="1" index="3" bw="3" slack="0"/>
</pin_list>
<bind>
<opcode="select(49) " fcode="select"/>
<opset="select_ln89_119/4 "/>
</bind>
</comp>

<comp id="281" class="1004" name="select_ln89_120_fu_281">
<pin_list>
<pin id="282" dir="0" index="0" bw="1" slack="0"/>
<pin id="283" dir="0" index="1" bw="3" slack="0"/>
<pin id="284" dir="0" index="2" bw="1" slack="0"/>
<pin id="285" dir="1" index="3" bw="3" slack="0"/>
</pin_list>
<bind>
<opcode="select(49) " fcode="select"/>
<opset="select_ln89_120/4 "/>
</bind>
</comp>

<comp id="289" class="1004" name="tmp_fu_289">
<pin_list>
<pin id="290" dir="0" index="0" bw="12" slack="0"/>
<pin id="291" dir="0" index="1" bw="6" slack="0"/>
<pin id="292" dir="0" index="2" bw="5" slack="0"/>
<pin id="293" dir="0" index="3" bw="10" slack="0"/>
<pin id="294" dir="0" index="4" bw="6" slack="0"/>
<pin id="295" dir="0" index="5" bw="6" slack="0"/>
<pin id="296" dir="0" index="6" bw="6" slack="0"/>
<pin id="297" dir="0" index="7" bw="6" slack="0"/>
<pin id="298" dir="0" index="8" bw="6" slack="0"/>
<pin id="299" dir="0" index="9" bw="3" slack="0"/>
<pin id="300" dir="1" index="10" bw="12" slack="2147483647"/>
</pin_list>
<bind>
<opcode="mux(1196) " fcode="mux"/>
<opset="tmp/4 "/>
</bind>
</comp>

<comp id="311" class="1005" name="x_V_addr_reg_311">
<pin_list>
<pin id="312" dir="0" index="0" bw="4" slack="1"/>
<pin id="313" dir="1" index="1" bw="4" slack="1"/>
</pin_list>
<bind>
<opset="x_V_addr "/>
</bind>
</comp>

<comp id="316" class="1005" name="x_V_addr_104_reg_316">
<pin_list>
<pin id="317" dir="0" index="0" bw="4" slack="1"/>
<pin id="318" dir="1" index="1" bw="4" slack="1"/>
</pin_list>
<bind>
<opset="x_V_addr_104 "/>
</bind>
</comp>

<comp id="321" class="1005" name="icmp_ln1497_reg_321">
<pin_list>
<pin id="322" dir="0" index="0" bw="1" slack="1"/>
<pin id="323" dir="1" index="1" bw="1" slack="2"/>
</pin_list>
<bind>
<opset="icmp_ln1497 "/>
</bind>
</comp>

<comp id="331" class="1005" name="icmp_ln1497_1_reg_331">
<pin_list>
<pin id="332" dir="0" index="0" bw="1" slack="2"/>
<pin id="333" dir="1" index="1" bw="1" slack="2"/>
</pin_list>
<bind>
<opset="icmp_ln1497_1 "/>
</bind>
</comp>

<comp id="337" class="1005" name="x_V_addr_105_reg_337">
<pin_list>
<pin id="338" dir="0" index="0" bw="4" slack="1"/>
<pin id="339" dir="1" index="1" bw="4" slack="1"/>
</pin_list>
<bind>
<opset="x_V_addr_105 "/>
</bind>
</comp>

<comp id="342" class="1005" name="x_V_addr_106_reg_342">
<pin_list>
<pin id="343" dir="0" index="0" bw="4" slack="1"/>
<pin id="344" dir="1" index="1" bw="4" slack="1"/>
</pin_list>
<bind>
<opset="x_V_addr_106 "/>
</bind>
</comp>

<comp id="347" class="1005" name="icmp_ln1497_8_reg_347">
<pin_list>
<pin id="348" dir="0" index="0" bw="1" slack="2"/>
<pin id="349" dir="1" index="1" bw="1" slack="2"/>
</pin_list>
<bind>
<opset="icmp_ln1497_8 "/>
</bind>
</comp>

<comp id="353" class="1005" name="icmp_ln1497_12_reg_353">
<pin_list>
<pin id="354" dir="0" index="0" bw="1" slack="2"/>
<pin id="355" dir="1" index="1" bw="1" slack="2"/>
</pin_list>
<bind>
<opset="icmp_ln1497_12 "/>
</bind>
</comp>

<comp id="358" class="1005" name="icmp_ln1497_2_reg_358">
<pin_list>
<pin id="359" dir="0" index="0" bw="1" slack="1"/>
<pin id="360" dir="1" index="1" bw="1" slack="1"/>
</pin_list>
<bind>
<opset="icmp_ln1497_2 "/>
</bind>
</comp>

<comp id="363" class="1005" name="icmp_ln1497_5_reg_363">
<pin_list>
<pin id="364" dir="0" index="0" bw="1" slack="1"/>
<pin id="365" dir="1" index="1" bw="1" slack="1"/>
</pin_list>
<bind>
<opset="icmp_ln1497_5 "/>
</bind>
</comp>

<comp id="368" class="1005" name="icmp_ln1497_9_reg_368">
<pin_list>
<pin id="369" dir="0" index="0" bw="1" slack="1"/>
<pin id="370" dir="1" index="1" bw="1" slack="1"/>
</pin_list>
<bind>
<opset="icmp_ln1497_9 "/>
</bind>
</comp>

</comp_list>

<net_list>
<net id="69"><net_src comp="0" pin="0"/><net_sink comp="64" pin=0"/></net>

<net id="70"><net_src comp="2" pin="0"/><net_sink comp="64" pin=1"/></net>

<net id="71"><net_src comp="4" pin="0"/><net_sink comp="64" pin=2"/></net>

<net id="77"><net_src comp="64" pin="3"/><net_sink comp="72" pin=0"/></net>

<net id="83"><net_src comp="0" pin="0"/><net_sink comp="78" pin=0"/></net>

<net id="84"><net_src comp="2" pin="0"/><net_sink comp="78" pin=1"/></net>

<net id="85"><net_src comp="6" pin="0"/><net_sink comp="78" pin=2"/></net>

<net id="90"><net_src comp="78" pin="3"/><net_sink comp="72" pin=2"/></net>

<net id="96"><net_src comp="0" pin="0"/><net_sink comp="91" pin=0"/></net>

<net id="97"><net_src comp="2" pin="0"/><net_sink comp="91" pin=1"/></net>

<net id="98"><net_src comp="2" pin="0"/><net_sink comp="91" pin=2"/></net>

<net id="99"><net_src comp="91" pin="3"/><net_sink comp="72" pin=0"/></net>

<net id="105"><net_src comp="0" pin="0"/><net_sink comp="100" pin=0"/></net>

<net id="106"><net_src comp="2" pin="0"/><net_sink comp="100" pin=1"/></net>

<net id="107"><net_src comp="12" pin="0"/><net_sink comp="100" pin=2"/></net>

<net id="108"><net_src comp="100" pin="3"/><net_sink comp="72" pin=2"/></net>

<net id="113"><net_src comp="72" pin="3"/><net_sink comp="109" pin=0"/></net>

<net id="114"><net_src comp="8" pin="0"/><net_sink comp="109" pin=1"/></net>

<net id="119"><net_src comp="72" pin="7"/><net_sink comp="115" pin=0"/></net>

<net id="120"><net_src comp="10" pin="0"/><net_sink comp="115" pin=1"/></net>

<net id="125"><net_src comp="72" pin="3"/><net_sink comp="121" pin=0"/></net>

<net id="126"><net_src comp="14" pin="0"/><net_sink comp="121" pin=1"/></net>

<net id="131"><net_src comp="72" pin="3"/><net_sink comp="127" pin=0"/></net>

<net id="132"><net_src comp="16" pin="0"/><net_sink comp="127" pin=1"/></net>

<net id="137"><net_src comp="72" pin="3"/><net_sink comp="133" pin=0"/></net>

<net id="138"><net_src comp="18" pin="0"/><net_sink comp="133" pin=1"/></net>

<net id="143"><net_src comp="72" pin="7"/><net_sink comp="139" pin=0"/></net>

<net id="144"><net_src comp="20" pin="0"/><net_sink comp="139" pin=1"/></net>

<net id="149"><net_src comp="72" pin="7"/><net_sink comp="145" pin=0"/></net>

<net id="150"><net_src comp="22" pin="0"/><net_sink comp="145" pin=1"/></net>

<net id="159"><net_src comp="151" pin="2"/><net_sink comp="155" pin=1"/></net>

<net id="164"><net_src comp="32" pin="0"/><net_sink comp="160" pin=1"/></net>

<net id="169"><net_src comp="160" pin="2"/><net_sink comp="165" pin=1"/></net>

<net id="174"><net_src comp="165" pin="2"/><net_sink comp="170" pin=0"/></net>

<net id="179"><net_src comp="32" pin="0"/><net_sink comp="175" pin=1"/></net>

<net id="184"><net_src comp="175" pin="2"/><net_sink comp="180" pin=1"/></net>

<net id="189"><net_src comp="180" pin="2"/><net_sink comp="185" pin=1"/></net>

<net id="194"><net_src comp="32" pin="0"/><net_sink comp="190" pin=1"/></net>

<net id="199"><net_src comp="175" pin="2"/><net_sink comp="195" pin=1"/></net>

<net id="204"><net_src comp="195" pin="2"/><net_sink comp="200" pin=0"/></net>

<net id="205"><net_src comp="190" pin="2"/><net_sink comp="200" pin=1"/></net>

<net id="210"><net_src comp="151" pin="2"/><net_sink comp="206" pin=0"/></net>

<net id="211"><net_src comp="170" pin="2"/><net_sink comp="206" pin=1"/></net>

<net id="216"><net_src comp="185" pin="2"/><net_sink comp="212" pin=1"/></net>

<net id="221"><net_src comp="180" pin="2"/><net_sink comp="217" pin=1"/></net>

<net id="226"><net_src comp="217" pin="2"/><net_sink comp="222" pin=0"/></net>

<net id="227"><net_src comp="200" pin="2"/><net_sink comp="222" pin=1"/></net>

<net id="232"><net_src comp="155" pin="2"/><net_sink comp="228" pin=0"/></net>

<net id="233"><net_src comp="32" pin="0"/><net_sink comp="228" pin=1"/></net>

<net id="237"><net_src comp="228" pin="2"/><net_sink comp="234" pin=0"/></net>

<net id="243"><net_src comp="151" pin="2"/><net_sink comp="238" pin=0"/></net>

<net id="244"><net_src comp="234" pin="1"/><net_sink comp="238" pin=1"/></net>

<net id="245"><net_src comp="34" pin="0"/><net_sink comp="238" pin=2"/></net>

<net id="251"><net_src comp="206" pin="2"/><net_sink comp="246" pin=0"/></net>

<net id="252"><net_src comp="238" pin="3"/><net_sink comp="246" pin=1"/></net>

<net id="253"><net_src comp="36" pin="0"/><net_sink comp="246" pin=2"/></net>

<net id="257"><net_src comp="246" pin="3"/><net_sink comp="254" pin=0"/></net>

<net id="263"><net_src comp="254" pin="1"/><net_sink comp="258" pin=1"/></net>

<net id="264"><net_src comp="38" pin="0"/><net_sink comp="258" pin=2"/></net>

<net id="270"><net_src comp="212" pin="2"/><net_sink comp="265" pin=0"/></net>

<net id="271"><net_src comp="258" pin="3"/><net_sink comp="265" pin=1"/></net>

<net id="272"><net_src comp="40" pin="0"/><net_sink comp="265" pin=2"/></net>

<net id="278"><net_src comp="217" pin="2"/><net_sink comp="273" pin=0"/></net>

<net id="279"><net_src comp="265" pin="3"/><net_sink comp="273" pin=1"/></net>

<net id="280"><net_src comp="42" pin="0"/><net_sink comp="273" pin=2"/></net>

<net id="286"><net_src comp="222" pin="2"/><net_sink comp="281" pin=0"/></net>

<net id="287"><net_src comp="273" pin="3"/><net_sink comp="281" pin=1"/></net>

<net id="288"><net_src comp="44" pin="0"/><net_sink comp="281" pin=2"/></net>

<net id="301"><net_src comp="46" pin="0"/><net_sink comp="289" pin=0"/></net>

<net id="302"><net_src comp="48" pin="0"/><net_sink comp="289" pin=1"/></net>

<net id="303"><net_src comp="50" pin="0"/><net_sink comp="289" pin=2"/></net>

<net id="304"><net_src comp="52" pin="0"/><net_sink comp="289" pin=3"/></net>

<net id="305"><net_src comp="54" pin="0"/><net_sink comp="289" pin=4"/></net>

<net id="306"><net_src comp="56" pin="0"/><net_sink comp="289" pin=5"/></net>

<net id="307"><net_src comp="58" pin="0"/><net_sink comp="289" pin=6"/></net>

<net id="308"><net_src comp="60" pin="0"/><net_sink comp="289" pin=7"/></net>

<net id="309"><net_src comp="62" pin="0"/><net_sink comp="289" pin=8"/></net>

<net id="310"><net_src comp="281" pin="3"/><net_sink comp="289" pin=9"/></net>

<net id="314"><net_src comp="64" pin="3"/><net_sink comp="311" pin=0"/></net>

<net id="315"><net_src comp="311" pin="1"/><net_sink comp="72" pin=0"/></net>

<net id="319"><net_src comp="78" pin="3"/><net_sink comp="316" pin=0"/></net>

<net id="320"><net_src comp="316" pin="1"/><net_sink comp="72" pin=2"/></net>

<net id="324"><net_src comp="109" pin="2"/><net_sink comp="321" pin=0"/></net>

<net id="325"><net_src comp="321" pin="1"/><net_sink comp="151" pin=1"/></net>

<net id="326"><net_src comp="321" pin="1"/><net_sink comp="170" pin=1"/></net>

<net id="327"><net_src comp="321" pin="1"/><net_sink comp="175" pin=0"/></net>

<net id="328"><net_src comp="321" pin="1"/><net_sink comp="212" pin=0"/></net>

<net id="329"><net_src comp="321" pin="1"/><net_sink comp="217" pin=0"/></net>

<net id="330"><net_src comp="321" pin="1"/><net_sink comp="258" pin=0"/></net>

<net id="334"><net_src comp="115" pin="2"/><net_sink comp="331" pin=0"/></net>

<net id="335"><net_src comp="331" pin="1"/><net_sink comp="151" pin=0"/></net>

<net id="336"><net_src comp="331" pin="1"/><net_sink comp="160" pin=0"/></net>

<net id="340"><net_src comp="91" pin="3"/><net_sink comp="337" pin=0"/></net>

<net id="341"><net_src comp="337" pin="1"/><net_sink comp="72" pin=0"/></net>

<net id="345"><net_src comp="100" pin="3"/><net_sink comp="342" pin=0"/></net>

<net id="346"><net_src comp="342" pin="1"/><net_sink comp="72" pin=2"/></net>

<net id="350"><net_src comp="121" pin="2"/><net_sink comp="347" pin=0"/></net>

<net id="351"><net_src comp="347" pin="1"/><net_sink comp="180" pin=0"/></net>

<net id="352"><net_src comp="347" pin="1"/><net_sink comp="190" pin=0"/></net>

<net id="356"><net_src comp="127" pin="2"/><net_sink comp="353" pin=0"/></net>

<net id="357"><net_src comp="353" pin="1"/><net_sink comp="195" pin=0"/></net>

<net id="361"><net_src comp="133" pin="2"/><net_sink comp="358" pin=0"/></net>

<net id="362"><net_src comp="358" pin="1"/><net_sink comp="155" pin=0"/></net>

<net id="366"><net_src comp="139" pin="2"/><net_sink comp="363" pin=0"/></net>

<net id="367"><net_src comp="363" pin="1"/><net_sink comp="165" pin=0"/></net>

<net id="371"><net_src comp="145" pin="2"/><net_sink comp="368" pin=0"/></net>

<net id="372"><net_src comp="368" pin="1"/><net_sink comp="185" pin=0"/></net>

</net_list>

</model> 
---------------- Datapath Model END ------------------

* FSMD analyzer results:
  - Output states:
 - Input state : 
	Port: decision_function.26 : x_V | {1 2 3 }
  - Chain level:
	State 1
		x_V_load : 1
		x_V_load_1 : 1
	State 2
		icmp_ln1497 : 1
		icmp_ln1497_1 : 1
		x_V_load_2 : 1
		x_V_load_5 : 1
		icmp_ln1497_8 : 1
		icmp_ln1497_12 : 1
	State 3
		icmp_ln1497_2 : 1
		icmp_ln1497_5 : 1
		icmp_ln1497_9 : 1
	State 4
		select_ln89 : 1
		select_ln89_116 : 2
		zext_ln89_24 : 3
		select_ln89_117 : 4
		select_ln89_118 : 5
		select_ln89_119 : 6
		select_ln89_120 : 7
		tmp : 8
		ret_ln93 : 9


============================================================
+ Verbose Summary: Datapath Resource usage 
============================================================

* Functional unit list:
|----------|------------------------|---------|---------|
| Operation|     Functional Unit    |    FF   |   LUT   |
|----------|------------------------|---------|---------|
|          |   icmp_ln1497_fu_109   |    0    |    13   |
|          |  icmp_ln1497_1_fu_115  |    0    |    13   |
|          |  icmp_ln1497_8_fu_121  |    0    |    13   |
|   icmp   |  icmp_ln1497_12_fu_127 |    0    |    13   |
|          |  icmp_ln1497_2_fu_133  |    0    |    13   |
|          |  icmp_ln1497_5_fu_139  |    0    |    13   |
|          |  icmp_ln1497_9_fu_145  |    0    |    13   |
|----------|------------------------|---------|---------|
|    mux   |       tmp_fu_289       |    0    |    45   |
|----------|------------------------|---------|---------|
|          |     and_ln73_fu_151    |    0    |    2    |
|          |   and_ln73_115_fu_155  |    0    |    2    |
|          |   and_ln73_120_fu_165  |    0    |    2    |
|    and   |   and_ln73_116_fu_170  |    0    |    2    |
|          |   and_ln73_117_fu_180  |    0    |    2    |
|          |   and_ln73_118_fu_185  |    0    |    2    |
|          |   and_ln73_121_fu_195  |    0    |    2    |
|          |   and_ln73_119_fu_200  |    0    |    2    |
|----------|------------------------|---------|---------|
|          |   select_ln89_fu_238   |    0    |    2    |
|          | select_ln89_116_fu_246 |    0    |    2    |
|  select  | select_ln89_117_fu_258 |    0    |    3    |
|          | select_ln89_118_fu_265 |    0    |    3    |
|          | select_ln89_119_fu_273 |    0    |    3    |
|          | select_ln89_120_fu_281 |    0    |    3    |
|----------|------------------------|---------|---------|
|          |     xor_ln75_fu_160    |    0    |    2    |
|    xor   |   xor_ln75_45_fu_175   |    0    |    2    |
|          |   xor_ln75_46_fu_190   |    0    |    2    |
|          |     xor_ln89_fu_228    |    0    |    2    |
|----------|------------------------|---------|---------|
|          |     or_ln88_fu_206     |    0    |    2    |
|    or    |    or_ln88_68_fu_212   |    0    |    2    |
|          |    or_ln88_69_fu_217   |    0    |    2    |
|          |    or_ln88_70_fu_222   |    0    |    2    |
|----------|------------------------|---------|---------|
|   zext   |    zext_ln89_fu_234    |    0    |    0    |
|          |   zext_ln89_24_fu_254  |    0    |    0    |
|----------|------------------------|---------|---------|
|   Total  |                        |    0    |   184   |
|----------|------------------------|---------|---------|

Memories:
N/A

* Register list:
+----------------------+--------+
|                      |   FF   |
+----------------------+--------+
|icmp_ln1497_12_reg_353|    1   |
| icmp_ln1497_1_reg_331|    1   |
| icmp_ln1497_2_reg_358|    1   |
| icmp_ln1497_5_reg_363|    1   |
| icmp_ln1497_8_reg_347|    1   |
| icmp_ln1497_9_reg_368|    1   |
|  icmp_ln1497_reg_321 |    1   |
| x_V_addr_104_reg_316 |    4   |
| x_V_addr_105_reg_337 |    4   |
| x_V_addr_106_reg_342 |    4   |
|   x_V_addr_reg_311   |    4   |
+----------------------+--------+
|         Total        |   23   |
+----------------------+--------+

* Multiplexer (MUX) list: 
|------------------|------|------|------|--------||---------||---------|
|       Comp       |  Pin | Size |  BW  | S x BW ||  Delay  ||   LUT   |
|------------------|------|------|------|--------||---------||---------|
| grp_access_fu_72 |  p0  |   4  |   4  |   16   ||    21   |
| grp_access_fu_72 |  p2  |   4  |   0  |    0   ||    21   |
|------------------|------|------|------|--------||---------||---------|
|       Total      |      |      |      |   16   ||  3.721  ||    42   |
|------------------|------|------|------|--------||---------||---------|



* Summary:
+-----------+--------+--------+--------+
|           |  Delay |   FF   |   LUT  |
+-----------+--------+--------+--------+
|  Function |    -   |    0   |   184  |
|   Memory  |    -   |    -   |    -   |
|Multiplexer|    3   |    -   |   42   |
|  Register |    -   |   23   |    -   |
+-----------+--------+--------+--------+
|   Total   |    3   |   23   |   226  |
+-----------+--------+--------+--------+
