

================================================================
== Vivado HLS Report for 'decision_function_32'
================================================================
* Date:           Mon Dec 11 23:05:13 2023

* Version:        2019.1 (Build 2552052 on Fri May 24 15:28:33 MDT 2019)
* Project:        Final_HLS
* Solution:       solution1
* Product family: zynq
* Target device:  xc7z020-clg400-1


================================================================
== Performance Estimates
================================================================
+ Timing (ns): 
    * Summary: 
    +--------+-------+----------+------------+
    |  Clock | Target| Estimated| Uncertainty|
    +--------+-------+----------+------------+
    |ap_clk  |  10.00|     7.771|        1.25|
    +--------+-------+----------+------------+

+ Latency (clock cycles): 
    * Summary: 
    +-----+-----+-----+-----+----------+
    |  Latency  |  Interval | Pipeline |
    | min | max | min | max |   Type   |
    +-----+-----+-----+-----+----------+
    |    3|    3|    3|    3| function |
    +-----+-----+-----+-----+----------+

    + Detail: 
        * Instance: 
        N/A

        * Loop: 
        N/A

============================================================
+ Verbose Summary: Synthesis Manager
============================================================
InlineROM: 1
ExposeGlobal: 0
============================================================
+ Verbose Summary: CDFG Model
============================================================
IsTopModel: 0
ResetActiveHigh: 1
IsCombinational: 0
IsDatapathOnly: 0
HasWiredReturn: 1
HasMFsm: 2
HasVarLatency: 0
IsPipeline: 1
IsRtlPipelined: 1
IsInstanceOverlapped: 0
IsDontTouch: 0
HasImplIP: 0
IsGatedGlobalClock: 0

+ Individual pipeline summary: 
  * Pipeline-0: initiation interval (II) = 3, depth = 4


============================================================
+ Verbose Summary: Schedule
============================================================
* Number of FSM states : 4
* Pipeline : 1
  Pipeline-0 : II = 3, D = 4, States = { 1 2 3 4 }
* Dataflow Pipeline: 0

* FSM state transitions: 
1 --> 2 
2 --> 3 
3 --> 4 
4 --> 

* FSM state operations: 

State 1 <SV = 0> <Delay = 2.32>
ST_1 : Operation 5 [1/1] (0.00ns)   --->   "%x_V_addr = getelementptr [12 x i12]* %x_V, i64 0, i64 0" [../my-conifer-prj/firmware/BDT.h:57]   --->   Operation 5 'getelementptr' 'x_V_addr' <Predicate = true> <Delay = 0.00>
ST_1 : Operation 6 [2/2] (2.32ns)   --->   "%x_V_load = load i12* %x_V_addr, align 2" [../my-conifer-prj/firmware/BDT.h:57]   --->   Operation 6 'load' 'x_V_load' <Predicate = true> <Delay = 2.32> <Core = "RAM">   --->   Core 37 'RAM' <Latency = 1> <II = 1> <Delay = 2.32> <Storage> <Opcode : 'load' 'store'> <Ports = 2> <Width = 12> <Depth = 12> <RAM>
ST_1 : Operation 7 [1/1] (0.00ns)   --->   "%x_V_addr_130 = getelementptr [12 x i12]* %x_V, i64 0, i64 6" [../my-conifer-prj/firmware/BDT.h:57]   --->   Operation 7 'getelementptr' 'x_V_addr_130' <Predicate = true> <Delay = 0.00>
ST_1 : Operation 8 [2/2] (2.32ns)   --->   "%x_V_load_1 = load i12* %x_V_addr_130, align 2" [../my-conifer-prj/firmware/BDT.h:57]   --->   Operation 8 'load' 'x_V_load_1' <Predicate = true> <Delay = 2.32> <Core = "RAM">   --->   Core 37 'RAM' <Latency = 1> <II = 1> <Delay = 2.32> <Storage> <Opcode : 'load' 'store'> <Ports = 2> <Width = 12> <Depth = 12> <RAM>

State 2 <SV = 1> <Delay = 4.31>
ST_2 : Operation 9 [1/2] (2.32ns)   --->   "%x_V_load = load i12* %x_V_addr, align 2" [../my-conifer-prj/firmware/BDT.h:57]   --->   Operation 9 'load' 'x_V_load' <Predicate = true> <Delay = 2.32> <Core = "RAM">   --->   Core 37 'RAM' <Latency = 1> <II = 1> <Delay = 2.32> <Storage> <Opcode : 'load' 'store'> <Ports = 2> <Width = 12> <Depth = 12> <RAM>
ST_2 : Operation 10 [1/1] (1.99ns)   --->   "%icmp_ln1497 = icmp slt i12 %x_V_load, 1" [../my-conifer-prj/firmware/BDT.h:57]   --->   Operation 10 'icmp' 'icmp_ln1497' <Predicate = true> <Delay = 1.99> <Core = "Cmp">   --->   Core 25 'Cmp' <Latency = 0> <II = 1> <Delay = 1.99> <FuncUnit> <Opcode : 'icmp'> <InPorts = 2> <OutPorts = 1>
ST_2 : Operation 11 [1/2] (2.32ns)   --->   "%x_V_load_1 = load i12* %x_V_addr_130, align 2" [../my-conifer-prj/firmware/BDT.h:57]   --->   Operation 11 'load' 'x_V_load_1' <Predicate = true> <Delay = 2.32> <Core = "RAM">   --->   Core 37 'RAM' <Latency = 1> <II = 1> <Delay = 2.32> <Storage> <Opcode : 'load' 'store'> <Ports = 2> <Width = 12> <Depth = 12> <RAM>
ST_2 : Operation 12 [1/1] (1.99ns)   --->   "%icmp_ln1497_1 = icmp slt i12 %x_V_load_1, -1535" [../my-conifer-prj/firmware/BDT.h:57]   --->   Operation 12 'icmp' 'icmp_ln1497_1' <Predicate = true> <Delay = 1.99> <Core = "Cmp">   --->   Core 25 'Cmp' <Latency = 0> <II = 1> <Delay = 1.99> <FuncUnit> <Opcode : 'icmp'> <InPorts = 2> <OutPorts = 1>
ST_2 : Operation 13 [1/1] (0.00ns)   --->   "%x_V_addr_131 = getelementptr [12 x i12]* %x_V, i64 0, i64 5" [../my-conifer-prj/firmware/BDT.h:57]   --->   Operation 13 'getelementptr' 'x_V_addr_131' <Predicate = true> <Delay = 0.00>
ST_2 : Operation 14 [2/2] (2.32ns)   --->   "%x_V_load_2 = load i12* %x_V_addr_131, align 2" [../my-conifer-prj/firmware/BDT.h:57]   --->   Operation 14 'load' 'x_V_load_2' <Predicate = true> <Delay = 2.32> <Core = "RAM">   --->   Core 37 'RAM' <Latency = 1> <II = 1> <Delay = 2.32> <Storage> <Opcode : 'load' 'store'> <Ports = 2> <Width = 12> <Depth = 12> <RAM>
ST_2 : Operation 15 [1/1] (0.00ns)   --->   "%x_V_addr_132 = getelementptr [12 x i12]* %x_V, i64 0, i64 2" [../my-conifer-prj/firmware/BDT.h:57]   --->   Operation 15 'getelementptr' 'x_V_addr_132' <Predicate = true> <Delay = 0.00>
ST_2 : Operation 16 [2/2] (2.32ns)   --->   "%x_V_load_5 = load i12* %x_V_addr_132, align 2" [../my-conifer-prj/firmware/BDT.h:57]   --->   Operation 16 'load' 'x_V_load_5' <Predicate = true> <Delay = 2.32> <Core = "RAM">   --->   Core 37 'RAM' <Latency = 1> <II = 1> <Delay = 2.32> <Storage> <Opcode : 'load' 'store'> <Ports = 2> <Width = 12> <Depth = 12> <RAM>

State 3 <SV = 2> <Delay = 4.31>
ST_3 : Operation 17 [1/2] (2.32ns)   --->   "%x_V_load_2 = load i12* %x_V_addr_131, align 2" [../my-conifer-prj/firmware/BDT.h:57]   --->   Operation 17 'load' 'x_V_load_2' <Predicate = true> <Delay = 2.32> <Core = "RAM">   --->   Core 37 'RAM' <Latency = 1> <II = 1> <Delay = 2.32> <Storage> <Opcode : 'load' 'store'> <Ports = 2> <Width = 12> <Depth = 12> <RAM>
ST_3 : Operation 18 [1/1] (1.99ns)   --->   "%icmp_ln1497_2 = icmp slt i12 %x_V_load_2, 257" [../my-conifer-prj/firmware/BDT.h:57]   --->   Operation 18 'icmp' 'icmp_ln1497_2' <Predicate = (icmp_ln1497)> <Delay = 1.99> <Core = "Cmp">   --->   Core 25 'Cmp' <Latency = 0> <II = 1> <Delay = 1.99> <FuncUnit> <Opcode : 'icmp'> <InPorts = 2> <OutPorts = 1>
ST_3 : Operation 19 [1/2] (2.32ns)   --->   "%x_V_load_5 = load i12* %x_V_addr_132, align 2" [../my-conifer-prj/firmware/BDT.h:57]   --->   Operation 19 'load' 'x_V_load_5' <Predicate = true> <Delay = 2.32> <Core = "RAM">   --->   Core 37 'RAM' <Latency = 1> <II = 1> <Delay = 2.32> <Storage> <Opcode : 'load' 'store'> <Ports = 2> <Width = 12> <Depth = 12> <RAM>
ST_3 : Operation 20 [1/1] (1.99ns)   --->   "%icmp_ln1497_5 = icmp slt i12 %x_V_load_5, 1" [../my-conifer-prj/firmware/BDT.h:57]   --->   Operation 20 'icmp' 'icmp_ln1497_5' <Predicate = true> <Delay = 1.99> <Core = "Cmp">   --->   Core 25 'Cmp' <Latency = 0> <II = 1> <Delay = 1.99> <FuncUnit> <Opcode : 'icmp'> <InPorts = 2> <OutPorts = 1>
ST_3 : Operation 21 [1/1] (0.00ns)   --->   "%x_V_addr_133 = getelementptr [12 x i12]* %x_V, i64 0, i64 8" [../my-conifer-prj/firmware/BDT.h:57]   --->   Operation 21 'getelementptr' 'x_V_addr_133' <Predicate = true> <Delay = 0.00>
ST_3 : Operation 22 [2/2] (2.32ns)   --->   "%x_V_load_9 = load i12* %x_V_addr_133, align 2" [../my-conifer-prj/firmware/BDT.h:57]   --->   Operation 22 'load' 'x_V_load_9' <Predicate = true> <Delay = 2.32> <Core = "RAM">   --->   Core 37 'RAM' <Latency = 1> <II = 1> <Delay = 2.32> <Storage> <Opcode : 'load' 'store'> <Ports = 2> <Width = 12> <Depth = 12> <RAM>

State 4 <SV = 3> <Delay = 7.77>
ST_4 : Operation 23 [1/1] (0.00ns)   --->   "call void (...)* @_ssdm_op_SpecPipeline(i32 1, i32 1, i32 1, i32 0, [1 x i8]* @p_str) nounwind" [../my-conifer-prj/firmware/BDT.h:25]   --->   Operation 23 'specpipeline' <Predicate = true> <Delay = 0.00>
ST_4 : Operation 24 [1/2] (2.32ns)   --->   "%x_V_load_9 = load i12* %x_V_addr_133, align 2" [../my-conifer-prj/firmware/BDT.h:57]   --->   Operation 24 'load' 'x_V_load_9' <Predicate = true> <Delay = 2.32> <Core = "RAM">   --->   Core 37 'RAM' <Latency = 1> <II = 1> <Delay = 2.32> <Storage> <Opcode : 'load' 'store'> <Ports = 2> <Width = 12> <Depth = 12> <RAM>
ST_4 : Operation 25 [1/1] (1.99ns)   --->   "%icmp_ln1497_9 = icmp slt i12 %x_V_load_9, -511" [../my-conifer-prj/firmware/BDT.h:57]   --->   Operation 25 'icmp' 'icmp_ln1497_9' <Predicate = true> <Delay = 1.99> <Core = "Cmp">   --->   Core 25 'Cmp' <Latency = 0> <II = 1> <Delay = 1.99> <FuncUnit> <Opcode : 'icmp'> <InPorts = 2> <OutPorts = 1>
ST_4 : Operation 26 [1/1] (1.99ns)   --->   "%icmp_ln1497_12 = icmp slt i12 %x_V_load_9, -1663" [../my-conifer-prj/firmware/BDT.h:57]   --->   Operation 26 'icmp' 'icmp_ln1497_12' <Predicate = true> <Delay = 1.99> <Core = "Cmp">   --->   Core 25 'Cmp' <Latency = 0> <II = 1> <Delay = 1.99> <FuncUnit> <Opcode : 'icmp'> <InPorts = 2> <OutPorts = 1>
ST_4 : Operation 27 [1/1] (0.97ns)   --->   "%and_ln73 = and i1 %icmp_ln1497_1, %icmp_ln1497" [../my-conifer-prj/firmware/BDT.h:73]   --->   Operation 27 'and' 'and_ln73' <Predicate = (icmp_ln1497)> <Delay = 0.97> <Core = "LogicGate">   --->   Core 27 'LogicGate' <Latency = 0> <II = 1> <Delay = 0.97> <FuncUnit> <Opcode : 'and' 'or' 'xor'> <InPorts = 2> <OutPorts = 1>
ST_4 : Operation 28 [1/1] (0.00ns) (grouped into LUT with out node select_ln89_146)   --->   "%and_ln73_144 = and i1 %icmp_ln1497_2, %and_ln73" [../my-conifer-prj/firmware/BDT.h:73]   --->   Operation 28 'and' 'and_ln73_144' <Predicate = (icmp_ln1497)> <Delay = 0.00> <Core = "LogicGate">   --->   Core 27 'LogicGate' <Latency = 0> <II = 1> <Delay = 0.97> <FuncUnit> <Opcode : 'and' 'or' 'xor'> <InPorts = 2> <OutPorts = 1>
ST_4 : Operation 29 [1/1] (0.00ns) (grouped into LUT with out node or_ln88)   --->   "%xor_ln75 = xor i1 %icmp_ln1497_1, true" [../my-conifer-prj/firmware/BDT.h:75]   --->   Operation 29 'xor' 'xor_ln75' <Predicate = (icmp_ln1497)> <Delay = 0.00> <Core = "LogicGate">   --->   Core 27 'LogicGate' <Latency = 0> <II = 1> <Delay = 0.97> <FuncUnit> <Opcode : 'and' 'or' 'xor'> <InPorts = 2> <OutPorts = 1>
ST_4 : Operation 30 [1/1] (0.00ns) (grouped into LUT with out node or_ln88)   --->   "%and_ln73_149 = and i1 %icmp_ln1497_5, %xor_ln75" [../my-conifer-prj/firmware/BDT.h:73]   --->   Operation 30 'and' 'and_ln73_149' <Predicate = (icmp_ln1497)> <Delay = 0.00> <Core = "LogicGate">   --->   Core 27 'LogicGate' <Latency = 0> <II = 1> <Delay = 0.97> <FuncUnit> <Opcode : 'and' 'or' 'xor'> <InPorts = 2> <OutPorts = 1>
ST_4 : Operation 31 [1/1] (0.00ns) (grouped into LUT with out node or_ln88)   --->   "%and_ln73_145 = and i1 %and_ln73_149, %icmp_ln1497" [../my-conifer-prj/firmware/BDT.h:73]   --->   Operation 31 'and' 'and_ln73_145' <Predicate = (icmp_ln1497)> <Delay = 0.00> <Core = "LogicGate">   --->   Core 27 'LogicGate' <Latency = 0> <II = 1> <Delay = 0.97> <FuncUnit> <Opcode : 'and' 'or' 'xor'> <InPorts = 2> <OutPorts = 1>
ST_4 : Operation 32 [1/1] (0.97ns)   --->   "%xor_ln75_56 = xor i1 %icmp_ln1497, true" [../my-conifer-prj/firmware/BDT.h:75]   --->   Operation 32 'xor' 'xor_ln75_56' <Predicate = true> <Delay = 0.97> <Core = "LogicGate">   --->   Core 27 'LogicGate' <Latency = 0> <II = 1> <Delay = 0.97> <FuncUnit> <Opcode : 'and' 'or' 'xor'> <InPorts = 2> <OutPorts = 1>
ST_4 : Operation 33 [1/1] (0.97ns)   --->   "%and_ln73_146 = and i1 %icmp_ln1497_5, %xor_ln75_56" [../my-conifer-prj/firmware/BDT.h:73]   --->   Operation 33 'and' 'and_ln73_146' <Predicate = true> <Delay = 0.97> <Core = "LogicGate">   --->   Core 27 'LogicGate' <Latency = 0> <II = 1> <Delay = 0.97> <FuncUnit> <Opcode : 'and' 'or' 'xor'> <InPorts = 2> <OutPorts = 1>
ST_4 : Operation 34 [1/1] (0.00ns) (grouped into LUT with out node select_ln89_148)   --->   "%and_ln73_147 = and i1 %icmp_ln1497_9, %and_ln73_146" [../my-conifer-prj/firmware/BDT.h:73]   --->   Operation 34 'and' 'and_ln73_147' <Predicate = true> <Delay = 0.00> <Core = "LogicGate">   --->   Core 27 'LogicGate' <Latency = 0> <II = 1> <Delay = 0.97> <FuncUnit> <Opcode : 'and' 'or' 'xor'> <InPorts = 2> <OutPorts = 1>
ST_4 : Operation 35 [1/1] (0.00ns) (grouped into LUT with out node tmp)   --->   "%xor_ln75_57 = xor i1 %icmp_ln1497_5, true" [../my-conifer-prj/firmware/BDT.h:75]   --->   Operation 35 'xor' 'xor_ln75_57' <Predicate = true> <Delay = 0.00> <Core = "LogicGate">   --->   Core 27 'LogicGate' <Latency = 0> <II = 1> <Delay = 0.97> <FuncUnit> <Opcode : 'and' 'or' 'xor'> <InPorts = 2> <OutPorts = 1>
ST_4 : Operation 36 [1/1] (0.00ns) (grouped into LUT with out node tmp)   --->   "%and_ln73_150 = and i1 %icmp_ln1497_12, %xor_ln75_56" [../my-conifer-prj/firmware/BDT.h:73]   --->   Operation 36 'and' 'and_ln73_150' <Predicate = true> <Delay = 0.00> <Core = "LogicGate">   --->   Core 27 'LogicGate' <Latency = 0> <II = 1> <Delay = 0.97> <FuncUnit> <Opcode : 'and' 'or' 'xor'> <InPorts = 2> <OutPorts = 1>
ST_4 : Operation 37 [1/1] (0.00ns) (grouped into LUT with out node tmp)   --->   "%and_ln73_148 = and i1 %and_ln73_150, %xor_ln75_57" [../my-conifer-prj/firmware/BDT.h:73]   --->   Operation 37 'and' 'and_ln73_148' <Predicate = true> <Delay = 0.00> <Core = "LogicGate">   --->   Core 27 'LogicGate' <Latency = 0> <II = 1> <Delay = 0.97> <FuncUnit> <Opcode : 'and' 'or' 'xor'> <InPorts = 2> <OutPorts = 1>
ST_4 : Operation 38 [1/1] (0.97ns) (out node of the LUT)   --->   "%or_ln88 = or i1 %and_ln73, %and_ln73_145" [../my-conifer-prj/firmware/BDT.h:88]   --->   Operation 38 'or' 'or_ln88' <Predicate = (icmp_ln1497)> <Delay = 0.97> <Core = "LogicGate">   --->   Core 27 'LogicGate' <Latency = 0> <II = 1> <Delay = 0.97> <FuncUnit> <Opcode : 'and' 'or' 'xor'> <InPorts = 2> <OutPorts = 1>
ST_4 : Operation 39 [1/1] (0.00ns) (grouped into LUT with out node select_ln89_148)   --->   "%or_ln88_85 = or i1 %icmp_ln1497, %and_ln73_147" [../my-conifer-prj/firmware/BDT.h:88]   --->   Operation 39 'or' 'or_ln88_85' <Predicate = true> <Delay = 0.00> <Core = "LogicGate">   --->   Core 27 'LogicGate' <Latency = 0> <II = 1> <Delay = 0.97> <FuncUnit> <Opcode : 'and' 'or' 'xor'> <InPorts = 2> <OutPorts = 1>
ST_4 : Operation 40 [1/1] (0.97ns)   --->   "%or_ln88_86 = or i1 %icmp_ln1497, %and_ln73_146" [../my-conifer-prj/firmware/BDT.h:88]   --->   Operation 40 'or' 'or_ln88_86' <Predicate = true> <Delay = 0.97> <Core = "LogicGate">   --->   Core 27 'LogicGate' <Latency = 0> <II = 1> <Delay = 0.97> <FuncUnit> <Opcode : 'and' 'or' 'xor'> <InPorts = 2> <OutPorts = 1>
ST_4 : Operation 41 [1/1] (0.00ns) (grouped into LUT with out node tmp)   --->   "%or_ln88_87 = or i1 %or_ln88_86, %and_ln73_148" [../my-conifer-prj/firmware/BDT.h:88]   --->   Operation 41 'or' 'or_ln88_87' <Predicate = true> <Delay = 0.00> <Core = "LogicGate">   --->   Core 27 'LogicGate' <Latency = 0> <II = 1> <Delay = 0.97> <FuncUnit> <Opcode : 'and' 'or' 'xor'> <InPorts = 2> <OutPorts = 1>
ST_4 : Operation 42 [1/1] (0.00ns) (grouped into LUT with out node select_ln89_146)   --->   "%xor_ln89 = xor i1 %and_ln73_144, true" [../my-conifer-prj/firmware/BDT.h:89]   --->   Operation 42 'xor' 'xor_ln89' <Predicate = (icmp_ln1497)> <Delay = 0.00> <Core = "LogicGate">   --->   Core 27 'LogicGate' <Latency = 0> <II = 1> <Delay = 0.97> <FuncUnit> <Opcode : 'and' 'or' 'xor'> <InPorts = 2> <OutPorts = 1>
ST_4 : Operation 43 [1/1] (0.00ns) (grouped into LUT with out node select_ln89_146)   --->   "%zext_ln89 = zext i1 %xor_ln89 to i2" [../my-conifer-prj/firmware/BDT.h:89]   --->   Operation 43 'zext' 'zext_ln89' <Predicate = (icmp_ln1497)> <Delay = 0.00>
ST_4 : Operation 44 [1/1] (0.00ns) (grouped into LUT with out node select_ln89_146)   --->   "%select_ln89 = select i1 %and_ln73, i2 %zext_ln89, i2 -2" [../my-conifer-prj/firmware/BDT.h:89]   --->   Operation 44 'select' 'select_ln89' <Predicate = (icmp_ln1497)> <Delay = 0.00> <Core = "Sel">   --->   Core 26 'Sel' <Latency = 0> <II = 1> <Delay = 0.98> <FuncUnit> <Opcode : 'select'> <InPorts = 3> <OutPorts = 1>
ST_4 : Operation 45 [1/1] (0.00ns) (grouped into LUT with out node select_ln89_146)   --->   "%select_ln89_145 = select i1 %or_ln88, i2 %select_ln89, i2 -1" [../my-conifer-prj/firmware/BDT.h:89]   --->   Operation 45 'select' 'select_ln89_145' <Predicate = (icmp_ln1497)> <Delay = 0.00> <Core = "Sel">   --->   Core 26 'Sel' <Latency = 0> <II = 1> <Delay = 0.98> <FuncUnit> <Opcode : 'select'> <InPorts = 3> <OutPorts = 1>
ST_4 : Operation 46 [1/1] (0.00ns) (grouped into LUT with out node select_ln89_146)   --->   "%zext_ln89_30 = zext i2 %select_ln89_145 to i3" [../my-conifer-prj/firmware/BDT.h:89]   --->   Operation 46 'zext' 'zext_ln89_30' <Predicate = (icmp_ln1497)> <Delay = 0.00>
ST_4 : Operation 47 [1/1] (0.99ns) (out node of the LUT)   --->   "%select_ln89_146 = select i1 %icmp_ln1497, i3 %zext_ln89_30, i3 -4" [../my-conifer-prj/firmware/BDT.h:89]   --->   Operation 47 'select' 'select_ln89_146' <Predicate = true> <Delay = 0.99> <Core = "Sel">   --->   Core 26 'Sel' <Latency = 0> <II = 1> <Delay = 0.98> <FuncUnit> <Opcode : 'select'> <InPorts = 3> <OutPorts = 1>
ST_4 : Operation 48 [1/1] (0.00ns) (grouped into LUT with out node select_ln89_148)   --->   "%select_ln89_147 = select i1 %or_ln88_85, i3 %select_ln89_146, i3 -3" [../my-conifer-prj/firmware/BDT.h:89]   --->   Operation 48 'select' 'select_ln89_147' <Predicate = true> <Delay = 0.00> <Core = "Sel">   --->   Core 26 'Sel' <Latency = 0> <II = 1> <Delay = 0.98> <FuncUnit> <Opcode : 'select'> <InPorts = 3> <OutPorts = 1>
ST_4 : Operation 49 [1/1] (0.98ns) (out node of the LUT)   --->   "%select_ln89_148 = select i1 %or_ln88_86, i3 %select_ln89_147, i3 -2" [../my-conifer-prj/firmware/BDT.h:89]   --->   Operation 49 'select' 'select_ln89_148' <Predicate = true> <Delay = 0.98> <Core = "Sel">   --->   Core 26 'Sel' <Latency = 0> <II = 1> <Delay = 0.98> <FuncUnit> <Opcode : 'select'> <InPorts = 3> <OutPorts = 1>
ST_4 : Operation 50 [1/1] (0.00ns) (grouped into LUT with out node tmp)   --->   "%select_ln89_149 = select i1 %or_ln88_87, i3 %select_ln89_148, i3 -1" [../my-conifer-prj/firmware/BDT.h:89]   --->   Operation 50 'select' 'select_ln89_149' <Predicate = true> <Delay = 0.00> <Core = "Sel">   --->   Core 26 'Sel' <Latency = 0> <II = 1> <Delay = 0.98> <FuncUnit> <Opcode : 'select'> <InPorts = 3> <OutPorts = 1>
ST_4 : Operation 51 [1/1] (2.47ns) (out node of the LUT)   --->   "%tmp = call i12 @_ssdm_op_Mux.ap_auto.8i12.i3(i12 9, i12 50, i12 31, i12 -13, i12 -27, i12 -30, i12 -26, i12 15, i3 %select_ln89_149)" [../my-conifer-prj/firmware/BDT.h:89]   --->   Operation 51 'mux' 'tmp' <Predicate = true> <Delay = 2.47> <Core = "MuxnS">   --->   Core 31 'MuxnS' <Latency = 0> <II = 1> <Delay = 2.47> <FuncUnit> <Opcode : 'mux'> <InPorts = 2> <OutPorts = 1>
ST_4 : Operation 52 [1/1] (0.00ns)   --->   "ret i12 %tmp" [../my-conifer-prj/firmware/BDT.h:93]   --->   Operation 52 'ret' <Predicate = true> <Delay = 0.00>


============================================================
+ Verbose Summary: Binding
============================================================
STG Binding: 
---------------- STG Properties BEGIN ----------------
- Is combinational: 0
- Is one-state seq: 0
- Is datapath-only: 0
- Is pipelined: 1
- Is top level: 0
Port [ Return ] is wired: 1; IO mode=ap_ctrl_hs:ce=0
Port [ x_V]:  wired=1; compound=1; hidden=0; nouse=0; global=0; static=0; extern=0; dir=0; type=1; pingpong=0; private_global=0; MemPort=[11]; IO mode=ap_memory:ce=0
---------------- STG Properties END ------------------

---------------- Datapath Model BEGIN ----------------

<LifeTime>
<method=bitvector/>
x_V_addr          (getelementptr) [ 00100]
x_V_addr_130      (getelementptr) [ 00100]
x_V_load          (load         ) [ 00000]
icmp_ln1497       (icmp         ) [ 01011]
x_V_load_1        (load         ) [ 00000]
icmp_ln1497_1     (icmp         ) [ 01011]
x_V_addr_131      (getelementptr) [ 00010]
x_V_addr_132      (getelementptr) [ 00010]
x_V_load_2        (load         ) [ 00000]
icmp_ln1497_2     (icmp         ) [ 01001]
x_V_load_5        (load         ) [ 00000]
icmp_ln1497_5     (icmp         ) [ 01001]
x_V_addr_133      (getelementptr) [ 01001]
specpipeline_ln25 (specpipeline ) [ 00000]
x_V_load_9        (load         ) [ 00000]
icmp_ln1497_9     (icmp         ) [ 00000]
icmp_ln1497_12    (icmp         ) [ 00000]
and_ln73          (and          ) [ 00000]
and_ln73_144      (and          ) [ 00000]
xor_ln75          (xor          ) [ 00000]
and_ln73_149      (and          ) [ 00000]
and_ln73_145      (and          ) [ 00000]
xor_ln75_56       (xor          ) [ 00000]
and_ln73_146      (and          ) [ 00000]
and_ln73_147      (and          ) [ 00000]
xor_ln75_57       (xor          ) [ 00000]
and_ln73_150      (and          ) [ 00000]
and_ln73_148      (and          ) [ 00000]
or_ln88           (or           ) [ 00000]
or_ln88_85        (or           ) [ 00000]
or_ln88_86        (or           ) [ 00000]
or_ln88_87        (or           ) [ 00000]
xor_ln89          (xor          ) [ 00000]
zext_ln89         (zext         ) [ 00000]
select_ln89       (select       ) [ 00000]
select_ln89_145   (select       ) [ 00000]
zext_ln89_30      (zext         ) [ 00000]
select_ln89_146   (select       ) [ 00000]
select_ln89_147   (select       ) [ 00000]
select_ln89_148   (select       ) [ 00000]
select_ln89_149   (select       ) [ 00000]
tmp               (mux          ) [ 00000]
ret_ln93          (ret          ) [ 00000]
</LifeTime>

<model>

<comp_list>
<comp id="0" class="1000" name="x_V">
<pin_list>
<pin id="1" dir="1" index="0" bw="1" slack="0"/>
</pin_list>
<bind>
<StgValue><ssdm name="x_V"/><MemPortTyVec>1 1 </MemPortTyVec>
</StgValue>
</bind>
</comp>

<comp id="2" class="1001" name="const_2">
<pin_list>
<pin id="3" dir="1" index="0" bw="1" slack="0"/>
</pin_list>
<bind>
<StgValue><ssdm name=""/></StgValue>
</bind>
</comp>

<comp id="4" class="1001" name="const_4">
<pin_list>
<pin id="5" dir="1" index="0" bw="1" slack="0"/>
</pin_list>
<bind>
<StgValue><ssdm name=""/></StgValue>
</bind>
</comp>

<comp id="6" class="1001" name="const_6">
<pin_list>
<pin id="7" dir="1" index="0" bw="1" slack="0"/>
</pin_list>
<bind>
<StgValue><ssdm name=""/></StgValue>
</bind>
</comp>

<comp id="8" class="1001" name="const_8">
<pin_list>
<pin id="9" dir="1" index="0" bw="1" slack="0"/>
</pin_list>
<bind>
<StgValue><ssdm name=""/></StgValue>
</bind>
</comp>

<comp id="10" class="1001" name="const_10">
<pin_list>
<pin id="11" dir="1" index="0" bw="1" slack="0"/>
</pin_list>
<bind>
<StgValue><ssdm name=""/></StgValue>
</bind>
</comp>

<comp id="12" class="1001" name="const_12">
<pin_list>
<pin id="13" dir="1" index="0" bw="1" slack="0"/>
</pin_list>
<bind>
<StgValue><ssdm name=""/></StgValue>
</bind>
</comp>

<comp id="14" class="1001" name="const_14">
<pin_list>
<pin id="15" dir="1" index="0" bw="1" slack="0"/>
</pin_list>
<bind>
<StgValue><ssdm name=""/></StgValue>
</bind>
</comp>

<comp id="16" class="1001" name="const_16">
<pin_list>
<pin id="17" dir="1" index="0" bw="1" slack="0"/>
</pin_list>
<bind>
<StgValue><ssdm name=""/></StgValue>
</bind>
</comp>

<comp id="18" class="1001" name="const_18">
<pin_list>
<pin id="19" dir="1" index="0" bw="1" slack="2147483647"/>
</pin_list>
<bind>
<StgValue><ssdm name="_ssdm_op_SpecPipeline"/></StgValue>
</bind>
</comp>

<comp id="20" class="1001" name="const_20">
<pin_list>
<pin id="21" dir="1" index="0" bw="1" slack="2147483647"/>
</pin_list>
<bind>
<StgValue><ssdm name=""/></StgValue>
</bind>
</comp>

<comp id="22" class="1001" name="const_22">
<pin_list>
<pin id="23" dir="1" index="0" bw="1" slack="2147483647"/>
</pin_list>
<bind>
<StgValue><ssdm name=""/></StgValue>
</bind>
</comp>

<comp id="24" class="1001" name="const_24">
<pin_list>
<pin id="25" dir="1" index="0" bw="1" slack="2147483647"/>
</pin_list>
<bind>
<StgValue><ssdm name="p_str"/></StgValue>
</bind>
</comp>

<comp id="26" class="1001" name="const_26">
<pin_list>
<pin id="27" dir="1" index="0" bw="1" slack="0"/>
</pin_list>
<bind>
<StgValue><ssdm name=""/></StgValue>
</bind>
</comp>

<comp id="28" class="1001" name="const_28">
<pin_list>
<pin id="29" dir="1" index="0" bw="1" slack="0"/>
</pin_list>
<bind>
<StgValue><ssdm name=""/></StgValue>
</bind>
</comp>

<comp id="30" class="1001" name="const_30">
<pin_list>
<pin id="31" dir="1" index="0" bw="1" slack="0"/>
</pin_list>
<bind>
<StgValue><ssdm name=""/></StgValue>
</bind>
</comp>

<comp id="32" class="1001" name="const_32">
<pin_list>
<pin id="33" dir="1" index="0" bw="1" slack="0"/>
</pin_list>
<bind>
<StgValue><ssdm name=""/></StgValue>
</bind>
</comp>

<comp id="34" class="1001" name="const_34">
<pin_list>
<pin id="35" dir="1" index="0" bw="1" slack="0"/>
</pin_list>
<bind>
<StgValue><ssdm name=""/></StgValue>
</bind>
</comp>

<comp id="36" class="1001" name="const_36">
<pin_list>
<pin id="37" dir="1" index="0" bw="1" slack="0"/>
</pin_list>
<bind>
<StgValue><ssdm name=""/></StgValue>
</bind>
</comp>

<comp id="38" class="1001" name="const_38">
<pin_list>
<pin id="39" dir="1" index="0" bw="1" slack="0"/>
</pin_list>
<bind>
<StgValue><ssdm name=""/></StgValue>
</bind>
</comp>

<comp id="40" class="1001" name="const_40">
<pin_list>
<pin id="41" dir="1" index="0" bw="1" slack="0"/>
</pin_list>
<bind>
<StgValue><ssdm name=""/></StgValue>
</bind>
</comp>

<comp id="42" class="1001" name="const_42">
<pin_list>
<pin id="43" dir="1" index="0" bw="1" slack="0"/>
</pin_list>
<bind>
<StgValue><ssdm name=""/></StgValue>
</bind>
</comp>

<comp id="44" class="1001" name="const_44">
<pin_list>
<pin id="45" dir="1" index="0" bw="1" slack="0"/>
</pin_list>
<bind>
<StgValue><ssdm name="_ssdm_op_Mux.ap_auto.8i12.i3"/></StgValue>
</bind>
</comp>

<comp id="46" class="1001" name="const_46">
<pin_list>
<pin id="47" dir="1" index="0" bw="1" slack="0"/>
</pin_list>
<bind>
<StgValue><ssdm name=""/></StgValue>
</bind>
</comp>

<comp id="48" class="1001" name="const_48">
<pin_list>
<pin id="49" dir="1" index="0" bw="1" slack="0"/>
</pin_list>
<bind>
<StgValue><ssdm name=""/></StgValue>
</bind>
</comp>

<comp id="50" class="1001" name="const_50">
<pin_list>
<pin id="51" dir="1" index="0" bw="1" slack="0"/>
</pin_list>
<bind>
<StgValue><ssdm name=""/></StgValue>
</bind>
</comp>

<comp id="52" class="1001" name="const_52">
<pin_list>
<pin id="53" dir="1" index="0" bw="1" slack="0"/>
</pin_list>
<bind>
<StgValue><ssdm name=""/></StgValue>
</bind>
</comp>

<comp id="54" class="1001" name="const_54">
<pin_list>
<pin id="55" dir="1" index="0" bw="1" slack="0"/>
</pin_list>
<bind>
<StgValue><ssdm name=""/></StgValue>
</bind>
</comp>

<comp id="56" class="1001" name="const_56">
<pin_list>
<pin id="57" dir="1" index="0" bw="1" slack="0"/>
</pin_list>
<bind>
<StgValue><ssdm name=""/></StgValue>
</bind>
</comp>

<comp id="58" class="1001" name="const_58">
<pin_list>
<pin id="59" dir="1" index="0" bw="1" slack="0"/>
</pin_list>
<bind>
<StgValue><ssdm name=""/></StgValue>
</bind>
</comp>

<comp id="60" class="1001" name="const_60">
<pin_list>
<pin id="61" dir="1" index="0" bw="1" slack="0"/>
</pin_list>
<bind>
<StgValue><ssdm name=""/></StgValue>
</bind>
</comp>

<comp id="62" class="1004" name="x_V_addr_gep_fu_62">
<pin_list>
<pin id="63" dir="0" index="0" bw="12" slack="0"/>
<pin id="64" dir="0" index="1" bw="1" slack="0"/>
<pin id="65" dir="0" index="2" bw="1" slack="0"/>
<pin id="66" dir="1" index="3" bw="4" slack="0"/>
</pin_list>
<bind>
<opcode="getelementptr(29) " fcode="getelementptr"/>
<opset="x_V_addr/1 "/>
</bind>
</comp>

<comp id="70" class="1004" name="grp_access_fu_70">
<pin_list>
<pin id="71" dir="0" index="0" bw="4" slack="0"/>
<pin id="72" dir="0" index="1" bw="12" slack="2147483647"/>
<pin id="73" dir="0" index="2" bw="0" slack="0"/>
<pin id="84" dir="0" index="4" bw="4" slack="2147483647"/>
<pin id="85" dir="0" index="5" bw="12" slack="2147483647"/>
<pin id="86" dir="0" index="6" bw="0" slack="2147483647"/>
<pin id="74" dir="1" index="3" bw="12" slack="0"/>
<pin id="87" dir="1" index="7" bw="12" slack="0"/>
</pin_list>
<bind>
<opcode="load(27) " fcode="load"/>
<opset="x_V_load/1 x_V_load_1/1 x_V_load_2/2 x_V_load_5/2 x_V_load_9/3 "/>
</bind>
</comp>

<comp id="76" class="1004" name="x_V_addr_130_gep_fu_76">
<pin_list>
<pin id="77" dir="0" index="0" bw="12" slack="0"/>
<pin id="78" dir="0" index="1" bw="1" slack="0"/>
<pin id="79" dir="0" index="2" bw="4" slack="0"/>
<pin id="80" dir="1" index="3" bw="4" slack="0"/>
</pin_list>
<bind>
<opcode="getelementptr(29) " fcode="getelementptr"/>
<opset="x_V_addr_130/1 "/>
</bind>
</comp>

<comp id="89" class="1004" name="x_V_addr_131_gep_fu_89">
<pin_list>
<pin id="90" dir="0" index="0" bw="12" slack="0"/>
<pin id="91" dir="0" index="1" bw="1" slack="0"/>
<pin id="92" dir="0" index="2" bw="4" slack="0"/>
<pin id="93" dir="1" index="3" bw="4" slack="0"/>
</pin_list>
<bind>
<opcode="getelementptr(29) " fcode="getelementptr"/>
<opset="x_V_addr_131/2 "/>
</bind>
</comp>

<comp id="98" class="1004" name="x_V_addr_132_gep_fu_98">
<pin_list>
<pin id="99" dir="0" index="0" bw="12" slack="0"/>
<pin id="100" dir="0" index="1" bw="1" slack="0"/>
<pin id="101" dir="0" index="2" bw="3" slack="0"/>
<pin id="102" dir="1" index="3" bw="4" slack="0"/>
</pin_list>
<bind>
<opcode="getelementptr(29) " fcode="getelementptr"/>
<opset="x_V_addr_132/2 "/>
</bind>
</comp>

<comp id="107" class="1004" name="x_V_addr_133_gep_fu_107">
<pin_list>
<pin id="108" dir="0" index="0" bw="12" slack="0"/>
<pin id="109" dir="0" index="1" bw="1" slack="0"/>
<pin id="110" dir="0" index="2" bw="5" slack="0"/>
<pin id="111" dir="1" index="3" bw="4" slack="0"/>
</pin_list>
<bind>
<opcode="getelementptr(29) " fcode="getelementptr"/>
<opset="x_V_addr_133/3 "/>
</bind>
</comp>

<comp id="116" class="1004" name="icmp_ln1497_fu_116">
<pin_list>
<pin id="117" dir="0" index="0" bw="12" slack="0"/>
<pin id="118" dir="0" index="1" bw="1" slack="0"/>
<pin id="119" dir="1" index="2" bw="1" slack="1"/>
</pin_list>
<bind>
<opcode="icmp(45) " fcode="icmp"/>
<opset="icmp_ln1497/2 "/>
</bind>
</comp>

<comp id="122" class="1004" name="icmp_ln1497_1_fu_122">
<pin_list>
<pin id="123" dir="0" index="0" bw="12" slack="0"/>
<pin id="124" dir="0" index="1" bw="12" slack="0"/>
<pin id="125" dir="1" index="2" bw="1" slack="2"/>
</pin_list>
<bind>
<opcode="icmp(45) " fcode="icmp"/>
<opset="icmp_ln1497_1/2 "/>
</bind>
</comp>

<comp id="128" class="1004" name="icmp_ln1497_2_fu_128">
<pin_list>
<pin id="129" dir="0" index="0" bw="12" slack="0"/>
<pin id="130" dir="0" index="1" bw="10" slack="0"/>
<pin id="131" dir="1" index="2" bw="1" slack="1"/>
</pin_list>
<bind>
<opcode="icmp(45) " fcode="icmp"/>
<opset="icmp_ln1497_2/3 "/>
</bind>
</comp>

<comp id="134" class="1004" name="icmp_ln1497_5_fu_134">
<pin_list>
<pin id="135" dir="0" index="0" bw="12" slack="0"/>
<pin id="136" dir="0" index="1" bw="1" slack="0"/>
<pin id="137" dir="1" index="2" bw="1" slack="1"/>
</pin_list>
<bind>
<opcode="icmp(45) " fcode="icmp"/>
<opset="icmp_ln1497_5/3 "/>
</bind>
</comp>

<comp id="140" class="1004" name="icmp_ln1497_9_fu_140">
<pin_list>
<pin id="141" dir="0" index="0" bw="12" slack="0"/>
<pin id="142" dir="0" index="1" bw="10" slack="0"/>
<pin id="143" dir="1" index="2" bw="1" slack="0"/>
</pin_list>
<bind>
<opcode="icmp(45) " fcode="icmp"/>
<opset="icmp_ln1497_9/4 "/>
</bind>
</comp>

<comp id="146" class="1004" name="icmp_ln1497_12_fu_146">
<pin_list>
<pin id="147" dir="0" index="0" bw="12" slack="0"/>
<pin id="148" dir="0" index="1" bw="12" slack="0"/>
<pin id="149" dir="1" index="2" bw="1" slack="0"/>
</pin_list>
<bind>
<opcode="icmp(45) " fcode="icmp"/>
<opset="icmp_ln1497_12/4 "/>
</bind>
</comp>

<comp id="152" class="1004" name="and_ln73_fu_152">
<pin_list>
<pin id="153" dir="0" index="0" bw="1" slack="2"/>
<pin id="154" dir="0" index="1" bw="1" slack="2"/>
<pin id="155" dir="1" index="2" bw="1" slack="0"/>
</pin_list>
<bind>
<opcode="and(23) " fcode="and"/>
<opset="and_ln73/4 "/>
</bind>
</comp>

<comp id="156" class="1004" name="and_ln73_144_fu_156">
<pin_list>
<pin id="157" dir="0" index="0" bw="1" slack="1"/>
<pin id="158" dir="0" index="1" bw="1" slack="0"/>
<pin id="159" dir="1" index="2" bw="1" slack="0"/>
</pin_list>
<bind>
<opcode="and(23) " fcode="and"/>
<opset="and_ln73_144/4 "/>
</bind>
</comp>

<comp id="161" class="1004" name="xor_ln75_fu_161">
<pin_list>
<pin id="162" dir="0" index="0" bw="1" slack="2"/>
<pin id="163" dir="0" index="1" bw="1" slack="0"/>
<pin id="164" dir="1" index="2" bw="1" slack="0"/>
</pin_list>
<bind>
<opcode="xor(25) " fcode="xor"/>
<opset="xor_ln75/4 "/>
</bind>
</comp>

<comp id="166" class="1004" name="and_ln73_149_fu_166">
<pin_list>
<pin id="167" dir="0" index="0" bw="1" slack="1"/>
<pin id="168" dir="0" index="1" bw="1" slack="0"/>
<pin id="169" dir="1" index="2" bw="1" slack="0"/>
</pin_list>
<bind>
<opcode="and(23) " fcode="and"/>
<opset="and_ln73_149/4 "/>
</bind>
</comp>

<comp id="171" class="1004" name="and_ln73_145_fu_171">
<pin_list>
<pin id="172" dir="0" index="0" bw="1" slack="0"/>
<pin id="173" dir="0" index="1" bw="1" slack="2"/>
<pin id="174" dir="1" index="2" bw="1" slack="0"/>
</pin_list>
<bind>
<opcode="and(23) " fcode="and"/>
<opset="and_ln73_145/4 "/>
</bind>
</comp>

<comp id="176" class="1004" name="xor_ln75_56_fu_176">
<pin_list>
<pin id="177" dir="0" index="0" bw="1" slack="2"/>
<pin id="178" dir="0" index="1" bw="1" slack="0"/>
<pin id="179" dir="1" index="2" bw="1" slack="0"/>
</pin_list>
<bind>
<opcode="xor(25) " fcode="xor"/>
<opset="xor_ln75_56/4 "/>
</bind>
</comp>

<comp id="181" class="1004" name="and_ln73_146_fu_181">
<pin_list>
<pin id="182" dir="0" index="0" bw="1" slack="1"/>
<pin id="183" dir="0" index="1" bw="1" slack="0"/>
<pin id="184" dir="1" index="2" bw="1" slack="0"/>
</pin_list>
<bind>
<opcode="and(23) " fcode="and"/>
<opset="and_ln73_146/4 "/>
</bind>
</comp>

<comp id="186" class="1004" name="and_ln73_147_fu_186">
<pin_list>
<pin id="187" dir="0" index="0" bw="1" slack="0"/>
<pin id="188" dir="0" index="1" bw="1" slack="0"/>
<pin id="189" dir="1" index="2" bw="1" slack="0"/>
</pin_list>
<bind>
<opcode="and(23) " fcode="and"/>
<opset="and_ln73_147/4 "/>
</bind>
</comp>

<comp id="192" class="1004" name="xor_ln75_57_fu_192">
<pin_list>
<pin id="193" dir="0" index="0" bw="1" slack="1"/>
<pin id="194" dir="0" index="1" bw="1" slack="0"/>
<pin id="195" dir="1" index="2" bw="1" slack="0"/>
</pin_list>
<bind>
<opcode="xor(25) " fcode="xor"/>
<opset="xor_ln75_57/4 "/>
</bind>
</comp>

<comp id="197" class="1004" name="and_ln73_150_fu_197">
<pin_list>
<pin id="198" dir="0" index="0" bw="1" slack="0"/>
<pin id="199" dir="0" index="1" bw="1" slack="0"/>
<pin id="200" dir="1" index="2" bw="1" slack="0"/>
</pin_list>
<bind>
<opcode="and(23) " fcode="and"/>
<opset="and_ln73_150/4 "/>
</bind>
</comp>

<comp id="203" class="1004" name="and_ln73_148_fu_203">
<pin_list>
<pin id="204" dir="0" index="0" bw="1" slack="0"/>
<pin id="205" dir="0" index="1" bw="1" slack="0"/>
<pin id="206" dir="1" index="2" bw="1" slack="0"/>
</pin_list>
<bind>
<opcode="and(23) " fcode="and"/>
<opset="and_ln73_148/4 "/>
</bind>
</comp>

<comp id="209" class="1004" name="or_ln88_fu_209">
<pin_list>
<pin id="210" dir="0" index="0" bw="1" slack="0"/>
<pin id="211" dir="0" index="1" bw="1" slack="0"/>
<pin id="212" dir="1" index="2" bw="1" slack="0"/>
</pin_list>
<bind>
<opcode="or(24) " fcode="or"/>
<opset="or_ln88/4 "/>
</bind>
</comp>

<comp id="215" class="1004" name="or_ln88_85_fu_215">
<pin_list>
<pin id="216" dir="0" index="0" bw="1" slack="2"/>
<pin id="217" dir="0" index="1" bw="1" slack="0"/>
<pin id="218" dir="1" index="2" bw="1" slack="0"/>
</pin_list>
<bind>
<opcode="or(24) " fcode="or"/>
<opset="or_ln88_85/4 "/>
</bind>
</comp>

<comp id="220" class="1004" name="or_ln88_86_fu_220">
<pin_list>
<pin id="221" dir="0" index="0" bw="1" slack="2"/>
<pin id="222" dir="0" index="1" bw="1" slack="0"/>
<pin id="223" dir="1" index="2" bw="1" slack="0"/>
</pin_list>
<bind>
<opcode="or(24) " fcode="or"/>
<opset="or_ln88_86/4 "/>
</bind>
</comp>

<comp id="225" class="1004" name="or_ln88_87_fu_225">
<pin_list>
<pin id="226" dir="0" index="0" bw="1" slack="0"/>
<pin id="227" dir="0" index="1" bw="1" slack="0"/>
<pin id="228" dir="1" index="2" bw="1" slack="0"/>
</pin_list>
<bind>
<opcode="or(24) " fcode="or"/>
<opset="or_ln88_87/4 "/>
</bind>
</comp>

<comp id="231" class="1004" name="xor_ln89_fu_231">
<pin_list>
<pin id="232" dir="0" index="0" bw="1" slack="0"/>
<pin id="233" dir="0" index="1" bw="1" slack="0"/>
<pin id="234" dir="1" index="2" bw="1" slack="0"/>
</pin_list>
<bind>
<opcode="xor(25) " fcode="xor"/>
<opset="xor_ln89/4 "/>
</bind>
</comp>

<comp id="237" class="1004" name="zext_ln89_fu_237">
<pin_list>
<pin id="238" dir="0" index="0" bw="1" slack="0"/>
<pin id="239" dir="1" index="1" bw="2" slack="0"/>
</pin_list>
<bind>
<opcode="zext(34) " fcode="zext"/>
<opset="zext_ln89/4 "/>
</bind>
</comp>

<comp id="241" class="1004" name="select_ln89_fu_241">
<pin_list>
<pin id="242" dir="0" index="0" bw="1" slack="0"/>
<pin id="243" dir="0" index="1" bw="1" slack="0"/>
<pin id="244" dir="0" index="2" bw="2" slack="0"/>
<pin id="245" dir="1" index="3" bw="2" slack="0"/>
</pin_list>
<bind>
<opcode="select(49) " fcode="select"/>
<opset="select_ln89/4 "/>
</bind>
</comp>

<comp id="249" class="1004" name="select_ln89_145_fu_249">
<pin_list>
<pin id="250" dir="0" index="0" bw="1" slack="0"/>
<pin id="251" dir="0" index="1" bw="2" slack="0"/>
<pin id="252" dir="0" index="2" bw="1" slack="0"/>
<pin id="253" dir="1" index="3" bw="2" slack="0"/>
</pin_list>
<bind>
<opcode="select(49) " fcode="select"/>
<opset="select_ln89_145/4 "/>
</bind>
</comp>

<comp id="257" class="1004" name="zext_ln89_30_fu_257">
<pin_list>
<pin id="258" dir="0" index="0" bw="2" slack="0"/>
<pin id="259" dir="1" index="1" bw="3" slack="0"/>
</pin_list>
<bind>
<opcode="zext(34) " fcode="zext"/>
<opset="zext_ln89_30/4 "/>
</bind>
</comp>

<comp id="261" class="1004" name="select_ln89_146_fu_261">
<pin_list>
<pin id="262" dir="0" index="0" bw="1" slack="2"/>
<pin id="263" dir="0" index="1" bw="2" slack="0"/>
<pin id="264" dir="0" index="2" bw="3" slack="0"/>
<pin id="265" dir="1" index="3" bw="3" slack="0"/>
</pin_list>
<bind>
<opcode="select(49) " fcode="select"/>
<opset="select_ln89_146/4 "/>
</bind>
</comp>

<comp id="268" class="1004" name="select_ln89_147_fu_268">
<pin_list>
<pin id="269" dir="0" index="0" bw="1" slack="0"/>
<pin id="270" dir="0" index="1" bw="3" slack="0"/>
<pin id="271" dir="0" index="2" bw="3" slack="0"/>
<pin id="272" dir="1" index="3" bw="3" slack="0"/>
</pin_list>
<bind>
<opcode="select(49) " fcode="select"/>
<opset="select_ln89_147/4 "/>
</bind>
</comp>

<comp id="276" class="1004" name="select_ln89_148_fu_276">
<pin_list>
<pin id="277" dir="0" index="0" bw="1" slack="0"/>
<pin id="278" dir="0" index="1" bw="3" slack="0"/>
<pin id="279" dir="0" index="2" bw="2" slack="0"/>
<pin id="280" dir="1" index="3" bw="3" slack="0"/>
</pin_list>
<bind>
<opcode="select(49) " fcode="select"/>
<opset="select_ln89_148/4 "/>
</bind>
</comp>

<comp id="284" class="1004" name="select_ln89_149_fu_284">
<pin_list>
<pin id="285" dir="0" index="0" bw="1" slack="0"/>
<pin id="286" dir="0" index="1" bw="3" slack="0"/>
<pin id="287" dir="0" index="2" bw="1" slack="0"/>
<pin id="288" dir="1" index="3" bw="3" slack="0"/>
</pin_list>
<bind>
<opcode="select(49) " fcode="select"/>
<opset="select_ln89_149/4 "/>
</bind>
</comp>

<comp id="292" class="1004" name="tmp_fu_292">
<pin_list>
<pin id="293" dir="0" index="0" bw="12" slack="0"/>
<pin id="294" dir="0" index="1" bw="5" slack="0"/>
<pin id="295" dir="0" index="2" bw="7" slack="0"/>
<pin id="296" dir="0" index="3" bw="6" slack="0"/>
<pin id="297" dir="0" index="4" bw="5" slack="0"/>
<pin id="298" dir="0" index="5" bw="6" slack="0"/>
<pin id="299" dir="0" index="6" bw="6" slack="0"/>
<pin id="300" dir="0" index="7" bw="6" slack="0"/>
<pin id="301" dir="0" index="8" bw="5" slack="0"/>
<pin id="302" dir="0" index="9" bw="3" slack="0"/>
<pin id="303" dir="1" index="10" bw="12" slack="2147483647"/>
</pin_list>
<bind>
<opcode="mux(1196) " fcode="mux"/>
<opset="tmp/4 "/>
</bind>
</comp>

<comp id="314" class="1005" name="x_V_addr_reg_314">
<pin_list>
<pin id="315" dir="0" index="0" bw="4" slack="1"/>
<pin id="316" dir="1" index="1" bw="4" slack="1"/>
</pin_list>
<bind>
<opset="x_V_addr "/>
</bind>
</comp>

<comp id="319" class="1005" name="x_V_addr_130_reg_319">
<pin_list>
<pin id="320" dir="0" index="0" bw="4" slack="1"/>
<pin id="321" dir="1" index="1" bw="4" slack="1"/>
</pin_list>
<bind>
<opset="x_V_addr_130 "/>
</bind>
</comp>

<comp id="324" class="1005" name="icmp_ln1497_reg_324">
<pin_list>
<pin id="325" dir="0" index="0" bw="1" slack="1"/>
<pin id="326" dir="1" index="1" bw="1" slack="2"/>
</pin_list>
<bind>
<opset="icmp_ln1497 "/>
</bind>
</comp>

<comp id="334" class="1005" name="icmp_ln1497_1_reg_334">
<pin_list>
<pin id="335" dir="0" index="0" bw="1" slack="2"/>
<pin id="336" dir="1" index="1" bw="1" slack="2"/>
</pin_list>
<bind>
<opset="icmp_ln1497_1 "/>
</bind>
</comp>

<comp id="340" class="1005" name="x_V_addr_131_reg_340">
<pin_list>
<pin id="341" dir="0" index="0" bw="4" slack="1"/>
<pin id="342" dir="1" index="1" bw="4" slack="1"/>
</pin_list>
<bind>
<opset="x_V_addr_131 "/>
</bind>
</comp>

<comp id="345" class="1005" name="x_V_addr_132_reg_345">
<pin_list>
<pin id="346" dir="0" index="0" bw="4" slack="1"/>
<pin id="347" dir="1" index="1" bw="4" slack="1"/>
</pin_list>
<bind>
<opset="x_V_addr_132 "/>
</bind>
</comp>

<comp id="350" class="1005" name="icmp_ln1497_2_reg_350">
<pin_list>
<pin id="351" dir="0" index="0" bw="1" slack="1"/>
<pin id="352" dir="1" index="1" bw="1" slack="1"/>
</pin_list>
<bind>
<opset="icmp_ln1497_2 "/>
</bind>
</comp>

<comp id="355" class="1005" name="icmp_ln1497_5_reg_355">
<pin_list>
<pin id="356" dir="0" index="0" bw="1" slack="1"/>
<pin id="357" dir="1" index="1" bw="1" slack="1"/>
</pin_list>
<bind>
<opset="icmp_ln1497_5 "/>
</bind>
</comp>

<comp id="362" class="1005" name="x_V_addr_133_reg_362">
<pin_list>
<pin id="363" dir="0" index="0" bw="4" slack="1"/>
<pin id="364" dir="1" index="1" bw="4" slack="1"/>
</pin_list>
<bind>
<opset="x_V_addr_133 "/>
</bind>
</comp>

</comp_list>

<net_list>
<net id="67"><net_src comp="0" pin="0"/><net_sink comp="62" pin=0"/></net>

<net id="68"><net_src comp="2" pin="0"/><net_sink comp="62" pin=1"/></net>

<net id="69"><net_src comp="2" pin="0"/><net_sink comp="62" pin=2"/></net>

<net id="75"><net_src comp="62" pin="3"/><net_sink comp="70" pin=0"/></net>

<net id="81"><net_src comp="0" pin="0"/><net_sink comp="76" pin=0"/></net>

<net id="82"><net_src comp="2" pin="0"/><net_sink comp="76" pin=1"/></net>

<net id="83"><net_src comp="4" pin="0"/><net_sink comp="76" pin=2"/></net>

<net id="88"><net_src comp="76" pin="3"/><net_sink comp="70" pin=2"/></net>

<net id="94"><net_src comp="0" pin="0"/><net_sink comp="89" pin=0"/></net>

<net id="95"><net_src comp="2" pin="0"/><net_sink comp="89" pin=1"/></net>

<net id="96"><net_src comp="10" pin="0"/><net_sink comp="89" pin=2"/></net>

<net id="97"><net_src comp="89" pin="3"/><net_sink comp="70" pin=0"/></net>

<net id="103"><net_src comp="0" pin="0"/><net_sink comp="98" pin=0"/></net>

<net id="104"><net_src comp="2" pin="0"/><net_sink comp="98" pin=1"/></net>

<net id="105"><net_src comp="12" pin="0"/><net_sink comp="98" pin=2"/></net>

<net id="106"><net_src comp="98" pin="3"/><net_sink comp="70" pin=2"/></net>

<net id="112"><net_src comp="0" pin="0"/><net_sink comp="107" pin=0"/></net>

<net id="113"><net_src comp="2" pin="0"/><net_sink comp="107" pin=1"/></net>

<net id="114"><net_src comp="16" pin="0"/><net_sink comp="107" pin=2"/></net>

<net id="115"><net_src comp="107" pin="3"/><net_sink comp="70" pin=0"/></net>

<net id="120"><net_src comp="70" pin="3"/><net_sink comp="116" pin=0"/></net>

<net id="121"><net_src comp="6" pin="0"/><net_sink comp="116" pin=1"/></net>

<net id="126"><net_src comp="70" pin="7"/><net_sink comp="122" pin=0"/></net>

<net id="127"><net_src comp="8" pin="0"/><net_sink comp="122" pin=1"/></net>

<net id="132"><net_src comp="70" pin="3"/><net_sink comp="128" pin=0"/></net>

<net id="133"><net_src comp="14" pin="0"/><net_sink comp="128" pin=1"/></net>

<net id="138"><net_src comp="70" pin="7"/><net_sink comp="134" pin=0"/></net>

<net id="139"><net_src comp="6" pin="0"/><net_sink comp="134" pin=1"/></net>

<net id="144"><net_src comp="70" pin="3"/><net_sink comp="140" pin=0"/></net>

<net id="145"><net_src comp="26" pin="0"/><net_sink comp="140" pin=1"/></net>

<net id="150"><net_src comp="70" pin="3"/><net_sink comp="146" pin=0"/></net>

<net id="151"><net_src comp="28" pin="0"/><net_sink comp="146" pin=1"/></net>

<net id="160"><net_src comp="152" pin="2"/><net_sink comp="156" pin=1"/></net>

<net id="165"><net_src comp="30" pin="0"/><net_sink comp="161" pin=1"/></net>

<net id="170"><net_src comp="161" pin="2"/><net_sink comp="166" pin=1"/></net>

<net id="175"><net_src comp="166" pin="2"/><net_sink comp="171" pin=0"/></net>

<net id="180"><net_src comp="30" pin="0"/><net_sink comp="176" pin=1"/></net>

<net id="185"><net_src comp="176" pin="2"/><net_sink comp="181" pin=1"/></net>

<net id="190"><net_src comp="140" pin="2"/><net_sink comp="186" pin=0"/></net>

<net id="191"><net_src comp="181" pin="2"/><net_sink comp="186" pin=1"/></net>

<net id="196"><net_src comp="30" pin="0"/><net_sink comp="192" pin=1"/></net>

<net id="201"><net_src comp="146" pin="2"/><net_sink comp="197" pin=0"/></net>

<net id="202"><net_src comp="176" pin="2"/><net_sink comp="197" pin=1"/></net>

<net id="207"><net_src comp="197" pin="2"/><net_sink comp="203" pin=0"/></net>

<net id="208"><net_src comp="192" pin="2"/><net_sink comp="203" pin=1"/></net>

<net id="213"><net_src comp="152" pin="2"/><net_sink comp="209" pin=0"/></net>

<net id="214"><net_src comp="171" pin="2"/><net_sink comp="209" pin=1"/></net>

<net id="219"><net_src comp="186" pin="2"/><net_sink comp="215" pin=1"/></net>

<net id="224"><net_src comp="181" pin="2"/><net_sink comp="220" pin=1"/></net>

<net id="229"><net_src comp="220" pin="2"/><net_sink comp="225" pin=0"/></net>

<net id="230"><net_src comp="203" pin="2"/><net_sink comp="225" pin=1"/></net>

<net id="235"><net_src comp="156" pin="2"/><net_sink comp="231" pin=0"/></net>

<net id="236"><net_src comp="30" pin="0"/><net_sink comp="231" pin=1"/></net>

<net id="240"><net_src comp="231" pin="2"/><net_sink comp="237" pin=0"/></net>

<net id="246"><net_src comp="152" pin="2"/><net_sink comp="241" pin=0"/></net>

<net id="247"><net_src comp="237" pin="1"/><net_sink comp="241" pin=1"/></net>

<net id="248"><net_src comp="32" pin="0"/><net_sink comp="241" pin=2"/></net>

<net id="254"><net_src comp="209" pin="2"/><net_sink comp="249" pin=0"/></net>

<net id="255"><net_src comp="241" pin="3"/><net_sink comp="249" pin=1"/></net>

<net id="256"><net_src comp="34" pin="0"/><net_sink comp="249" pin=2"/></net>

<net id="260"><net_src comp="249" pin="3"/><net_sink comp="257" pin=0"/></net>

<net id="266"><net_src comp="257" pin="1"/><net_sink comp="261" pin=1"/></net>

<net id="267"><net_src comp="36" pin="0"/><net_sink comp="261" pin=2"/></net>

<net id="273"><net_src comp="215" pin="2"/><net_sink comp="268" pin=0"/></net>

<net id="274"><net_src comp="261" pin="3"/><net_sink comp="268" pin=1"/></net>

<net id="275"><net_src comp="38" pin="0"/><net_sink comp="268" pin=2"/></net>

<net id="281"><net_src comp="220" pin="2"/><net_sink comp="276" pin=0"/></net>

<net id="282"><net_src comp="268" pin="3"/><net_sink comp="276" pin=1"/></net>

<net id="283"><net_src comp="40" pin="0"/><net_sink comp="276" pin=2"/></net>

<net id="289"><net_src comp="225" pin="2"/><net_sink comp="284" pin=0"/></net>

<net id="290"><net_src comp="276" pin="3"/><net_sink comp="284" pin=1"/></net>

<net id="291"><net_src comp="42" pin="0"/><net_sink comp="284" pin=2"/></net>

<net id="304"><net_src comp="44" pin="0"/><net_sink comp="292" pin=0"/></net>

<net id="305"><net_src comp="46" pin="0"/><net_sink comp="292" pin=1"/></net>

<net id="306"><net_src comp="48" pin="0"/><net_sink comp="292" pin=2"/></net>

<net id="307"><net_src comp="50" pin="0"/><net_sink comp="292" pin=3"/></net>

<net id="308"><net_src comp="52" pin="0"/><net_sink comp="292" pin=4"/></net>

<net id="309"><net_src comp="54" pin="0"/><net_sink comp="292" pin=5"/></net>

<net id="310"><net_src comp="56" pin="0"/><net_sink comp="292" pin=6"/></net>

<net id="311"><net_src comp="58" pin="0"/><net_sink comp="292" pin=7"/></net>

<net id="312"><net_src comp="60" pin="0"/><net_sink comp="292" pin=8"/></net>

<net id="313"><net_src comp="284" pin="3"/><net_sink comp="292" pin=9"/></net>

<net id="317"><net_src comp="62" pin="3"/><net_sink comp="314" pin=0"/></net>

<net id="318"><net_src comp="314" pin="1"/><net_sink comp="70" pin=0"/></net>

<net id="322"><net_src comp="76" pin="3"/><net_sink comp="319" pin=0"/></net>

<net id="323"><net_src comp="319" pin="1"/><net_sink comp="70" pin=2"/></net>

<net id="327"><net_src comp="116" pin="2"/><net_sink comp="324" pin=0"/></net>

<net id="328"><net_src comp="324" pin="1"/><net_sink comp="152" pin=1"/></net>

<net id="329"><net_src comp="324" pin="1"/><net_sink comp="171" pin=1"/></net>

<net id="330"><net_src comp="324" pin="1"/><net_sink comp="176" pin=0"/></net>

<net id="331"><net_src comp="324" pin="1"/><net_sink comp="215" pin=0"/></net>

<net id="332"><net_src comp="324" pin="1"/><net_sink comp="220" pin=0"/></net>

<net id="333"><net_src comp="324" pin="1"/><net_sink comp="261" pin=0"/></net>

<net id="337"><net_src comp="122" pin="2"/><net_sink comp="334" pin=0"/></net>

<net id="338"><net_src comp="334" pin="1"/><net_sink comp="152" pin=0"/></net>

<net id="339"><net_src comp="334" pin="1"/><net_sink comp="161" pin=0"/></net>

<net id="343"><net_src comp="89" pin="3"/><net_sink comp="340" pin=0"/></net>

<net id="344"><net_src comp="340" pin="1"/><net_sink comp="70" pin=0"/></net>

<net id="348"><net_src comp="98" pin="3"/><net_sink comp="345" pin=0"/></net>

<net id="349"><net_src comp="345" pin="1"/><net_sink comp="70" pin=2"/></net>

<net id="353"><net_src comp="128" pin="2"/><net_sink comp="350" pin=0"/></net>

<net id="354"><net_src comp="350" pin="1"/><net_sink comp="156" pin=0"/></net>

<net id="358"><net_src comp="134" pin="2"/><net_sink comp="355" pin=0"/></net>

<net id="359"><net_src comp="355" pin="1"/><net_sink comp="166" pin=0"/></net>

<net id="360"><net_src comp="355" pin="1"/><net_sink comp="181" pin=0"/></net>

<net id="361"><net_src comp="355" pin="1"/><net_sink comp="192" pin=0"/></net>

<net id="365"><net_src comp="107" pin="3"/><net_sink comp="362" pin=0"/></net>

<net id="366"><net_src comp="362" pin="1"/><net_sink comp="70" pin=0"/></net>

</net_list>

</model> 
---------------- Datapath Model END ------------------

* FSMD analyzer results:
  - Output states:
 - Input state : 
	Port: decision_function.32 : x_V | {1 2 3 4 }
  - Chain level:
	State 1
		x_V_load : 1
		x_V_load_1 : 1
	State 2
		icmp_ln1497 : 1
		icmp_ln1497_1 : 1
		x_V_load_2 : 1
		x_V_load_5 : 1
	State 3
		icmp_ln1497_2 : 1
		icmp_ln1497_5 : 1
		x_V_load_9 : 1
	State 4
		icmp_ln1497_9 : 1
		icmp_ln1497_12 : 1
		and_ln73_150 : 2
		and_ln73_148 : 2
		or_ln88_87 : 2
		select_ln89 : 1
		select_ln89_145 : 2
		zext_ln89_30 : 3
		select_ln89_146 : 4
		select_ln89_147 : 5
		select_ln89_148 : 6
		select_ln89_149 : 7
		tmp : 8
		ret_ln93 : 9


============================================================
+ Verbose Summary: Datapath Resource usage 
============================================================

* Functional unit list:
|----------|------------------------|---------|---------|
| Operation|     Functional Unit    |    FF   |   LUT   |
|----------|------------------------|---------|---------|
|          |   icmp_ln1497_fu_116   |    0    |    13   |
|          |  icmp_ln1497_1_fu_122  |    0    |    13   |
|   icmp   |  icmp_ln1497_2_fu_128  |    0    |    13   |
|          |  icmp_ln1497_5_fu_134  |    0    |    13   |
|          |  icmp_ln1497_9_fu_140  |    0    |    13   |
|          |  icmp_ln1497_12_fu_146 |    0    |    13   |
|----------|------------------------|---------|---------|
|    mux   |       tmp_fu_292       |    0    |    45   |
|----------|------------------------|---------|---------|
|          |     and_ln73_fu_152    |    0    |    2    |
|          |   and_ln73_144_fu_156  |    0    |    2    |
|          |   and_ln73_149_fu_166  |    0    |    2    |
|    and   |   and_ln73_145_fu_171  |    0    |    2    |
|          |   and_ln73_146_fu_181  |    0    |    2    |
|          |   and_ln73_147_fu_186  |    0    |    2    |
|          |   and_ln73_150_fu_197  |    0    |    2    |
|          |   and_ln73_148_fu_203  |    0    |    2    |
|----------|------------------------|---------|---------|
|          |   select_ln89_fu_241   |    0    |    2    |
|          | select_ln89_145_fu_249 |    0    |    2    |
|  select  | select_ln89_146_fu_261 |    0    |    3    |
|          | select_ln89_147_fu_268 |    0    |    3    |
|          | select_ln89_148_fu_276 |    0    |    3    |
|          | select_ln89_149_fu_284 |    0    |    3    |
|----------|------------------------|---------|---------|
|          |     xor_ln75_fu_161    |    0    |    2    |
|    xor   |   xor_ln75_56_fu_176   |    0    |    2    |
|          |   xor_ln75_57_fu_192   |    0    |    2    |
|          |     xor_ln89_fu_231    |    0    |    2    |
|----------|------------------------|---------|---------|
|          |     or_ln88_fu_209     |    0    |    2    |
|    or    |    or_ln88_85_fu_215   |    0    |    2    |
|          |    or_ln88_86_fu_220   |    0    |    2    |
|          |    or_ln88_87_fu_225   |    0    |    2    |
|----------|------------------------|---------|---------|
|   zext   |    zext_ln89_fu_237    |    0    |    0    |
|          |   zext_ln89_30_fu_257  |    0    |    0    |
|----------|------------------------|---------|---------|
|   Total  |                        |    0    |   171   |
|----------|------------------------|---------|---------|

Memories:
N/A

* Register list:
+---------------------+--------+
|                     |   FF   |
+---------------------+--------+
|icmp_ln1497_1_reg_334|    1   |
|icmp_ln1497_2_reg_350|    1   |
|icmp_ln1497_5_reg_355|    1   |
| icmp_ln1497_reg_324 |    1   |
| x_V_addr_130_reg_319|    4   |
| x_V_addr_131_reg_340|    4   |
| x_V_addr_132_reg_345|    4   |
| x_V_addr_133_reg_362|    4   |
|   x_V_addr_reg_314  |    4   |
+---------------------+--------+
|        Total        |   24   |
+---------------------+--------+

* Multiplexer (MUX) list: 
|------------------|------|------|------|--------||---------||---------|
|       Comp       |  Pin | Size |  BW  | S x BW ||  Delay  ||   LUT   |
|------------------|------|------|------|--------||---------||---------|
| grp_access_fu_70 |  p0  |   6  |   4  |   24   ||    33   |
| grp_access_fu_70 |  p2  |   4  |   0  |    0   ||    21   |
|------------------|------|------|------|--------||---------||---------|
|       Total      |      |      |      |   24   ||  3.8125 ||    54   |
|------------------|------|------|------|--------||---------||---------|



* Summary:
+-----------+--------+--------+--------+
|           |  Delay |   FF   |   LUT  |
+-----------+--------+--------+--------+
|  Function |    -   |    0   |   171  |
|   Memory  |    -   |    -   |    -   |
|Multiplexer|    3   |    -   |   54   |
|  Register |    -   |   24   |    -   |
+-----------+--------+--------+--------+
|   Total   |    3   |   24   |   225  |
+-----------+--------+--------+--------+
