

================================================================
== Vivado HLS Report for 'decision_function_43'
================================================================
* Date:           Mon Dec 11 23:06:59 2023

* Version:        2019.1 (Build 2552052 on Fri May 24 15:28:33 MDT 2019)
* Project:        Final_HLS
* Solution:       solution1
* Product family: zynq
* Target device:  xc7z020-clg400-1


================================================================
== Performance Estimates
================================================================
+ Timing (ns): 
    * Summary: 
    +--------+-------+----------+------------+
    |  Clock | Target| Estimated| Uncertainty|
    +--------+-------+----------+------------+
    |ap_clk  |  10.00|     6.408|        1.25|
    +--------+-------+----------+------------+

+ Latency (clock cycles): 
    * Summary: 
    +-----+-----+-----+-----+----------+
    |  Latency  |  Interval | Pipeline |
    | min | max | min | max |   Type   |
    +-----+-----+-----+-----+----------+
    |    4|    4|    3|    3| function |
    +-----+-----+-----+-----+----------+

    + Detail: 
        * Instance: 
        N/A

        * Loop: 
        N/A



================================================================
== Utilization Estimates
================================================================
* Summary: 
+-----------------+---------+-------+--------+-------+-----+
|       Name      | BRAM_18K| DSP48E|   FF   |  LUT  | URAM|
+-----------------+---------+-------+--------+-------+-----+
|DSP              |        -|      -|       -|      -|    -|
|Expression       |        -|      -|       0|    132|    -|
|FIFO             |        -|      -|       -|      -|    -|
|Instance         |        -|      -|       0|    457|    -|
|Memory           |        -|      -|       -|      -|    -|
|Multiplexer      |        -|      -|       -|     81|    -|
|Register         |        -|      -|      11|      -|    -|
+-----------------+---------+-------+--------+-------+-----+
|Total            |        0|      0|      11|    670|    0|
+-----------------+---------+-------+--------+-------+-----+
|Available        |      280|    220|  106400|  53200|    0|
+-----------------+---------+-------+--------+-------+-----+
|Utilization (%)  |        0|      0|   ~0   |      1|    0|
+-----------------+---------+-------+--------+-------+-----+

+ Detail: 
    * Instance: 
    +-------------------------------+--------------------------+---------+-------+---+-----+-----+
    |            Instance           |          Module          | BRAM_18K| DSP48E| FF| LUT | URAM|
    +-------------------------------+--------------------------+---------+-------+---+-----+-----+
    |my_prj_acceleratobkb_x14_U121  |my_prj_acceleratobkb_x14  |        0|      0|  0|  457|    0|
    +-------------------------------+--------------------------+---------+-------+---+-----+-----+
    |Total                          |                          |        0|      0|  0|  457|    0|
    +-------------------------------+--------------------------+---------+-------+---+-----+-----+

    * DSP48E: 
    N/A

    * Memory: 
    N/A

    * FIFO: 
    N/A

    * Expression: 
    +---------------------------+----------+-------+---+----+------------+------------+
    |       Variable Name       | Operation| DSP48E| FF| LUT| Bitwidth P0| Bitwidth P1|
    +---------------------------+----------+-------+---+----+------------+------------+
    |and_ln73_196_fu_165_p2     |    and   |      0|  0|   2|           1|           1|
    |and_ln73_197_fu_180_p2     |    and   |      0|  0|   2|           1|           1|
    |and_ln73_198_fu_190_p2     |    and   |      0|  0|   2|           1|           1|
    |and_ln73_199_fu_195_p2     |    and   |      0|  0|   2|           1|           1|
    |and_ln73_200_fu_210_p2     |    and   |      0|  0|   2|           1|           1|
    |and_ln73_201_fu_175_p2     |    and   |      0|  0|   2|           1|           1|
    |and_ln73_202_fu_205_p2     |    and   |      0|  0|   2|           1|           1|
    |and_ln73_fu_161_p2         |    and   |      0|  0|   2|           1|           1|
    |ap_block_pp0_stage0_11001  |    and   |      0|  0|   2|           1|           1|
    |icmp_ln1497_12_fu_155_p2   |   icmp   |      0|  0|  13|          12|          11|
    |icmp_ln1497_1_fu_131_p2    |   icmp   |      0|  0|  13|          12|           1|
    |icmp_ln1497_2_fu_137_p2    |   icmp   |      0|  0|  13|          12|          11|
    |icmp_ln1497_5_fu_143_p2    |   icmp   |      0|  0|  13|          12|          10|
    |icmp_ln1497_8_fu_149_p2    |   icmp   |      0|  0|  13|          12|           9|
    |icmp_ln1497_fu_125_p2      |   icmp   |      0|  0|  13|          12|          12|
    |or_ln88_117_fu_222_p2      |    or    |      0|  0|   2|           1|           1|
    |or_ln88_118_fu_227_p2      |    or    |      0|  0|   2|           1|           1|
    |or_ln88_119_fu_232_p2      |    or    |      0|  0|   2|           1|           1|
    |or_ln88_fu_216_p2          |    or    |      0|  0|   2|           1|           1|
    |select_ln89_199_fu_256_p3  |  select  |      0|  0|   2|           1|           2|
    |select_ln89_200_fu_268_p3  |  select  |      0|  0|   4|           1|           3|
    |select_ln89_201_fu_275_p3  |  select  |      0|  0|   3|           1|           3|
    |select_ln89_202_fu_283_p3  |  select  |      0|  0|   3|           1|           3|
    |select_ln89_fu_248_p3      |  select  |      0|  0|   3|           1|           2|
    |tmp_fu_299_p9              |  select  |      0|  0|   3|           1|           3|
    |ap_enable_pp0              |    xor   |      0|  0|   2|           1|           2|
    |xor_ln75_77_fu_185_p2      |    xor   |      0|  0|   2|           1|           2|
    |xor_ln75_78_fu_200_p2      |    xor   |      0|  0|   2|           1|           2|
    |xor_ln75_fu_170_p2         |    xor   |      0|  0|   2|           1|           2|
    |xor_ln89_fu_238_p2         |    xor   |      0|  0|   2|           2|           1|
    +---------------------------+----------+-------+---+----+------------+------------+
    |Total                      |          |      0|  0| 132|          97|          92|
    +---------------------------+----------+-------+---+----+------------+------------+

    * Multiplexer: 
    +-------------------------+----+-----------+-----+-----------+
    |           Name          | LUT| Input Size| Bits| Total Bits|
    +-------------------------+----+-----------+-----+-----------+
    |ap_NS_fsm                |  21|          4|    1|          4|
    |ap_enable_reg_pp0_iter0  |   9|          2|    1|          2|
    |ap_enable_reg_pp0_iter1  |   9|          2|    1|          2|
    |x_V_address0             |  21|          4|    4|         16|
    |x_V_address1             |  21|          4|    4|         16|
    +-------------------------+----+-----------+-----+-----------+
    |Total                    |  81|         16|   11|         40|
    +-------------------------+----+-----------+-----+-----------+

    * Register: 
    +-----------------------------+---+----+-----+-----------+
    |             Name            | FF| LUT| Bits| Const Bits|
    +-----------------------------+---+----+-----+-----------+
    |ap_CS_fsm                    |  3|   0|    3|          0|
    |ap_enable_reg_pp0_iter0_reg  |  1|   0|    1|          0|
    |ap_enable_reg_pp0_iter1      |  1|   0|    1|          0|
    |icmp_ln1497_12_reg_384       |  1|   0|    1|          0|
    |icmp_ln1497_1_reg_341        |  1|   0|    1|          0|
    |icmp_ln1497_2_reg_358        |  1|   0|    1|          0|
    |icmp_ln1497_5_reg_363        |  1|   0|    1|          0|
    |icmp_ln1497_8_reg_378        |  1|   0|    1|          0|
    |icmp_ln1497_reg_331          |  1|   0|    1|          0|
    +-----------------------------+---+----+-----+-----------+
    |Total                        | 11|   0|   11|          0|
    +-----------------------------+---+----+-----+-----------+



================================================================
== Interface
================================================================
* Summary: 
+--------------+-----+-----+------------+----------------------+--------------+
|   RTL Ports  | Dir | Bits|  Protocol  |     Source Object    |    C Type    |
+--------------+-----+-----+------------+----------------------+--------------+
|ap_clk        |  in |    1| ap_ctrl_hs | decision_function.43 | return value |
|ap_rst        |  in |    1| ap_ctrl_hs | decision_function.43 | return value |
|ap_start      |  in |    1| ap_ctrl_hs | decision_function.43 | return value |
|ap_done       | out |    1| ap_ctrl_hs | decision_function.43 | return value |
|ap_idle       | out |    1| ap_ctrl_hs | decision_function.43 | return value |
|ap_ready      | out |    1| ap_ctrl_hs | decision_function.43 | return value |
|ap_return     | out |   12| ap_ctrl_hs | decision_function.43 | return value |
|x_V_address0  | out |    4|  ap_memory |          x_V         |     array    |
|x_V_ce0       | out |    1|  ap_memory |          x_V         |     array    |
|x_V_q0        |  in |   12|  ap_memory |          x_V         |     array    |
|x_V_address1  | out |    4|  ap_memory |          x_V         |     array    |
|x_V_ce1       | out |    1|  ap_memory |          x_V         |     array    |
|x_V_q1        |  in |   12|  ap_memory |          x_V         |     array    |
+--------------+-----+-----+------------+----------------------+--------------+

============================================================
+ Verbose Summary: Synthesis Manager
============================================================
InlineROM: 1
ExposeGlobal: 0
============================================================
+ Verbose Summary: CDFG Model
============================================================
IsTopModel: 0
ResetActiveHigh: 1
IsCombinational: 2
IsDatapathOnly: 2
HasWiredReturn: 1
HasMFsm: 2
HasVarLatency: 0
IsPipeline: 1
IsRtlPipelined: 1
IsInstanceOverlapped: 0
IsDontTouch: 0
HasImplIP: 0
IsGatedGlobalClock: 0

+ Individual pipeline summary: 
  * Pipeline-0: initiation interval (II) = 3, depth = 5


============================================================
+ Verbose Summary: Schedule
============================================================
* Number of FSM states : 5
* Pipeline : 1
  Pipeline-0 : II = 3, D = 5, States = { 1 2 3 4 5 }
* Dataflow Pipeline: 0

* FSM state transitions: 
1 --> 2 
2 --> 3 
3 --> 4 
4 --> 5 
5 --> 

* FSM state operations: 

State 1 <SV = 0> <Delay = 2.32>
ST_1 : Operation 6 [1/1] (0.00ns)   --->   "%x_V_addr = getelementptr [12 x i12]* %x_V, i64 0, i64 3" [../my-conifer-prj/firmware/BDT.h:57]   --->   Operation 6 'getelementptr' 'x_V_addr' <Predicate = true> <Delay = 0.00>
ST_1 : Operation 7 [2/2] (2.32ns)   --->   "%x_V_load = load i12* %x_V_addr, align 2" [../my-conifer-prj/firmware/BDT.h:57]   --->   Operation 7 'load' 'x_V_load' <Predicate = true> <Delay = 2.32> <Core = "RAM">   --->   Core 37 'RAM' <Latency = 1> <II = 1> <Delay = 2.32> <Storage> <Opcode : 'load' 'store'> <Ports = 2> <Width = 12> <Depth = 12> <RAM>
ST_1 : Operation 8 [1/1] (0.00ns)   --->   "%x_V_addr_180 = getelementptr [12 x i12]* %x_V, i64 0, i64 0" [../my-conifer-prj/firmware/BDT.h:57]   --->   Operation 8 'getelementptr' 'x_V_addr_180' <Predicate = true> <Delay = 0.00>
ST_1 : Operation 9 [2/2] (2.32ns)   --->   "%x_V_load_1 = load i12* %x_V_addr_180, align 2" [../my-conifer-prj/firmware/BDT.h:57]   --->   Operation 9 'load' 'x_V_load_1' <Predicate = true> <Delay = 2.32> <Core = "RAM">   --->   Core 37 'RAM' <Latency = 1> <II = 1> <Delay = 2.32> <Storage> <Opcode : 'load' 'store'> <Ports = 2> <Width = 12> <Depth = 12> <RAM>

State 2 <SV = 1> <Delay = 4.31>
ST_2 : Operation 10 [1/2] (2.32ns)   --->   "%x_V_load = load i12* %x_V_addr, align 2" [../my-conifer-prj/firmware/BDT.h:57]   --->   Operation 10 'load' 'x_V_load' <Predicate = true> <Delay = 2.32> <Core = "RAM">   --->   Core 37 'RAM' <Latency = 1> <II = 1> <Delay = 2.32> <Storage> <Opcode : 'load' 'store'> <Ports = 2> <Width = 12> <Depth = 12> <RAM>
ST_2 : Operation 11 [1/1] (1.99ns)   --->   "%icmp_ln1497 = icmp slt i12 %x_V_load, -1151" [../my-conifer-prj/firmware/BDT.h:57]   --->   Operation 11 'icmp' 'icmp_ln1497' <Predicate = true> <Delay = 1.99> <Core = "Cmp">   --->   Core 25 'Cmp' <Latency = 0> <II = 1> <Delay = 1.99> <FuncUnit> <Opcode : 'icmp'> <InPorts = 2> <OutPorts = 1>
ST_2 : Operation 12 [1/2] (2.32ns)   --->   "%x_V_load_1 = load i12* %x_V_addr_180, align 2" [../my-conifer-prj/firmware/BDT.h:57]   --->   Operation 12 'load' 'x_V_load_1' <Predicate = true> <Delay = 2.32> <Core = "RAM">   --->   Core 37 'RAM' <Latency = 1> <II = 1> <Delay = 2.32> <Storage> <Opcode : 'load' 'store'> <Ports = 2> <Width = 12> <Depth = 12> <RAM>
ST_2 : Operation 13 [1/1] (1.99ns)   --->   "%icmp_ln1497_1 = icmp slt i12 %x_V_load_1, 1" [../my-conifer-prj/firmware/BDT.h:57]   --->   Operation 13 'icmp' 'icmp_ln1497_1' <Predicate = true> <Delay = 1.99> <Core = "Cmp">   --->   Core 25 'Cmp' <Latency = 0> <II = 1> <Delay = 1.99> <FuncUnit> <Opcode : 'icmp'> <InPorts = 2> <OutPorts = 1>
ST_2 : Operation 14 [1/1] (0.00ns)   --->   "%x_V_addr_181 = getelementptr [12 x i12]* %x_V, i64 0, i64 7" [../my-conifer-prj/firmware/BDT.h:57]   --->   Operation 14 'getelementptr' 'x_V_addr_181' <Predicate = true> <Delay = 0.00>
ST_2 : Operation 15 [2/2] (2.32ns)   --->   "%x_V_load_2 = load i12* %x_V_addr_181, align 2" [../my-conifer-prj/firmware/BDT.h:57]   --->   Operation 15 'load' 'x_V_load_2' <Predicate = true> <Delay = 2.32> <Core = "RAM">   --->   Core 37 'RAM' <Latency = 1> <II = 1> <Delay = 2.32> <Storage> <Opcode : 'load' 'store'> <Ports = 2> <Width = 12> <Depth = 12> <RAM>
ST_2 : Operation 16 [1/1] (0.00ns)   --->   "%x_V_addr_182 = getelementptr [12 x i12]* %x_V, i64 0, i64 5" [../my-conifer-prj/firmware/BDT.h:57]   --->   Operation 16 'getelementptr' 'x_V_addr_182' <Predicate = true> <Delay = 0.00>
ST_2 : Operation 17 [2/2] (2.32ns)   --->   "%x_V_load_5 = load i12* %x_V_addr_182, align 2" [../my-conifer-prj/firmware/BDT.h:57]   --->   Operation 17 'load' 'x_V_load_5' <Predicate = true> <Delay = 2.32> <Core = "RAM">   --->   Core 37 'RAM' <Latency = 1> <II = 1> <Delay = 2.32> <Storage> <Opcode : 'load' 'store'> <Ports = 2> <Width = 12> <Depth = 12> <RAM>

State 3 <SV = 2> <Delay = 4.31>
ST_3 : Operation 18 [1/2] (2.32ns)   --->   "%x_V_load_2 = load i12* %x_V_addr_181, align 2" [../my-conifer-prj/firmware/BDT.h:57]   --->   Operation 18 'load' 'x_V_load_2' <Predicate = true> <Delay = 2.32> <Core = "RAM">   --->   Core 37 'RAM' <Latency = 1> <II = 1> <Delay = 2.32> <Storage> <Opcode : 'load' 'store'> <Ports = 2> <Width = 12> <Depth = 12> <RAM>
ST_3 : Operation 19 [1/1] (1.99ns)   --->   "%icmp_ln1497_2 = icmp slt i12 %x_V_load_2, 1793" [../my-conifer-prj/firmware/BDT.h:57]   --->   Operation 19 'icmp' 'icmp_ln1497_2' <Predicate = (icmp_ln1497)> <Delay = 1.99> <Core = "Cmp">   --->   Core 25 'Cmp' <Latency = 0> <II = 1> <Delay = 1.99> <FuncUnit> <Opcode : 'icmp'> <InPorts = 2> <OutPorts = 1>
ST_3 : Operation 20 [1/2] (2.32ns)   --->   "%x_V_load_5 = load i12* %x_V_addr_182, align 2" [../my-conifer-prj/firmware/BDT.h:57]   --->   Operation 20 'load' 'x_V_load_5' <Predicate = true> <Delay = 2.32> <Core = "RAM">   --->   Core 37 'RAM' <Latency = 1> <II = 1> <Delay = 2.32> <Storage> <Opcode : 'load' 'store'> <Ports = 2> <Width = 12> <Depth = 12> <RAM>
ST_3 : Operation 21 [1/1] (1.99ns)   --->   "%icmp_ln1497_5 = icmp slt i12 %x_V_load_5, -483" [../my-conifer-prj/firmware/BDT.h:57]   --->   Operation 21 'icmp' 'icmp_ln1497_5' <Predicate = (icmp_ln1497)> <Delay = 1.99> <Core = "Cmp">   --->   Core 25 'Cmp' <Latency = 0> <II = 1> <Delay = 1.99> <FuncUnit> <Opcode : 'icmp'> <InPorts = 2> <OutPorts = 1>
ST_3 : Operation 22 [1/1] (0.00ns)   --->   "%x_V_addr_183 = getelementptr [12 x i12]* %x_V, i64 0, i64 10" [../my-conifer-prj/firmware/BDT.h:57]   --->   Operation 22 'getelementptr' 'x_V_addr_183' <Predicate = true> <Delay = 0.00>
ST_3 : Operation 23 [2/2] (2.32ns)   --->   "%x_V_load_8 = load i12* %x_V_addr_183, align 2" [../my-conifer-prj/firmware/BDT.h:57]   --->   Operation 23 'load' 'x_V_load_8' <Predicate = true> <Delay = 2.32> <Core = "RAM">   --->   Core 37 'RAM' <Latency = 1> <II = 1> <Delay = 2.32> <Storage> <Opcode : 'load' 'store'> <Ports = 2> <Width = 12> <Depth = 12> <RAM>
ST_3 : Operation 24 [1/1] (0.00ns)   --->   "%x_V_addr_184 = getelementptr [12 x i12]* %x_V, i64 0, i64 9" [../my-conifer-prj/firmware/BDT.h:57]   --->   Operation 24 'getelementptr' 'x_V_addr_184' <Predicate = true> <Delay = 0.00>
ST_3 : Operation 25 [2/2] (2.32ns)   --->   "%x_V_load_12 = load i12* %x_V_addr_184, align 2" [../my-conifer-prj/firmware/BDT.h:57]   --->   Operation 25 'load' 'x_V_load_12' <Predicate = true> <Delay = 2.32> <Core = "RAM">   --->   Core 37 'RAM' <Latency = 1> <II = 1> <Delay = 2.32> <Storage> <Opcode : 'load' 'store'> <Ports = 2> <Width = 12> <Depth = 12> <RAM>

State 4 <SV = 3> <Delay = 4.31>
ST_4 : Operation 26 [1/2] (2.32ns)   --->   "%x_V_load_8 = load i12* %x_V_addr_183, align 2" [../my-conifer-prj/firmware/BDT.h:57]   --->   Operation 26 'load' 'x_V_load_8' <Predicate = true> <Delay = 2.32> <Core = "RAM">   --->   Core 37 'RAM' <Latency = 1> <II = 1> <Delay = 2.32> <Storage> <Opcode : 'load' 'store'> <Ports = 2> <Width = 12> <Depth = 12> <RAM>
ST_4 : Operation 27 [1/1] (1.99ns)   --->   "%icmp_ln1497_8 = icmp slt i12 %x_V_load_8, 257" [../my-conifer-prj/firmware/BDT.h:57]   --->   Operation 27 'icmp' 'icmp_ln1497_8' <Predicate = true> <Delay = 1.99> <Core = "Cmp">   --->   Core 25 'Cmp' <Latency = 0> <II = 1> <Delay = 1.99> <FuncUnit> <Opcode : 'icmp'> <InPorts = 2> <OutPorts = 1>
ST_4 : Operation 28 [1/2] (2.32ns)   --->   "%x_V_load_12 = load i12* %x_V_addr_184, align 2" [../my-conifer-prj/firmware/BDT.h:57]   --->   Operation 28 'load' 'x_V_load_12' <Predicate = true> <Delay = 2.32> <Core = "RAM">   --->   Core 37 'RAM' <Latency = 1> <II = 1> <Delay = 2.32> <Storage> <Opcode : 'load' 'store'> <Ports = 2> <Width = 12> <Depth = 12> <RAM>
ST_4 : Operation 29 [1/1] (1.99ns)   --->   "%icmp_ln1497_12 = icmp slt i12 %x_V_load_12, -639" [../my-conifer-prj/firmware/BDT.h:57]   --->   Operation 29 'icmp' 'icmp_ln1497_12' <Predicate = true> <Delay = 1.99> <Core = "Cmp">   --->   Core 25 'Cmp' <Latency = 0> <II = 1> <Delay = 1.99> <FuncUnit> <Opcode : 'icmp'> <InPorts = 2> <OutPorts = 1>

State 5 <SV = 4> <Delay = 6.40>
ST_5 : Operation 30 [1/1] (0.00ns)   --->   "call void (...)* @_ssdm_op_SpecPipeline(i32 1, i32 1, i32 1, i32 0, [1 x i8]* @p_str) nounwind" [../my-conifer-prj/firmware/BDT.h:25]   --->   Operation 30 'specpipeline' <Predicate = true> <Delay = 0.00>
ST_5 : Operation 31 [1/1] (0.97ns)   --->   "%and_ln73 = and i1 %icmp_ln1497_1, %icmp_ln1497" [../my-conifer-prj/firmware/BDT.h:73]   --->   Operation 31 'and' 'and_ln73' <Predicate = (icmp_ln1497)> <Delay = 0.97> <Core = "LogicGate">   --->   Core 27 'LogicGate' <Latency = 0> <II = 1> <Delay = 0.97> <FuncUnit> <Opcode : 'and' 'or' 'xor'> <InPorts = 2> <OutPorts = 1>
ST_5 : Operation 32 [1/1] (0.00ns) (grouped into LUT with out node select_ln89_200)   --->   "%and_ln73_196 = and i1 %icmp_ln1497_2, %and_ln73" [../my-conifer-prj/firmware/BDT.h:73]   --->   Operation 32 'and' 'and_ln73_196' <Predicate = (icmp_ln1497)> <Delay = 0.00> <Core = "LogicGate">   --->   Core 27 'LogicGate' <Latency = 0> <II = 1> <Delay = 0.97> <FuncUnit> <Opcode : 'and' 'or' 'xor'> <InPorts = 2> <OutPorts = 1>
ST_5 : Operation 33 [1/1] (0.00ns) (grouped into LUT with out node or_ln88)   --->   "%xor_ln75 = xor i1 %icmp_ln1497_1, true" [../my-conifer-prj/firmware/BDT.h:75]   --->   Operation 33 'xor' 'xor_ln75' <Predicate = (icmp_ln1497)> <Delay = 0.00> <Core = "LogicGate">   --->   Core 27 'LogicGate' <Latency = 0> <II = 1> <Delay = 0.97> <FuncUnit> <Opcode : 'and' 'or' 'xor'> <InPorts = 2> <OutPorts = 1>
ST_5 : Operation 34 [1/1] (0.00ns) (grouped into LUT with out node or_ln88)   --->   "%and_ln73_201 = and i1 %icmp_ln1497_5, %xor_ln75" [../my-conifer-prj/firmware/BDT.h:73]   --->   Operation 34 'and' 'and_ln73_201' <Predicate = (icmp_ln1497)> <Delay = 0.00> <Core = "LogicGate">   --->   Core 27 'LogicGate' <Latency = 0> <II = 1> <Delay = 0.97> <FuncUnit> <Opcode : 'and' 'or' 'xor'> <InPorts = 2> <OutPorts = 1>
ST_5 : Operation 35 [1/1] (0.00ns) (grouped into LUT with out node or_ln88)   --->   "%and_ln73_197 = and i1 %and_ln73_201, %icmp_ln1497" [../my-conifer-prj/firmware/BDT.h:73]   --->   Operation 35 'and' 'and_ln73_197' <Predicate = (icmp_ln1497)> <Delay = 0.00> <Core = "LogicGate">   --->   Core 27 'LogicGate' <Latency = 0> <II = 1> <Delay = 0.97> <FuncUnit> <Opcode : 'and' 'or' 'xor'> <InPorts = 2> <OutPorts = 1>
ST_5 : Operation 36 [1/1] (0.97ns)   --->   "%xor_ln75_77 = xor i1 %icmp_ln1497, true" [../my-conifer-prj/firmware/BDT.h:75]   --->   Operation 36 'xor' 'xor_ln75_77' <Predicate = true> <Delay = 0.97> <Core = "LogicGate">   --->   Core 27 'LogicGate' <Latency = 0> <II = 1> <Delay = 0.97> <FuncUnit> <Opcode : 'and' 'or' 'xor'> <InPorts = 2> <OutPorts = 1>
ST_5 : Operation 37 [1/1] (0.97ns)   --->   "%and_ln73_198 = and i1 %icmp_ln1497_8, %xor_ln75_77" [../my-conifer-prj/firmware/BDT.h:73]   --->   Operation 37 'and' 'and_ln73_198' <Predicate = true> <Delay = 0.97> <Core = "LogicGate">   --->   Core 27 'LogicGate' <Latency = 0> <II = 1> <Delay = 0.97> <FuncUnit> <Opcode : 'and' 'or' 'xor'> <InPorts = 2> <OutPorts = 1>
ST_5 : Operation 38 [1/1] (0.00ns) (grouped into LUT with out node select_ln89_202)   --->   "%and_ln73_199 = and i1 %icmp_ln1497_1, %and_ln73_198" [../my-conifer-prj/firmware/BDT.h:73]   --->   Operation 38 'and' 'and_ln73_199' <Predicate = true> <Delay = 0.00> <Core = "LogicGate">   --->   Core 27 'LogicGate' <Latency = 0> <II = 1> <Delay = 0.97> <FuncUnit> <Opcode : 'and' 'or' 'xor'> <InPorts = 2> <OutPorts = 1>
ST_5 : Operation 39 [1/1] (0.00ns) (grouped into LUT with out node tmp)   --->   "%xor_ln75_78 = xor i1 %icmp_ln1497_8, true" [../my-conifer-prj/firmware/BDT.h:75]   --->   Operation 39 'xor' 'xor_ln75_78' <Predicate = true> <Delay = 0.00> <Core = "LogicGate">   --->   Core 27 'LogicGate' <Latency = 0> <II = 1> <Delay = 0.97> <FuncUnit> <Opcode : 'and' 'or' 'xor'> <InPorts = 2> <OutPorts = 1>
ST_5 : Operation 40 [1/1] (0.00ns) (grouped into LUT with out node tmp)   --->   "%and_ln73_202 = and i1 %icmp_ln1497_12, %xor_ln75_77" [../my-conifer-prj/firmware/BDT.h:73]   --->   Operation 40 'and' 'and_ln73_202' <Predicate = true> <Delay = 0.00> <Core = "LogicGate">   --->   Core 27 'LogicGate' <Latency = 0> <II = 1> <Delay = 0.97> <FuncUnit> <Opcode : 'and' 'or' 'xor'> <InPorts = 2> <OutPorts = 1>
ST_5 : Operation 41 [1/1] (0.00ns) (grouped into LUT with out node tmp)   --->   "%and_ln73_200 = and i1 %and_ln73_202, %xor_ln75_78" [../my-conifer-prj/firmware/BDT.h:73]   --->   Operation 41 'and' 'and_ln73_200' <Predicate = true> <Delay = 0.00> <Core = "LogicGate">   --->   Core 27 'LogicGate' <Latency = 0> <II = 1> <Delay = 0.97> <FuncUnit> <Opcode : 'and' 'or' 'xor'> <InPorts = 2> <OutPorts = 1>
ST_5 : Operation 42 [1/1] (0.97ns) (out node of the LUT)   --->   "%or_ln88 = or i1 %and_ln73, %and_ln73_197" [../my-conifer-prj/firmware/BDT.h:88]   --->   Operation 42 'or' 'or_ln88' <Predicate = (icmp_ln1497)> <Delay = 0.97> <Core = "LogicGate">   --->   Core 27 'LogicGate' <Latency = 0> <II = 1> <Delay = 0.97> <FuncUnit> <Opcode : 'and' 'or' 'xor'> <InPorts = 2> <OutPorts = 1>
ST_5 : Operation 43 [1/1] (0.00ns) (grouped into LUT with out node select_ln89_202)   --->   "%or_ln88_117 = or i1 %icmp_ln1497, %and_ln73_199" [../my-conifer-prj/firmware/BDT.h:88]   --->   Operation 43 'or' 'or_ln88_117' <Predicate = true> <Delay = 0.00> <Core = "LogicGate">   --->   Core 27 'LogicGate' <Latency = 0> <II = 1> <Delay = 0.97> <FuncUnit> <Opcode : 'and' 'or' 'xor'> <InPorts = 2> <OutPorts = 1>
ST_5 : Operation 44 [1/1] (0.97ns)   --->   "%or_ln88_118 = or i1 %icmp_ln1497, %and_ln73_198" [../my-conifer-prj/firmware/BDT.h:88]   --->   Operation 44 'or' 'or_ln88_118' <Predicate = true> <Delay = 0.97> <Core = "LogicGate">   --->   Core 27 'LogicGate' <Latency = 0> <II = 1> <Delay = 0.97> <FuncUnit> <Opcode : 'and' 'or' 'xor'> <InPorts = 2> <OutPorts = 1>
ST_5 : Operation 45 [1/1] (0.00ns) (grouped into LUT with out node tmp)   --->   "%or_ln88_119 = or i1 %or_ln88_118, %and_ln73_200" [../my-conifer-prj/firmware/BDT.h:88]   --->   Operation 45 'or' 'or_ln88_119' <Predicate = true> <Delay = 0.00> <Core = "LogicGate">   --->   Core 27 'LogicGate' <Latency = 0> <II = 1> <Delay = 0.97> <FuncUnit> <Opcode : 'and' 'or' 'xor'> <InPorts = 2> <OutPorts = 1>
ST_5 : Operation 46 [1/1] (0.00ns) (grouped into LUT with out node select_ln89_200)   --->   "%xor_ln89 = xor i1 %and_ln73_196, true" [../my-conifer-prj/firmware/BDT.h:89]   --->   Operation 46 'xor' 'xor_ln89' <Predicate = (icmp_ln1497)> <Delay = 0.00> <Core = "LogicGate">   --->   Core 27 'LogicGate' <Latency = 0> <II = 1> <Delay = 0.97> <FuncUnit> <Opcode : 'and' 'or' 'xor'> <InPorts = 2> <OutPorts = 1>
ST_5 : Operation 47 [1/1] (0.00ns) (grouped into LUT with out node select_ln89_200)   --->   "%zext_ln89 = zext i1 %xor_ln89 to i2" [../my-conifer-prj/firmware/BDT.h:89]   --->   Operation 47 'zext' 'zext_ln89' <Predicate = (icmp_ln1497)> <Delay = 0.00>
ST_5 : Operation 48 [1/1] (0.00ns) (grouped into LUT with out node select_ln89_200)   --->   "%select_ln89 = select i1 %and_ln73, i2 %zext_ln89, i2 -2" [../my-conifer-prj/firmware/BDT.h:89]   --->   Operation 48 'select' 'select_ln89' <Predicate = (icmp_ln1497)> <Delay = 0.00> <Core = "Sel">   --->   Core 26 'Sel' <Latency = 0> <II = 1> <Delay = 0.98> <FuncUnit> <Opcode : 'select'> <InPorts = 3> <OutPorts = 1>
ST_5 : Operation 49 [1/1] (0.00ns) (grouped into LUT with out node select_ln89_200)   --->   "%select_ln89_199 = select i1 %or_ln88, i2 %select_ln89, i2 -1" [../my-conifer-prj/firmware/BDT.h:89]   --->   Operation 49 'select' 'select_ln89_199' <Predicate = (icmp_ln1497)> <Delay = 0.00> <Core = "Sel">   --->   Core 26 'Sel' <Latency = 0> <II = 1> <Delay = 0.98> <FuncUnit> <Opcode : 'select'> <InPorts = 3> <OutPorts = 1>
ST_5 : Operation 50 [1/1] (0.00ns) (grouped into LUT with out node select_ln89_200)   --->   "%zext_ln89_34 = zext i2 %select_ln89_199 to i3" [../my-conifer-prj/firmware/BDT.h:89]   --->   Operation 50 'zext' 'zext_ln89_34' <Predicate = (icmp_ln1497)> <Delay = 0.00>
ST_5 : Operation 51 [1/1] (0.99ns) (out node of the LUT)   --->   "%select_ln89_200 = select i1 %icmp_ln1497, i3 %zext_ln89_34, i3 -4" [../my-conifer-prj/firmware/BDT.h:89]   --->   Operation 51 'select' 'select_ln89_200' <Predicate = true> <Delay = 0.99> <Core = "Sel">   --->   Core 26 'Sel' <Latency = 0> <II = 1> <Delay = 0.98> <FuncUnit> <Opcode : 'select'> <InPorts = 3> <OutPorts = 1>
ST_5 : Operation 52 [1/1] (0.00ns) (grouped into LUT with out node select_ln89_202)   --->   "%select_ln89_201 = select i1 %or_ln88_117, i3 %select_ln89_200, i3 -3" [../my-conifer-prj/firmware/BDT.h:89]   --->   Operation 52 'select' 'select_ln89_201' <Predicate = true> <Delay = 0.00> <Core = "Sel">   --->   Core 26 'Sel' <Latency = 0> <II = 1> <Delay = 0.98> <FuncUnit> <Opcode : 'select'> <InPorts = 3> <OutPorts = 1>
ST_5 : Operation 53 [1/1] (0.98ns) (out node of the LUT)   --->   "%select_ln89_202 = select i1 %or_ln88_118, i3 %select_ln89_201, i3 -2" [../my-conifer-prj/firmware/BDT.h:89]   --->   Operation 53 'select' 'select_ln89_202' <Predicate = true> <Delay = 0.98> <Core = "Sel">   --->   Core 26 'Sel' <Latency = 0> <II = 1> <Delay = 0.98> <FuncUnit> <Opcode : 'select'> <InPorts = 3> <OutPorts = 1>
ST_5 : Operation 54 [1/1] (0.00ns) (grouped into LUT with out node tmp)   --->   "%select_ln89_203 = select i1 %or_ln88_119, i3 %select_ln89_202, i3 -1" [../my-conifer-prj/firmware/BDT.h:89]   --->   Operation 54 'select' 'select_ln89_203' <Predicate = true> <Delay = 0.00> <Core = "Sel">   --->   Core 26 'Sel' <Latency = 0> <II = 1> <Delay = 0.98> <FuncUnit> <Opcode : 'select'> <InPorts = 3> <OutPorts = 1>
ST_5 : Operation 55 [1/1] (2.47ns) (out node of the LUT)   --->   "%tmp = call i12 @_ssdm_op_Mux.ap_auto.8i12.i3(i12 -27, i12 -34, i12 10, i12 50, i12 -26, i12 128, i12 -26, i12 -27, i3 %select_ln89_203)" [../my-conifer-prj/firmware/BDT.h:89]   --->   Operation 55 'mux' 'tmp' <Predicate = true> <Delay = 2.47> <Core = "MuxnS">   --->   Core 31 'MuxnS' <Latency = 0> <II = 1> <Delay = 4.03> <FuncUnit> <Opcode : 'mux'> <InPorts = 2> <OutPorts = 1>
ST_5 : Operation 56 [1/1] (0.00ns)   --->   "ret i12 %tmp" [../my-conifer-prj/firmware/BDT.h:93]   --->   Operation 56 'ret' <Predicate = true> <Delay = 0.00>


============================================================
+ Verbose Summary: Binding
============================================================
STG Binding: 
---------------- STG Properties BEGIN ----------------
- Is combinational: 0
- Is one-state seq: 0
- Is datapath-only: 0
- Is pipelined: 1
- Is top level: 0
Port [ Return ] is wired: 1; IO mode=ap_ctrl_hs:ce=0
Port [ x_V]:  wired=1; compound=1; hidden=0; nouse=0; global=0; static=0; extern=0; dir=0; type=1; pingpong=0; private_global=0; MemPort=[11]; IO mode=ap_memory:ce=0
---------------- STG Properties END ------------------

---------------- Datapath Model BEGIN ----------------

<LifeTime>
<method=bitvector/>
x_V_addr          (getelementptr) [ 001000]
x_V_addr_180      (getelementptr) [ 001000]
x_V_load          (load         ) [ 000000]
icmp_ln1497       (icmp         ) [ 011111]
x_V_load_1        (load         ) [ 000000]
icmp_ln1497_1     (icmp         ) [ 011111]
x_V_addr_181      (getelementptr) [ 000100]
x_V_addr_182      (getelementptr) [ 000100]
x_V_load_2        (load         ) [ 000000]
icmp_ln1497_2     (icmp         ) [ 011011]
x_V_load_5        (load         ) [ 000000]
icmp_ln1497_5     (icmp         ) [ 011011]
x_V_addr_183      (getelementptr) [ 010010]
x_V_addr_184      (getelementptr) [ 010010]
x_V_load_8        (load         ) [ 000000]
icmp_ln1497_8     (icmp         ) [ 001001]
x_V_load_12       (load         ) [ 000000]
icmp_ln1497_12    (icmp         ) [ 001001]
specpipeline_ln25 (specpipeline ) [ 000000]
and_ln73          (and          ) [ 000000]
and_ln73_196      (and          ) [ 000000]
xor_ln75          (xor          ) [ 000000]
and_ln73_201      (and          ) [ 000000]
and_ln73_197      (and          ) [ 000000]
xor_ln75_77       (xor          ) [ 000000]
and_ln73_198      (and          ) [ 000000]
and_ln73_199      (and          ) [ 000000]
xor_ln75_78       (xor          ) [ 000000]
and_ln73_202      (and          ) [ 000000]
and_ln73_200      (and          ) [ 000000]
or_ln88           (or           ) [ 000000]
or_ln88_117       (or           ) [ 000000]
or_ln88_118       (or           ) [ 000000]
or_ln88_119       (or           ) [ 000000]
xor_ln89          (xor          ) [ 000000]
zext_ln89         (zext         ) [ 000000]
select_ln89       (select       ) [ 000000]
select_ln89_199   (select       ) [ 000000]
zext_ln89_34      (zext         ) [ 000000]
select_ln89_200   (select       ) [ 000000]
select_ln89_201   (select       ) [ 000000]
select_ln89_202   (select       ) [ 000000]
select_ln89_203   (select       ) [ 000000]
tmp               (mux          ) [ 000000]
ret_ln93          (ret          ) [ 000000]
</LifeTime>

<model>

<comp_list>
<comp id="0" class="1000" name="x_V">
<pin_list>
<pin id="1" dir="1" index="0" bw="1" slack="0"/>
</pin_list>
<bind>
<StgValue><ssdm name="x_V"/><MemPortTyVec>1 1 </MemPortTyVec>
</StgValue>
</bind>
</comp>

<comp id="2" class="1001" name="const_2">
<pin_list>
<pin id="3" dir="1" index="0" bw="1" slack="0"/>
</pin_list>
<bind>
<StgValue><ssdm name=""/></StgValue>
</bind>
</comp>

<comp id="4" class="1001" name="const_4">
<pin_list>
<pin id="5" dir="1" index="0" bw="1" slack="0"/>
</pin_list>
<bind>
<StgValue><ssdm name=""/></StgValue>
</bind>
</comp>

<comp id="6" class="1001" name="const_6">
<pin_list>
<pin id="7" dir="1" index="0" bw="1" slack="0"/>
</pin_list>
<bind>
<StgValue><ssdm name=""/></StgValue>
</bind>
</comp>

<comp id="8" class="1001" name="const_8">
<pin_list>
<pin id="9" dir="1" index="0" bw="1" slack="0"/>
</pin_list>
<bind>
<StgValue><ssdm name=""/></StgValue>
</bind>
</comp>

<comp id="10" class="1001" name="const_10">
<pin_list>
<pin id="11" dir="1" index="0" bw="1" slack="0"/>
</pin_list>
<bind>
<StgValue><ssdm name=""/></StgValue>
</bind>
</comp>

<comp id="12" class="1001" name="const_12">
<pin_list>
<pin id="13" dir="1" index="0" bw="1" slack="0"/>
</pin_list>
<bind>
<StgValue><ssdm name=""/></StgValue>
</bind>
</comp>

<comp id="14" class="1001" name="const_14">
<pin_list>
<pin id="15" dir="1" index="0" bw="1" slack="0"/>
</pin_list>
<bind>
<StgValue><ssdm name=""/></StgValue>
</bind>
</comp>

<comp id="16" class="1001" name="const_16">
<pin_list>
<pin id="17" dir="1" index="0" bw="1" slack="0"/>
</pin_list>
<bind>
<StgValue><ssdm name=""/></StgValue>
</bind>
</comp>

<comp id="18" class="1001" name="const_18">
<pin_list>
<pin id="19" dir="1" index="0" bw="1" slack="0"/>
</pin_list>
<bind>
<StgValue><ssdm name=""/></StgValue>
</bind>
</comp>

<comp id="20" class="1001" name="const_20">
<pin_list>
<pin id="21" dir="1" index="0" bw="1" slack="0"/>
</pin_list>
<bind>
<StgValue><ssdm name=""/></StgValue>
</bind>
</comp>

<comp id="22" class="1001" name="const_22">
<pin_list>
<pin id="23" dir="1" index="0" bw="1" slack="0"/>
</pin_list>
<bind>
<StgValue><ssdm name=""/></StgValue>
</bind>
</comp>

<comp id="24" class="1001" name="const_24">
<pin_list>
<pin id="25" dir="1" index="0" bw="1" slack="0"/>
</pin_list>
<bind>
<StgValue><ssdm name=""/></StgValue>
</bind>
</comp>

<comp id="26" class="1001" name="const_26">
<pin_list>
<pin id="27" dir="1" index="0" bw="1" slack="2147483647"/>
</pin_list>
<bind>
<StgValue><ssdm name="_ssdm_op_SpecPipeline"/></StgValue>
</bind>
</comp>

<comp id="28" class="1001" name="const_28">
<pin_list>
<pin id="29" dir="1" index="0" bw="1" slack="2147483647"/>
</pin_list>
<bind>
<StgValue><ssdm name=""/></StgValue>
</bind>
</comp>

<comp id="30" class="1001" name="const_30">
<pin_list>
<pin id="31" dir="1" index="0" bw="1" slack="2147483647"/>
</pin_list>
<bind>
<StgValue><ssdm name=""/></StgValue>
</bind>
</comp>

<comp id="32" class="1001" name="const_32">
<pin_list>
<pin id="33" dir="1" index="0" bw="1" slack="2147483647"/>
</pin_list>
<bind>
<StgValue><ssdm name="p_str"/></StgValue>
</bind>
</comp>

<comp id="34" class="1001" name="const_34">
<pin_list>
<pin id="35" dir="1" index="0" bw="1" slack="0"/>
</pin_list>
<bind>
<StgValue><ssdm name=""/></StgValue>
</bind>
</comp>

<comp id="36" class="1001" name="const_36">
<pin_list>
<pin id="37" dir="1" index="0" bw="1" slack="0"/>
</pin_list>
<bind>
<StgValue><ssdm name=""/></StgValue>
</bind>
</comp>

<comp id="38" class="1001" name="const_38">
<pin_list>
<pin id="39" dir="1" index="0" bw="1" slack="0"/>
</pin_list>
<bind>
<StgValue><ssdm name=""/></StgValue>
</bind>
</comp>

<comp id="40" class="1001" name="const_40">
<pin_list>
<pin id="41" dir="1" index="0" bw="1" slack="0"/>
</pin_list>
<bind>
<StgValue><ssdm name=""/></StgValue>
</bind>
</comp>

<comp id="42" class="1001" name="const_42">
<pin_list>
<pin id="43" dir="1" index="0" bw="1" slack="0"/>
</pin_list>
<bind>
<StgValue><ssdm name=""/></StgValue>
</bind>
</comp>

<comp id="44" class="1001" name="const_44">
<pin_list>
<pin id="45" dir="1" index="0" bw="1" slack="0"/>
</pin_list>
<bind>
<StgValue><ssdm name=""/></StgValue>
</bind>
</comp>

<comp id="46" class="1001" name="const_46">
<pin_list>
<pin id="47" dir="1" index="0" bw="1" slack="0"/>
</pin_list>
<bind>
<StgValue><ssdm name=""/></StgValue>
</bind>
</comp>

<comp id="48" class="1001" name="const_48">
<pin_list>
<pin id="49" dir="1" index="0" bw="1" slack="0"/>
</pin_list>
<bind>
<StgValue><ssdm name="_ssdm_op_Mux.ap_auto.8i12.i3"/></StgValue>
</bind>
</comp>

<comp id="50" class="1001" name="const_50">
<pin_list>
<pin id="51" dir="1" index="0" bw="1" slack="0"/>
</pin_list>
<bind>
<StgValue><ssdm name=""/></StgValue>
</bind>
</comp>

<comp id="52" class="1001" name="const_52">
<pin_list>
<pin id="53" dir="1" index="0" bw="1" slack="0"/>
</pin_list>
<bind>
<StgValue><ssdm name=""/></StgValue>
</bind>
</comp>

<comp id="54" class="1001" name="const_54">
<pin_list>
<pin id="55" dir="1" index="0" bw="1" slack="0"/>
</pin_list>
<bind>
<StgValue><ssdm name=""/></StgValue>
</bind>
</comp>

<comp id="56" class="1001" name="const_56">
<pin_list>
<pin id="57" dir="1" index="0" bw="1" slack="0"/>
</pin_list>
<bind>
<StgValue><ssdm name=""/></StgValue>
</bind>
</comp>

<comp id="58" class="1001" name="const_58">
<pin_list>
<pin id="59" dir="1" index="0" bw="1" slack="0"/>
</pin_list>
<bind>
<StgValue><ssdm name=""/></StgValue>
</bind>
</comp>

<comp id="60" class="1001" name="const_60">
<pin_list>
<pin id="61" dir="1" index="0" bw="1" slack="0"/>
</pin_list>
<bind>
<StgValue><ssdm name=""/></StgValue>
</bind>
</comp>

<comp id="62" class="1004" name="x_V_addr_gep_fu_62">
<pin_list>
<pin id="63" dir="0" index="0" bw="12" slack="0"/>
<pin id="64" dir="0" index="1" bw="1" slack="0"/>
<pin id="65" dir="0" index="2" bw="3" slack="0"/>
<pin id="66" dir="1" index="3" bw="4" slack="0"/>
</pin_list>
<bind>
<opcode="getelementptr(29) " fcode="getelementptr"/>
<opset="x_V_addr/1 "/>
</bind>
</comp>

<comp id="70" class="1004" name="grp_access_fu_70">
<pin_list>
<pin id="71" dir="0" index="0" bw="4" slack="0"/>
<pin id="72" dir="0" index="1" bw="12" slack="2147483647"/>
<pin id="73" dir="0" index="2" bw="0" slack="0"/>
<pin id="84" dir="0" index="4" bw="4" slack="2147483647"/>
<pin id="85" dir="0" index="5" bw="12" slack="2147483647"/>
<pin id="86" dir="0" index="6" bw="0" slack="2147483647"/>
<pin id="74" dir="1" index="3" bw="12" slack="0"/>
<pin id="87" dir="1" index="7" bw="12" slack="0"/>
</pin_list>
<bind>
<opcode="load(27) " fcode="load"/>
<opset="x_V_load/1 x_V_load_1/1 x_V_load_2/2 x_V_load_5/2 x_V_load_8/3 x_V_load_12/3 "/>
</bind>
</comp>

<comp id="76" class="1004" name="x_V_addr_180_gep_fu_76">
<pin_list>
<pin id="77" dir="0" index="0" bw="12" slack="0"/>
<pin id="78" dir="0" index="1" bw="1" slack="0"/>
<pin id="79" dir="0" index="2" bw="1" slack="0"/>
<pin id="80" dir="1" index="3" bw="4" slack="0"/>
</pin_list>
<bind>
<opcode="getelementptr(29) " fcode="getelementptr"/>
<opset="x_V_addr_180/1 "/>
</bind>
</comp>

<comp id="89" class="1004" name="x_V_addr_181_gep_fu_89">
<pin_list>
<pin id="90" dir="0" index="0" bw="12" slack="0"/>
<pin id="91" dir="0" index="1" bw="1" slack="0"/>
<pin id="92" dir="0" index="2" bw="4" slack="0"/>
<pin id="93" dir="1" index="3" bw="4" slack="0"/>
</pin_list>
<bind>
<opcode="getelementptr(29) " fcode="getelementptr"/>
<opset="x_V_addr_181/2 "/>
</bind>
</comp>

<comp id="98" class="1004" name="x_V_addr_182_gep_fu_98">
<pin_list>
<pin id="99" dir="0" index="0" bw="12" slack="0"/>
<pin id="100" dir="0" index="1" bw="1" slack="0"/>
<pin id="101" dir="0" index="2" bw="4" slack="0"/>
<pin id="102" dir="1" index="3" bw="4" slack="0"/>
</pin_list>
<bind>
<opcode="getelementptr(29) " fcode="getelementptr"/>
<opset="x_V_addr_182/2 "/>
</bind>
</comp>

<comp id="107" class="1004" name="x_V_addr_183_gep_fu_107">
<pin_list>
<pin id="108" dir="0" index="0" bw="12" slack="0"/>
<pin id="109" dir="0" index="1" bw="1" slack="0"/>
<pin id="110" dir="0" index="2" bw="5" slack="0"/>
<pin id="111" dir="1" index="3" bw="4" slack="0"/>
</pin_list>
<bind>
<opcode="getelementptr(29) " fcode="getelementptr"/>
<opset="x_V_addr_183/3 "/>
</bind>
</comp>

<comp id="116" class="1004" name="x_V_addr_184_gep_fu_116">
<pin_list>
<pin id="117" dir="0" index="0" bw="12" slack="0"/>
<pin id="118" dir="0" index="1" bw="1" slack="0"/>
<pin id="119" dir="0" index="2" bw="5" slack="0"/>
<pin id="120" dir="1" index="3" bw="4" slack="0"/>
</pin_list>
<bind>
<opcode="getelementptr(29) " fcode="getelementptr"/>
<opset="x_V_addr_184/3 "/>
</bind>
</comp>

<comp id="125" class="1004" name="icmp_ln1497_fu_125">
<pin_list>
<pin id="126" dir="0" index="0" bw="12" slack="0"/>
<pin id="127" dir="0" index="1" bw="12" slack="0"/>
<pin id="128" dir="1" index="2" bw="1" slack="1"/>
</pin_list>
<bind>
<opcode="icmp(45) " fcode="icmp"/>
<opset="icmp_ln1497/2 "/>
</bind>
</comp>

<comp id="131" class="1004" name="icmp_ln1497_1_fu_131">
<pin_list>
<pin id="132" dir="0" index="0" bw="12" slack="0"/>
<pin id="133" dir="0" index="1" bw="12" slack="0"/>
<pin id="134" dir="1" index="2" bw="1" slack="3"/>
</pin_list>
<bind>
<opcode="icmp(45) " fcode="icmp"/>
<opset="icmp_ln1497_1/2 "/>
</bind>
</comp>

<comp id="137" class="1004" name="icmp_ln1497_2_fu_137">
<pin_list>
<pin id="138" dir="0" index="0" bw="12" slack="0"/>
<pin id="139" dir="0" index="1" bw="12" slack="0"/>
<pin id="140" dir="1" index="2" bw="1" slack="2"/>
</pin_list>
<bind>
<opcode="icmp(45) " fcode="icmp"/>
<opset="icmp_ln1497_2/3 "/>
</bind>
</comp>

<comp id="143" class="1004" name="icmp_ln1497_5_fu_143">
<pin_list>
<pin id="144" dir="0" index="0" bw="12" slack="0"/>
<pin id="145" dir="0" index="1" bw="12" slack="0"/>
<pin id="146" dir="1" index="2" bw="1" slack="2"/>
</pin_list>
<bind>
<opcode="icmp(45) " fcode="icmp"/>
<opset="icmp_ln1497_5/3 "/>
</bind>
</comp>

<comp id="149" class="1004" name="icmp_ln1497_8_fu_149">
<pin_list>
<pin id="150" dir="0" index="0" bw="12" slack="0"/>
<pin id="151" dir="0" index="1" bw="12" slack="0"/>
<pin id="152" dir="1" index="2" bw="1" slack="1"/>
</pin_list>
<bind>
<opcode="icmp(45) " fcode="icmp"/>
<opset="icmp_ln1497_8/4 "/>
</bind>
</comp>

<comp id="155" class="1004" name="icmp_ln1497_12_fu_155">
<pin_list>
<pin id="156" dir="0" index="0" bw="12" slack="0"/>
<pin id="157" dir="0" index="1" bw="12" slack="0"/>
<pin id="158" dir="1" index="2" bw="1" slack="1"/>
</pin_list>
<bind>
<opcode="icmp(45) " fcode="icmp"/>
<opset="icmp_ln1497_12/4 "/>
</bind>
</comp>

<comp id="161" class="1004" name="and_ln73_fu_161">
<pin_list>
<pin id="162" dir="0" index="0" bw="1" slack="3"/>
<pin id="163" dir="0" index="1" bw="1" slack="3"/>
<pin id="164" dir="1" index="2" bw="1" slack="0"/>
</pin_list>
<bind>
<opcode="and(23) " fcode="and"/>
<opset="and_ln73/5 "/>
</bind>
</comp>

<comp id="165" class="1004" name="and_ln73_196_fu_165">
<pin_list>
<pin id="166" dir="0" index="0" bw="1" slack="2"/>
<pin id="167" dir="0" index="1" bw="1" slack="0"/>
<pin id="168" dir="1" index="2" bw="1" slack="0"/>
</pin_list>
<bind>
<opcode="and(23) " fcode="and"/>
<opset="and_ln73_196/5 "/>
</bind>
</comp>

<comp id="170" class="1004" name="xor_ln75_fu_170">
<pin_list>
<pin id="171" dir="0" index="0" bw="1" slack="3"/>
<pin id="172" dir="0" index="1" bw="1" slack="0"/>
<pin id="173" dir="1" index="2" bw="1" slack="0"/>
</pin_list>
<bind>
<opcode="xor(25) " fcode="xor"/>
<opset="xor_ln75/5 "/>
</bind>
</comp>

<comp id="175" class="1004" name="and_ln73_201_fu_175">
<pin_list>
<pin id="176" dir="0" index="0" bw="1" slack="2"/>
<pin id="177" dir="0" index="1" bw="1" slack="0"/>
<pin id="178" dir="1" index="2" bw="1" slack="0"/>
</pin_list>
<bind>
<opcode="and(23) " fcode="and"/>
<opset="and_ln73_201/5 "/>
</bind>
</comp>

<comp id="180" class="1004" name="and_ln73_197_fu_180">
<pin_list>
<pin id="181" dir="0" index="0" bw="1" slack="0"/>
<pin id="182" dir="0" index="1" bw="1" slack="3"/>
<pin id="183" dir="1" index="2" bw="1" slack="0"/>
</pin_list>
<bind>
<opcode="and(23) " fcode="and"/>
<opset="and_ln73_197/5 "/>
</bind>
</comp>

<comp id="185" class="1004" name="xor_ln75_77_fu_185">
<pin_list>
<pin id="186" dir="0" index="0" bw="1" slack="3"/>
<pin id="187" dir="0" index="1" bw="1" slack="0"/>
<pin id="188" dir="1" index="2" bw="1" slack="0"/>
</pin_list>
<bind>
<opcode="xor(25) " fcode="xor"/>
<opset="xor_ln75_77/5 "/>
</bind>
</comp>

<comp id="190" class="1004" name="and_ln73_198_fu_190">
<pin_list>
<pin id="191" dir="0" index="0" bw="1" slack="1"/>
<pin id="192" dir="0" index="1" bw="1" slack="0"/>
<pin id="193" dir="1" index="2" bw="1" slack="0"/>
</pin_list>
<bind>
<opcode="and(23) " fcode="and"/>
<opset="and_ln73_198/5 "/>
</bind>
</comp>

<comp id="195" class="1004" name="and_ln73_199_fu_195">
<pin_list>
<pin id="196" dir="0" index="0" bw="1" slack="3"/>
<pin id="197" dir="0" index="1" bw="1" slack="0"/>
<pin id="198" dir="1" index="2" bw="1" slack="0"/>
</pin_list>
<bind>
<opcode="and(23) " fcode="and"/>
<opset="and_ln73_199/5 "/>
</bind>
</comp>

<comp id="200" class="1004" name="xor_ln75_78_fu_200">
<pin_list>
<pin id="201" dir="0" index="0" bw="1" slack="1"/>
<pin id="202" dir="0" index="1" bw="1" slack="0"/>
<pin id="203" dir="1" index="2" bw="1" slack="0"/>
</pin_list>
<bind>
<opcode="xor(25) " fcode="xor"/>
<opset="xor_ln75_78/5 "/>
</bind>
</comp>

<comp id="205" class="1004" name="and_ln73_202_fu_205">
<pin_list>
<pin id="206" dir="0" index="0" bw="1" slack="1"/>
<pin id="207" dir="0" index="1" bw="1" slack="0"/>
<pin id="208" dir="1" index="2" bw="1" slack="0"/>
</pin_list>
<bind>
<opcode="and(23) " fcode="and"/>
<opset="and_ln73_202/5 "/>
</bind>
</comp>

<comp id="210" class="1004" name="and_ln73_200_fu_210">
<pin_list>
<pin id="211" dir="0" index="0" bw="1" slack="0"/>
<pin id="212" dir="0" index="1" bw="1" slack="0"/>
<pin id="213" dir="1" index="2" bw="1" slack="0"/>
</pin_list>
<bind>
<opcode="and(23) " fcode="and"/>
<opset="and_ln73_200/5 "/>
</bind>
</comp>

<comp id="216" class="1004" name="or_ln88_fu_216">
<pin_list>
<pin id="217" dir="0" index="0" bw="1" slack="0"/>
<pin id="218" dir="0" index="1" bw="1" slack="0"/>
<pin id="219" dir="1" index="2" bw="1" slack="0"/>
</pin_list>
<bind>
<opcode="or(24) " fcode="or"/>
<opset="or_ln88/5 "/>
</bind>
</comp>

<comp id="222" class="1004" name="or_ln88_117_fu_222">
<pin_list>
<pin id="223" dir="0" index="0" bw="1" slack="3"/>
<pin id="224" dir="0" index="1" bw="1" slack="0"/>
<pin id="225" dir="1" index="2" bw="1" slack="0"/>
</pin_list>
<bind>
<opcode="or(24) " fcode="or"/>
<opset="or_ln88_117/5 "/>
</bind>
</comp>

<comp id="227" class="1004" name="or_ln88_118_fu_227">
<pin_list>
<pin id="228" dir="0" index="0" bw="1" slack="3"/>
<pin id="229" dir="0" index="1" bw="1" slack="0"/>
<pin id="230" dir="1" index="2" bw="1" slack="0"/>
</pin_list>
<bind>
<opcode="or(24) " fcode="or"/>
<opset="or_ln88_118/5 "/>
</bind>
</comp>

<comp id="232" class="1004" name="or_ln88_119_fu_232">
<pin_list>
<pin id="233" dir="0" index="0" bw="1" slack="0"/>
<pin id="234" dir="0" index="1" bw="1" slack="0"/>
<pin id="235" dir="1" index="2" bw="1" slack="0"/>
</pin_list>
<bind>
<opcode="or(24) " fcode="or"/>
<opset="or_ln88_119/5 "/>
</bind>
</comp>

<comp id="238" class="1004" name="xor_ln89_fu_238">
<pin_list>
<pin id="239" dir="0" index="0" bw="1" slack="0"/>
<pin id="240" dir="0" index="1" bw="1" slack="0"/>
<pin id="241" dir="1" index="2" bw="1" slack="0"/>
</pin_list>
<bind>
<opcode="xor(25) " fcode="xor"/>
<opset="xor_ln89/5 "/>
</bind>
</comp>

<comp id="244" class="1004" name="zext_ln89_fu_244">
<pin_list>
<pin id="245" dir="0" index="0" bw="1" slack="0"/>
<pin id="246" dir="1" index="1" bw="2" slack="0"/>
</pin_list>
<bind>
<opcode="zext(34) " fcode="zext"/>
<opset="zext_ln89/5 "/>
</bind>
</comp>

<comp id="248" class="1004" name="select_ln89_fu_248">
<pin_list>
<pin id="249" dir="0" index="0" bw="1" slack="0"/>
<pin id="250" dir="0" index="1" bw="2" slack="0"/>
<pin id="251" dir="0" index="2" bw="2" slack="0"/>
<pin id="252" dir="1" index="3" bw="2" slack="0"/>
</pin_list>
<bind>
<opcode="select(49) " fcode="select"/>
<opset="select_ln89/5 "/>
</bind>
</comp>

<comp id="256" class="1004" name="select_ln89_199_fu_256">
<pin_list>
<pin id="257" dir="0" index="0" bw="1" slack="0"/>
<pin id="258" dir="0" index="1" bw="2" slack="0"/>
<pin id="259" dir="0" index="2" bw="2" slack="0"/>
<pin id="260" dir="1" index="3" bw="2" slack="0"/>
</pin_list>
<bind>
<opcode="select(49) " fcode="select"/>
<opset="select_ln89_199/5 "/>
</bind>
</comp>

<comp id="264" class="1004" name="zext_ln89_34_fu_264">
<pin_list>
<pin id="265" dir="0" index="0" bw="2" slack="0"/>
<pin id="266" dir="1" index="1" bw="3" slack="0"/>
</pin_list>
<bind>
<opcode="zext(34) " fcode="zext"/>
<opset="zext_ln89_34/5 "/>
</bind>
</comp>

<comp id="268" class="1004" name="select_ln89_200_fu_268">
<pin_list>
<pin id="269" dir="0" index="0" bw="1" slack="3"/>
<pin id="270" dir="0" index="1" bw="3" slack="0"/>
<pin id="271" dir="0" index="2" bw="3" slack="0"/>
<pin id="272" dir="1" index="3" bw="3" slack="0"/>
</pin_list>
<bind>
<opcode="select(49) " fcode="select"/>
<opset="select_ln89_200/5 "/>
</bind>
</comp>

<comp id="275" class="1004" name="select_ln89_201_fu_275">
<pin_list>
<pin id="276" dir="0" index="0" bw="1" slack="0"/>
<pin id="277" dir="0" index="1" bw="3" slack="0"/>
<pin id="278" dir="0" index="2" bw="3" slack="0"/>
<pin id="279" dir="1" index="3" bw="3" slack="0"/>
</pin_list>
<bind>
<opcode="select(49) " fcode="select"/>
<opset="select_ln89_201/5 "/>
</bind>
</comp>

<comp id="283" class="1004" name="select_ln89_202_fu_283">
<pin_list>
<pin id="284" dir="0" index="0" bw="1" slack="0"/>
<pin id="285" dir="0" index="1" bw="3" slack="0"/>
<pin id="286" dir="0" index="2" bw="3" slack="0"/>
<pin id="287" dir="1" index="3" bw="3" slack="0"/>
</pin_list>
<bind>
<opcode="select(49) " fcode="select"/>
<opset="select_ln89_202/5 "/>
</bind>
</comp>

<comp id="291" class="1004" name="select_ln89_203_fu_291">
<pin_list>
<pin id="292" dir="0" index="0" bw="1" slack="0"/>
<pin id="293" dir="0" index="1" bw="3" slack="0"/>
<pin id="294" dir="0" index="2" bw="3" slack="0"/>
<pin id="295" dir="1" index="3" bw="3" slack="0"/>
</pin_list>
<bind>
<opcode="select(49) " fcode="select"/>
<opset="select_ln89_203/5 "/>
</bind>
</comp>

<comp id="299" class="1004" name="tmp_fu_299">
<pin_list>
<pin id="300" dir="0" index="0" bw="12" slack="0"/>
<pin id="301" dir="0" index="1" bw="6" slack="0"/>
<pin id="302" dir="0" index="2" bw="7" slack="0"/>
<pin id="303" dir="0" index="3" bw="5" slack="0"/>
<pin id="304" dir="0" index="4" bw="7" slack="0"/>
<pin id="305" dir="0" index="5" bw="6" slack="0"/>
<pin id="306" dir="0" index="6" bw="9" slack="0"/>
<pin id="307" dir="0" index="7" bw="6" slack="0"/>
<pin id="308" dir="0" index="8" bw="6" slack="0"/>
<pin id="309" dir="0" index="9" bw="3" slack="0"/>
<pin id="310" dir="1" index="10" bw="12" slack="2147483647"/>
</pin_list>
<bind>
<opcode="mux(1196) " fcode="mux"/>
<opset="tmp/5 "/>
</bind>
</comp>

<comp id="321" class="1005" name="x_V_addr_reg_321">
<pin_list>
<pin id="322" dir="0" index="0" bw="4" slack="1"/>
<pin id="323" dir="1" index="1" bw="4" slack="1"/>
</pin_list>
<bind>
<opset="x_V_addr "/>
</bind>
</comp>

<comp id="326" class="1005" name="x_V_addr_180_reg_326">
<pin_list>
<pin id="327" dir="0" index="0" bw="4" slack="1"/>
<pin id="328" dir="1" index="1" bw="4" slack="1"/>
</pin_list>
<bind>
<opset="x_V_addr_180 "/>
</bind>
</comp>

<comp id="331" class="1005" name="icmp_ln1497_reg_331">
<pin_list>
<pin id="332" dir="0" index="0" bw="1" slack="1"/>
<pin id="333" dir="1" index="1" bw="1" slack="3"/>
</pin_list>
<bind>
<opset="icmp_ln1497 "/>
</bind>
</comp>

<comp id="341" class="1005" name="icmp_ln1497_1_reg_341">
<pin_list>
<pin id="342" dir="0" index="0" bw="1" slack="3"/>
<pin id="343" dir="1" index="1" bw="1" slack="3"/>
</pin_list>
<bind>
<opset="icmp_ln1497_1 "/>
</bind>
</comp>

<comp id="348" class="1005" name="x_V_addr_181_reg_348">
<pin_list>
<pin id="349" dir="0" index="0" bw="4" slack="1"/>
<pin id="350" dir="1" index="1" bw="4" slack="1"/>
</pin_list>
<bind>
<opset="x_V_addr_181 "/>
</bind>
</comp>

<comp id="353" class="1005" name="x_V_addr_182_reg_353">
<pin_list>
<pin id="354" dir="0" index="0" bw="4" slack="1"/>
<pin id="355" dir="1" index="1" bw="4" slack="1"/>
</pin_list>
<bind>
<opset="x_V_addr_182 "/>
</bind>
</comp>

<comp id="358" class="1005" name="icmp_ln1497_2_reg_358">
<pin_list>
<pin id="359" dir="0" index="0" bw="1" slack="2"/>
<pin id="360" dir="1" index="1" bw="1" slack="2"/>
</pin_list>
<bind>
<opset="icmp_ln1497_2 "/>
</bind>
</comp>

<comp id="363" class="1005" name="icmp_ln1497_5_reg_363">
<pin_list>
<pin id="364" dir="0" index="0" bw="1" slack="2"/>
<pin id="365" dir="1" index="1" bw="1" slack="2"/>
</pin_list>
<bind>
<opset="icmp_ln1497_5 "/>
</bind>
</comp>

<comp id="368" class="1005" name="x_V_addr_183_reg_368">
<pin_list>
<pin id="369" dir="0" index="0" bw="4" slack="1"/>
<pin id="370" dir="1" index="1" bw="4" slack="1"/>
</pin_list>
<bind>
<opset="x_V_addr_183 "/>
</bind>
</comp>

<comp id="373" class="1005" name="x_V_addr_184_reg_373">
<pin_list>
<pin id="374" dir="0" index="0" bw="4" slack="1"/>
<pin id="375" dir="1" index="1" bw="4" slack="1"/>
</pin_list>
<bind>
<opset="x_V_addr_184 "/>
</bind>
</comp>

<comp id="378" class="1005" name="icmp_ln1497_8_reg_378">
<pin_list>
<pin id="379" dir="0" index="0" bw="1" slack="1"/>
<pin id="380" dir="1" index="1" bw="1" slack="1"/>
</pin_list>
<bind>
<opset="icmp_ln1497_8 "/>
</bind>
</comp>

<comp id="384" class="1005" name="icmp_ln1497_12_reg_384">
<pin_list>
<pin id="385" dir="0" index="0" bw="1" slack="1"/>
<pin id="386" dir="1" index="1" bw="1" slack="1"/>
</pin_list>
<bind>
<opset="icmp_ln1497_12 "/>
</bind>
</comp>

</comp_list>

<net_list>
<net id="67"><net_src comp="0" pin="0"/><net_sink comp="62" pin=0"/></net>

<net id="68"><net_src comp="2" pin="0"/><net_sink comp="62" pin=1"/></net>

<net id="69"><net_src comp="4" pin="0"/><net_sink comp="62" pin=2"/></net>

<net id="75"><net_src comp="62" pin="3"/><net_sink comp="70" pin=0"/></net>

<net id="81"><net_src comp="0" pin="0"/><net_sink comp="76" pin=0"/></net>

<net id="82"><net_src comp="2" pin="0"/><net_sink comp="76" pin=1"/></net>

<net id="83"><net_src comp="2" pin="0"/><net_sink comp="76" pin=2"/></net>

<net id="88"><net_src comp="76" pin="3"/><net_sink comp="70" pin=2"/></net>

<net id="94"><net_src comp="0" pin="0"/><net_sink comp="89" pin=0"/></net>

<net id="95"><net_src comp="2" pin="0"/><net_sink comp="89" pin=1"/></net>

<net id="96"><net_src comp="10" pin="0"/><net_sink comp="89" pin=2"/></net>

<net id="97"><net_src comp="89" pin="3"/><net_sink comp="70" pin=0"/></net>

<net id="103"><net_src comp="0" pin="0"/><net_sink comp="98" pin=0"/></net>

<net id="104"><net_src comp="2" pin="0"/><net_sink comp="98" pin=1"/></net>

<net id="105"><net_src comp="12" pin="0"/><net_sink comp="98" pin=2"/></net>

<net id="106"><net_src comp="98" pin="3"/><net_sink comp="70" pin=2"/></net>

<net id="112"><net_src comp="0" pin="0"/><net_sink comp="107" pin=0"/></net>

<net id="113"><net_src comp="2" pin="0"/><net_sink comp="107" pin=1"/></net>

<net id="114"><net_src comp="18" pin="0"/><net_sink comp="107" pin=2"/></net>

<net id="115"><net_src comp="107" pin="3"/><net_sink comp="70" pin=0"/></net>

<net id="121"><net_src comp="0" pin="0"/><net_sink comp="116" pin=0"/></net>

<net id="122"><net_src comp="2" pin="0"/><net_sink comp="116" pin=1"/></net>

<net id="123"><net_src comp="20" pin="0"/><net_sink comp="116" pin=2"/></net>

<net id="124"><net_src comp="116" pin="3"/><net_sink comp="70" pin=2"/></net>

<net id="129"><net_src comp="70" pin="3"/><net_sink comp="125" pin=0"/></net>

<net id="130"><net_src comp="6" pin="0"/><net_sink comp="125" pin=1"/></net>

<net id="135"><net_src comp="70" pin="7"/><net_sink comp="131" pin=0"/></net>

<net id="136"><net_src comp="8" pin="0"/><net_sink comp="131" pin=1"/></net>

<net id="141"><net_src comp="70" pin="3"/><net_sink comp="137" pin=0"/></net>

<net id="142"><net_src comp="14" pin="0"/><net_sink comp="137" pin=1"/></net>

<net id="147"><net_src comp="70" pin="7"/><net_sink comp="143" pin=0"/></net>

<net id="148"><net_src comp="16" pin="0"/><net_sink comp="143" pin=1"/></net>

<net id="153"><net_src comp="70" pin="3"/><net_sink comp="149" pin=0"/></net>

<net id="154"><net_src comp="22" pin="0"/><net_sink comp="149" pin=1"/></net>

<net id="159"><net_src comp="70" pin="7"/><net_sink comp="155" pin=0"/></net>

<net id="160"><net_src comp="24" pin="0"/><net_sink comp="155" pin=1"/></net>

<net id="169"><net_src comp="161" pin="2"/><net_sink comp="165" pin=1"/></net>

<net id="174"><net_src comp="34" pin="0"/><net_sink comp="170" pin=1"/></net>

<net id="179"><net_src comp="170" pin="2"/><net_sink comp="175" pin=1"/></net>

<net id="184"><net_src comp="175" pin="2"/><net_sink comp="180" pin=0"/></net>

<net id="189"><net_src comp="34" pin="0"/><net_sink comp="185" pin=1"/></net>

<net id="194"><net_src comp="185" pin="2"/><net_sink comp="190" pin=1"/></net>

<net id="199"><net_src comp="190" pin="2"/><net_sink comp="195" pin=1"/></net>

<net id="204"><net_src comp="34" pin="0"/><net_sink comp="200" pin=1"/></net>

<net id="209"><net_src comp="185" pin="2"/><net_sink comp="205" pin=1"/></net>

<net id="214"><net_src comp="205" pin="2"/><net_sink comp="210" pin=0"/></net>

<net id="215"><net_src comp="200" pin="2"/><net_sink comp="210" pin=1"/></net>

<net id="220"><net_src comp="161" pin="2"/><net_sink comp="216" pin=0"/></net>

<net id="221"><net_src comp="180" pin="2"/><net_sink comp="216" pin=1"/></net>

<net id="226"><net_src comp="195" pin="2"/><net_sink comp="222" pin=1"/></net>

<net id="231"><net_src comp="190" pin="2"/><net_sink comp="227" pin=1"/></net>

<net id="236"><net_src comp="227" pin="2"/><net_sink comp="232" pin=0"/></net>

<net id="237"><net_src comp="210" pin="2"/><net_sink comp="232" pin=1"/></net>

<net id="242"><net_src comp="165" pin="2"/><net_sink comp="238" pin=0"/></net>

<net id="243"><net_src comp="34" pin="0"/><net_sink comp="238" pin=1"/></net>

<net id="247"><net_src comp="238" pin="2"/><net_sink comp="244" pin=0"/></net>

<net id="253"><net_src comp="161" pin="2"/><net_sink comp="248" pin=0"/></net>

<net id="254"><net_src comp="244" pin="1"/><net_sink comp="248" pin=1"/></net>

<net id="255"><net_src comp="36" pin="0"/><net_sink comp="248" pin=2"/></net>

<net id="261"><net_src comp="216" pin="2"/><net_sink comp="256" pin=0"/></net>

<net id="262"><net_src comp="248" pin="3"/><net_sink comp="256" pin=1"/></net>

<net id="263"><net_src comp="38" pin="0"/><net_sink comp="256" pin=2"/></net>

<net id="267"><net_src comp="256" pin="3"/><net_sink comp="264" pin=0"/></net>

<net id="273"><net_src comp="264" pin="1"/><net_sink comp="268" pin=1"/></net>

<net id="274"><net_src comp="40" pin="0"/><net_sink comp="268" pin=2"/></net>

<net id="280"><net_src comp="222" pin="2"/><net_sink comp="275" pin=0"/></net>

<net id="281"><net_src comp="268" pin="3"/><net_sink comp="275" pin=1"/></net>

<net id="282"><net_src comp="42" pin="0"/><net_sink comp="275" pin=2"/></net>

<net id="288"><net_src comp="227" pin="2"/><net_sink comp="283" pin=0"/></net>

<net id="289"><net_src comp="275" pin="3"/><net_sink comp="283" pin=1"/></net>

<net id="290"><net_src comp="44" pin="0"/><net_sink comp="283" pin=2"/></net>

<net id="296"><net_src comp="232" pin="2"/><net_sink comp="291" pin=0"/></net>

<net id="297"><net_src comp="283" pin="3"/><net_sink comp="291" pin=1"/></net>

<net id="298"><net_src comp="46" pin="0"/><net_sink comp="291" pin=2"/></net>

<net id="311"><net_src comp="48" pin="0"/><net_sink comp="299" pin=0"/></net>

<net id="312"><net_src comp="50" pin="0"/><net_sink comp="299" pin=1"/></net>

<net id="313"><net_src comp="52" pin="0"/><net_sink comp="299" pin=2"/></net>

<net id="314"><net_src comp="54" pin="0"/><net_sink comp="299" pin=3"/></net>

<net id="315"><net_src comp="56" pin="0"/><net_sink comp="299" pin=4"/></net>

<net id="316"><net_src comp="58" pin="0"/><net_sink comp="299" pin=5"/></net>

<net id="317"><net_src comp="60" pin="0"/><net_sink comp="299" pin=6"/></net>

<net id="318"><net_src comp="58" pin="0"/><net_sink comp="299" pin=7"/></net>

<net id="319"><net_src comp="50" pin="0"/><net_sink comp="299" pin=8"/></net>

<net id="320"><net_src comp="291" pin="3"/><net_sink comp="299" pin=9"/></net>

<net id="324"><net_src comp="62" pin="3"/><net_sink comp="321" pin=0"/></net>

<net id="325"><net_src comp="321" pin="1"/><net_sink comp="70" pin=0"/></net>

<net id="329"><net_src comp="76" pin="3"/><net_sink comp="326" pin=0"/></net>

<net id="330"><net_src comp="326" pin="1"/><net_sink comp="70" pin=2"/></net>

<net id="334"><net_src comp="125" pin="2"/><net_sink comp="331" pin=0"/></net>

<net id="335"><net_src comp="331" pin="1"/><net_sink comp="161" pin=1"/></net>

<net id="336"><net_src comp="331" pin="1"/><net_sink comp="180" pin=1"/></net>

<net id="337"><net_src comp="331" pin="1"/><net_sink comp="185" pin=0"/></net>

<net id="338"><net_src comp="331" pin="1"/><net_sink comp="222" pin=0"/></net>

<net id="339"><net_src comp="331" pin="1"/><net_sink comp="227" pin=0"/></net>

<net id="340"><net_src comp="331" pin="1"/><net_sink comp="268" pin=0"/></net>

<net id="344"><net_src comp="131" pin="2"/><net_sink comp="341" pin=0"/></net>

<net id="345"><net_src comp="341" pin="1"/><net_sink comp="161" pin=0"/></net>

<net id="346"><net_src comp="341" pin="1"/><net_sink comp="170" pin=0"/></net>

<net id="347"><net_src comp="341" pin="1"/><net_sink comp="195" pin=0"/></net>

<net id="351"><net_src comp="89" pin="3"/><net_sink comp="348" pin=0"/></net>

<net id="352"><net_src comp="348" pin="1"/><net_sink comp="70" pin=0"/></net>

<net id="356"><net_src comp="98" pin="3"/><net_sink comp="353" pin=0"/></net>

<net id="357"><net_src comp="353" pin="1"/><net_sink comp="70" pin=2"/></net>

<net id="361"><net_src comp="137" pin="2"/><net_sink comp="358" pin=0"/></net>

<net id="362"><net_src comp="358" pin="1"/><net_sink comp="165" pin=0"/></net>

<net id="366"><net_src comp="143" pin="2"/><net_sink comp="363" pin=0"/></net>

<net id="367"><net_src comp="363" pin="1"/><net_sink comp="175" pin=0"/></net>

<net id="371"><net_src comp="107" pin="3"/><net_sink comp="368" pin=0"/></net>

<net id="372"><net_src comp="368" pin="1"/><net_sink comp="70" pin=0"/></net>

<net id="376"><net_src comp="116" pin="3"/><net_sink comp="373" pin=0"/></net>

<net id="377"><net_src comp="373" pin="1"/><net_sink comp="70" pin=2"/></net>

<net id="381"><net_src comp="149" pin="2"/><net_sink comp="378" pin=0"/></net>

<net id="382"><net_src comp="378" pin="1"/><net_sink comp="190" pin=0"/></net>

<net id="383"><net_src comp="378" pin="1"/><net_sink comp="200" pin=0"/></net>

<net id="387"><net_src comp="155" pin="2"/><net_sink comp="384" pin=0"/></net>

<net id="388"><net_src comp="384" pin="1"/><net_sink comp="205" pin=0"/></net>

</net_list>

</model> 
---------------- Datapath Model END ------------------

* FSMD analyzer results:
  - Output states:
	Port: x_V | {}
 - Input state : 
	Port: decision_function.43 : x_V | {1 2 3 4 }
  - Chain level:
	State 1
		x_V_load : 1
		x_V_load_1 : 1
	State 2
		icmp_ln1497 : 1
		icmp_ln1497_1 : 1
		x_V_load_2 : 1
		x_V_load_5 : 1
	State 3
		icmp_ln1497_2 : 1
		icmp_ln1497_5 : 1
		x_V_load_8 : 1
		x_V_load_12 : 1
	State 4
		icmp_ln1497_8 : 1
		icmp_ln1497_12 : 1
	State 5
		select_ln89 : 1
		select_ln89_199 : 2
		zext_ln89_34 : 3
		select_ln89_200 : 4
		select_ln89_201 : 5
		select_ln89_202 : 6
		select_ln89_203 : 7
		tmp : 8
		ret_ln93 : 9


============================================================
+ Verbose Summary: Datapath Resource usage 
============================================================

* Functional unit list:
|----------|------------------------|---------|---------|
| Operation|     Functional Unit    |    FF   |   LUT   |
|----------|------------------------|---------|---------|
|    mux   |       tmp_fu_299       |    0    |   457   |
|----------|------------------------|---------|---------|
|          |   icmp_ln1497_fu_125   |    0    |    13   |
|          |  icmp_ln1497_1_fu_131  |    0    |    13   |
|   icmp   |  icmp_ln1497_2_fu_137  |    0    |    13   |
|          |  icmp_ln1497_5_fu_143  |    0    |    13   |
|          |  icmp_ln1497_8_fu_149  |    0    |    13   |
|          |  icmp_ln1497_12_fu_155 |    0    |    13   |
|----------|------------------------|---------|---------|
|          |     and_ln73_fu_161    |    0    |    2    |
|          |   and_ln73_196_fu_165  |    0    |    2    |
|          |   and_ln73_201_fu_175  |    0    |    2    |
|    and   |   and_ln73_197_fu_180  |    0    |    2    |
|          |   and_ln73_198_fu_190  |    0    |    2    |
|          |   and_ln73_199_fu_195  |    0    |    2    |
|          |   and_ln73_202_fu_205  |    0    |    2    |
|          |   and_ln73_200_fu_210  |    0    |    2    |
|----------|------------------------|---------|---------|
|          |   select_ln89_fu_248   |    0    |    2    |
|          | select_ln89_199_fu_256 |    0    |    2    |
|  select  | select_ln89_200_fu_268 |    0    |    3    |
|          | select_ln89_201_fu_275 |    0    |    3    |
|          | select_ln89_202_fu_283 |    0    |    3    |
|          | select_ln89_203_fu_291 |    0    |    3    |
|----------|------------------------|---------|---------|
|          |     xor_ln75_fu_170    |    0    |    2    |
|    xor   |   xor_ln75_77_fu_185   |    0    |    2    |
|          |   xor_ln75_78_fu_200   |    0    |    2    |
|          |     xor_ln89_fu_238    |    0    |    2    |
|----------|------------------------|---------|---------|
|          |     or_ln88_fu_216     |    0    |    2    |
|    or    |   or_ln88_117_fu_222   |    0    |    2    |
|          |   or_ln88_118_fu_227   |    0    |    2    |
|          |   or_ln88_119_fu_232   |    0    |    2    |
|----------|------------------------|---------|---------|
|   zext   |    zext_ln89_fu_244    |    0    |    0    |
|          |   zext_ln89_34_fu_264  |    0    |    0    |
|----------|------------------------|---------|---------|
|   Total  |                        |    0    |   583   |
|----------|------------------------|---------|---------|

Memories:
N/A

* Register list:
+----------------------+--------+
|                      |   FF   |
+----------------------+--------+
|icmp_ln1497_12_reg_384|    1   |
| icmp_ln1497_1_reg_341|    1   |
| icmp_ln1497_2_reg_358|    1   |
| icmp_ln1497_5_reg_363|    1   |
| icmp_ln1497_8_reg_378|    1   |
|  icmp_ln1497_reg_331 |    1   |
| x_V_addr_180_reg_326 |    4   |
| x_V_addr_181_reg_348 |    4   |
| x_V_addr_182_reg_353 |    4   |
| x_V_addr_183_reg_368 |    4   |
| x_V_addr_184_reg_373 |    4   |
|   x_V_addr_reg_321   |    4   |
+----------------------+--------+
|         Total        |   30   |
+----------------------+--------+

* Multiplexer (MUX) list: 
|------------------|------|------|------|--------||---------||---------|
|       Comp       |  Pin | Size |  BW  | S x BW ||  Delay  ||   LUT   |
|------------------|------|------|------|--------||---------||---------|
| grp_access_fu_70 |  p0  |   6  |   4  |   24   ||    33   |
| grp_access_fu_70 |  p2  |   6  |   0  |    0   ||    33   |
|------------------|------|------|------|--------||---------||---------|
|       Total      |      |      |      |   24   ||  3.904  ||    66   |
|------------------|------|------|------|--------||---------||---------|



* Summary:
+-----------+--------+--------+--------+
|           |  Delay |   FF   |   LUT  |
+-----------+--------+--------+--------+
|  Function |    -   |    0   |   583  |
|   Memory  |    -   |    -   |    -   |
|Multiplexer|    3   |    -   |   66   |
|  Register |    -   |   30   |    -   |
+-----------+--------+--------+--------+
|   Total   |    3   |   30   |   649  |
+-----------+--------+--------+--------+
