

================================================================
== Vivado HLS Report for 'decision_function_1'
================================================================
* Date:           Mon Dec 11 23:05:44 2023

* Version:        2019.1 (Build 2552052 on Fri May 24 15:28:33 MDT 2019)
* Project:        Final_HLS
* Solution:       solution1
* Product family: zynq
* Target device:  xc7z020-clg400-1


================================================================
== Performance Estimates
================================================================
+ Timing (ns): 
    * Summary: 
    +--------+-------+----------+------------+
    |  Clock | Target| Estimated| Uncertainty|
    +--------+-------+----------+------------+
    |ap_clk  |  10.00|     7.771|        1.25|
    +--------+-------+----------+------------+

+ Latency (clock cycles): 
    * Summary: 
    +-----+-----+-----+-----+----------+
    |  Latency  |  Interval | Pipeline |
    | min | max | min | max |   Type   |
    +-----+-----+-----+-----+----------+
    |    3|    3|    3|    3| function |
    +-----+-----+-----+-----+----------+

    + Detail: 
        * Instance: 
        N/A

        * Loop: 
        N/A

============================================================
+ Verbose Summary: Synthesis Manager
============================================================
InlineROM: 1
ExposeGlobal: 0
============================================================
+ Verbose Summary: CDFG Model
============================================================
IsTopModel: 0
ResetActiveHigh: 1
IsCombinational: 0
IsDatapathOnly: 0
HasWiredReturn: 1
HasMFsm: 2
HasVarLatency: 0
IsPipeline: 1
IsRtlPipelined: 1
IsInstanceOverlapped: 0
IsDontTouch: 0
HasImplIP: 0
IsGatedGlobalClock: 0

+ Individual pipeline summary: 
  * Pipeline-0: initiation interval (II) = 3, depth = 4


============================================================
+ Verbose Summary: Schedule
============================================================
* Number of FSM states : 4
* Pipeline : 1
  Pipeline-0 : II = 3, D = 4, States = { 1 2 3 4 }
* Dataflow Pipeline: 0

* FSM state transitions: 
1 --> 2 
2 --> 3 
3 --> 4 
4 --> 

* FSM state operations: 

State 1 <SV = 0> <Delay = 2.32>
ST_1 : Operation 5 [1/1] (0.00ns)   --->   "%x_V_addr = getelementptr [12 x i12]* %x_V, i64 0, i64 3" [../my-conifer-prj/firmware/BDT.h:57]   --->   Operation 5 'getelementptr' 'x_V_addr' <Predicate = true> <Delay = 0.00>
ST_1 : Operation 6 [2/2] (2.32ns)   --->   "%x_V_load = load i12* %x_V_addr, align 2" [../my-conifer-prj/firmware/BDT.h:57]   --->   Operation 6 'load' 'x_V_load' <Predicate = true> <Delay = 2.32> <Core = "RAM">   --->   Core 37 'RAM' <Latency = 1> <II = 1> <Delay = 2.32> <Storage> <Opcode : 'load' 'store'> <Ports = 2> <Width = 12> <Depth = 12> <RAM>
ST_1 : Operation 7 [1/1] (0.00ns)   --->   "%x_V_addr_5 = getelementptr [12 x i12]* %x_V, i64 0, i64 9" [../my-conifer-prj/firmware/BDT.h:57]   --->   Operation 7 'getelementptr' 'x_V_addr_5' <Predicate = true> <Delay = 0.00>
ST_1 : Operation 8 [2/2] (2.32ns)   --->   "%x_V_load_1 = load i12* %x_V_addr_5, align 2" [../my-conifer-prj/firmware/BDT.h:57]   --->   Operation 8 'load' 'x_V_load_1' <Predicate = true> <Delay = 2.32> <Core = "RAM">   --->   Core 37 'RAM' <Latency = 1> <II = 1> <Delay = 2.32> <Storage> <Opcode : 'load' 'store'> <Ports = 2> <Width = 12> <Depth = 12> <RAM>

State 2 <SV = 1> <Delay = 4.31>
ST_2 : Operation 9 [1/2] (2.32ns)   --->   "%x_V_load = load i12* %x_V_addr, align 2" [../my-conifer-prj/firmware/BDT.h:57]   --->   Operation 9 'load' 'x_V_load' <Predicate = true> <Delay = 2.32> <Core = "RAM">   --->   Core 37 'RAM' <Latency = 1> <II = 1> <Delay = 2.32> <Storage> <Opcode : 'load' 'store'> <Ports = 2> <Width = 12> <Depth = 12> <RAM>
ST_2 : Operation 10 [1/1] (1.99ns)   --->   "%icmp_ln1497 = icmp slt i12 %x_V_load, -1023" [../my-conifer-prj/firmware/BDT.h:57]   --->   Operation 10 'icmp' 'icmp_ln1497' <Predicate = true> <Delay = 1.99> <Core = "Cmp">   --->   Core 25 'Cmp' <Latency = 0> <II = 1> <Delay = 1.99> <FuncUnit> <Opcode : 'icmp'> <InPorts = 2> <OutPorts = 1>
ST_2 : Operation 11 [1/2] (2.32ns)   --->   "%x_V_load_1 = load i12* %x_V_addr_5, align 2" [../my-conifer-prj/firmware/BDT.h:57]   --->   Operation 11 'load' 'x_V_load_1' <Predicate = true> <Delay = 2.32> <Core = "RAM">   --->   Core 37 'RAM' <Latency = 1> <II = 1> <Delay = 2.32> <Storage> <Opcode : 'load' 'store'> <Ports = 2> <Width = 12> <Depth = 12> <RAM>
ST_2 : Operation 12 [1/1] (1.99ns)   --->   "%icmp_ln1497_1 = icmp slt i12 %x_V_load_1, 129" [../my-conifer-prj/firmware/BDT.h:57]   --->   Operation 12 'icmp' 'icmp_ln1497_1' <Predicate = true> <Delay = 1.99> <Core = "Cmp">   --->   Core 25 'Cmp' <Latency = 0> <II = 1> <Delay = 1.99> <FuncUnit> <Opcode : 'icmp'> <InPorts = 2> <OutPorts = 1>
ST_2 : Operation 13 [1/1] (0.00ns)   --->   "%x_V_addr_6 = getelementptr [12 x i12]* %x_V, i64 0, i64 5" [../my-conifer-prj/firmware/BDT.h:57]   --->   Operation 13 'getelementptr' 'x_V_addr_6' <Predicate = true> <Delay = 0.00>
ST_2 : Operation 14 [2/2] (2.32ns)   --->   "%x_V_load_2 = load i12* %x_V_addr_6, align 2" [../my-conifer-prj/firmware/BDT.h:57]   --->   Operation 14 'load' 'x_V_load_2' <Predicate = true> <Delay = 2.32> <Core = "RAM">   --->   Core 37 'RAM' <Latency = 1> <II = 1> <Delay = 2.32> <Storage> <Opcode : 'load' 'store'> <Ports = 2> <Width = 12> <Depth = 12> <RAM>
ST_2 : Operation 15 [1/1] (0.00ns)   --->   "%x_V_addr_7 = getelementptr [12 x i12]* %x_V, i64 0, i64 0" [../my-conifer-prj/firmware/BDT.h:57]   --->   Operation 15 'getelementptr' 'x_V_addr_7' <Predicate = true> <Delay = 0.00>
ST_2 : Operation 16 [2/2] (2.32ns)   --->   "%x_V_load_5 = load i12* %x_V_addr_7, align 2" [../my-conifer-prj/firmware/BDT.h:57]   --->   Operation 16 'load' 'x_V_load_5' <Predicate = true> <Delay = 2.32> <Core = "RAM">   --->   Core 37 'RAM' <Latency = 1> <II = 1> <Delay = 2.32> <Storage> <Opcode : 'load' 'store'> <Ports = 2> <Width = 12> <Depth = 12> <RAM>
ST_2 : Operation 17 [1/1] (1.99ns)   --->   "%icmp_ln1497_7 = icmp slt i12 %x_V_load, 129" [../my-conifer-prj/firmware/BDT.h:57]   --->   Operation 17 'icmp' 'icmp_ln1497_7' <Predicate = true> <Delay = 1.99> <Core = "Cmp">   --->   Core 25 'Cmp' <Latency = 0> <II = 1> <Delay = 1.99> <FuncUnit> <Opcode : 'icmp'> <InPorts = 2> <OutPorts = 1>
ST_2 : Operation 18 [1/1] (1.99ns)   --->   "%icmp_ln1497_9 = icmp slt i12 %x_V_load, 513" [../my-conifer-prj/firmware/BDT.h:57]   --->   Operation 18 'icmp' 'icmp_ln1497_9' <Predicate = true> <Delay = 1.99> <Core = "Cmp">   --->   Core 25 'Cmp' <Latency = 0> <II = 1> <Delay = 1.99> <FuncUnit> <Opcode : 'icmp'> <InPorts = 2> <OutPorts = 1>

State 3 <SV = 2> <Delay = 4.31>
ST_3 : Operation 19 [1/2] (2.32ns)   --->   "%x_V_load_2 = load i12* %x_V_addr_6, align 2" [../my-conifer-prj/firmware/BDT.h:57]   --->   Operation 19 'load' 'x_V_load_2' <Predicate = true> <Delay = 2.32> <Core = "RAM">   --->   Core 37 'RAM' <Latency = 1> <II = 1> <Delay = 2.32> <Storage> <Opcode : 'load' 'store'> <Ports = 2> <Width = 12> <Depth = 12> <RAM>
ST_3 : Operation 20 [1/1] (1.99ns)   --->   "%icmp_ln1497_2 = icmp slt i12 %x_V_load_2, 1793" [../my-conifer-prj/firmware/BDT.h:57]   --->   Operation 20 'icmp' 'icmp_ln1497_2' <Predicate = (icmp_ln1497)> <Delay = 1.99> <Core = "Cmp">   --->   Core 25 'Cmp' <Latency = 0> <II = 1> <Delay = 1.99> <FuncUnit> <Opcode : 'icmp'> <InPorts = 2> <OutPorts = 1>
ST_3 : Operation 21 [1/2] (2.32ns)   --->   "%x_V_load_5 = load i12* %x_V_addr_7, align 2" [../my-conifer-prj/firmware/BDT.h:57]   --->   Operation 21 'load' 'x_V_load_5' <Predicate = true> <Delay = 2.32> <Core = "RAM">   --->   Core 37 'RAM' <Latency = 1> <II = 1> <Delay = 2.32> <Storage> <Opcode : 'load' 'store'> <Ports = 2> <Width = 12> <Depth = 12> <RAM>
ST_3 : Operation 22 [1/1] (1.99ns)   --->   "%icmp_ln1497_5 = icmp slt i12 %x_V_load_5, 1" [../my-conifer-prj/firmware/BDT.h:57]   --->   Operation 22 'icmp' 'icmp_ln1497_5' <Predicate = (icmp_ln1497)> <Delay = 1.99> <Core = "Cmp">   --->   Core 25 'Cmp' <Latency = 0> <II = 1> <Delay = 1.99> <FuncUnit> <Opcode : 'icmp'> <InPorts = 2> <OutPorts = 1>
ST_3 : Operation 23 [1/1] (0.00ns)   --->   "%x_V_addr_8 = getelementptr [12 x i12]* %x_V, i64 0, i64 8" [../my-conifer-prj/firmware/BDT.h:57]   --->   Operation 23 'getelementptr' 'x_V_addr_8' <Predicate = true> <Delay = 0.00>
ST_3 : Operation 24 [2/2] (2.32ns)   --->   "%x_V_load_6 = load i12* %x_V_addr_8, align 2" [../my-conifer-prj/firmware/BDT.h:57]   --->   Operation 24 'load' 'x_V_load_6' <Predicate = true> <Delay = 2.32> <Core = "RAM">   --->   Core 37 'RAM' <Latency = 1> <II = 1> <Delay = 2.32> <Storage> <Opcode : 'load' 'store'> <Ports = 2> <Width = 12> <Depth = 12> <RAM>

State 4 <SV = 3> <Delay = 7.77>
ST_4 : Operation 25 [1/1] (0.00ns)   --->   "call void (...)* @_ssdm_op_SpecPipeline(i32 1, i32 1, i32 1, i32 0, [1 x i8]* @p_str) nounwind" [../my-conifer-prj/firmware/BDT.h:25]   --->   Operation 25 'specpipeline' <Predicate = true> <Delay = 0.00>
ST_4 : Operation 26 [1/2] (2.32ns)   --->   "%x_V_load_6 = load i12* %x_V_addr_8, align 2" [../my-conifer-prj/firmware/BDT.h:57]   --->   Operation 26 'load' 'x_V_load_6' <Predicate = true> <Delay = 2.32> <Core = "RAM">   --->   Core 37 'RAM' <Latency = 1> <II = 1> <Delay = 2.32> <Storage> <Opcode : 'load' 'store'> <Ports = 2> <Width = 12> <Depth = 12> <RAM>
ST_4 : Operation 27 [1/1] (1.99ns)   --->   "%icmp_ln1497_8 = icmp slt i12 %x_V_load_6, 1665" [../my-conifer-prj/firmware/BDT.h:57]   --->   Operation 27 'icmp' 'icmp_ln1497_8' <Predicate = true> <Delay = 1.99> <Core = "Cmp">   --->   Core 25 'Cmp' <Latency = 0> <II = 1> <Delay = 1.99> <FuncUnit> <Opcode : 'icmp'> <InPorts = 2> <OutPorts = 1>
ST_4 : Operation 28 [1/1] (0.97ns)   --->   "%and_ln73 = and i1 %icmp_ln1497_1, %icmp_ln1497" [../my-conifer-prj/firmware/BDT.h:73]   --->   Operation 28 'and' 'and_ln73' <Predicate = (icmp_ln1497)> <Delay = 0.97> <Core = "LogicGate">   --->   Core 27 'LogicGate' <Latency = 0> <II = 1> <Delay = 0.97> <FuncUnit> <Opcode : 'and' 'or' 'xor'> <InPorts = 2> <OutPorts = 1>
ST_4 : Operation 29 [1/1] (0.00ns) (grouped into LUT with out node select_ln89_7)   --->   "%and_ln73_6 = and i1 %icmp_ln1497_2, %and_ln73" [../my-conifer-prj/firmware/BDT.h:73]   --->   Operation 29 'and' 'and_ln73_6' <Predicate = (icmp_ln1497)> <Delay = 0.00> <Core = "LogicGate">   --->   Core 27 'LogicGate' <Latency = 0> <II = 1> <Delay = 0.97> <FuncUnit> <Opcode : 'and' 'or' 'xor'> <InPorts = 2> <OutPorts = 1>
ST_4 : Operation 30 [1/1] (0.00ns) (grouped into LUT with out node or_ln88)   --->   "%xor_ln75 = xor i1 %icmp_ln1497_1, true" [../my-conifer-prj/firmware/BDT.h:75]   --->   Operation 30 'xor' 'xor_ln75' <Predicate = (icmp_ln1497)> <Delay = 0.00> <Core = "LogicGate">   --->   Core 27 'LogicGate' <Latency = 0> <II = 1> <Delay = 0.97> <FuncUnit> <Opcode : 'and' 'or' 'xor'> <InPorts = 2> <OutPorts = 1>
ST_4 : Operation 31 [1/1] (0.00ns) (grouped into LUT with out node or_ln88)   --->   "%and_ln73_11 = and i1 %icmp_ln1497_5, %xor_ln75" [../my-conifer-prj/firmware/BDT.h:73]   --->   Operation 31 'and' 'and_ln73_11' <Predicate = (icmp_ln1497)> <Delay = 0.00> <Core = "LogicGate">   --->   Core 27 'LogicGate' <Latency = 0> <II = 1> <Delay = 0.97> <FuncUnit> <Opcode : 'and' 'or' 'xor'> <InPorts = 2> <OutPorts = 1>
ST_4 : Operation 32 [1/1] (0.00ns) (grouped into LUT with out node or_ln88)   --->   "%and_ln73_7 = and i1 %and_ln73_11, %icmp_ln1497" [../my-conifer-prj/firmware/BDT.h:73]   --->   Operation 32 'and' 'and_ln73_7' <Predicate = (icmp_ln1497)> <Delay = 0.00> <Core = "LogicGate">   --->   Core 27 'LogicGate' <Latency = 0> <II = 1> <Delay = 0.97> <FuncUnit> <Opcode : 'and' 'or' 'xor'> <InPorts = 2> <OutPorts = 1>
ST_4 : Operation 33 [1/1] (0.97ns)   --->   "%xor_ln75_3 = xor i1 %icmp_ln1497, true" [../my-conifer-prj/firmware/BDT.h:75]   --->   Operation 33 'xor' 'xor_ln75_3' <Predicate = true> <Delay = 0.97> <Core = "LogicGate">   --->   Core 27 'LogicGate' <Latency = 0> <II = 1> <Delay = 0.97> <FuncUnit> <Opcode : 'and' 'or' 'xor'> <InPorts = 2> <OutPorts = 1>
ST_4 : Operation 34 [1/1] (0.97ns)   --->   "%and_ln73_8 = and i1 %icmp_ln1497_7, %xor_ln75_3" [../my-conifer-prj/firmware/BDT.h:73]   --->   Operation 34 'and' 'and_ln73_8' <Predicate = true> <Delay = 0.97> <Core = "LogicGate">   --->   Core 27 'LogicGate' <Latency = 0> <II = 1> <Delay = 0.97> <FuncUnit> <Opcode : 'and' 'or' 'xor'> <InPorts = 2> <OutPorts = 1>
ST_4 : Operation 35 [1/1] (0.00ns) (grouped into LUT with out node select_ln89_9)   --->   "%and_ln73_9 = and i1 %icmp_ln1497_8, %and_ln73_8" [../my-conifer-prj/firmware/BDT.h:73]   --->   Operation 35 'and' 'and_ln73_9' <Predicate = true> <Delay = 0.00> <Core = "LogicGate">   --->   Core 27 'LogicGate' <Latency = 0> <II = 1> <Delay = 0.97> <FuncUnit> <Opcode : 'and' 'or' 'xor'> <InPorts = 2> <OutPorts = 1>
ST_4 : Operation 36 [1/1] (0.00ns) (grouped into LUT with out node tmp)   --->   "%xor_ln75_4 = xor i1 %icmp_ln1497_7, true" [../my-conifer-prj/firmware/BDT.h:75]   --->   Operation 36 'xor' 'xor_ln75_4' <Predicate = true> <Delay = 0.00> <Core = "LogicGate">   --->   Core 27 'LogicGate' <Latency = 0> <II = 1> <Delay = 0.97> <FuncUnit> <Opcode : 'and' 'or' 'xor'> <InPorts = 2> <OutPorts = 1>
ST_4 : Operation 37 [1/1] (0.00ns) (grouped into LUT with out node tmp)   --->   "%and_ln73_12 = and i1 %icmp_ln1497_9, %xor_ln75_3" [../my-conifer-prj/firmware/BDT.h:73]   --->   Operation 37 'and' 'and_ln73_12' <Predicate = true> <Delay = 0.00> <Core = "LogicGate">   --->   Core 27 'LogicGate' <Latency = 0> <II = 1> <Delay = 0.97> <FuncUnit> <Opcode : 'and' 'or' 'xor'> <InPorts = 2> <OutPorts = 1>
ST_4 : Operation 38 [1/1] (0.00ns) (grouped into LUT with out node tmp)   --->   "%and_ln73_10 = and i1 %and_ln73_12, %xor_ln75_4" [../my-conifer-prj/firmware/BDT.h:73]   --->   Operation 38 'and' 'and_ln73_10' <Predicate = true> <Delay = 0.00> <Core = "LogicGate">   --->   Core 27 'LogicGate' <Latency = 0> <II = 1> <Delay = 0.97> <FuncUnit> <Opcode : 'and' 'or' 'xor'> <InPorts = 2> <OutPorts = 1>
ST_4 : Operation 39 [1/1] (0.97ns) (out node of the LUT)   --->   "%or_ln88 = or i1 %and_ln73, %and_ln73_7" [../my-conifer-prj/firmware/BDT.h:88]   --->   Operation 39 'or' 'or_ln88' <Predicate = (icmp_ln1497)> <Delay = 0.97> <Core = "LogicGate">   --->   Core 27 'LogicGate' <Latency = 0> <II = 1> <Delay = 0.97> <FuncUnit> <Opcode : 'and' 'or' 'xor'> <InPorts = 2> <OutPorts = 1>
ST_4 : Operation 40 [1/1] (0.00ns) (grouped into LUT with out node select_ln89_9)   --->   "%or_ln88_4 = or i1 %icmp_ln1497, %and_ln73_9" [../my-conifer-prj/firmware/BDT.h:88]   --->   Operation 40 'or' 'or_ln88_4' <Predicate = true> <Delay = 0.00> <Core = "LogicGate">   --->   Core 27 'LogicGate' <Latency = 0> <II = 1> <Delay = 0.97> <FuncUnit> <Opcode : 'and' 'or' 'xor'> <InPorts = 2> <OutPorts = 1>
ST_4 : Operation 41 [1/1] (0.97ns)   --->   "%or_ln88_5 = or i1 %icmp_ln1497, %and_ln73_8" [../my-conifer-prj/firmware/BDT.h:88]   --->   Operation 41 'or' 'or_ln88_5' <Predicate = true> <Delay = 0.97> <Core = "LogicGate">   --->   Core 27 'LogicGate' <Latency = 0> <II = 1> <Delay = 0.97> <FuncUnit> <Opcode : 'and' 'or' 'xor'> <InPorts = 2> <OutPorts = 1>
ST_4 : Operation 42 [1/1] (0.00ns) (grouped into LUT with out node tmp)   --->   "%or_ln88_6 = or i1 %or_ln88_5, %and_ln73_10" [../my-conifer-prj/firmware/BDT.h:88]   --->   Operation 42 'or' 'or_ln88_6' <Predicate = true> <Delay = 0.00> <Core = "LogicGate">   --->   Core 27 'LogicGate' <Latency = 0> <II = 1> <Delay = 0.97> <FuncUnit> <Opcode : 'and' 'or' 'xor'> <InPorts = 2> <OutPorts = 1>
ST_4 : Operation 43 [1/1] (0.00ns) (grouped into LUT with out node select_ln89_7)   --->   "%xor_ln89 = xor i1 %and_ln73_6, true" [../my-conifer-prj/firmware/BDT.h:89]   --->   Operation 43 'xor' 'xor_ln89' <Predicate = (icmp_ln1497)> <Delay = 0.00> <Core = "LogicGate">   --->   Core 27 'LogicGate' <Latency = 0> <II = 1> <Delay = 0.97> <FuncUnit> <Opcode : 'and' 'or' 'xor'> <InPorts = 2> <OutPorts = 1>
ST_4 : Operation 44 [1/1] (0.00ns) (grouped into LUT with out node select_ln89_7)   --->   "%zext_ln89 = zext i1 %xor_ln89 to i2" [../my-conifer-prj/firmware/BDT.h:89]   --->   Operation 44 'zext' 'zext_ln89' <Predicate = (icmp_ln1497)> <Delay = 0.00>
ST_4 : Operation 45 [1/1] (0.00ns) (grouped into LUT with out node select_ln89_7)   --->   "%select_ln89 = select i1 %and_ln73, i2 %zext_ln89, i2 -2" [../my-conifer-prj/firmware/BDT.h:89]   --->   Operation 45 'select' 'select_ln89' <Predicate = (icmp_ln1497)> <Delay = 0.00> <Core = "Sel">   --->   Core 26 'Sel' <Latency = 0> <II = 1> <Delay = 0.98> <FuncUnit> <Opcode : 'select'> <InPorts = 3> <OutPorts = 1>
ST_4 : Operation 46 [1/1] (0.00ns) (grouped into LUT with out node select_ln89_7)   --->   "%select_ln89_6 = select i1 %or_ln88, i2 %select_ln89, i2 -1" [../my-conifer-prj/firmware/BDT.h:89]   --->   Operation 46 'select' 'select_ln89_6' <Predicate = (icmp_ln1497)> <Delay = 0.00> <Core = "Sel">   --->   Core 26 'Sel' <Latency = 0> <II = 1> <Delay = 0.98> <FuncUnit> <Opcode : 'select'> <InPorts = 3> <OutPorts = 1>
ST_4 : Operation 47 [1/1] (0.00ns) (grouped into LUT with out node select_ln89_7)   --->   "%zext_ln89_2 = zext i2 %select_ln89_6 to i3" [../my-conifer-prj/firmware/BDT.h:89]   --->   Operation 47 'zext' 'zext_ln89_2' <Predicate = (icmp_ln1497)> <Delay = 0.00>
ST_4 : Operation 48 [1/1] (0.99ns) (out node of the LUT)   --->   "%select_ln89_7 = select i1 %icmp_ln1497, i3 %zext_ln89_2, i3 -4" [../my-conifer-prj/firmware/BDT.h:89]   --->   Operation 48 'select' 'select_ln89_7' <Predicate = true> <Delay = 0.99> <Core = "Sel">   --->   Core 26 'Sel' <Latency = 0> <II = 1> <Delay = 0.98> <FuncUnit> <Opcode : 'select'> <InPorts = 3> <OutPorts = 1>
ST_4 : Operation 49 [1/1] (0.00ns) (grouped into LUT with out node select_ln89_9)   --->   "%select_ln89_8 = select i1 %or_ln88_4, i3 %select_ln89_7, i3 -3" [../my-conifer-prj/firmware/BDT.h:89]   --->   Operation 49 'select' 'select_ln89_8' <Predicate = true> <Delay = 0.00> <Core = "Sel">   --->   Core 26 'Sel' <Latency = 0> <II = 1> <Delay = 0.98> <FuncUnit> <Opcode : 'select'> <InPorts = 3> <OutPorts = 1>
ST_4 : Operation 50 [1/1] (0.98ns) (out node of the LUT)   --->   "%select_ln89_9 = select i1 %or_ln88_5, i3 %select_ln89_8, i3 -2" [../my-conifer-prj/firmware/BDT.h:89]   --->   Operation 50 'select' 'select_ln89_9' <Predicate = true> <Delay = 0.98> <Core = "Sel">   --->   Core 26 'Sel' <Latency = 0> <II = 1> <Delay = 0.98> <FuncUnit> <Opcode : 'select'> <InPorts = 3> <OutPorts = 1>
ST_4 : Operation 51 [1/1] (0.00ns) (grouped into LUT with out node tmp)   --->   "%select_ln89_10 = select i1 %or_ln88_6, i3 %select_ln89_9, i3 -1" [../my-conifer-prj/firmware/BDT.h:89]   --->   Operation 51 'select' 'select_ln89_10' <Predicate = true> <Delay = 0.00> <Core = "Sel">   --->   Core 26 'Sel' <Latency = 0> <II = 1> <Delay = 0.98> <FuncUnit> <Opcode : 'select'> <InPorts = 3> <OutPorts = 1>
ST_4 : Operation 52 [1/1] (2.47ns) (out node of the LUT)   --->   "%tmp = call i12 @_ssdm_op_Mux.ap_auto.8i12.i3(i12 10, i12 -41, i12 25, i12 -29, i12 -36, i12 -7, i12 19, i12 -16, i3 %select_ln89_10)" [../my-conifer-prj/firmware/BDT.h:89]   --->   Operation 52 'mux' 'tmp' <Predicate = true> <Delay = 2.47> <Core = "MuxnS">   --->   Core 31 'MuxnS' <Latency = 0> <II = 1> <Delay = 2.47> <FuncUnit> <Opcode : 'mux'> <InPorts = 2> <OutPorts = 1>
ST_4 : Operation 53 [1/1] (0.00ns)   --->   "ret i12 %tmp" [../my-conifer-prj/firmware/BDT.h:93]   --->   Operation 53 'ret' <Predicate = true> <Delay = 0.00>


============================================================
+ Verbose Summary: Binding
============================================================
STG Binding: 
---------------- STG Properties BEGIN ----------------
- Is combinational: 0
- Is one-state seq: 0
- Is datapath-only: 0
- Is pipelined: 1
- Is top level: 0
Port [ Return ] is wired: 1; IO mode=ap_ctrl_hs:ce=0
Port [ x_V]:  wired=1; compound=1; hidden=0; nouse=0; global=0; static=0; extern=0; dir=0; type=1; pingpong=0; private_global=0; MemPort=[11]; IO mode=ap_memory:ce=0
---------------- STG Properties END ------------------

---------------- Datapath Model BEGIN ----------------

<LifeTime>
<method=bitvector/>
x_V_addr          (getelementptr) [ 00100]
x_V_addr_5        (getelementptr) [ 00100]
x_V_load          (load         ) [ 00000]
icmp_ln1497       (icmp         ) [ 01011]
x_V_load_1        (load         ) [ 00000]
icmp_ln1497_1     (icmp         ) [ 01011]
x_V_addr_6        (getelementptr) [ 00010]
x_V_addr_7        (getelementptr) [ 00010]
icmp_ln1497_7     (icmp         ) [ 01011]
icmp_ln1497_9     (icmp         ) [ 01011]
x_V_load_2        (load         ) [ 00000]
icmp_ln1497_2     (icmp         ) [ 01001]
x_V_load_5        (load         ) [ 00000]
icmp_ln1497_5     (icmp         ) [ 01001]
x_V_addr_8        (getelementptr) [ 01001]
specpipeline_ln25 (specpipeline ) [ 00000]
x_V_load_6        (load         ) [ 00000]
icmp_ln1497_8     (icmp         ) [ 00000]
and_ln73          (and          ) [ 00000]
and_ln73_6        (and          ) [ 00000]
xor_ln75          (xor          ) [ 00000]
and_ln73_11       (and          ) [ 00000]
and_ln73_7        (and          ) [ 00000]
xor_ln75_3        (xor          ) [ 00000]
and_ln73_8        (and          ) [ 00000]
and_ln73_9        (and          ) [ 00000]
xor_ln75_4        (xor          ) [ 00000]
and_ln73_12       (and          ) [ 00000]
and_ln73_10       (and          ) [ 00000]
or_ln88           (or           ) [ 00000]
or_ln88_4         (or           ) [ 00000]
or_ln88_5         (or           ) [ 00000]
or_ln88_6         (or           ) [ 00000]
xor_ln89          (xor          ) [ 00000]
zext_ln89         (zext         ) [ 00000]
select_ln89       (select       ) [ 00000]
select_ln89_6     (select       ) [ 00000]
zext_ln89_2       (zext         ) [ 00000]
select_ln89_7     (select       ) [ 00000]
select_ln89_8     (select       ) [ 00000]
select_ln89_9     (select       ) [ 00000]
select_ln89_10    (select       ) [ 00000]
tmp               (mux          ) [ 00000]
ret_ln93          (ret          ) [ 00000]
</LifeTime>

<model>

<comp_list>
<comp id="0" class="1000" name="x_V">
<pin_list>
<pin id="1" dir="1" index="0" bw="1" slack="0"/>
</pin_list>
<bind>
<StgValue><ssdm name="x_V"/><MemPortTyVec>1 1 </MemPortTyVec>
</StgValue>
</bind>
</comp>

<comp id="2" class="1001" name="const_2">
<pin_list>
<pin id="3" dir="1" index="0" bw="1" slack="0"/>
</pin_list>
<bind>
<StgValue><ssdm name=""/></StgValue>
</bind>
</comp>

<comp id="4" class="1001" name="const_4">
<pin_list>
<pin id="5" dir="1" index="0" bw="1" slack="0"/>
</pin_list>
<bind>
<StgValue><ssdm name=""/></StgValue>
</bind>
</comp>

<comp id="6" class="1001" name="const_6">
<pin_list>
<pin id="7" dir="1" index="0" bw="1" slack="0"/>
</pin_list>
<bind>
<StgValue><ssdm name=""/></StgValue>
</bind>
</comp>

<comp id="8" class="1001" name="const_8">
<pin_list>
<pin id="9" dir="1" index="0" bw="1" slack="0"/>
</pin_list>
<bind>
<StgValue><ssdm name=""/></StgValue>
</bind>
</comp>

<comp id="10" class="1001" name="const_10">
<pin_list>
<pin id="11" dir="1" index="0" bw="1" slack="0"/>
</pin_list>
<bind>
<StgValue><ssdm name=""/></StgValue>
</bind>
</comp>

<comp id="12" class="1001" name="const_12">
<pin_list>
<pin id="13" dir="1" index="0" bw="1" slack="0"/>
</pin_list>
<bind>
<StgValue><ssdm name=""/></StgValue>
</bind>
</comp>

<comp id="14" class="1001" name="const_14">
<pin_list>
<pin id="15" dir="1" index="0" bw="1" slack="0"/>
</pin_list>
<bind>
<StgValue><ssdm name=""/></StgValue>
</bind>
</comp>

<comp id="16" class="1001" name="const_16">
<pin_list>
<pin id="17" dir="1" index="0" bw="1" slack="0"/>
</pin_list>
<bind>
<StgValue><ssdm name=""/></StgValue>
</bind>
</comp>

<comp id="18" class="1001" name="const_18">
<pin_list>
<pin id="19" dir="1" index="0" bw="1" slack="0"/>
</pin_list>
<bind>
<StgValue><ssdm name=""/></StgValue>
</bind>
</comp>

<comp id="20" class="1001" name="const_20">
<pin_list>
<pin id="21" dir="1" index="0" bw="1" slack="0"/>
</pin_list>
<bind>
<StgValue><ssdm name=""/></StgValue>
</bind>
</comp>

<comp id="22" class="1001" name="const_22">
<pin_list>
<pin id="23" dir="1" index="0" bw="1" slack="2147483647"/>
</pin_list>
<bind>
<StgValue><ssdm name="_ssdm_op_SpecPipeline"/></StgValue>
</bind>
</comp>

<comp id="24" class="1001" name="const_24">
<pin_list>
<pin id="25" dir="1" index="0" bw="1" slack="2147483647"/>
</pin_list>
<bind>
<StgValue><ssdm name=""/></StgValue>
</bind>
</comp>

<comp id="26" class="1001" name="const_26">
<pin_list>
<pin id="27" dir="1" index="0" bw="1" slack="2147483647"/>
</pin_list>
<bind>
<StgValue><ssdm name=""/></StgValue>
</bind>
</comp>

<comp id="28" class="1001" name="const_28">
<pin_list>
<pin id="29" dir="1" index="0" bw="1" slack="2147483647"/>
</pin_list>
<bind>
<StgValue><ssdm name="p_str"/></StgValue>
</bind>
</comp>

<comp id="30" class="1001" name="const_30">
<pin_list>
<pin id="31" dir="1" index="0" bw="1" slack="0"/>
</pin_list>
<bind>
<StgValue><ssdm name=""/></StgValue>
</bind>
</comp>

<comp id="32" class="1001" name="const_32">
<pin_list>
<pin id="33" dir="1" index="0" bw="1" slack="0"/>
</pin_list>
<bind>
<StgValue><ssdm name=""/></StgValue>
</bind>
</comp>

<comp id="34" class="1001" name="const_34">
<pin_list>
<pin id="35" dir="1" index="0" bw="1" slack="0"/>
</pin_list>
<bind>
<StgValue><ssdm name=""/></StgValue>
</bind>
</comp>

<comp id="36" class="1001" name="const_36">
<pin_list>
<pin id="37" dir="1" index="0" bw="1" slack="0"/>
</pin_list>
<bind>
<StgValue><ssdm name=""/></StgValue>
</bind>
</comp>

<comp id="38" class="1001" name="const_38">
<pin_list>
<pin id="39" dir="1" index="0" bw="1" slack="0"/>
</pin_list>
<bind>
<StgValue><ssdm name=""/></StgValue>
</bind>
</comp>

<comp id="40" class="1001" name="const_40">
<pin_list>
<pin id="41" dir="1" index="0" bw="1" slack="0"/>
</pin_list>
<bind>
<StgValue><ssdm name=""/></StgValue>
</bind>
</comp>

<comp id="42" class="1001" name="const_42">
<pin_list>
<pin id="43" dir="1" index="0" bw="1" slack="0"/>
</pin_list>
<bind>
<StgValue><ssdm name=""/></StgValue>
</bind>
</comp>

<comp id="44" class="1001" name="const_44">
<pin_list>
<pin id="45" dir="1" index="0" bw="1" slack="0"/>
</pin_list>
<bind>
<StgValue><ssdm name=""/></StgValue>
</bind>
</comp>

<comp id="46" class="1001" name="const_46">
<pin_list>
<pin id="47" dir="1" index="0" bw="1" slack="0"/>
</pin_list>
<bind>
<StgValue><ssdm name="_ssdm_op_Mux.ap_auto.8i12.i3"/></StgValue>
</bind>
</comp>

<comp id="48" class="1001" name="const_48">
<pin_list>
<pin id="49" dir="1" index="0" bw="1" slack="0"/>
</pin_list>
<bind>
<StgValue><ssdm name=""/></StgValue>
</bind>
</comp>

<comp id="50" class="1001" name="const_50">
<pin_list>
<pin id="51" dir="1" index="0" bw="1" slack="0"/>
</pin_list>
<bind>
<StgValue><ssdm name=""/></StgValue>
</bind>
</comp>

<comp id="52" class="1001" name="const_52">
<pin_list>
<pin id="53" dir="1" index="0" bw="1" slack="0"/>
</pin_list>
<bind>
<StgValue><ssdm name=""/></StgValue>
</bind>
</comp>

<comp id="54" class="1001" name="const_54">
<pin_list>
<pin id="55" dir="1" index="0" bw="1" slack="0"/>
</pin_list>
<bind>
<StgValue><ssdm name=""/></StgValue>
</bind>
</comp>

<comp id="56" class="1001" name="const_56">
<pin_list>
<pin id="57" dir="1" index="0" bw="1" slack="0"/>
</pin_list>
<bind>
<StgValue><ssdm name=""/></StgValue>
</bind>
</comp>

<comp id="58" class="1001" name="const_58">
<pin_list>
<pin id="59" dir="1" index="0" bw="1" slack="0"/>
</pin_list>
<bind>
<StgValue><ssdm name=""/></StgValue>
</bind>
</comp>

<comp id="60" class="1001" name="const_60">
<pin_list>
<pin id="61" dir="1" index="0" bw="1" slack="0"/>
</pin_list>
<bind>
<StgValue><ssdm name=""/></StgValue>
</bind>
</comp>

<comp id="62" class="1001" name="const_62">
<pin_list>
<pin id="63" dir="1" index="0" bw="1" slack="0"/>
</pin_list>
<bind>
<StgValue><ssdm name=""/></StgValue>
</bind>
</comp>

<comp id="64" class="1004" name="x_V_addr_gep_fu_64">
<pin_list>
<pin id="65" dir="0" index="0" bw="12" slack="0"/>
<pin id="66" dir="0" index="1" bw="1" slack="0"/>
<pin id="67" dir="0" index="2" bw="3" slack="0"/>
<pin id="68" dir="1" index="3" bw="4" slack="0"/>
</pin_list>
<bind>
<opcode="getelementptr(29) " fcode="getelementptr"/>
<opset="x_V_addr/1 "/>
</bind>
</comp>

<comp id="72" class="1004" name="grp_access_fu_72">
<pin_list>
<pin id="73" dir="0" index="0" bw="4" slack="0"/>
<pin id="74" dir="0" index="1" bw="12" slack="2147483647"/>
<pin id="75" dir="0" index="2" bw="0" slack="0"/>
<pin id="86" dir="0" index="4" bw="4" slack="2147483647"/>
<pin id="87" dir="0" index="5" bw="12" slack="2147483647"/>
<pin id="88" dir="0" index="6" bw="0" slack="2147483647"/>
<pin id="76" dir="1" index="3" bw="12" slack="0"/>
<pin id="89" dir="1" index="7" bw="12" slack="0"/>
</pin_list>
<bind>
<opcode="load(27) " fcode="load"/>
<opset="x_V_load/1 x_V_load_1/1 x_V_load_2/2 x_V_load_5/2 x_V_load_6/3 "/>
</bind>
</comp>

<comp id="78" class="1004" name="x_V_addr_5_gep_fu_78">
<pin_list>
<pin id="79" dir="0" index="0" bw="12" slack="0"/>
<pin id="80" dir="0" index="1" bw="1" slack="0"/>
<pin id="81" dir="0" index="2" bw="5" slack="0"/>
<pin id="82" dir="1" index="3" bw="4" slack="0"/>
</pin_list>
<bind>
<opcode="getelementptr(29) " fcode="getelementptr"/>
<opset="x_V_addr_5/1 "/>
</bind>
</comp>

<comp id="91" class="1004" name="x_V_addr_6_gep_fu_91">
<pin_list>
<pin id="92" dir="0" index="0" bw="12" slack="0"/>
<pin id="93" dir="0" index="1" bw="1" slack="0"/>
<pin id="94" dir="0" index="2" bw="4" slack="0"/>
<pin id="95" dir="1" index="3" bw="4" slack="0"/>
</pin_list>
<bind>
<opcode="getelementptr(29) " fcode="getelementptr"/>
<opset="x_V_addr_6/2 "/>
</bind>
</comp>

<comp id="100" class="1004" name="x_V_addr_7_gep_fu_100">
<pin_list>
<pin id="101" dir="0" index="0" bw="12" slack="0"/>
<pin id="102" dir="0" index="1" bw="1" slack="0"/>
<pin id="103" dir="0" index="2" bw="1" slack="0"/>
<pin id="104" dir="1" index="3" bw="4" slack="0"/>
</pin_list>
<bind>
<opcode="getelementptr(29) " fcode="getelementptr"/>
<opset="x_V_addr_7/2 "/>
</bind>
</comp>

<comp id="109" class="1004" name="x_V_addr_8_gep_fu_109">
<pin_list>
<pin id="110" dir="0" index="0" bw="12" slack="0"/>
<pin id="111" dir="0" index="1" bw="1" slack="0"/>
<pin id="112" dir="0" index="2" bw="5" slack="0"/>
<pin id="113" dir="1" index="3" bw="4" slack="0"/>
</pin_list>
<bind>
<opcode="getelementptr(29) " fcode="getelementptr"/>
<opset="x_V_addr_8/3 "/>
</bind>
</comp>

<comp id="118" class="1004" name="icmp_ln1497_fu_118">
<pin_list>
<pin id="119" dir="0" index="0" bw="12" slack="0"/>
<pin id="120" dir="0" index="1" bw="11" slack="0"/>
<pin id="121" dir="1" index="2" bw="1" slack="1"/>
</pin_list>
<bind>
<opcode="icmp(45) " fcode="icmp"/>
<opset="icmp_ln1497/2 "/>
</bind>
</comp>

<comp id="124" class="1004" name="icmp_ln1497_1_fu_124">
<pin_list>
<pin id="125" dir="0" index="0" bw="12" slack="0"/>
<pin id="126" dir="0" index="1" bw="9" slack="0"/>
<pin id="127" dir="1" index="2" bw="1" slack="2"/>
</pin_list>
<bind>
<opcode="icmp(45) " fcode="icmp"/>
<opset="icmp_ln1497_1/2 "/>
</bind>
</comp>

<comp id="130" class="1004" name="icmp_ln1497_7_fu_130">
<pin_list>
<pin id="131" dir="0" index="0" bw="12" slack="0"/>
<pin id="132" dir="0" index="1" bw="9" slack="0"/>
<pin id="133" dir="1" index="2" bw="1" slack="2"/>
</pin_list>
<bind>
<opcode="icmp(45) " fcode="icmp"/>
<opset="icmp_ln1497_7/2 "/>
</bind>
</comp>

<comp id="136" class="1004" name="icmp_ln1497_9_fu_136">
<pin_list>
<pin id="137" dir="0" index="0" bw="12" slack="0"/>
<pin id="138" dir="0" index="1" bw="11" slack="0"/>
<pin id="139" dir="1" index="2" bw="1" slack="2"/>
</pin_list>
<bind>
<opcode="icmp(45) " fcode="icmp"/>
<opset="icmp_ln1497_9/2 "/>
</bind>
</comp>

<comp id="142" class="1004" name="icmp_ln1497_2_fu_142">
<pin_list>
<pin id="143" dir="0" index="0" bw="12" slack="0"/>
<pin id="144" dir="0" index="1" bw="12" slack="0"/>
<pin id="145" dir="1" index="2" bw="1" slack="1"/>
</pin_list>
<bind>
<opcode="icmp(45) " fcode="icmp"/>
<opset="icmp_ln1497_2/3 "/>
</bind>
</comp>

<comp id="148" class="1004" name="icmp_ln1497_5_fu_148">
<pin_list>
<pin id="149" dir="0" index="0" bw="12" slack="0"/>
<pin id="150" dir="0" index="1" bw="1" slack="0"/>
<pin id="151" dir="1" index="2" bw="1" slack="1"/>
</pin_list>
<bind>
<opcode="icmp(45) " fcode="icmp"/>
<opset="icmp_ln1497_5/3 "/>
</bind>
</comp>

<comp id="154" class="1004" name="icmp_ln1497_8_fu_154">
<pin_list>
<pin id="155" dir="0" index="0" bw="12" slack="0"/>
<pin id="156" dir="0" index="1" bw="12" slack="0"/>
<pin id="157" dir="1" index="2" bw="1" slack="0"/>
</pin_list>
<bind>
<opcode="icmp(45) " fcode="icmp"/>
<opset="icmp_ln1497_8/4 "/>
</bind>
</comp>

<comp id="160" class="1004" name="and_ln73_fu_160">
<pin_list>
<pin id="161" dir="0" index="0" bw="1" slack="2"/>
<pin id="162" dir="0" index="1" bw="1" slack="2"/>
<pin id="163" dir="1" index="2" bw="1" slack="0"/>
</pin_list>
<bind>
<opcode="and(23) " fcode="and"/>
<opset="and_ln73/4 "/>
</bind>
</comp>

<comp id="164" class="1004" name="and_ln73_6_fu_164">
<pin_list>
<pin id="165" dir="0" index="0" bw="1" slack="1"/>
<pin id="166" dir="0" index="1" bw="1" slack="0"/>
<pin id="167" dir="1" index="2" bw="1" slack="0"/>
</pin_list>
<bind>
<opcode="and(23) " fcode="and"/>
<opset="and_ln73_6/4 "/>
</bind>
</comp>

<comp id="169" class="1004" name="xor_ln75_fu_169">
<pin_list>
<pin id="170" dir="0" index="0" bw="1" slack="2"/>
<pin id="171" dir="0" index="1" bw="1" slack="0"/>
<pin id="172" dir="1" index="2" bw="1" slack="0"/>
</pin_list>
<bind>
<opcode="xor(25) " fcode="xor"/>
<opset="xor_ln75/4 "/>
</bind>
</comp>

<comp id="174" class="1004" name="and_ln73_11_fu_174">
<pin_list>
<pin id="175" dir="0" index="0" bw="1" slack="1"/>
<pin id="176" dir="0" index="1" bw="1" slack="0"/>
<pin id="177" dir="1" index="2" bw="1" slack="0"/>
</pin_list>
<bind>
<opcode="and(23) " fcode="and"/>
<opset="and_ln73_11/4 "/>
</bind>
</comp>

<comp id="179" class="1004" name="and_ln73_7_fu_179">
<pin_list>
<pin id="180" dir="0" index="0" bw="1" slack="0"/>
<pin id="181" dir="0" index="1" bw="1" slack="2"/>
<pin id="182" dir="1" index="2" bw="1" slack="0"/>
</pin_list>
<bind>
<opcode="and(23) " fcode="and"/>
<opset="and_ln73_7/4 "/>
</bind>
</comp>

<comp id="184" class="1004" name="xor_ln75_3_fu_184">
<pin_list>
<pin id="185" dir="0" index="0" bw="1" slack="2"/>
<pin id="186" dir="0" index="1" bw="1" slack="0"/>
<pin id="187" dir="1" index="2" bw="1" slack="0"/>
</pin_list>
<bind>
<opcode="xor(25) " fcode="xor"/>
<opset="xor_ln75_3/4 "/>
</bind>
</comp>

<comp id="189" class="1004" name="and_ln73_8_fu_189">
<pin_list>
<pin id="190" dir="0" index="0" bw="1" slack="2"/>
<pin id="191" dir="0" index="1" bw="1" slack="0"/>
<pin id="192" dir="1" index="2" bw="1" slack="0"/>
</pin_list>
<bind>
<opcode="and(23) " fcode="and"/>
<opset="and_ln73_8/4 "/>
</bind>
</comp>

<comp id="194" class="1004" name="and_ln73_9_fu_194">
<pin_list>
<pin id="195" dir="0" index="0" bw="1" slack="0"/>
<pin id="196" dir="0" index="1" bw="1" slack="0"/>
<pin id="197" dir="1" index="2" bw="1" slack="0"/>
</pin_list>
<bind>
<opcode="and(23) " fcode="and"/>
<opset="and_ln73_9/4 "/>
</bind>
</comp>

<comp id="200" class="1004" name="xor_ln75_4_fu_200">
<pin_list>
<pin id="201" dir="0" index="0" bw="1" slack="2"/>
<pin id="202" dir="0" index="1" bw="1" slack="0"/>
<pin id="203" dir="1" index="2" bw="1" slack="0"/>
</pin_list>
<bind>
<opcode="xor(25) " fcode="xor"/>
<opset="xor_ln75_4/4 "/>
</bind>
</comp>

<comp id="205" class="1004" name="and_ln73_12_fu_205">
<pin_list>
<pin id="206" dir="0" index="0" bw="1" slack="2"/>
<pin id="207" dir="0" index="1" bw="1" slack="0"/>
<pin id="208" dir="1" index="2" bw="1" slack="0"/>
</pin_list>
<bind>
<opcode="and(23) " fcode="and"/>
<opset="and_ln73_12/4 "/>
</bind>
</comp>

<comp id="210" class="1004" name="and_ln73_10_fu_210">
<pin_list>
<pin id="211" dir="0" index="0" bw="1" slack="0"/>
<pin id="212" dir="0" index="1" bw="1" slack="0"/>
<pin id="213" dir="1" index="2" bw="1" slack="0"/>
</pin_list>
<bind>
<opcode="and(23) " fcode="and"/>
<opset="and_ln73_10/4 "/>
</bind>
</comp>

<comp id="216" class="1004" name="or_ln88_fu_216">
<pin_list>
<pin id="217" dir="0" index="0" bw="1" slack="0"/>
<pin id="218" dir="0" index="1" bw="1" slack="0"/>
<pin id="219" dir="1" index="2" bw="1" slack="0"/>
</pin_list>
<bind>
<opcode="or(24) " fcode="or"/>
<opset="or_ln88/4 "/>
</bind>
</comp>

<comp id="222" class="1004" name="or_ln88_4_fu_222">
<pin_list>
<pin id="223" dir="0" index="0" bw="1" slack="2"/>
<pin id="224" dir="0" index="1" bw="1" slack="0"/>
<pin id="225" dir="1" index="2" bw="1" slack="0"/>
</pin_list>
<bind>
<opcode="or(24) " fcode="or"/>
<opset="or_ln88_4/4 "/>
</bind>
</comp>

<comp id="227" class="1004" name="or_ln88_5_fu_227">
<pin_list>
<pin id="228" dir="0" index="0" bw="1" slack="2"/>
<pin id="229" dir="0" index="1" bw="1" slack="0"/>
<pin id="230" dir="1" index="2" bw="1" slack="0"/>
</pin_list>
<bind>
<opcode="or(24) " fcode="or"/>
<opset="or_ln88_5/4 "/>
</bind>
</comp>

<comp id="232" class="1004" name="or_ln88_6_fu_232">
<pin_list>
<pin id="233" dir="0" index="0" bw="1" slack="0"/>
<pin id="234" dir="0" index="1" bw="1" slack="0"/>
<pin id="235" dir="1" index="2" bw="1" slack="0"/>
</pin_list>
<bind>
<opcode="or(24) " fcode="or"/>
<opset="or_ln88_6/4 "/>
</bind>
</comp>

<comp id="238" class="1004" name="xor_ln89_fu_238">
<pin_list>
<pin id="239" dir="0" index="0" bw="1" slack="0"/>
<pin id="240" dir="0" index="1" bw="1" slack="0"/>
<pin id="241" dir="1" index="2" bw="1" slack="0"/>
</pin_list>
<bind>
<opcode="xor(25) " fcode="xor"/>
<opset="xor_ln89/4 "/>
</bind>
</comp>

<comp id="244" class="1004" name="zext_ln89_fu_244">
<pin_list>
<pin id="245" dir="0" index="0" bw="1" slack="0"/>
<pin id="246" dir="1" index="1" bw="2" slack="0"/>
</pin_list>
<bind>
<opcode="zext(34) " fcode="zext"/>
<opset="zext_ln89/4 "/>
</bind>
</comp>

<comp id="248" class="1004" name="select_ln89_fu_248">
<pin_list>
<pin id="249" dir="0" index="0" bw="1" slack="0"/>
<pin id="250" dir="0" index="1" bw="1" slack="0"/>
<pin id="251" dir="0" index="2" bw="2" slack="0"/>
<pin id="252" dir="1" index="3" bw="2" slack="0"/>
</pin_list>
<bind>
<opcode="select(49) " fcode="select"/>
<opset="select_ln89/4 "/>
</bind>
</comp>

<comp id="256" class="1004" name="select_ln89_6_fu_256">
<pin_list>
<pin id="257" dir="0" index="0" bw="1" slack="0"/>
<pin id="258" dir="0" index="1" bw="2" slack="0"/>
<pin id="259" dir="0" index="2" bw="1" slack="0"/>
<pin id="260" dir="1" index="3" bw="2" slack="0"/>
</pin_list>
<bind>
<opcode="select(49) " fcode="select"/>
<opset="select_ln89_6/4 "/>
</bind>
</comp>

<comp id="264" class="1004" name="zext_ln89_2_fu_264">
<pin_list>
<pin id="265" dir="0" index="0" bw="2" slack="0"/>
<pin id="266" dir="1" index="1" bw="3" slack="0"/>
</pin_list>
<bind>
<opcode="zext(34) " fcode="zext"/>
<opset="zext_ln89_2/4 "/>
</bind>
</comp>

<comp id="268" class="1004" name="select_ln89_7_fu_268">
<pin_list>
<pin id="269" dir="0" index="0" bw="1" slack="2"/>
<pin id="270" dir="0" index="1" bw="2" slack="0"/>
<pin id="271" dir="0" index="2" bw="3" slack="0"/>
<pin id="272" dir="1" index="3" bw="3" slack="0"/>
</pin_list>
<bind>
<opcode="select(49) " fcode="select"/>
<opset="select_ln89_7/4 "/>
</bind>
</comp>

<comp id="275" class="1004" name="select_ln89_8_fu_275">
<pin_list>
<pin id="276" dir="0" index="0" bw="1" slack="0"/>
<pin id="277" dir="0" index="1" bw="3" slack="0"/>
<pin id="278" dir="0" index="2" bw="3" slack="0"/>
<pin id="279" dir="1" index="3" bw="3" slack="0"/>
</pin_list>
<bind>
<opcode="select(49) " fcode="select"/>
<opset="select_ln89_8/4 "/>
</bind>
</comp>

<comp id="283" class="1004" name="select_ln89_9_fu_283">
<pin_list>
<pin id="284" dir="0" index="0" bw="1" slack="0"/>
<pin id="285" dir="0" index="1" bw="3" slack="0"/>
<pin id="286" dir="0" index="2" bw="2" slack="0"/>
<pin id="287" dir="1" index="3" bw="3" slack="0"/>
</pin_list>
<bind>
<opcode="select(49) " fcode="select"/>
<opset="select_ln89_9/4 "/>
</bind>
</comp>

<comp id="291" class="1004" name="select_ln89_10_fu_291">
<pin_list>
<pin id="292" dir="0" index="0" bw="1" slack="0"/>
<pin id="293" dir="0" index="1" bw="3" slack="0"/>
<pin id="294" dir="0" index="2" bw="1" slack="0"/>
<pin id="295" dir="1" index="3" bw="3" slack="0"/>
</pin_list>
<bind>
<opcode="select(49) " fcode="select"/>
<opset="select_ln89_10/4 "/>
</bind>
</comp>

<comp id="299" class="1004" name="tmp_fu_299">
<pin_list>
<pin id="300" dir="0" index="0" bw="12" slack="0"/>
<pin id="301" dir="0" index="1" bw="5" slack="0"/>
<pin id="302" dir="0" index="2" bw="7" slack="0"/>
<pin id="303" dir="0" index="3" bw="6" slack="0"/>
<pin id="304" dir="0" index="4" bw="6" slack="0"/>
<pin id="305" dir="0" index="5" bw="7" slack="0"/>
<pin id="306" dir="0" index="6" bw="4" slack="0"/>
<pin id="307" dir="0" index="7" bw="6" slack="0"/>
<pin id="308" dir="0" index="8" bw="5" slack="0"/>
<pin id="309" dir="0" index="9" bw="3" slack="0"/>
<pin id="310" dir="1" index="10" bw="12" slack="2147483647"/>
</pin_list>
<bind>
<opcode="mux(1196) " fcode="mux"/>
<opset="tmp/4 "/>
</bind>
</comp>

<comp id="321" class="1005" name="x_V_addr_reg_321">
<pin_list>
<pin id="322" dir="0" index="0" bw="4" slack="1"/>
<pin id="323" dir="1" index="1" bw="4" slack="1"/>
</pin_list>
<bind>
<opset="x_V_addr "/>
</bind>
</comp>

<comp id="326" class="1005" name="x_V_addr_5_reg_326">
<pin_list>
<pin id="327" dir="0" index="0" bw="4" slack="1"/>
<pin id="328" dir="1" index="1" bw="4" slack="1"/>
</pin_list>
<bind>
<opset="x_V_addr_5 "/>
</bind>
</comp>

<comp id="331" class="1005" name="icmp_ln1497_reg_331">
<pin_list>
<pin id="332" dir="0" index="0" bw="1" slack="1"/>
<pin id="333" dir="1" index="1" bw="1" slack="2"/>
</pin_list>
<bind>
<opset="icmp_ln1497 "/>
</bind>
</comp>

<comp id="341" class="1005" name="icmp_ln1497_1_reg_341">
<pin_list>
<pin id="342" dir="0" index="0" bw="1" slack="2"/>
<pin id="343" dir="1" index="1" bw="1" slack="2"/>
</pin_list>
<bind>
<opset="icmp_ln1497_1 "/>
</bind>
</comp>

<comp id="347" class="1005" name="x_V_addr_6_reg_347">
<pin_list>
<pin id="348" dir="0" index="0" bw="4" slack="1"/>
<pin id="349" dir="1" index="1" bw="4" slack="1"/>
</pin_list>
<bind>
<opset="x_V_addr_6 "/>
</bind>
</comp>

<comp id="352" class="1005" name="x_V_addr_7_reg_352">
<pin_list>
<pin id="353" dir="0" index="0" bw="4" slack="1"/>
<pin id="354" dir="1" index="1" bw="4" slack="1"/>
</pin_list>
<bind>
<opset="x_V_addr_7 "/>
</bind>
</comp>

<comp id="357" class="1005" name="icmp_ln1497_7_reg_357">
<pin_list>
<pin id="358" dir="0" index="0" bw="1" slack="2"/>
<pin id="359" dir="1" index="1" bw="1" slack="2"/>
</pin_list>
<bind>
<opset="icmp_ln1497_7 "/>
</bind>
</comp>

<comp id="363" class="1005" name="icmp_ln1497_9_reg_363">
<pin_list>
<pin id="364" dir="0" index="0" bw="1" slack="2"/>
<pin id="365" dir="1" index="1" bw="1" slack="2"/>
</pin_list>
<bind>
<opset="icmp_ln1497_9 "/>
</bind>
</comp>

<comp id="368" class="1005" name="icmp_ln1497_2_reg_368">
<pin_list>
<pin id="369" dir="0" index="0" bw="1" slack="1"/>
<pin id="370" dir="1" index="1" bw="1" slack="1"/>
</pin_list>
<bind>
<opset="icmp_ln1497_2 "/>
</bind>
</comp>

<comp id="373" class="1005" name="icmp_ln1497_5_reg_373">
<pin_list>
<pin id="374" dir="0" index="0" bw="1" slack="1"/>
<pin id="375" dir="1" index="1" bw="1" slack="1"/>
</pin_list>
<bind>
<opset="icmp_ln1497_5 "/>
</bind>
</comp>

<comp id="378" class="1005" name="x_V_addr_8_reg_378">
<pin_list>
<pin id="379" dir="0" index="0" bw="4" slack="1"/>
<pin id="380" dir="1" index="1" bw="4" slack="1"/>
</pin_list>
<bind>
<opset="x_V_addr_8 "/>
</bind>
</comp>

</comp_list>

<net_list>
<net id="69"><net_src comp="0" pin="0"/><net_sink comp="64" pin=0"/></net>

<net id="70"><net_src comp="2" pin="0"/><net_sink comp="64" pin=1"/></net>

<net id="71"><net_src comp="4" pin="0"/><net_sink comp="64" pin=2"/></net>

<net id="77"><net_src comp="64" pin="3"/><net_sink comp="72" pin=0"/></net>

<net id="83"><net_src comp="0" pin="0"/><net_sink comp="78" pin=0"/></net>

<net id="84"><net_src comp="2" pin="0"/><net_sink comp="78" pin=1"/></net>

<net id="85"><net_src comp="6" pin="0"/><net_sink comp="78" pin=2"/></net>

<net id="90"><net_src comp="78" pin="3"/><net_sink comp="72" pin=2"/></net>

<net id="96"><net_src comp="0" pin="0"/><net_sink comp="91" pin=0"/></net>

<net id="97"><net_src comp="2" pin="0"/><net_sink comp="91" pin=1"/></net>

<net id="98"><net_src comp="12" pin="0"/><net_sink comp="91" pin=2"/></net>

<net id="99"><net_src comp="91" pin="3"/><net_sink comp="72" pin=0"/></net>

<net id="105"><net_src comp="0" pin="0"/><net_sink comp="100" pin=0"/></net>

<net id="106"><net_src comp="2" pin="0"/><net_sink comp="100" pin=1"/></net>

<net id="107"><net_src comp="2" pin="0"/><net_sink comp="100" pin=2"/></net>

<net id="108"><net_src comp="100" pin="3"/><net_sink comp="72" pin=2"/></net>

<net id="114"><net_src comp="0" pin="0"/><net_sink comp="109" pin=0"/></net>

<net id="115"><net_src comp="2" pin="0"/><net_sink comp="109" pin=1"/></net>

<net id="116"><net_src comp="20" pin="0"/><net_sink comp="109" pin=2"/></net>

<net id="117"><net_src comp="109" pin="3"/><net_sink comp="72" pin=0"/></net>

<net id="122"><net_src comp="72" pin="3"/><net_sink comp="118" pin=0"/></net>

<net id="123"><net_src comp="8" pin="0"/><net_sink comp="118" pin=1"/></net>

<net id="128"><net_src comp="72" pin="7"/><net_sink comp="124" pin=0"/></net>

<net id="129"><net_src comp="10" pin="0"/><net_sink comp="124" pin=1"/></net>

<net id="134"><net_src comp="72" pin="3"/><net_sink comp="130" pin=0"/></net>

<net id="135"><net_src comp="10" pin="0"/><net_sink comp="130" pin=1"/></net>

<net id="140"><net_src comp="72" pin="3"/><net_sink comp="136" pin=0"/></net>

<net id="141"><net_src comp="14" pin="0"/><net_sink comp="136" pin=1"/></net>

<net id="146"><net_src comp="72" pin="3"/><net_sink comp="142" pin=0"/></net>

<net id="147"><net_src comp="16" pin="0"/><net_sink comp="142" pin=1"/></net>

<net id="152"><net_src comp="72" pin="7"/><net_sink comp="148" pin=0"/></net>

<net id="153"><net_src comp="18" pin="0"/><net_sink comp="148" pin=1"/></net>

<net id="158"><net_src comp="72" pin="3"/><net_sink comp="154" pin=0"/></net>

<net id="159"><net_src comp="30" pin="0"/><net_sink comp="154" pin=1"/></net>

<net id="168"><net_src comp="160" pin="2"/><net_sink comp="164" pin=1"/></net>

<net id="173"><net_src comp="32" pin="0"/><net_sink comp="169" pin=1"/></net>

<net id="178"><net_src comp="169" pin="2"/><net_sink comp="174" pin=1"/></net>

<net id="183"><net_src comp="174" pin="2"/><net_sink comp="179" pin=0"/></net>

<net id="188"><net_src comp="32" pin="0"/><net_sink comp="184" pin=1"/></net>

<net id="193"><net_src comp="184" pin="2"/><net_sink comp="189" pin=1"/></net>

<net id="198"><net_src comp="154" pin="2"/><net_sink comp="194" pin=0"/></net>

<net id="199"><net_src comp="189" pin="2"/><net_sink comp="194" pin=1"/></net>

<net id="204"><net_src comp="32" pin="0"/><net_sink comp="200" pin=1"/></net>

<net id="209"><net_src comp="184" pin="2"/><net_sink comp="205" pin=1"/></net>

<net id="214"><net_src comp="205" pin="2"/><net_sink comp="210" pin=0"/></net>

<net id="215"><net_src comp="200" pin="2"/><net_sink comp="210" pin=1"/></net>

<net id="220"><net_src comp="160" pin="2"/><net_sink comp="216" pin=0"/></net>

<net id="221"><net_src comp="179" pin="2"/><net_sink comp="216" pin=1"/></net>

<net id="226"><net_src comp="194" pin="2"/><net_sink comp="222" pin=1"/></net>

<net id="231"><net_src comp="189" pin="2"/><net_sink comp="227" pin=1"/></net>

<net id="236"><net_src comp="227" pin="2"/><net_sink comp="232" pin=0"/></net>

<net id="237"><net_src comp="210" pin="2"/><net_sink comp="232" pin=1"/></net>

<net id="242"><net_src comp="164" pin="2"/><net_sink comp="238" pin=0"/></net>

<net id="243"><net_src comp="32" pin="0"/><net_sink comp="238" pin=1"/></net>

<net id="247"><net_src comp="238" pin="2"/><net_sink comp="244" pin=0"/></net>

<net id="253"><net_src comp="160" pin="2"/><net_sink comp="248" pin=0"/></net>

<net id="254"><net_src comp="244" pin="1"/><net_sink comp="248" pin=1"/></net>

<net id="255"><net_src comp="34" pin="0"/><net_sink comp="248" pin=2"/></net>

<net id="261"><net_src comp="216" pin="2"/><net_sink comp="256" pin=0"/></net>

<net id="262"><net_src comp="248" pin="3"/><net_sink comp="256" pin=1"/></net>

<net id="263"><net_src comp="36" pin="0"/><net_sink comp="256" pin=2"/></net>

<net id="267"><net_src comp="256" pin="3"/><net_sink comp="264" pin=0"/></net>

<net id="273"><net_src comp="264" pin="1"/><net_sink comp="268" pin=1"/></net>

<net id="274"><net_src comp="38" pin="0"/><net_sink comp="268" pin=2"/></net>

<net id="280"><net_src comp="222" pin="2"/><net_sink comp="275" pin=0"/></net>

<net id="281"><net_src comp="268" pin="3"/><net_sink comp="275" pin=1"/></net>

<net id="282"><net_src comp="40" pin="0"/><net_sink comp="275" pin=2"/></net>

<net id="288"><net_src comp="227" pin="2"/><net_sink comp="283" pin=0"/></net>

<net id="289"><net_src comp="275" pin="3"/><net_sink comp="283" pin=1"/></net>

<net id="290"><net_src comp="42" pin="0"/><net_sink comp="283" pin=2"/></net>

<net id="296"><net_src comp="232" pin="2"/><net_sink comp="291" pin=0"/></net>

<net id="297"><net_src comp="283" pin="3"/><net_sink comp="291" pin=1"/></net>

<net id="298"><net_src comp="44" pin="0"/><net_sink comp="291" pin=2"/></net>

<net id="311"><net_src comp="46" pin="0"/><net_sink comp="299" pin=0"/></net>

<net id="312"><net_src comp="48" pin="0"/><net_sink comp="299" pin=1"/></net>

<net id="313"><net_src comp="50" pin="0"/><net_sink comp="299" pin=2"/></net>

<net id="314"><net_src comp="52" pin="0"/><net_sink comp="299" pin=3"/></net>

<net id="315"><net_src comp="54" pin="0"/><net_sink comp="299" pin=4"/></net>

<net id="316"><net_src comp="56" pin="0"/><net_sink comp="299" pin=5"/></net>

<net id="317"><net_src comp="58" pin="0"/><net_sink comp="299" pin=6"/></net>

<net id="318"><net_src comp="60" pin="0"/><net_sink comp="299" pin=7"/></net>

<net id="319"><net_src comp="62" pin="0"/><net_sink comp="299" pin=8"/></net>

<net id="320"><net_src comp="291" pin="3"/><net_sink comp="299" pin=9"/></net>

<net id="324"><net_src comp="64" pin="3"/><net_sink comp="321" pin=0"/></net>

<net id="325"><net_src comp="321" pin="1"/><net_sink comp="72" pin=0"/></net>

<net id="329"><net_src comp="78" pin="3"/><net_sink comp="326" pin=0"/></net>

<net id="330"><net_src comp="326" pin="1"/><net_sink comp="72" pin=2"/></net>

<net id="334"><net_src comp="118" pin="2"/><net_sink comp="331" pin=0"/></net>

<net id="335"><net_src comp="331" pin="1"/><net_sink comp="160" pin=1"/></net>

<net id="336"><net_src comp="331" pin="1"/><net_sink comp="179" pin=1"/></net>

<net id="337"><net_src comp="331" pin="1"/><net_sink comp="184" pin=0"/></net>

<net id="338"><net_src comp="331" pin="1"/><net_sink comp="222" pin=0"/></net>

<net id="339"><net_src comp="331" pin="1"/><net_sink comp="227" pin=0"/></net>

<net id="340"><net_src comp="331" pin="1"/><net_sink comp="268" pin=0"/></net>

<net id="344"><net_src comp="124" pin="2"/><net_sink comp="341" pin=0"/></net>

<net id="345"><net_src comp="341" pin="1"/><net_sink comp="160" pin=0"/></net>

<net id="346"><net_src comp="341" pin="1"/><net_sink comp="169" pin=0"/></net>

<net id="350"><net_src comp="91" pin="3"/><net_sink comp="347" pin=0"/></net>

<net id="351"><net_src comp="347" pin="1"/><net_sink comp="72" pin=0"/></net>

<net id="355"><net_src comp="100" pin="3"/><net_sink comp="352" pin=0"/></net>

<net id="356"><net_src comp="352" pin="1"/><net_sink comp="72" pin=2"/></net>

<net id="360"><net_src comp="130" pin="2"/><net_sink comp="357" pin=0"/></net>

<net id="361"><net_src comp="357" pin="1"/><net_sink comp="189" pin=0"/></net>

<net id="362"><net_src comp="357" pin="1"/><net_sink comp="200" pin=0"/></net>

<net id="366"><net_src comp="136" pin="2"/><net_sink comp="363" pin=0"/></net>

<net id="367"><net_src comp="363" pin="1"/><net_sink comp="205" pin=0"/></net>

<net id="371"><net_src comp="142" pin="2"/><net_sink comp="368" pin=0"/></net>

<net id="372"><net_src comp="368" pin="1"/><net_sink comp="164" pin=0"/></net>

<net id="376"><net_src comp="148" pin="2"/><net_sink comp="373" pin=0"/></net>

<net id="377"><net_src comp="373" pin="1"/><net_sink comp="174" pin=0"/></net>

<net id="381"><net_src comp="109" pin="3"/><net_sink comp="378" pin=0"/></net>

<net id="382"><net_src comp="378" pin="1"/><net_sink comp="72" pin=0"/></net>

</net_list>

</model> 
---------------- Datapath Model END ------------------

* FSMD analyzer results:
  - Output states:
 - Input state : 
	Port: decision_function.1 : x_V | {1 2 3 4 }
  - Chain level:
	State 1
		x_V_load : 1
		x_V_load_1 : 1
	State 2
		icmp_ln1497 : 1
		icmp_ln1497_1 : 1
		x_V_load_2 : 1
		x_V_load_5 : 1
		icmp_ln1497_7 : 1
		icmp_ln1497_9 : 1
	State 3
		icmp_ln1497_2 : 1
		icmp_ln1497_5 : 1
		x_V_load_6 : 1
	State 4
		icmp_ln1497_8 : 1
		select_ln89 : 1
		select_ln89_6 : 2
		zext_ln89_2 : 3
		select_ln89_7 : 4
		select_ln89_8 : 5
		select_ln89_9 : 6
		select_ln89_10 : 7
		tmp : 8
		ret_ln93 : 9


============================================================
+ Verbose Summary: Datapath Resource usage 
============================================================

* Functional unit list:
|----------|-----------------------|---------|---------|
| Operation|    Functional Unit    |    FF   |   LUT   |
|----------|-----------------------|---------|---------|
|          |   icmp_ln1497_fu_118  |    0    |    13   |
|          |  icmp_ln1497_1_fu_124 |    0    |    13   |
|          |  icmp_ln1497_7_fu_130 |    0    |    13   |
|   icmp   |  icmp_ln1497_9_fu_136 |    0    |    13   |
|          |  icmp_ln1497_2_fu_142 |    0    |    13   |
|          |  icmp_ln1497_5_fu_148 |    0    |    13   |
|          |  icmp_ln1497_8_fu_154 |    0    |    13   |
|----------|-----------------------|---------|---------|
|    mux   |       tmp_fu_299      |    0    |    45   |
|----------|-----------------------|---------|---------|
|          |    and_ln73_fu_160    |    0    |    2    |
|          |   and_ln73_6_fu_164   |    0    |    2    |
|          |   and_ln73_11_fu_174  |    0    |    2    |
|    and   |   and_ln73_7_fu_179   |    0    |    2    |
|          |   and_ln73_8_fu_189   |    0    |    2    |
|          |   and_ln73_9_fu_194   |    0    |    2    |
|          |   and_ln73_12_fu_205  |    0    |    2    |
|          |   and_ln73_10_fu_210  |    0    |    2    |
|----------|-----------------------|---------|---------|
|          |   select_ln89_fu_248  |    0    |    2    |
|          |  select_ln89_6_fu_256 |    0    |    2    |
|  select  |  select_ln89_7_fu_268 |    0    |    3    |
|          |  select_ln89_8_fu_275 |    0    |    3    |
|          |  select_ln89_9_fu_283 |    0    |    3    |
|          | select_ln89_10_fu_291 |    0    |    3    |
|----------|-----------------------|---------|---------|
|          |    xor_ln75_fu_169    |    0    |    2    |
|    xor   |   xor_ln75_3_fu_184   |    0    |    2    |
|          |   xor_ln75_4_fu_200   |    0    |    2    |
|          |    xor_ln89_fu_238    |    0    |    2    |
|----------|-----------------------|---------|---------|
|          |     or_ln88_fu_216    |    0    |    2    |
|    or    |    or_ln88_4_fu_222   |    0    |    2    |
|          |    or_ln88_5_fu_227   |    0    |    2    |
|          |    or_ln88_6_fu_232   |    0    |    2    |
|----------|-----------------------|---------|---------|
|   zext   |    zext_ln89_fu_244   |    0    |    0    |
|          |   zext_ln89_2_fu_264  |    0    |    0    |
|----------|-----------------------|---------|---------|
|   Total  |                       |    0    |   184   |
|----------|-----------------------|---------|---------|

Memories:
N/A

* Register list:
+---------------------+--------+
|                     |   FF   |
+---------------------+--------+
|icmp_ln1497_1_reg_341|    1   |
|icmp_ln1497_2_reg_368|    1   |
|icmp_ln1497_5_reg_373|    1   |
|icmp_ln1497_7_reg_357|    1   |
|icmp_ln1497_9_reg_363|    1   |
| icmp_ln1497_reg_331 |    1   |
|  x_V_addr_5_reg_326 |    4   |
|  x_V_addr_6_reg_347 |    4   |
|  x_V_addr_7_reg_352 |    4   |
|  x_V_addr_8_reg_378 |    4   |
|   x_V_addr_reg_321  |    4   |
+---------------------+--------+
|        Total        |   26   |
+---------------------+--------+

* Multiplexer (MUX) list: 
|------------------|------|------|------|--------||---------||---------|
|       Comp       |  Pin | Size |  BW  | S x BW ||  Delay  ||   LUT   |
|------------------|------|------|------|--------||---------||---------|
| grp_access_fu_72 |  p0  |   6  |   4  |   24   ||    33   |
| grp_access_fu_72 |  p2  |   4  |   0  |    0   ||    21   |
|------------------|------|------|------|--------||---------||---------|
|       Total      |      |      |      |   24   ||  3.8125 ||    54   |
|------------------|------|------|------|--------||---------||---------|



* Summary:
+-----------+--------+--------+--------+
|           |  Delay |   FF   |   LUT  |
+-----------+--------+--------+--------+
|  Function |    -   |    0   |   184  |
|   Memory  |    -   |    -   |    -   |
|Multiplexer|    3   |    -   |   54   |
|  Register |    -   |   26   |    -   |
+-----------+--------+--------+--------+
|   Total   |    3   |   26   |   238  |
+-----------+--------+--------+--------+
