

================================================================
== Vivado HLS Report for 'decision_function_25'
================================================================
* Date:           Mon Dec 11 23:07:17 2023

* Version:        2019.1 (Build 2552052 on Fri May 24 15:28:33 MDT 2019)
* Project:        Final_HLS
* Solution:       solution1
* Product family: zynq
* Target device:  xc7z020-clg400-1


================================================================
== Performance Estimates
================================================================
+ Timing (ns): 
    * Summary: 
    +--------+-------+----------+------------+
    |  Clock | Target| Estimated| Uncertainty|
    +--------+-------+----------+------------+
    |ap_clk  |  10.00|     6.791|        1.25|
    +--------+-------+----------+------------+

+ Latency (clock cycles): 
    * Summary: 
    +-----+-----+-----+-----+----------+
    |  Latency  |  Interval | Pipeline |
    | min | max | min | max |   Type   |
    +-----+-----+-----+-----+----------+
    |    4|    4|    4|    4| function |
    +-----+-----+-----+-----+----------+

    + Detail: 
        * Instance: 
        N/A

        * Loop: 
        N/A



================================================================
== Utilization Estimates
================================================================
* Summary: 
+-----------------+---------+-------+--------+-------+-----+
|       Name      | BRAM_18K| DSP48E|   FF   |  LUT  | URAM|
+-----------------+---------+-------+--------+-------+-----+
|DSP              |        -|      -|       -|      -|    -|
|Expression       |        -|      -|       0|    145|    -|
|FIFO             |        -|      -|       -|      -|    -|
|Instance         |        -|      -|       0|    457|    -|
|Memory           |        -|      -|       -|      -|    -|
|Multiplexer      |        -|      -|       -|     93|    -|
|Register         |        -|      -|      12|      -|    -|
+-----------------+---------+-------+--------+-------+-----+
|Total            |        0|      0|      12|    695|    0|
+-----------------+---------+-------+--------+-------+-----+
|Available        |      280|    220|  106400|  53200|    0|
+-----------------+---------+-------+--------+-------+-----+
|Utilization (%)  |        0|      0|   ~0   |      1|    0|
+-----------------+---------+-------+--------+-------+-----+

+ Detail: 
    * Instance: 
    +-------------------------------+--------------------------+---------+-------+---+-----+-----+
    |            Instance           |          Module          | BRAM_18K| DSP48E| FF| LUT | URAM|
    +-------------------------------+--------------------------+---------+-------+---+-----+-----+
    |my_prj_acceleratobkb_x13_U167  |my_prj_acceleratobkb_x13  |        0|      0|  0|  457|    0|
    +-------------------------------+--------------------------+---------+-------+---+-----+-----+
    |Total                          |                          |        0|      0|  0|  457|    0|
    +-------------------------------+--------------------------+---------+-------+---+-----+-----+

    * DSP48E: 
    N/A

    * Memory: 
    N/A

    * FIFO: 
    N/A

    * Expression: 
    +---------------------------+----------+-------+---+----+------------+------------+
    |       Variable Name       | Operation| DSP48E| FF| LUT| Bitwidth P0| Bitwidth P1|
    +---------------------------+----------+-------+---+----+------------+------------+
    |and_ln73_110_fu_188_p2     |    and   |      0|  0|   2|           1|           1|
    |and_ln73_111_fu_203_p2     |    and   |      0|  0|   2|           1|           1|
    |and_ln73_112_fu_213_p2     |    and   |      0|  0|   2|           1|           1|
    |and_ln73_113_fu_218_p2     |    and   |      0|  0|   2|           1|           1|
    |and_ln73_114_fu_234_p2     |    and   |      0|  0|   2|           1|           1|
    |and_ln73_115_fu_198_p2     |    and   |      0|  0|   2|           1|           1|
    |and_ln73_116_fu_228_p2     |    and   |      0|  0|   2|           1|           1|
    |and_ln73_fu_184_p2         |    and   |      0|  0|   2|           1|           1|
    |ap_block_pp0_stage0_11001  |    and   |      0|  0|   2|           1|           1|
    |icmp_ln1497_12_fu_178_p2   |   icmp   |      0|  0|  13|          12|          11|
    |icmp_ln1497_1_fu_148_p2    |   icmp   |      0|  0|  13|          12|          10|
    |icmp_ln1497_2_fu_154_p2    |   icmp   |      0|  0|  13|          12|           1|
    |icmp_ln1497_5_fu_160_p2    |   icmp   |      0|  0|  13|          12|          12|
    |icmp_ln1497_8_fu_166_p2    |   icmp   |      0|  0|  13|          12|           9|
    |icmp_ln1497_9_fu_172_p2    |   icmp   |      0|  0|  13|          12|          10|
    |icmp_ln1497_fu_142_p2      |   icmp   |      0|  0|  13|          12|           9|
    |or_ln88_65_fu_246_p2       |    or    |      0|  0|   2|           1|           1|
    |or_ln88_66_fu_251_p2       |    or    |      0|  0|   2|           1|           1|
    |or_ln88_67_fu_256_p2       |    or    |      0|  0|   2|           1|           1|
    |or_ln88_fu_240_p2          |    or    |      0|  0|   2|           1|           1|
    |select_ln89_111_fu_280_p3  |  select  |      0|  0|   2|           1|           2|
    |select_ln89_112_fu_292_p3  |  select  |      0|  0|   4|           1|           3|
    |select_ln89_113_fu_299_p3  |  select  |      0|  0|   3|           1|           3|
    |select_ln89_114_fu_307_p3  |  select  |      0|  0|   3|           1|           3|
    |select_ln89_fu_272_p3      |  select  |      0|  0|   3|           1|           2|
    |tmp_fu_323_p9              |  select  |      0|  0|   3|           1|           3|
    |ap_enable_pp0              |    xor   |      0|  0|   2|           1|           2|
    |xor_ln75_43_fu_208_p2      |    xor   |      0|  0|   2|           1|           2|
    |xor_ln75_44_fu_223_p2      |    xor   |      0|  0|   2|           1|           2|
    |xor_ln75_fu_193_p2         |    xor   |      0|  0|   2|           1|           2|
    |xor_ln89_fu_262_p2         |    xor   |      0|  0|   2|           2|           1|
    +---------------------------+----------+-------+---+----+------------+------------+
    |Total                      |          |      0|  0| 145|         109|         100|
    +---------------------------+----------+-------+---+----+------------+------------+

    * Multiplexer: 
    +-------------------------+----+-----------+-----+-----------+
    |           Name          | LUT| Input Size| Bits| Total Bits|
    +-------------------------+----+-----------+-----+-----------+
    |ap_NS_fsm                |  27|          5|    1|          5|
    |ap_enable_reg_pp0_iter0  |   9|          2|    1|          2|
    |ap_enable_reg_pp0_iter1  |   9|          2|    1|          2|
    |x_V_address0             |  27|          5|    4|         20|
    |x_V_address1             |  21|          4|    4|         16|
    +-------------------------+----+-----------+-----+-----------+
    |Total                    |  93|         18|   11|         45|
    +-------------------------+----+-----------+-----+-----------+

    * Register: 
    +-----------------------------+---+----+-----+-----------+
    |             Name            | FF| LUT| Bits| Const Bits|
    +-----------------------------+---+----+-----+-----------+
    |ap_CS_fsm                    |  4|   0|    4|          0|
    |ap_enable_reg_pp0_iter0_reg  |  1|   0|    1|          0|
    |ap_enable_reg_pp0_iter1      |  1|   0|    1|          0|
    |icmp_ln1497_1_reg_365        |  1|   0|    1|          0|
    |icmp_ln1497_2_reg_381        |  1|   0|    1|          0|
    |icmp_ln1497_5_reg_386        |  1|   0|    1|          0|
    |icmp_ln1497_8_reg_401        |  1|   0|    1|          0|
    |icmp_ln1497_9_reg_407        |  1|   0|    1|          0|
    |icmp_ln1497_reg_355          |  1|   0|    1|          0|
    +-----------------------------+---+----+-----+-----------+
    |Total                        | 12|   0|   12|          0|
    +-----------------------------+---+----+-----+-----------+



================================================================
== Interface
================================================================
* Summary: 
+--------------+-----+-----+------------+----------------------+--------------+
|   RTL Ports  | Dir | Bits|  Protocol  |     Source Object    |    C Type    |
+--------------+-----+-----+------------+----------------------+--------------+
|ap_clk        |  in |    1| ap_ctrl_hs | decision_function.25 | return value |
|ap_rst        |  in |    1| ap_ctrl_hs | decision_function.25 | return value |
|ap_start      |  in |    1| ap_ctrl_hs | decision_function.25 | return value |
|ap_done       | out |    1| ap_ctrl_hs | decision_function.25 | return value |
|ap_idle       | out |    1| ap_ctrl_hs | decision_function.25 | return value |
|ap_ready      | out |    1| ap_ctrl_hs | decision_function.25 | return value |
|ap_return     | out |   12| ap_ctrl_hs | decision_function.25 | return value |
|x_V_address0  | out |    4|  ap_memory |          x_V         |     array    |
|x_V_ce0       | out |    1|  ap_memory |          x_V         |     array    |
|x_V_q0        |  in |   12|  ap_memory |          x_V         |     array    |
|x_V_address1  | out |    4|  ap_memory |          x_V         |     array    |
|x_V_ce1       | out |    1|  ap_memory |          x_V         |     array    |
|x_V_q1        |  in |   12|  ap_memory |          x_V         |     array    |
+--------------+-----+-----+------------+----------------------+--------------+

============================================================
+ Verbose Summary: Synthesis Manager
============================================================
InlineROM: 1
ExposeGlobal: 0
============================================================
+ Verbose Summary: CDFG Model
============================================================
IsTopModel: 0
ResetActiveHigh: 1
IsCombinational: 2
IsDatapathOnly: 2
HasWiredReturn: 1
HasMFsm: 2
HasVarLatency: 0
IsPipeline: 1
IsRtlPipelined: 1
IsInstanceOverlapped: 0
IsDontTouch: 0
HasImplIP: 0
IsGatedGlobalClock: 0

+ Individual pipeline summary: 
  * Pipeline-0: initiation interval (II) = 4, depth = 5


============================================================
+ Verbose Summary: Schedule
============================================================
* Number of FSM states : 5
* Pipeline : 1
  Pipeline-0 : II = 4, D = 5, States = { 1 2 3 4 5 }
* Dataflow Pipeline: 0

* FSM state transitions: 
1 --> 2 
2 --> 3 
3 --> 4 
4 --> 5 
5 --> 

* FSM state operations: 

State 1 <SV = 0> <Delay = 2.32>
ST_1 : Operation 6 [1/1] (0.00ns)   --->   "%x_V_addr = getelementptr [12 x i12]* %x_V, i64 0, i64 10" [../my-conifer-prj/firmware/BDT.h:57]   --->   Operation 6 'getelementptr' 'x_V_addr' <Predicate = true> <Delay = 0.00>
ST_1 : Operation 7 [2/2] (2.32ns)   --->   "%x_V_load = load i12* %x_V_addr, align 2" [../my-conifer-prj/firmware/BDT.h:57]   --->   Operation 7 'load' 'x_V_load' <Predicate = true> <Delay = 2.32> <Core = "RAM">   --->   Core 37 'RAM' <Latency = 1> <II = 1> <Delay = 2.32> <Storage> <Opcode : 'load' 'store'> <Ports = 2> <Width = 12> <Depth = 12> <RAM>
ST_1 : Operation 8 [1/1] (0.00ns)   --->   "%x_V_addr_98 = getelementptr [12 x i12]* %x_V, i64 0, i64 5" [../my-conifer-prj/firmware/BDT.h:57]   --->   Operation 8 'getelementptr' 'x_V_addr_98' <Predicate = true> <Delay = 0.00>
ST_1 : Operation 9 [2/2] (2.32ns)   --->   "%x_V_load_1 = load i12* %x_V_addr_98, align 2" [../my-conifer-prj/firmware/BDT.h:57]   --->   Operation 9 'load' 'x_V_load_1' <Predicate = true> <Delay = 2.32> <Core = "RAM">   --->   Core 37 'RAM' <Latency = 1> <II = 1> <Delay = 2.32> <Storage> <Opcode : 'load' 'store'> <Ports = 2> <Width = 12> <Depth = 12> <RAM>

State 2 <SV = 1> <Delay = 4.31>
ST_2 : Operation 10 [1/2] (2.32ns)   --->   "%x_V_load = load i12* %x_V_addr, align 2" [../my-conifer-prj/firmware/BDT.h:57]   --->   Operation 10 'load' 'x_V_load' <Predicate = true> <Delay = 2.32> <Core = "RAM">   --->   Core 37 'RAM' <Latency = 1> <II = 1> <Delay = 2.32> <Storage> <Opcode : 'load' 'store'> <Ports = 2> <Width = 12> <Depth = 12> <RAM>
ST_2 : Operation 11 [1/1] (1.99ns)   --->   "%icmp_ln1497 = icmp slt i12 %x_V_load, 257" [../my-conifer-prj/firmware/BDT.h:57]   --->   Operation 11 'icmp' 'icmp_ln1497' <Predicate = true> <Delay = 1.99> <Core = "Cmp">   --->   Core 25 'Cmp' <Latency = 0> <II = 1> <Delay = 1.99> <FuncUnit> <Opcode : 'icmp'> <InPorts = 2> <OutPorts = 1>
ST_2 : Operation 12 [1/2] (2.32ns)   --->   "%x_V_load_1 = load i12* %x_V_addr_98, align 2" [../my-conifer-prj/firmware/BDT.h:57]   --->   Operation 12 'load' 'x_V_load_1' <Predicate = true> <Delay = 2.32> <Core = "RAM">   --->   Core 37 'RAM' <Latency = 1> <II = 1> <Delay = 2.32> <Storage> <Opcode : 'load' 'store'> <Ports = 2> <Width = 12> <Depth = 12> <RAM>
ST_2 : Operation 13 [1/1] (1.99ns)   --->   "%icmp_ln1497_1 = icmp slt i12 %x_V_load_1, 880" [../my-conifer-prj/firmware/BDT.h:57]   --->   Operation 13 'icmp' 'icmp_ln1497_1' <Predicate = true> <Delay = 1.99> <Core = "Cmp">   --->   Core 25 'Cmp' <Latency = 0> <II = 1> <Delay = 1.99> <FuncUnit> <Opcode : 'icmp'> <InPorts = 2> <OutPorts = 1>
ST_2 : Operation 14 [1/1] (0.00ns)   --->   "%x_V_addr_99 = getelementptr [12 x i12]* %x_V, i64 0, i64 2" [../my-conifer-prj/firmware/BDT.h:57]   --->   Operation 14 'getelementptr' 'x_V_addr_99' <Predicate = true> <Delay = 0.00>
ST_2 : Operation 15 [2/2] (2.32ns)   --->   "%x_V_load_2 = load i12* %x_V_addr_99, align 2" [../my-conifer-prj/firmware/BDT.h:57]   --->   Operation 15 'load' 'x_V_load_2' <Predicate = true> <Delay = 2.32> <Core = "RAM">   --->   Core 37 'RAM' <Latency = 1> <II = 1> <Delay = 2.32> <Storage> <Opcode : 'load' 'store'> <Ports = 2> <Width = 12> <Depth = 12> <RAM>
ST_2 : Operation 16 [1/1] (0.00ns)   --->   "%x_V_addr_100 = getelementptr [12 x i12]* %x_V, i64 0, i64 11" [../my-conifer-prj/firmware/BDT.h:57]   --->   Operation 16 'getelementptr' 'x_V_addr_100' <Predicate = true> <Delay = 0.00>
ST_2 : Operation 17 [2/2] (2.32ns)   --->   "%x_V_load_5 = load i12* %x_V_addr_100, align 2" [../my-conifer-prj/firmware/BDT.h:57]   --->   Operation 17 'load' 'x_V_load_5' <Predicate = true> <Delay = 2.32> <Core = "RAM">   --->   Core 37 'RAM' <Latency = 1> <II = 1> <Delay = 2.32> <Storage> <Opcode : 'load' 'store'> <Ports = 2> <Width = 12> <Depth = 12> <RAM>

State 3 <SV = 2> <Delay = 4.31>
ST_3 : Operation 18 [1/2] (2.32ns)   --->   "%x_V_load_2 = load i12* %x_V_addr_99, align 2" [../my-conifer-prj/firmware/BDT.h:57]   --->   Operation 18 'load' 'x_V_load_2' <Predicate = true> <Delay = 2.32> <Core = "RAM">   --->   Core 37 'RAM' <Latency = 1> <II = 1> <Delay = 2.32> <Storage> <Opcode : 'load' 'store'> <Ports = 2> <Width = 12> <Depth = 12> <RAM>
ST_3 : Operation 19 [1/1] (1.99ns)   --->   "%icmp_ln1497_2 = icmp slt i12 %x_V_load_2, 1" [../my-conifer-prj/firmware/BDT.h:57]   --->   Operation 19 'icmp' 'icmp_ln1497_2' <Predicate = (icmp_ln1497)> <Delay = 1.99> <Core = "Cmp">   --->   Core 25 'Cmp' <Latency = 0> <II = 1> <Delay = 1.99> <FuncUnit> <Opcode : 'icmp'> <InPorts = 2> <OutPorts = 1>
ST_3 : Operation 20 [1/2] (2.32ns)   --->   "%x_V_load_5 = load i12* %x_V_addr_100, align 2" [../my-conifer-prj/firmware/BDT.h:57]   --->   Operation 20 'load' 'x_V_load_5' <Predicate = true> <Delay = 2.32> <Core = "RAM">   --->   Core 37 'RAM' <Latency = 1> <II = 1> <Delay = 2.32> <Storage> <Opcode : 'load' 'store'> <Ports = 2> <Width = 12> <Depth = 12> <RAM>
ST_3 : Operation 21 [1/1] (1.99ns)   --->   "%icmp_ln1497_5 = icmp slt i12 %x_V_load_5, -1535" [../my-conifer-prj/firmware/BDT.h:57]   --->   Operation 21 'icmp' 'icmp_ln1497_5' <Predicate = (icmp_ln1497)> <Delay = 1.99> <Core = "Cmp">   --->   Core 25 'Cmp' <Latency = 0> <II = 1> <Delay = 1.99> <FuncUnit> <Opcode : 'icmp'> <InPorts = 2> <OutPorts = 1>
ST_3 : Operation 22 [1/1] (0.00ns)   --->   "%x_V_addr_101 = getelementptr [12 x i12]* %x_V, i64 0, i64 8" [../my-conifer-prj/firmware/BDT.h:57]   --->   Operation 22 'getelementptr' 'x_V_addr_101' <Predicate = true> <Delay = 0.00>
ST_3 : Operation 23 [2/2] (2.32ns)   --->   "%x_V_load_8 = load i12* %x_V_addr_101, align 2" [../my-conifer-prj/firmware/BDT.h:57]   --->   Operation 23 'load' 'x_V_load_8' <Predicate = true> <Delay = 2.32> <Core = "RAM">   --->   Core 37 'RAM' <Latency = 1> <II = 1> <Delay = 2.32> <Storage> <Opcode : 'load' 'store'> <Ports = 2> <Width = 12> <Depth = 12> <RAM>
ST_3 : Operation 24 [1/1] (0.00ns)   --->   "%x_V_addr_102 = getelementptr [12 x i12]* %x_V, i64 0, i64 6" [../my-conifer-prj/firmware/BDT.h:57]   --->   Operation 24 'getelementptr' 'x_V_addr_102' <Predicate = true> <Delay = 0.00>
ST_3 : Operation 25 [2/2] (2.32ns)   --->   "%x_V_load_9 = load i12* %x_V_addr_102, align 2" [../my-conifer-prj/firmware/BDT.h:57]   --->   Operation 25 'load' 'x_V_load_9' <Predicate = true> <Delay = 2.32> <Core = "RAM">   --->   Core 37 'RAM' <Latency = 1> <II = 1> <Delay = 2.32> <Storage> <Opcode : 'load' 'store'> <Ports = 2> <Width = 12> <Depth = 12> <RAM>

State 4 <SV = 3> <Delay = 4.31>
ST_4 : Operation 26 [1/2] (2.32ns)   --->   "%x_V_load_8 = load i12* %x_V_addr_101, align 2" [../my-conifer-prj/firmware/BDT.h:57]   --->   Operation 26 'load' 'x_V_load_8' <Predicate = true> <Delay = 2.32> <Core = "RAM">   --->   Core 37 'RAM' <Latency = 1> <II = 1> <Delay = 2.32> <Storage> <Opcode : 'load' 'store'> <Ports = 2> <Width = 12> <Depth = 12> <RAM>
ST_4 : Operation 27 [1/1] (1.99ns)   --->   "%icmp_ln1497_8 = icmp slt i12 %x_V_load_8, -255" [../my-conifer-prj/firmware/BDT.h:57]   --->   Operation 27 'icmp' 'icmp_ln1497_8' <Predicate = true> <Delay = 1.99> <Core = "Cmp">   --->   Core 25 'Cmp' <Latency = 0> <II = 1> <Delay = 1.99> <FuncUnit> <Opcode : 'icmp'> <InPorts = 2> <OutPorts = 1>
ST_4 : Operation 28 [1/2] (2.32ns)   --->   "%x_V_load_9 = load i12* %x_V_addr_102, align 2" [../my-conifer-prj/firmware/BDT.h:57]   --->   Operation 28 'load' 'x_V_load_9' <Predicate = true> <Delay = 2.32> <Core = "RAM">   --->   Core 37 'RAM' <Latency = 1> <II = 1> <Delay = 2.32> <Storage> <Opcode : 'load' 'store'> <Ports = 2> <Width = 12> <Depth = 12> <RAM>
ST_4 : Operation 29 [1/1] (1.99ns)   --->   "%icmp_ln1497_9 = icmp slt i12 %x_V_load_9, -511" [../my-conifer-prj/firmware/BDT.h:57]   --->   Operation 29 'icmp' 'icmp_ln1497_9' <Predicate = true> <Delay = 1.99> <Core = "Cmp">   --->   Core 25 'Cmp' <Latency = 0> <II = 1> <Delay = 1.99> <FuncUnit> <Opcode : 'icmp'> <InPorts = 2> <OutPorts = 1>
ST_4 : Operation 30 [1/1] (0.00ns)   --->   "%x_V_addr_103 = getelementptr [12 x i12]* %x_V, i64 0, i64 1" [../my-conifer-prj/firmware/BDT.h:57]   --->   Operation 30 'getelementptr' 'x_V_addr_103' <Predicate = true> <Delay = 0.00>
ST_4 : Operation 31 [2/2] (2.32ns)   --->   "%x_V_load_12 = load i12* %x_V_addr_103, align 2" [../my-conifer-prj/firmware/BDT.h:57]   --->   Operation 31 'load' 'x_V_load_12' <Predicate = true> <Delay = 2.32> <Core = "RAM">   --->   Core 37 'RAM' <Latency = 1> <II = 1> <Delay = 2.32> <Storage> <Opcode : 'load' 'store'> <Ports = 2> <Width = 12> <Depth = 12> <RAM>

State 5 <SV = 4> <Delay = 6.79>
ST_5 : Operation 32 [1/1] (0.00ns)   --->   "call void (...)* @_ssdm_op_SpecPipeline(i32 1, i32 1, i32 1, i32 0, [1 x i8]* @p_str) nounwind" [../my-conifer-prj/firmware/BDT.h:25]   --->   Operation 32 'specpipeline' <Predicate = true> <Delay = 0.00>
ST_5 : Operation 33 [1/2] (2.32ns)   --->   "%x_V_load_12 = load i12* %x_V_addr_103, align 2" [../my-conifer-prj/firmware/BDT.h:57]   --->   Operation 33 'load' 'x_V_load_12' <Predicate = true> <Delay = 2.32> <Core = "RAM">   --->   Core 37 'RAM' <Latency = 1> <II = 1> <Delay = 2.32> <Storage> <Opcode : 'load' 'store'> <Ports = 2> <Width = 12> <Depth = 12> <RAM>
ST_5 : Operation 34 [1/1] (1.99ns)   --->   "%icmp_ln1497_12 = icmp slt i12 %x_V_load_12, 1793" [../my-conifer-prj/firmware/BDT.h:57]   --->   Operation 34 'icmp' 'icmp_ln1497_12' <Predicate = true> <Delay = 1.99> <Core = "Cmp">   --->   Core 25 'Cmp' <Latency = 0> <II = 1> <Delay = 1.99> <FuncUnit> <Opcode : 'icmp'> <InPorts = 2> <OutPorts = 1>
ST_5 : Operation 35 [1/1] (0.97ns)   --->   "%and_ln73 = and i1 %icmp_ln1497_1, %icmp_ln1497" [../my-conifer-prj/firmware/BDT.h:73]   --->   Operation 35 'and' 'and_ln73' <Predicate = (icmp_ln1497)> <Delay = 0.97> <Core = "LogicGate">   --->   Core 27 'LogicGate' <Latency = 0> <II = 1> <Delay = 0.97> <FuncUnit> <Opcode : 'and' 'or' 'xor'> <InPorts = 2> <OutPorts = 1>
ST_5 : Operation 36 [1/1] (0.00ns) (grouped into LUT with out node select_ln89_112)   --->   "%and_ln73_110 = and i1 %icmp_ln1497_2, %and_ln73" [../my-conifer-prj/firmware/BDT.h:73]   --->   Operation 36 'and' 'and_ln73_110' <Predicate = (icmp_ln1497)> <Delay = 0.00> <Core = "LogicGate">   --->   Core 27 'LogicGate' <Latency = 0> <II = 1> <Delay = 0.97> <FuncUnit> <Opcode : 'and' 'or' 'xor'> <InPorts = 2> <OutPorts = 1>
ST_5 : Operation 37 [1/1] (0.00ns) (grouped into LUT with out node or_ln88)   --->   "%xor_ln75 = xor i1 %icmp_ln1497_1, true" [../my-conifer-prj/firmware/BDT.h:75]   --->   Operation 37 'xor' 'xor_ln75' <Predicate = (icmp_ln1497)> <Delay = 0.00> <Core = "LogicGate">   --->   Core 27 'LogicGate' <Latency = 0> <II = 1> <Delay = 0.97> <FuncUnit> <Opcode : 'and' 'or' 'xor'> <InPorts = 2> <OutPorts = 1>
ST_5 : Operation 38 [1/1] (0.00ns) (grouped into LUT with out node or_ln88)   --->   "%and_ln73_115 = and i1 %icmp_ln1497_5, %xor_ln75" [../my-conifer-prj/firmware/BDT.h:73]   --->   Operation 38 'and' 'and_ln73_115' <Predicate = (icmp_ln1497)> <Delay = 0.00> <Core = "LogicGate">   --->   Core 27 'LogicGate' <Latency = 0> <II = 1> <Delay = 0.97> <FuncUnit> <Opcode : 'and' 'or' 'xor'> <InPorts = 2> <OutPorts = 1>
ST_5 : Operation 39 [1/1] (0.00ns) (grouped into LUT with out node or_ln88)   --->   "%and_ln73_111 = and i1 %and_ln73_115, %icmp_ln1497" [../my-conifer-prj/firmware/BDT.h:73]   --->   Operation 39 'and' 'and_ln73_111' <Predicate = (icmp_ln1497)> <Delay = 0.00> <Core = "LogicGate">   --->   Core 27 'LogicGate' <Latency = 0> <II = 1> <Delay = 0.97> <FuncUnit> <Opcode : 'and' 'or' 'xor'> <InPorts = 2> <OutPorts = 1>
ST_5 : Operation 40 [1/1] (0.97ns)   --->   "%xor_ln75_43 = xor i1 %icmp_ln1497, true" [../my-conifer-prj/firmware/BDT.h:75]   --->   Operation 40 'xor' 'xor_ln75_43' <Predicate = true> <Delay = 0.97> <Core = "LogicGate">   --->   Core 27 'LogicGate' <Latency = 0> <II = 1> <Delay = 0.97> <FuncUnit> <Opcode : 'and' 'or' 'xor'> <InPorts = 2> <OutPorts = 1>
ST_5 : Operation 41 [1/1] (0.97ns)   --->   "%and_ln73_112 = and i1 %icmp_ln1497_8, %xor_ln75_43" [../my-conifer-prj/firmware/BDT.h:73]   --->   Operation 41 'and' 'and_ln73_112' <Predicate = true> <Delay = 0.97> <Core = "LogicGate">   --->   Core 27 'LogicGate' <Latency = 0> <II = 1> <Delay = 0.97> <FuncUnit> <Opcode : 'and' 'or' 'xor'> <InPorts = 2> <OutPorts = 1>
ST_5 : Operation 42 [1/1] (0.00ns) (grouped into LUT with out node select_ln89_114)   --->   "%and_ln73_113 = and i1 %icmp_ln1497_9, %and_ln73_112" [../my-conifer-prj/firmware/BDT.h:73]   --->   Operation 42 'and' 'and_ln73_113' <Predicate = true> <Delay = 0.00> <Core = "LogicGate">   --->   Core 27 'LogicGate' <Latency = 0> <II = 1> <Delay = 0.97> <FuncUnit> <Opcode : 'and' 'or' 'xor'> <InPorts = 2> <OutPorts = 1>
ST_5 : Operation 43 [1/1] (0.00ns) (grouped into LUT with out node tmp)   --->   "%xor_ln75_44 = xor i1 %icmp_ln1497_8, true" [../my-conifer-prj/firmware/BDT.h:75]   --->   Operation 43 'xor' 'xor_ln75_44' <Predicate = true> <Delay = 0.00> <Core = "LogicGate">   --->   Core 27 'LogicGate' <Latency = 0> <II = 1> <Delay = 0.97> <FuncUnit> <Opcode : 'and' 'or' 'xor'> <InPorts = 2> <OutPorts = 1>
ST_5 : Operation 44 [1/1] (0.00ns) (grouped into LUT with out node tmp)   --->   "%and_ln73_116 = and i1 %icmp_ln1497_12, %xor_ln75_43" [../my-conifer-prj/firmware/BDT.h:73]   --->   Operation 44 'and' 'and_ln73_116' <Predicate = true> <Delay = 0.00> <Core = "LogicGate">   --->   Core 27 'LogicGate' <Latency = 0> <II = 1> <Delay = 0.97> <FuncUnit> <Opcode : 'and' 'or' 'xor'> <InPorts = 2> <OutPorts = 1>
ST_5 : Operation 45 [1/1] (0.00ns) (grouped into LUT with out node tmp)   --->   "%and_ln73_114 = and i1 %and_ln73_116, %xor_ln75_44" [../my-conifer-prj/firmware/BDT.h:73]   --->   Operation 45 'and' 'and_ln73_114' <Predicate = true> <Delay = 0.00> <Core = "LogicGate">   --->   Core 27 'LogicGate' <Latency = 0> <II = 1> <Delay = 0.97> <FuncUnit> <Opcode : 'and' 'or' 'xor'> <InPorts = 2> <OutPorts = 1>
ST_5 : Operation 46 [1/1] (0.97ns) (out node of the LUT)   --->   "%or_ln88 = or i1 %and_ln73, %and_ln73_111" [../my-conifer-prj/firmware/BDT.h:88]   --->   Operation 46 'or' 'or_ln88' <Predicate = (icmp_ln1497)> <Delay = 0.97> <Core = "LogicGate">   --->   Core 27 'LogicGate' <Latency = 0> <II = 1> <Delay = 0.97> <FuncUnit> <Opcode : 'and' 'or' 'xor'> <InPorts = 2> <OutPorts = 1>
ST_5 : Operation 47 [1/1] (0.00ns) (grouped into LUT with out node select_ln89_114)   --->   "%or_ln88_65 = or i1 %icmp_ln1497, %and_ln73_113" [../my-conifer-prj/firmware/BDT.h:88]   --->   Operation 47 'or' 'or_ln88_65' <Predicate = true> <Delay = 0.00> <Core = "LogicGate">   --->   Core 27 'LogicGate' <Latency = 0> <II = 1> <Delay = 0.97> <FuncUnit> <Opcode : 'and' 'or' 'xor'> <InPorts = 2> <OutPorts = 1>
ST_5 : Operation 48 [1/1] (0.97ns)   --->   "%or_ln88_66 = or i1 %icmp_ln1497, %and_ln73_112" [../my-conifer-prj/firmware/BDT.h:88]   --->   Operation 48 'or' 'or_ln88_66' <Predicate = true> <Delay = 0.97> <Core = "LogicGate">   --->   Core 27 'LogicGate' <Latency = 0> <II = 1> <Delay = 0.97> <FuncUnit> <Opcode : 'and' 'or' 'xor'> <InPorts = 2> <OutPorts = 1>
ST_5 : Operation 49 [1/1] (0.00ns) (grouped into LUT with out node tmp)   --->   "%or_ln88_67 = or i1 %or_ln88_66, %and_ln73_114" [../my-conifer-prj/firmware/BDT.h:88]   --->   Operation 49 'or' 'or_ln88_67' <Predicate = true> <Delay = 0.00> <Core = "LogicGate">   --->   Core 27 'LogicGate' <Latency = 0> <II = 1> <Delay = 0.97> <FuncUnit> <Opcode : 'and' 'or' 'xor'> <InPorts = 2> <OutPorts = 1>
ST_5 : Operation 50 [1/1] (0.00ns) (grouped into LUT with out node select_ln89_112)   --->   "%xor_ln89 = xor i1 %and_ln73_110, true" [../my-conifer-prj/firmware/BDT.h:89]   --->   Operation 50 'xor' 'xor_ln89' <Predicate = (icmp_ln1497)> <Delay = 0.00> <Core = "LogicGate">   --->   Core 27 'LogicGate' <Latency = 0> <II = 1> <Delay = 0.97> <FuncUnit> <Opcode : 'and' 'or' 'xor'> <InPorts = 2> <OutPorts = 1>
ST_5 : Operation 51 [1/1] (0.00ns) (grouped into LUT with out node select_ln89_112)   --->   "%zext_ln89 = zext i1 %xor_ln89 to i2" [../my-conifer-prj/firmware/BDT.h:89]   --->   Operation 51 'zext' 'zext_ln89' <Predicate = (icmp_ln1497)> <Delay = 0.00>
ST_5 : Operation 52 [1/1] (0.00ns) (grouped into LUT with out node select_ln89_112)   --->   "%select_ln89 = select i1 %and_ln73, i2 %zext_ln89, i2 -2" [../my-conifer-prj/firmware/BDT.h:89]   --->   Operation 52 'select' 'select_ln89' <Predicate = (icmp_ln1497)> <Delay = 0.00> <Core = "Sel">   --->   Core 26 'Sel' <Latency = 0> <II = 1> <Delay = 0.98> <FuncUnit> <Opcode : 'select'> <InPorts = 3> <OutPorts = 1>
ST_5 : Operation 53 [1/1] (0.00ns) (grouped into LUT with out node select_ln89_112)   --->   "%select_ln89_111 = select i1 %or_ln88, i2 %select_ln89, i2 -1" [../my-conifer-prj/firmware/BDT.h:89]   --->   Operation 53 'select' 'select_ln89_111' <Predicate = (icmp_ln1497)> <Delay = 0.00> <Core = "Sel">   --->   Core 26 'Sel' <Latency = 0> <II = 1> <Delay = 0.98> <FuncUnit> <Opcode : 'select'> <InPorts = 3> <OutPorts = 1>
ST_5 : Operation 54 [1/1] (0.00ns) (grouped into LUT with out node select_ln89_112)   --->   "%zext_ln89_23 = zext i2 %select_ln89_111 to i3" [../my-conifer-prj/firmware/BDT.h:89]   --->   Operation 54 'zext' 'zext_ln89_23' <Predicate = (icmp_ln1497)> <Delay = 0.00>
ST_5 : Operation 55 [1/1] (0.99ns) (out node of the LUT)   --->   "%select_ln89_112 = select i1 %icmp_ln1497, i3 %zext_ln89_23, i3 -4" [../my-conifer-prj/firmware/BDT.h:89]   --->   Operation 55 'select' 'select_ln89_112' <Predicate = true> <Delay = 0.99> <Core = "Sel">   --->   Core 26 'Sel' <Latency = 0> <II = 1> <Delay = 0.98> <FuncUnit> <Opcode : 'select'> <InPorts = 3> <OutPorts = 1>
ST_5 : Operation 56 [1/1] (0.00ns) (grouped into LUT with out node select_ln89_114)   --->   "%select_ln89_113 = select i1 %or_ln88_65, i3 %select_ln89_112, i3 -3" [../my-conifer-prj/firmware/BDT.h:89]   --->   Operation 56 'select' 'select_ln89_113' <Predicate = true> <Delay = 0.00> <Core = "Sel">   --->   Core 26 'Sel' <Latency = 0> <II = 1> <Delay = 0.98> <FuncUnit> <Opcode : 'select'> <InPorts = 3> <OutPorts = 1>
ST_5 : Operation 57 [1/1] (0.98ns) (out node of the LUT)   --->   "%select_ln89_114 = select i1 %or_ln88_66, i3 %select_ln89_113, i3 -2" [../my-conifer-prj/firmware/BDT.h:89]   --->   Operation 57 'select' 'select_ln89_114' <Predicate = true> <Delay = 0.98> <Core = "Sel">   --->   Core 26 'Sel' <Latency = 0> <II = 1> <Delay = 0.98> <FuncUnit> <Opcode : 'select'> <InPorts = 3> <OutPorts = 1>
ST_5 : Operation 58 [1/1] (0.00ns) (grouped into LUT with out node tmp)   --->   "%select_ln89_115 = select i1 %or_ln88_67, i3 %select_ln89_114, i3 -1" [../my-conifer-prj/firmware/BDT.h:89]   --->   Operation 58 'select' 'select_ln89_115' <Predicate = true> <Delay = 0.00> <Core = "Sel">   --->   Core 26 'Sel' <Latency = 0> <II = 1> <Delay = 0.98> <FuncUnit> <Opcode : 'select'> <InPorts = 3> <OutPorts = 1>
ST_5 : Operation 59 [1/1] (2.47ns) (out node of the LUT)   --->   "%tmp = call i12 @_ssdm_op_Mux.ap_auto.8i12.i3(i12 -1, i12 -29, i12 46, i12 -29, i12 7, i12 -10, i12 30, i12 -28, i3 %select_ln89_115)" [../my-conifer-prj/firmware/BDT.h:89]   --->   Operation 59 'mux' 'tmp' <Predicate = true> <Delay = 2.47> <Core = "MuxnS">   --->   Core 31 'MuxnS' <Latency = 0> <II = 1> <Delay = 4.03> <FuncUnit> <Opcode : 'mux'> <InPorts = 2> <OutPorts = 1>
ST_5 : Operation 60 [1/1] (0.00ns)   --->   "ret i12 %tmp" [../my-conifer-prj/firmware/BDT.h:93]   --->   Operation 60 'ret' <Predicate = true> <Delay = 0.00>


============================================================
+ Verbose Summary: Binding
============================================================
STG Binding: 
---------------- STG Properties BEGIN ----------------
- Is combinational: 0
- Is one-state seq: 0
- Is datapath-only: 0
- Is pipelined: 1
- Is top level: 0
Port [ Return ] is wired: 1; IO mode=ap_ctrl_hs:ce=0
Port [ x_V]:  wired=1; compound=1; hidden=0; nouse=0; global=0; static=0; extern=0; dir=0; type=1; pingpong=0; private_global=0; MemPort=[11]; IO mode=ap_memory:ce=0
---------------- STG Properties END ------------------

---------------- Datapath Model BEGIN ----------------

<LifeTime>
<method=bitvector/>
x_V_addr          (getelementptr) [ 001000]
x_V_addr_98       (getelementptr) [ 001000]
x_V_load          (load         ) [ 000000]
icmp_ln1497       (icmp         ) [ 010111]
x_V_load_1        (load         ) [ 000000]
icmp_ln1497_1     (icmp         ) [ 010111]
x_V_addr_99       (getelementptr) [ 000100]
x_V_addr_100      (getelementptr) [ 000100]
x_V_load_2        (load         ) [ 000000]
icmp_ln1497_2     (icmp         ) [ 010011]
x_V_load_5        (load         ) [ 000000]
icmp_ln1497_5     (icmp         ) [ 010011]
x_V_addr_101      (getelementptr) [ 000010]
x_V_addr_102      (getelementptr) [ 000010]
x_V_load_8        (load         ) [ 000000]
icmp_ln1497_8     (icmp         ) [ 010001]
x_V_load_9        (load         ) [ 000000]
icmp_ln1497_9     (icmp         ) [ 010001]
x_V_addr_103      (getelementptr) [ 010001]
specpipeline_ln25 (specpipeline ) [ 000000]
x_V_load_12       (load         ) [ 000000]
icmp_ln1497_12    (icmp         ) [ 000000]
and_ln73          (and          ) [ 000000]
and_ln73_110      (and          ) [ 000000]
xor_ln75          (xor          ) [ 000000]
and_ln73_115      (and          ) [ 000000]
and_ln73_111      (and          ) [ 000000]
xor_ln75_43       (xor          ) [ 000000]
and_ln73_112      (and          ) [ 000000]
and_ln73_113      (and          ) [ 000000]
xor_ln75_44       (xor          ) [ 000000]
and_ln73_116      (and          ) [ 000000]
and_ln73_114      (and          ) [ 000000]
or_ln88           (or           ) [ 000000]
or_ln88_65        (or           ) [ 000000]
or_ln88_66        (or           ) [ 000000]
or_ln88_67        (or           ) [ 000000]
xor_ln89          (xor          ) [ 000000]
zext_ln89         (zext         ) [ 000000]
select_ln89       (select       ) [ 000000]
select_ln89_111   (select       ) [ 000000]
zext_ln89_23      (zext         ) [ 000000]
select_ln89_112   (select       ) [ 000000]
select_ln89_113   (select       ) [ 000000]
select_ln89_114   (select       ) [ 000000]
select_ln89_115   (select       ) [ 000000]
tmp               (mux          ) [ 000000]
ret_ln93          (ret          ) [ 000000]
</LifeTime>

<model>

<comp_list>
<comp id="0" class="1000" name="x_V">
<pin_list>
<pin id="1" dir="1" index="0" bw="1" slack="0"/>
</pin_list>
<bind>
<StgValue><ssdm name="x_V"/><MemPortTyVec>1 1 </MemPortTyVec>
</StgValue>
</bind>
</comp>

<comp id="2" class="1001" name="const_2">
<pin_list>
<pin id="3" dir="1" index="0" bw="1" slack="0"/>
</pin_list>
<bind>
<StgValue><ssdm name=""/></StgValue>
</bind>
</comp>

<comp id="4" class="1001" name="const_4">
<pin_list>
<pin id="5" dir="1" index="0" bw="1" slack="0"/>
</pin_list>
<bind>
<StgValue><ssdm name=""/></StgValue>
</bind>
</comp>

<comp id="6" class="1001" name="const_6">
<pin_list>
<pin id="7" dir="1" index="0" bw="1" slack="0"/>
</pin_list>
<bind>
<StgValue><ssdm name=""/></StgValue>
</bind>
</comp>

<comp id="8" class="1001" name="const_8">
<pin_list>
<pin id="9" dir="1" index="0" bw="1" slack="0"/>
</pin_list>
<bind>
<StgValue><ssdm name=""/></StgValue>
</bind>
</comp>

<comp id="10" class="1001" name="const_10">
<pin_list>
<pin id="11" dir="1" index="0" bw="1" slack="0"/>
</pin_list>
<bind>
<StgValue><ssdm name=""/></StgValue>
</bind>
</comp>

<comp id="12" class="1001" name="const_12">
<pin_list>
<pin id="13" dir="1" index="0" bw="1" slack="0"/>
</pin_list>
<bind>
<StgValue><ssdm name=""/></StgValue>
</bind>
</comp>

<comp id="14" class="1001" name="const_14">
<pin_list>
<pin id="15" dir="1" index="0" bw="1" slack="0"/>
</pin_list>
<bind>
<StgValue><ssdm name=""/></StgValue>
</bind>
</comp>

<comp id="16" class="1001" name="const_16">
<pin_list>
<pin id="17" dir="1" index="0" bw="1" slack="0"/>
</pin_list>
<bind>
<StgValue><ssdm name=""/></StgValue>
</bind>
</comp>

<comp id="18" class="1001" name="const_18">
<pin_list>
<pin id="19" dir="1" index="0" bw="1" slack="0"/>
</pin_list>
<bind>
<StgValue><ssdm name=""/></StgValue>
</bind>
</comp>

<comp id="20" class="1001" name="const_20">
<pin_list>
<pin id="21" dir="1" index="0" bw="1" slack="0"/>
</pin_list>
<bind>
<StgValue><ssdm name=""/></StgValue>
</bind>
</comp>

<comp id="22" class="1001" name="const_22">
<pin_list>
<pin id="23" dir="1" index="0" bw="1" slack="0"/>
</pin_list>
<bind>
<StgValue><ssdm name=""/></StgValue>
</bind>
</comp>

<comp id="24" class="1001" name="const_24">
<pin_list>
<pin id="25" dir="1" index="0" bw="1" slack="0"/>
</pin_list>
<bind>
<StgValue><ssdm name=""/></StgValue>
</bind>
</comp>

<comp id="26" class="1001" name="const_26">
<pin_list>
<pin id="27" dir="1" index="0" bw="1" slack="0"/>
</pin_list>
<bind>
<StgValue><ssdm name=""/></StgValue>
</bind>
</comp>

<comp id="28" class="1001" name="const_28">
<pin_list>
<pin id="29" dir="1" index="0" bw="1" slack="0"/>
</pin_list>
<bind>
<StgValue><ssdm name=""/></StgValue>
</bind>
</comp>

<comp id="30" class="1001" name="const_30">
<pin_list>
<pin id="31" dir="1" index="0" bw="1" slack="2147483647"/>
</pin_list>
<bind>
<StgValue><ssdm name="_ssdm_op_SpecPipeline"/></StgValue>
</bind>
</comp>

<comp id="32" class="1001" name="const_32">
<pin_list>
<pin id="33" dir="1" index="0" bw="1" slack="2147483647"/>
</pin_list>
<bind>
<StgValue><ssdm name=""/></StgValue>
</bind>
</comp>

<comp id="34" class="1001" name="const_34">
<pin_list>
<pin id="35" dir="1" index="0" bw="1" slack="2147483647"/>
</pin_list>
<bind>
<StgValue><ssdm name=""/></StgValue>
</bind>
</comp>

<comp id="36" class="1001" name="const_36">
<pin_list>
<pin id="37" dir="1" index="0" bw="1" slack="2147483647"/>
</pin_list>
<bind>
<StgValue><ssdm name="p_str"/></StgValue>
</bind>
</comp>

<comp id="38" class="1001" name="const_38">
<pin_list>
<pin id="39" dir="1" index="0" bw="1" slack="0"/>
</pin_list>
<bind>
<StgValue><ssdm name=""/></StgValue>
</bind>
</comp>

<comp id="40" class="1001" name="const_40">
<pin_list>
<pin id="41" dir="1" index="0" bw="1" slack="0"/>
</pin_list>
<bind>
<StgValue><ssdm name=""/></StgValue>
</bind>
</comp>

<comp id="42" class="1001" name="const_42">
<pin_list>
<pin id="43" dir="1" index="0" bw="1" slack="0"/>
</pin_list>
<bind>
<StgValue><ssdm name=""/></StgValue>
</bind>
</comp>

<comp id="44" class="1001" name="const_44">
<pin_list>
<pin id="45" dir="1" index="0" bw="1" slack="0"/>
</pin_list>
<bind>
<StgValue><ssdm name=""/></StgValue>
</bind>
</comp>

<comp id="46" class="1001" name="const_46">
<pin_list>
<pin id="47" dir="1" index="0" bw="1" slack="0"/>
</pin_list>
<bind>
<StgValue><ssdm name=""/></StgValue>
</bind>
</comp>

<comp id="48" class="1001" name="const_48">
<pin_list>
<pin id="49" dir="1" index="0" bw="1" slack="0"/>
</pin_list>
<bind>
<StgValue><ssdm name=""/></StgValue>
</bind>
</comp>

<comp id="50" class="1001" name="const_50">
<pin_list>
<pin id="51" dir="1" index="0" bw="1" slack="0"/>
</pin_list>
<bind>
<StgValue><ssdm name=""/></StgValue>
</bind>
</comp>

<comp id="52" class="1001" name="const_52">
<pin_list>
<pin id="53" dir="1" index="0" bw="1" slack="0"/>
</pin_list>
<bind>
<StgValue><ssdm name=""/></StgValue>
</bind>
</comp>

<comp id="54" class="1001" name="const_54">
<pin_list>
<pin id="55" dir="1" index="0" bw="1" slack="0"/>
</pin_list>
<bind>
<StgValue><ssdm name="_ssdm_op_Mux.ap_auto.8i12.i3"/></StgValue>
</bind>
</comp>

<comp id="56" class="1001" name="const_56">
<pin_list>
<pin id="57" dir="1" index="0" bw="1" slack="0"/>
</pin_list>
<bind>
<StgValue><ssdm name=""/></StgValue>
</bind>
</comp>

<comp id="58" class="1001" name="const_58">
<pin_list>
<pin id="59" dir="1" index="0" bw="1" slack="0"/>
</pin_list>
<bind>
<StgValue><ssdm name=""/></StgValue>
</bind>
</comp>

<comp id="60" class="1001" name="const_60">
<pin_list>
<pin id="61" dir="1" index="0" bw="1" slack="0"/>
</pin_list>
<bind>
<StgValue><ssdm name=""/></StgValue>
</bind>
</comp>

<comp id="62" class="1001" name="const_62">
<pin_list>
<pin id="63" dir="1" index="0" bw="1" slack="0"/>
</pin_list>
<bind>
<StgValue><ssdm name=""/></StgValue>
</bind>
</comp>

<comp id="64" class="1001" name="const_64">
<pin_list>
<pin id="65" dir="1" index="0" bw="1" slack="0"/>
</pin_list>
<bind>
<StgValue><ssdm name=""/></StgValue>
</bind>
</comp>

<comp id="66" class="1001" name="const_66">
<pin_list>
<pin id="67" dir="1" index="0" bw="1" slack="0"/>
</pin_list>
<bind>
<StgValue><ssdm name=""/></StgValue>
</bind>
</comp>

<comp id="68" class="1001" name="const_68">
<pin_list>
<pin id="69" dir="1" index="0" bw="1" slack="0"/>
</pin_list>
<bind>
<StgValue><ssdm name=""/></StgValue>
</bind>
</comp>

<comp id="70" class="1004" name="x_V_addr_gep_fu_70">
<pin_list>
<pin id="71" dir="0" index="0" bw="12" slack="0"/>
<pin id="72" dir="0" index="1" bw="1" slack="0"/>
<pin id="73" dir="0" index="2" bw="5" slack="0"/>
<pin id="74" dir="1" index="3" bw="4" slack="0"/>
</pin_list>
<bind>
<opcode="getelementptr(29) " fcode="getelementptr"/>
<opset="x_V_addr/1 "/>
</bind>
</comp>

<comp id="78" class="1004" name="grp_access_fu_78">
<pin_list>
<pin id="79" dir="0" index="0" bw="4" slack="0"/>
<pin id="80" dir="0" index="1" bw="12" slack="2147483647"/>
<pin id="81" dir="0" index="2" bw="0" slack="0"/>
<pin id="92" dir="0" index="4" bw="4" slack="2147483647"/>
<pin id="93" dir="0" index="5" bw="12" slack="2147483647"/>
<pin id="94" dir="0" index="6" bw="0" slack="2147483647"/>
<pin id="82" dir="1" index="3" bw="12" slack="0"/>
<pin id="95" dir="1" index="7" bw="12" slack="0"/>
</pin_list>
<bind>
<opcode="load(27) " fcode="load"/>
<opset="x_V_load/1 x_V_load_1/1 x_V_load_2/2 x_V_load_5/2 x_V_load_8/3 x_V_load_9/3 x_V_load_12/4 "/>
</bind>
</comp>

<comp id="84" class="1004" name="x_V_addr_98_gep_fu_84">
<pin_list>
<pin id="85" dir="0" index="0" bw="12" slack="0"/>
<pin id="86" dir="0" index="1" bw="1" slack="0"/>
<pin id="87" dir="0" index="2" bw="4" slack="0"/>
<pin id="88" dir="1" index="3" bw="4" slack="0"/>
</pin_list>
<bind>
<opcode="getelementptr(29) " fcode="getelementptr"/>
<opset="x_V_addr_98/1 "/>
</bind>
</comp>

<comp id="97" class="1004" name="x_V_addr_99_gep_fu_97">
<pin_list>
<pin id="98" dir="0" index="0" bw="12" slack="0"/>
<pin id="99" dir="0" index="1" bw="1" slack="0"/>
<pin id="100" dir="0" index="2" bw="3" slack="0"/>
<pin id="101" dir="1" index="3" bw="4" slack="0"/>
</pin_list>
<bind>
<opcode="getelementptr(29) " fcode="getelementptr"/>
<opset="x_V_addr_99/2 "/>
</bind>
</comp>

<comp id="106" class="1004" name="x_V_addr_100_gep_fu_106">
<pin_list>
<pin id="107" dir="0" index="0" bw="12" slack="0"/>
<pin id="108" dir="0" index="1" bw="1" slack="0"/>
<pin id="109" dir="0" index="2" bw="5" slack="0"/>
<pin id="110" dir="1" index="3" bw="4" slack="0"/>
</pin_list>
<bind>
<opcode="getelementptr(29) " fcode="getelementptr"/>
<opset="x_V_addr_100/2 "/>
</bind>
</comp>

<comp id="115" class="1004" name="x_V_addr_101_gep_fu_115">
<pin_list>
<pin id="116" dir="0" index="0" bw="12" slack="0"/>
<pin id="117" dir="0" index="1" bw="1" slack="0"/>
<pin id="118" dir="0" index="2" bw="5" slack="0"/>
<pin id="119" dir="1" index="3" bw="4" slack="0"/>
</pin_list>
<bind>
<opcode="getelementptr(29) " fcode="getelementptr"/>
<opset="x_V_addr_101/3 "/>
</bind>
</comp>

<comp id="124" class="1004" name="x_V_addr_102_gep_fu_124">
<pin_list>
<pin id="125" dir="0" index="0" bw="12" slack="0"/>
<pin id="126" dir="0" index="1" bw="1" slack="0"/>
<pin id="127" dir="0" index="2" bw="4" slack="0"/>
<pin id="128" dir="1" index="3" bw="4" slack="0"/>
</pin_list>
<bind>
<opcode="getelementptr(29) " fcode="getelementptr"/>
<opset="x_V_addr_102/3 "/>
</bind>
</comp>

<comp id="133" class="1004" name="x_V_addr_103_gep_fu_133">
<pin_list>
<pin id="134" dir="0" index="0" bw="12" slack="0"/>
<pin id="135" dir="0" index="1" bw="1" slack="0"/>
<pin id="136" dir="0" index="2" bw="1" slack="0"/>
<pin id="137" dir="1" index="3" bw="4" slack="0"/>
</pin_list>
<bind>
<opcode="getelementptr(29) " fcode="getelementptr"/>
<opset="x_V_addr_103/4 "/>
</bind>
</comp>

<comp id="142" class="1004" name="icmp_ln1497_fu_142">
<pin_list>
<pin id="143" dir="0" index="0" bw="12" slack="0"/>
<pin id="144" dir="0" index="1" bw="12" slack="0"/>
<pin id="145" dir="1" index="2" bw="1" slack="1"/>
</pin_list>
<bind>
<opcode="icmp(45) " fcode="icmp"/>
<opset="icmp_ln1497/2 "/>
</bind>
</comp>

<comp id="148" class="1004" name="icmp_ln1497_1_fu_148">
<pin_list>
<pin id="149" dir="0" index="0" bw="12" slack="0"/>
<pin id="150" dir="0" index="1" bw="12" slack="0"/>
<pin id="151" dir="1" index="2" bw="1" slack="3"/>
</pin_list>
<bind>
<opcode="icmp(45) " fcode="icmp"/>
<opset="icmp_ln1497_1/2 "/>
</bind>
</comp>

<comp id="154" class="1004" name="icmp_ln1497_2_fu_154">
<pin_list>
<pin id="155" dir="0" index="0" bw="12" slack="0"/>
<pin id="156" dir="0" index="1" bw="12" slack="0"/>
<pin id="157" dir="1" index="2" bw="1" slack="2"/>
</pin_list>
<bind>
<opcode="icmp(45) " fcode="icmp"/>
<opset="icmp_ln1497_2/3 "/>
</bind>
</comp>

<comp id="160" class="1004" name="icmp_ln1497_5_fu_160">
<pin_list>
<pin id="161" dir="0" index="0" bw="12" slack="0"/>
<pin id="162" dir="0" index="1" bw="12" slack="0"/>
<pin id="163" dir="1" index="2" bw="1" slack="2"/>
</pin_list>
<bind>
<opcode="icmp(45) " fcode="icmp"/>
<opset="icmp_ln1497_5/3 "/>
</bind>
</comp>

<comp id="166" class="1004" name="icmp_ln1497_8_fu_166">
<pin_list>
<pin id="167" dir="0" index="0" bw="12" slack="0"/>
<pin id="168" dir="0" index="1" bw="12" slack="0"/>
<pin id="169" dir="1" index="2" bw="1" slack="1"/>
</pin_list>
<bind>
<opcode="icmp(45) " fcode="icmp"/>
<opset="icmp_ln1497_8/4 "/>
</bind>
</comp>

<comp id="172" class="1004" name="icmp_ln1497_9_fu_172">
<pin_list>
<pin id="173" dir="0" index="0" bw="12" slack="0"/>
<pin id="174" dir="0" index="1" bw="12" slack="0"/>
<pin id="175" dir="1" index="2" bw="1" slack="1"/>
</pin_list>
<bind>
<opcode="icmp(45) " fcode="icmp"/>
<opset="icmp_ln1497_9/4 "/>
</bind>
</comp>

<comp id="178" class="1004" name="icmp_ln1497_12_fu_178">
<pin_list>
<pin id="179" dir="0" index="0" bw="12" slack="0"/>
<pin id="180" dir="0" index="1" bw="12" slack="0"/>
<pin id="181" dir="1" index="2" bw="1" slack="0"/>
</pin_list>
<bind>
<opcode="icmp(45) " fcode="icmp"/>
<opset="icmp_ln1497_12/5 "/>
</bind>
</comp>

<comp id="184" class="1004" name="and_ln73_fu_184">
<pin_list>
<pin id="185" dir="0" index="0" bw="1" slack="3"/>
<pin id="186" dir="0" index="1" bw="1" slack="3"/>
<pin id="187" dir="1" index="2" bw="1" slack="0"/>
</pin_list>
<bind>
<opcode="and(23) " fcode="and"/>
<opset="and_ln73/5 "/>
</bind>
</comp>

<comp id="188" class="1004" name="and_ln73_110_fu_188">
<pin_list>
<pin id="189" dir="0" index="0" bw="1" slack="2"/>
<pin id="190" dir="0" index="1" bw="1" slack="0"/>
<pin id="191" dir="1" index="2" bw="1" slack="0"/>
</pin_list>
<bind>
<opcode="and(23) " fcode="and"/>
<opset="and_ln73_110/5 "/>
</bind>
</comp>

<comp id="193" class="1004" name="xor_ln75_fu_193">
<pin_list>
<pin id="194" dir="0" index="0" bw="1" slack="3"/>
<pin id="195" dir="0" index="1" bw="1" slack="0"/>
<pin id="196" dir="1" index="2" bw="1" slack="0"/>
</pin_list>
<bind>
<opcode="xor(25) " fcode="xor"/>
<opset="xor_ln75/5 "/>
</bind>
</comp>

<comp id="198" class="1004" name="and_ln73_115_fu_198">
<pin_list>
<pin id="199" dir="0" index="0" bw="1" slack="2"/>
<pin id="200" dir="0" index="1" bw="1" slack="0"/>
<pin id="201" dir="1" index="2" bw="1" slack="0"/>
</pin_list>
<bind>
<opcode="and(23) " fcode="and"/>
<opset="and_ln73_115/5 "/>
</bind>
</comp>

<comp id="203" class="1004" name="and_ln73_111_fu_203">
<pin_list>
<pin id="204" dir="0" index="0" bw="1" slack="0"/>
<pin id="205" dir="0" index="1" bw="1" slack="3"/>
<pin id="206" dir="1" index="2" bw="1" slack="0"/>
</pin_list>
<bind>
<opcode="and(23) " fcode="and"/>
<opset="and_ln73_111/5 "/>
</bind>
</comp>

<comp id="208" class="1004" name="xor_ln75_43_fu_208">
<pin_list>
<pin id="209" dir="0" index="0" bw="1" slack="3"/>
<pin id="210" dir="0" index="1" bw="1" slack="0"/>
<pin id="211" dir="1" index="2" bw="1" slack="0"/>
</pin_list>
<bind>
<opcode="xor(25) " fcode="xor"/>
<opset="xor_ln75_43/5 "/>
</bind>
</comp>

<comp id="213" class="1004" name="and_ln73_112_fu_213">
<pin_list>
<pin id="214" dir="0" index="0" bw="1" slack="1"/>
<pin id="215" dir="0" index="1" bw="1" slack="0"/>
<pin id="216" dir="1" index="2" bw="1" slack="0"/>
</pin_list>
<bind>
<opcode="and(23) " fcode="and"/>
<opset="and_ln73_112/5 "/>
</bind>
</comp>

<comp id="218" class="1004" name="and_ln73_113_fu_218">
<pin_list>
<pin id="219" dir="0" index="0" bw="1" slack="1"/>
<pin id="220" dir="0" index="1" bw="1" slack="0"/>
<pin id="221" dir="1" index="2" bw="1" slack="0"/>
</pin_list>
<bind>
<opcode="and(23) " fcode="and"/>
<opset="and_ln73_113/5 "/>
</bind>
</comp>

<comp id="223" class="1004" name="xor_ln75_44_fu_223">
<pin_list>
<pin id="224" dir="0" index="0" bw="1" slack="1"/>
<pin id="225" dir="0" index="1" bw="1" slack="0"/>
<pin id="226" dir="1" index="2" bw="1" slack="0"/>
</pin_list>
<bind>
<opcode="xor(25) " fcode="xor"/>
<opset="xor_ln75_44/5 "/>
</bind>
</comp>

<comp id="228" class="1004" name="and_ln73_116_fu_228">
<pin_list>
<pin id="229" dir="0" index="0" bw="1" slack="0"/>
<pin id="230" dir="0" index="1" bw="1" slack="0"/>
<pin id="231" dir="1" index="2" bw="1" slack="0"/>
</pin_list>
<bind>
<opcode="and(23) " fcode="and"/>
<opset="and_ln73_116/5 "/>
</bind>
</comp>

<comp id="234" class="1004" name="and_ln73_114_fu_234">
<pin_list>
<pin id="235" dir="0" index="0" bw="1" slack="0"/>
<pin id="236" dir="0" index="1" bw="1" slack="0"/>
<pin id="237" dir="1" index="2" bw="1" slack="0"/>
</pin_list>
<bind>
<opcode="and(23) " fcode="and"/>
<opset="and_ln73_114/5 "/>
</bind>
</comp>

<comp id="240" class="1004" name="or_ln88_fu_240">
<pin_list>
<pin id="241" dir="0" index="0" bw="1" slack="0"/>
<pin id="242" dir="0" index="1" bw="1" slack="0"/>
<pin id="243" dir="1" index="2" bw="1" slack="0"/>
</pin_list>
<bind>
<opcode="or(24) " fcode="or"/>
<opset="or_ln88/5 "/>
</bind>
</comp>

<comp id="246" class="1004" name="or_ln88_65_fu_246">
<pin_list>
<pin id="247" dir="0" index="0" bw="1" slack="3"/>
<pin id="248" dir="0" index="1" bw="1" slack="0"/>
<pin id="249" dir="1" index="2" bw="1" slack="0"/>
</pin_list>
<bind>
<opcode="or(24) " fcode="or"/>
<opset="or_ln88_65/5 "/>
</bind>
</comp>

<comp id="251" class="1004" name="or_ln88_66_fu_251">
<pin_list>
<pin id="252" dir="0" index="0" bw="1" slack="3"/>
<pin id="253" dir="0" index="1" bw="1" slack="0"/>
<pin id="254" dir="1" index="2" bw="1" slack="0"/>
</pin_list>
<bind>
<opcode="or(24) " fcode="or"/>
<opset="or_ln88_66/5 "/>
</bind>
</comp>

<comp id="256" class="1004" name="or_ln88_67_fu_256">
<pin_list>
<pin id="257" dir="0" index="0" bw="1" slack="0"/>
<pin id="258" dir="0" index="1" bw="1" slack="0"/>
<pin id="259" dir="1" index="2" bw="1" slack="0"/>
</pin_list>
<bind>
<opcode="or(24) " fcode="or"/>
<opset="or_ln88_67/5 "/>
</bind>
</comp>

<comp id="262" class="1004" name="xor_ln89_fu_262">
<pin_list>
<pin id="263" dir="0" index="0" bw="1" slack="0"/>
<pin id="264" dir="0" index="1" bw="1" slack="0"/>
<pin id="265" dir="1" index="2" bw="1" slack="0"/>
</pin_list>
<bind>
<opcode="xor(25) " fcode="xor"/>
<opset="xor_ln89/5 "/>
</bind>
</comp>

<comp id="268" class="1004" name="zext_ln89_fu_268">
<pin_list>
<pin id="269" dir="0" index="0" bw="1" slack="0"/>
<pin id="270" dir="1" index="1" bw="2" slack="0"/>
</pin_list>
<bind>
<opcode="zext(34) " fcode="zext"/>
<opset="zext_ln89/5 "/>
</bind>
</comp>

<comp id="272" class="1004" name="select_ln89_fu_272">
<pin_list>
<pin id="273" dir="0" index="0" bw="1" slack="0"/>
<pin id="274" dir="0" index="1" bw="2" slack="0"/>
<pin id="275" dir="0" index="2" bw="2" slack="0"/>
<pin id="276" dir="1" index="3" bw="2" slack="0"/>
</pin_list>
<bind>
<opcode="select(49) " fcode="select"/>
<opset="select_ln89/5 "/>
</bind>
</comp>

<comp id="280" class="1004" name="select_ln89_111_fu_280">
<pin_list>
<pin id="281" dir="0" index="0" bw="1" slack="0"/>
<pin id="282" dir="0" index="1" bw="2" slack="0"/>
<pin id="283" dir="0" index="2" bw="2" slack="0"/>
<pin id="284" dir="1" index="3" bw="2" slack="0"/>
</pin_list>
<bind>
<opcode="select(49) " fcode="select"/>
<opset="select_ln89_111/5 "/>
</bind>
</comp>

<comp id="288" class="1004" name="zext_ln89_23_fu_288">
<pin_list>
<pin id="289" dir="0" index="0" bw="2" slack="0"/>
<pin id="290" dir="1" index="1" bw="3" slack="0"/>
</pin_list>
<bind>
<opcode="zext(34) " fcode="zext"/>
<opset="zext_ln89_23/5 "/>
</bind>
</comp>

<comp id="292" class="1004" name="select_ln89_112_fu_292">
<pin_list>
<pin id="293" dir="0" index="0" bw="1" slack="3"/>
<pin id="294" dir="0" index="1" bw="3" slack="0"/>
<pin id="295" dir="0" index="2" bw="3" slack="0"/>
<pin id="296" dir="1" index="3" bw="3" slack="0"/>
</pin_list>
<bind>
<opcode="select(49) " fcode="select"/>
<opset="select_ln89_112/5 "/>
</bind>
</comp>

<comp id="299" class="1004" name="select_ln89_113_fu_299">
<pin_list>
<pin id="300" dir="0" index="0" bw="1" slack="0"/>
<pin id="301" dir="0" index="1" bw="3" slack="0"/>
<pin id="302" dir="0" index="2" bw="3" slack="0"/>
<pin id="303" dir="1" index="3" bw="3" slack="0"/>
</pin_list>
<bind>
<opcode="select(49) " fcode="select"/>
<opset="select_ln89_113/5 "/>
</bind>
</comp>

<comp id="307" class="1004" name="select_ln89_114_fu_307">
<pin_list>
<pin id="308" dir="0" index="0" bw="1" slack="0"/>
<pin id="309" dir="0" index="1" bw="3" slack="0"/>
<pin id="310" dir="0" index="2" bw="3" slack="0"/>
<pin id="311" dir="1" index="3" bw="3" slack="0"/>
</pin_list>
<bind>
<opcode="select(49) " fcode="select"/>
<opset="select_ln89_114/5 "/>
</bind>
</comp>

<comp id="315" class="1004" name="select_ln89_115_fu_315">
<pin_list>
<pin id="316" dir="0" index="0" bw="1" slack="0"/>
<pin id="317" dir="0" index="1" bw="3" slack="0"/>
<pin id="318" dir="0" index="2" bw="3" slack="0"/>
<pin id="319" dir="1" index="3" bw="3" slack="0"/>
</pin_list>
<bind>
<opcode="select(49) " fcode="select"/>
<opset="select_ln89_115/5 "/>
</bind>
</comp>

<comp id="323" class="1004" name="tmp_fu_323">
<pin_list>
<pin id="324" dir="0" index="0" bw="12" slack="0"/>
<pin id="325" dir="0" index="1" bw="1" slack="0"/>
<pin id="326" dir="0" index="2" bw="6" slack="0"/>
<pin id="327" dir="0" index="3" bw="7" slack="0"/>
<pin id="328" dir="0" index="4" bw="6" slack="0"/>
<pin id="329" dir="0" index="5" bw="4" slack="0"/>
<pin id="330" dir="0" index="6" bw="5" slack="0"/>
<pin id="331" dir="0" index="7" bw="6" slack="0"/>
<pin id="332" dir="0" index="8" bw="6" slack="0"/>
<pin id="333" dir="0" index="9" bw="3" slack="0"/>
<pin id="334" dir="1" index="10" bw="12" slack="2147483647"/>
</pin_list>
<bind>
<opcode="mux(1196) " fcode="mux"/>
<opset="tmp/5 "/>
</bind>
</comp>

<comp id="345" class="1005" name="x_V_addr_reg_345">
<pin_list>
<pin id="346" dir="0" index="0" bw="4" slack="1"/>
<pin id="347" dir="1" index="1" bw="4" slack="1"/>
</pin_list>
<bind>
<opset="x_V_addr "/>
</bind>
</comp>

<comp id="350" class="1005" name="x_V_addr_98_reg_350">
<pin_list>
<pin id="351" dir="0" index="0" bw="4" slack="1"/>
<pin id="352" dir="1" index="1" bw="4" slack="1"/>
</pin_list>
<bind>
<opset="x_V_addr_98 "/>
</bind>
</comp>

<comp id="355" class="1005" name="icmp_ln1497_reg_355">
<pin_list>
<pin id="356" dir="0" index="0" bw="1" slack="1"/>
<pin id="357" dir="1" index="1" bw="1" slack="3"/>
</pin_list>
<bind>
<opset="icmp_ln1497 "/>
</bind>
</comp>

<comp id="365" class="1005" name="icmp_ln1497_1_reg_365">
<pin_list>
<pin id="366" dir="0" index="0" bw="1" slack="3"/>
<pin id="367" dir="1" index="1" bw="1" slack="3"/>
</pin_list>
<bind>
<opset="icmp_ln1497_1 "/>
</bind>
</comp>

<comp id="371" class="1005" name="x_V_addr_99_reg_371">
<pin_list>
<pin id="372" dir="0" index="0" bw="4" slack="1"/>
<pin id="373" dir="1" index="1" bw="4" slack="1"/>
</pin_list>
<bind>
<opset="x_V_addr_99 "/>
</bind>
</comp>

<comp id="376" class="1005" name="x_V_addr_100_reg_376">
<pin_list>
<pin id="377" dir="0" index="0" bw="4" slack="1"/>
<pin id="378" dir="1" index="1" bw="4" slack="1"/>
</pin_list>
<bind>
<opset="x_V_addr_100 "/>
</bind>
</comp>

<comp id="381" class="1005" name="icmp_ln1497_2_reg_381">
<pin_list>
<pin id="382" dir="0" index="0" bw="1" slack="2"/>
<pin id="383" dir="1" index="1" bw="1" slack="2"/>
</pin_list>
<bind>
<opset="icmp_ln1497_2 "/>
</bind>
</comp>

<comp id="386" class="1005" name="icmp_ln1497_5_reg_386">
<pin_list>
<pin id="387" dir="0" index="0" bw="1" slack="2"/>
<pin id="388" dir="1" index="1" bw="1" slack="2"/>
</pin_list>
<bind>
<opset="icmp_ln1497_5 "/>
</bind>
</comp>

<comp id="391" class="1005" name="x_V_addr_101_reg_391">
<pin_list>
<pin id="392" dir="0" index="0" bw="4" slack="1"/>
<pin id="393" dir="1" index="1" bw="4" slack="1"/>
</pin_list>
<bind>
<opset="x_V_addr_101 "/>
</bind>
</comp>

<comp id="396" class="1005" name="x_V_addr_102_reg_396">
<pin_list>
<pin id="397" dir="0" index="0" bw="4" slack="1"/>
<pin id="398" dir="1" index="1" bw="4" slack="1"/>
</pin_list>
<bind>
<opset="x_V_addr_102 "/>
</bind>
</comp>

<comp id="401" class="1005" name="icmp_ln1497_8_reg_401">
<pin_list>
<pin id="402" dir="0" index="0" bw="1" slack="1"/>
<pin id="403" dir="1" index="1" bw="1" slack="1"/>
</pin_list>
<bind>
<opset="icmp_ln1497_8 "/>
</bind>
</comp>

<comp id="407" class="1005" name="icmp_ln1497_9_reg_407">
<pin_list>
<pin id="408" dir="0" index="0" bw="1" slack="1"/>
<pin id="409" dir="1" index="1" bw="1" slack="1"/>
</pin_list>
<bind>
<opset="icmp_ln1497_9 "/>
</bind>
</comp>

<comp id="412" class="1005" name="x_V_addr_103_reg_412">
<pin_list>
<pin id="413" dir="0" index="0" bw="4" slack="1"/>
<pin id="414" dir="1" index="1" bw="4" slack="1"/>
</pin_list>
<bind>
<opset="x_V_addr_103 "/>
</bind>
</comp>

</comp_list>

<net_list>
<net id="75"><net_src comp="0" pin="0"/><net_sink comp="70" pin=0"/></net>

<net id="76"><net_src comp="2" pin="0"/><net_sink comp="70" pin=1"/></net>

<net id="77"><net_src comp="4" pin="0"/><net_sink comp="70" pin=2"/></net>

<net id="83"><net_src comp="70" pin="3"/><net_sink comp="78" pin=0"/></net>

<net id="89"><net_src comp="0" pin="0"/><net_sink comp="84" pin=0"/></net>

<net id="90"><net_src comp="2" pin="0"/><net_sink comp="84" pin=1"/></net>

<net id="91"><net_src comp="6" pin="0"/><net_sink comp="84" pin=2"/></net>

<net id="96"><net_src comp="84" pin="3"/><net_sink comp="78" pin=2"/></net>

<net id="102"><net_src comp="0" pin="0"/><net_sink comp="97" pin=0"/></net>

<net id="103"><net_src comp="2" pin="0"/><net_sink comp="97" pin=1"/></net>

<net id="104"><net_src comp="12" pin="0"/><net_sink comp="97" pin=2"/></net>

<net id="105"><net_src comp="97" pin="3"/><net_sink comp="78" pin=0"/></net>

<net id="111"><net_src comp="0" pin="0"/><net_sink comp="106" pin=0"/></net>

<net id="112"><net_src comp="2" pin="0"/><net_sink comp="106" pin=1"/></net>

<net id="113"><net_src comp="14" pin="0"/><net_sink comp="106" pin=2"/></net>

<net id="114"><net_src comp="106" pin="3"/><net_sink comp="78" pin=2"/></net>

<net id="120"><net_src comp="0" pin="0"/><net_sink comp="115" pin=0"/></net>

<net id="121"><net_src comp="2" pin="0"/><net_sink comp="115" pin=1"/></net>

<net id="122"><net_src comp="20" pin="0"/><net_sink comp="115" pin=2"/></net>

<net id="123"><net_src comp="115" pin="3"/><net_sink comp="78" pin=0"/></net>

<net id="129"><net_src comp="0" pin="0"/><net_sink comp="124" pin=0"/></net>

<net id="130"><net_src comp="2" pin="0"/><net_sink comp="124" pin=1"/></net>

<net id="131"><net_src comp="22" pin="0"/><net_sink comp="124" pin=2"/></net>

<net id="132"><net_src comp="124" pin="3"/><net_sink comp="78" pin=2"/></net>

<net id="138"><net_src comp="0" pin="0"/><net_sink comp="133" pin=0"/></net>

<net id="139"><net_src comp="2" pin="0"/><net_sink comp="133" pin=1"/></net>

<net id="140"><net_src comp="28" pin="0"/><net_sink comp="133" pin=2"/></net>

<net id="141"><net_src comp="133" pin="3"/><net_sink comp="78" pin=0"/></net>

<net id="146"><net_src comp="78" pin="3"/><net_sink comp="142" pin=0"/></net>

<net id="147"><net_src comp="8" pin="0"/><net_sink comp="142" pin=1"/></net>

<net id="152"><net_src comp="78" pin="7"/><net_sink comp="148" pin=0"/></net>

<net id="153"><net_src comp="10" pin="0"/><net_sink comp="148" pin=1"/></net>

<net id="158"><net_src comp="78" pin="3"/><net_sink comp="154" pin=0"/></net>

<net id="159"><net_src comp="16" pin="0"/><net_sink comp="154" pin=1"/></net>

<net id="164"><net_src comp="78" pin="7"/><net_sink comp="160" pin=0"/></net>

<net id="165"><net_src comp="18" pin="0"/><net_sink comp="160" pin=1"/></net>

<net id="170"><net_src comp="78" pin="3"/><net_sink comp="166" pin=0"/></net>

<net id="171"><net_src comp="24" pin="0"/><net_sink comp="166" pin=1"/></net>

<net id="176"><net_src comp="78" pin="7"/><net_sink comp="172" pin=0"/></net>

<net id="177"><net_src comp="26" pin="0"/><net_sink comp="172" pin=1"/></net>

<net id="182"><net_src comp="78" pin="3"/><net_sink comp="178" pin=0"/></net>

<net id="183"><net_src comp="38" pin="0"/><net_sink comp="178" pin=1"/></net>

<net id="192"><net_src comp="184" pin="2"/><net_sink comp="188" pin=1"/></net>

<net id="197"><net_src comp="40" pin="0"/><net_sink comp="193" pin=1"/></net>

<net id="202"><net_src comp="193" pin="2"/><net_sink comp="198" pin=1"/></net>

<net id="207"><net_src comp="198" pin="2"/><net_sink comp="203" pin=0"/></net>

<net id="212"><net_src comp="40" pin="0"/><net_sink comp="208" pin=1"/></net>

<net id="217"><net_src comp="208" pin="2"/><net_sink comp="213" pin=1"/></net>

<net id="222"><net_src comp="213" pin="2"/><net_sink comp="218" pin=1"/></net>

<net id="227"><net_src comp="40" pin="0"/><net_sink comp="223" pin=1"/></net>

<net id="232"><net_src comp="178" pin="2"/><net_sink comp="228" pin=0"/></net>

<net id="233"><net_src comp="208" pin="2"/><net_sink comp="228" pin=1"/></net>

<net id="238"><net_src comp="228" pin="2"/><net_sink comp="234" pin=0"/></net>

<net id="239"><net_src comp="223" pin="2"/><net_sink comp="234" pin=1"/></net>

<net id="244"><net_src comp="184" pin="2"/><net_sink comp="240" pin=0"/></net>

<net id="245"><net_src comp="203" pin="2"/><net_sink comp="240" pin=1"/></net>

<net id="250"><net_src comp="218" pin="2"/><net_sink comp="246" pin=1"/></net>

<net id="255"><net_src comp="213" pin="2"/><net_sink comp="251" pin=1"/></net>

<net id="260"><net_src comp="251" pin="2"/><net_sink comp="256" pin=0"/></net>

<net id="261"><net_src comp="234" pin="2"/><net_sink comp="256" pin=1"/></net>

<net id="266"><net_src comp="188" pin="2"/><net_sink comp="262" pin=0"/></net>

<net id="267"><net_src comp="40" pin="0"/><net_sink comp="262" pin=1"/></net>

<net id="271"><net_src comp="262" pin="2"/><net_sink comp="268" pin=0"/></net>

<net id="277"><net_src comp="184" pin="2"/><net_sink comp="272" pin=0"/></net>

<net id="278"><net_src comp="268" pin="1"/><net_sink comp="272" pin=1"/></net>

<net id="279"><net_src comp="42" pin="0"/><net_sink comp="272" pin=2"/></net>

<net id="285"><net_src comp="240" pin="2"/><net_sink comp="280" pin=0"/></net>

<net id="286"><net_src comp="272" pin="3"/><net_sink comp="280" pin=1"/></net>

<net id="287"><net_src comp="44" pin="0"/><net_sink comp="280" pin=2"/></net>

<net id="291"><net_src comp="280" pin="3"/><net_sink comp="288" pin=0"/></net>

<net id="297"><net_src comp="288" pin="1"/><net_sink comp="292" pin=1"/></net>

<net id="298"><net_src comp="46" pin="0"/><net_sink comp="292" pin=2"/></net>

<net id="304"><net_src comp="246" pin="2"/><net_sink comp="299" pin=0"/></net>

<net id="305"><net_src comp="292" pin="3"/><net_sink comp="299" pin=1"/></net>

<net id="306"><net_src comp="48" pin="0"/><net_sink comp="299" pin=2"/></net>

<net id="312"><net_src comp="251" pin="2"/><net_sink comp="307" pin=0"/></net>

<net id="313"><net_src comp="299" pin="3"/><net_sink comp="307" pin=1"/></net>

<net id="314"><net_src comp="50" pin="0"/><net_sink comp="307" pin=2"/></net>

<net id="320"><net_src comp="256" pin="2"/><net_sink comp="315" pin=0"/></net>

<net id="321"><net_src comp="307" pin="3"/><net_sink comp="315" pin=1"/></net>

<net id="322"><net_src comp="52" pin="0"/><net_sink comp="315" pin=2"/></net>

<net id="335"><net_src comp="54" pin="0"/><net_sink comp="323" pin=0"/></net>

<net id="336"><net_src comp="56" pin="0"/><net_sink comp="323" pin=1"/></net>

<net id="337"><net_src comp="58" pin="0"/><net_sink comp="323" pin=2"/></net>

<net id="338"><net_src comp="60" pin="0"/><net_sink comp="323" pin=3"/></net>

<net id="339"><net_src comp="58" pin="0"/><net_sink comp="323" pin=4"/></net>

<net id="340"><net_src comp="62" pin="0"/><net_sink comp="323" pin=5"/></net>

<net id="341"><net_src comp="64" pin="0"/><net_sink comp="323" pin=6"/></net>

<net id="342"><net_src comp="66" pin="0"/><net_sink comp="323" pin=7"/></net>

<net id="343"><net_src comp="68" pin="0"/><net_sink comp="323" pin=8"/></net>

<net id="344"><net_src comp="315" pin="3"/><net_sink comp="323" pin=9"/></net>

<net id="348"><net_src comp="70" pin="3"/><net_sink comp="345" pin=0"/></net>

<net id="349"><net_src comp="345" pin="1"/><net_sink comp="78" pin=0"/></net>

<net id="353"><net_src comp="84" pin="3"/><net_sink comp="350" pin=0"/></net>

<net id="354"><net_src comp="350" pin="1"/><net_sink comp="78" pin=2"/></net>

<net id="358"><net_src comp="142" pin="2"/><net_sink comp="355" pin=0"/></net>

<net id="359"><net_src comp="355" pin="1"/><net_sink comp="184" pin=1"/></net>

<net id="360"><net_src comp="355" pin="1"/><net_sink comp="203" pin=1"/></net>

<net id="361"><net_src comp="355" pin="1"/><net_sink comp="208" pin=0"/></net>

<net id="362"><net_src comp="355" pin="1"/><net_sink comp="246" pin=0"/></net>

<net id="363"><net_src comp="355" pin="1"/><net_sink comp="251" pin=0"/></net>

<net id="364"><net_src comp="355" pin="1"/><net_sink comp="292" pin=0"/></net>

<net id="368"><net_src comp="148" pin="2"/><net_sink comp="365" pin=0"/></net>

<net id="369"><net_src comp="365" pin="1"/><net_sink comp="184" pin=0"/></net>

<net id="370"><net_src comp="365" pin="1"/><net_sink comp="193" pin=0"/></net>

<net id="374"><net_src comp="97" pin="3"/><net_sink comp="371" pin=0"/></net>

<net id="375"><net_src comp="371" pin="1"/><net_sink comp="78" pin=0"/></net>

<net id="379"><net_src comp="106" pin="3"/><net_sink comp="376" pin=0"/></net>

<net id="380"><net_src comp="376" pin="1"/><net_sink comp="78" pin=2"/></net>

<net id="384"><net_src comp="154" pin="2"/><net_sink comp="381" pin=0"/></net>

<net id="385"><net_src comp="381" pin="1"/><net_sink comp="188" pin=0"/></net>

<net id="389"><net_src comp="160" pin="2"/><net_sink comp="386" pin=0"/></net>

<net id="390"><net_src comp="386" pin="1"/><net_sink comp="198" pin=0"/></net>

<net id="394"><net_src comp="115" pin="3"/><net_sink comp="391" pin=0"/></net>

<net id="395"><net_src comp="391" pin="1"/><net_sink comp="78" pin=0"/></net>

<net id="399"><net_src comp="124" pin="3"/><net_sink comp="396" pin=0"/></net>

<net id="400"><net_src comp="396" pin="1"/><net_sink comp="78" pin=2"/></net>

<net id="404"><net_src comp="166" pin="2"/><net_sink comp="401" pin=0"/></net>

<net id="405"><net_src comp="401" pin="1"/><net_sink comp="213" pin=0"/></net>

<net id="406"><net_src comp="401" pin="1"/><net_sink comp="223" pin=0"/></net>

<net id="410"><net_src comp="172" pin="2"/><net_sink comp="407" pin=0"/></net>

<net id="411"><net_src comp="407" pin="1"/><net_sink comp="218" pin=0"/></net>

<net id="415"><net_src comp="133" pin="3"/><net_sink comp="412" pin=0"/></net>

<net id="416"><net_src comp="412" pin="1"/><net_sink comp="78" pin=0"/></net>

</net_list>

</model> 
---------------- Datapath Model END ------------------

* FSMD analyzer results:
  - Output states:
	Port: x_V | {}
 - Input state : 
	Port: decision_function.25 : x_V | {1 2 3 4 5 }
  - Chain level:
	State 1
		x_V_load : 1
		x_V_load_1 : 1
	State 2
		icmp_ln1497 : 1
		icmp_ln1497_1 : 1
		x_V_load_2 : 1
		x_V_load_5 : 1
	State 3
		icmp_ln1497_2 : 1
		icmp_ln1497_5 : 1
		x_V_load_8 : 1
		x_V_load_9 : 1
	State 4
		icmp_ln1497_8 : 1
		icmp_ln1497_9 : 1
		x_V_load_12 : 1
	State 5
		icmp_ln1497_12 : 1
		and_ln73_116 : 2
		and_ln73_114 : 2
		or_ln88_67 : 2
		select_ln89 : 1
		select_ln89_111 : 2
		zext_ln89_23 : 3
		select_ln89_112 : 4
		select_ln89_113 : 5
		select_ln89_114 : 6
		select_ln89_115 : 7
		tmp : 8
		ret_ln93 : 9


============================================================
+ Verbose Summary: Datapath Resource usage 
============================================================

* Functional unit list:
|----------|------------------------|---------|---------|
| Operation|     Functional Unit    |    FF   |   LUT   |
|----------|------------------------|---------|---------|
|    mux   |       tmp_fu_323       |    0    |   457   |
|----------|------------------------|---------|---------|
|          |   icmp_ln1497_fu_142   |    0    |    13   |
|          |  icmp_ln1497_1_fu_148  |    0    |    13   |
|          |  icmp_ln1497_2_fu_154  |    0    |    13   |
|   icmp   |  icmp_ln1497_5_fu_160  |    0    |    13   |
|          |  icmp_ln1497_8_fu_166  |    0    |    13   |
|          |  icmp_ln1497_9_fu_172  |    0    |    13   |
|          |  icmp_ln1497_12_fu_178 |    0    |    13   |
|----------|------------------------|---------|---------|
|          |     and_ln73_fu_184    |    0    |    2    |
|          |   and_ln73_110_fu_188  |    0    |    2    |
|          |   and_ln73_115_fu_198  |    0    |    2    |
|    and   |   and_ln73_111_fu_203  |    0    |    2    |
|          |   and_ln73_112_fu_213  |    0    |    2    |
|          |   and_ln73_113_fu_218  |    0    |    2    |
|          |   and_ln73_116_fu_228  |    0    |    2    |
|          |   and_ln73_114_fu_234  |    0    |    2    |
|----------|------------------------|---------|---------|
|          |   select_ln89_fu_272   |    0    |    2    |
|          | select_ln89_111_fu_280 |    0    |    2    |
|  select  | select_ln89_112_fu_292 |    0    |    3    |
|          | select_ln89_113_fu_299 |    0    |    3    |
|          | select_ln89_114_fu_307 |    0    |    3    |
|          | select_ln89_115_fu_315 |    0    |    3    |
|----------|------------------------|---------|---------|
|          |     xor_ln75_fu_193    |    0    |    2    |
|    xor   |   xor_ln75_43_fu_208   |    0    |    2    |
|          |   xor_ln75_44_fu_223   |    0    |    2    |
|          |     xor_ln89_fu_262    |    0    |    2    |
|----------|------------------------|---------|---------|
|          |     or_ln88_fu_240     |    0    |    2    |
|    or    |    or_ln88_65_fu_246   |    0    |    2    |
|          |    or_ln88_66_fu_251   |    0    |    2    |
|          |    or_ln88_67_fu_256   |    0    |    2    |
|----------|------------------------|---------|---------|
|   zext   |    zext_ln89_fu_268    |    0    |    0    |
|          |   zext_ln89_23_fu_288  |    0    |    0    |
|----------|------------------------|---------|---------|
|   Total  |                        |    0    |   596   |
|----------|------------------------|---------|---------|

Memories:
N/A

* Register list:
+---------------------+--------+
|                     |   FF   |
+---------------------+--------+
|icmp_ln1497_1_reg_365|    1   |
|icmp_ln1497_2_reg_381|    1   |
|icmp_ln1497_5_reg_386|    1   |
|icmp_ln1497_8_reg_401|    1   |
|icmp_ln1497_9_reg_407|    1   |
| icmp_ln1497_reg_355 |    1   |
| x_V_addr_100_reg_376|    4   |
| x_V_addr_101_reg_391|    4   |
| x_V_addr_102_reg_396|    4   |
| x_V_addr_103_reg_412|    4   |
| x_V_addr_98_reg_350 |    4   |
| x_V_addr_99_reg_371 |    4   |
|   x_V_addr_reg_345  |    4   |
+---------------------+--------+
|        Total        |   34   |
+---------------------+--------+

* Multiplexer (MUX) list: 
|------------------|------|------|------|--------||---------||---------|
|       Comp       |  Pin | Size |  BW  | S x BW ||  Delay  ||   LUT   |
|------------------|------|------|------|--------||---------||---------|
| grp_access_fu_78 |  p0  |   8  |   4  |   32   ||    41   |
| grp_access_fu_78 |  p2  |   6  |   0  |    0   ||    33   |
|------------------|------|------|------|--------||---------||---------|
|       Total      |      |      |      |   32   ||  3.9534 ||    74   |
|------------------|------|------|------|--------||---------||---------|



* Summary:
+-----------+--------+--------+--------+
|           |  Delay |   FF   |   LUT  |
+-----------+--------+--------+--------+
|  Function |    -   |    0   |   596  |
|   Memory  |    -   |    -   |    -   |
|Multiplexer|    3   |    -   |   74   |
|  Register |    -   |   34   |    -   |
+-----------+--------+--------+--------+
|   Total   |    3   |   34   |   670  |
+-----------+--------+--------+--------+
