#-----------------------------------------------------------
# Webtalk v2019.1 (64-bit)
# SW Build 2552052 on Fri May 24 14:49:42 MDT 2019
# 
# Start of session at: Tue Dec 12 13:32:14 2023
# Process ID: 45820
# Current directory: C:/Users/Srikar/Desktop/ECE527/final_project/MP5.sdk/webtalk
# Command line: wbtcv.exe -mode batch -source sdk_webtalk.tcl
# Log file: C:/Users/Srikar/Desktop/ECE527/final_project/MP5.sdk/webtalk/webtalk.log
# Journal file: C:/Users/Srikar/Desktop/ECE527/final_project/MP5.sdk/webtalk\webtalk.jou
#-----------------------------------------------------------
source sdk_webtalk.tcl
# webtalk_init -webtalk_dir C:\\Users\\Srikar\\Desktop\\ECE527\\final_project\\MP5.sdk\\webtalk
# webtalk_register_client -client project
# webtalk_add_data -client project -key date_generated -value "2023-12-12 13:32:11" -context "software_version_and_target_device"
# webtalk_add_data -client project -key product_version -value "SDK v2019.1" -context "software_version_and_target_device"
# webtalk_add_data -client project -key build_version -value "2019.1" -context "software_version_and_target_device"
# webtalk_add_data -client project -key os_platform -value "amd64" -context "software_version_and_target_device"
# webtalk_add_data -client project -key registration_id -value "" -context "software_version_and_target_device"
# webtalk_add_data -client project -key tool_flow -value "SDK" -context "software_version_and_target_device"
# webtalk_add_data -client project -key beta -value "false" -context "software_version_and_target_device"
# webtalk_add_data -client project -key route_design -value "NA" -context "software_version_and_target_device"
# webtalk_add_data -client project -key target_family -value "NA" -context "software_version_and_target_device"
# webtalk_add_data -client project -key target_device -value "NA" -context "software_version_and_target_device"
# webtalk_add_data -client project -key target_package -value "NA" -context "software_version_and_target_device"
# webtalk_add_data -client project -key target_speed -value "NA" -context "software_version_and_target_device"
# webtalk_add_data -client project -key random_id -value "l96n2kior5lh4jmuhcerunq9m5" -context "software_version_and_target_device"
# webtalk_add_data -client project -key project_id -value "2019.1_11" -context "software_version_and_target_device"
# webtalk_add_data -client project -key project_iteration -value "11" -context "software_version_and_target_device"
# webtalk_add_data -client project -key os_name -value "Microsoft Windows 8 or later , 64-bit" -context "user_environment"
# webtalk_add_data -client project -key os_release -value "major release  (build 9200)" -context "user_environment"
# webtalk_add_data -client project -key cpu_name -value "Intel(R) Core(TM) i7-10750H CPU @ 2.60GHz" -context "user_environment"
# webtalk_add_data -client project -key cpu_speed -value "2592 MHz" -context "user_environment"
# webtalk_add_data -client project -key total_processors -value "1" -context "user_environment"
# webtalk_add_data -client project -key system_ram -value "34.093 GB" -context "user_environment"
# webtalk_register_client -client sdk
# webtalk_add_data -client sdk -key uid -value "1702345991876" -context "sdk\\\\application/1702345991876"
# webtalk_add_data -client sdk -key hwid -value "1702160611339" -context "sdk\\\\application/1702345991876"
# webtalk_add_data -client sdk -key bspid -value "1702174579103" -context "sdk\\\\application/1702345991876"
# webtalk_add_data -client sdk -key newbsp -value "false" -context "sdk\\\\application/1702345991876"
# webtalk_add_data -client sdk -key os -value "standalone" -context "sdk\\\\application/1702345991876"
# webtalk_add_data -client sdk -key apptemplate -value "empty_application" -context "sdk\\\\application/1702345991876"
# webtalk_add_data -client sdk -key RecordType -value "APPCreation" -context "sdk\\\\application/1702345991876"
# webtalk_add_data -client sdk -key LangUsed -value "CPP" -context "sdk\\\\application/1702345991876"
# webtalk_add_data -client sdk -key Procused -value "ps7_cortexa9" -context "sdk\\\\application/1702345991876"
# webtalk_add_data -client sdk -key uid -value "NA" -context "sdk\\\\bsp/1702409531713"
# webtalk_add_data -client sdk -key RecordType -value "ToolUsage" -context "sdk\\\\bsp/1702409531713"
# webtalk_add_data -client sdk -key BootgenCount -value "0" -context "sdk\\\\bsp/1702409531713"
# webtalk_add_data -client sdk -key DebugCount -value "7" -context "sdk\\\\bsp/1702409531713"
# webtalk_add_data -client sdk -key PerfCount -value "0" -context "sdk\\\\bsp/1702409531713"
# webtalk_add_data -client sdk -key FlashCount -value "0" -context "sdk\\\\bsp/1702409531713"
# webtalk_add_data -client sdk -key CrossTriggCount -value "0" -context "sdk\\\\bsp/1702409531713"
# webtalk_add_data -client sdk -key QemuDebugCount -value "0" -context "sdk\\\\bsp/1702409531713"
# webtalk_transmit -clientid 3073917923 -regid "" -xml C:\\Users\\Srikar\\Desktop\\ECE527\\final_project\\MP5.sdk\\webtalk\\usage_statistics_ext_sdk.xml -html C:\\Users\\Srikar\\Desktop\\ECE527\\final_project\\MP5.sdk\\webtalk\\usage_statistics_ext_sdk.html -wdm C:\\Users\\Srikar\\Desktop\\ECE527\\final_project\\MP5.sdk\\webtalk\\sdk_webtalk.wdm -intro "<H3>SDK Usage Report</H3><BR>"
# webtalk_terminate
INFO: [Common 17-206] Exiting Webtalk at Tue Dec 12 13:32:18 2023...
