13:48:01 **** Incremental Build of configuration Debug for project LeNet ****
make pre-build main-build 
a9-linaro-pre-build-step
' '
'Building target: LeNet.elf'
'Invoking: ARM v7 gcc linker'
arm-none-eabi-gcc -mcpu=cortex-a9 -mfpu=vfpv3 -mfloat-abi=hard -Wl,-build-id=none -specs=Xilinx.spec -Wl,-T -Wl,../src/lscript.ld -L../../LeNet_bsp/ps7_cortexa9_0/lib -o "LeNet.elf"  ./src/main.o ./src/platform.o   -Wl,--start-group,-lxil,-lgcc,-lc,--end-group
c:/xilinx/sdk/2019.1/gnu/aarch32/nt/gcc-arm-none-eabi/bin/../lib/gcc/arm-none-eabi/8.2.0/../../../../arm-none-eabi/bin/ld.exe: ./src/main.o: in function `parse_mnist_images':
C:\Users\huang\ECE527\MP5\MP5.sdk\LeNet\Debug/../src/main.c:252: undefined reference to `f_open'
c:/xilinx/sdk/2019.1/gnu/aarch32/nt/gcc-arm-none-eabi/bin/../lib/gcc/arm-none-eabi/8.2.0/../../../../arm-none-eabi/bin/ld.exe: C:\Users\huang\ECE527\MP5\MP5.sdk\LeNet\Debug/../src/main.c:263: undefined reference to `f_lseek'
c:/xilinx/sdk/2019.1/gnu/aarch32/nt/gcc-arm-none-eabi/bin/../lib/gcc/arm-none-eabi/8.2.0/../../../../arm-none-eabi/bin/ld.exe: C:\Users\huang\ECE527\MP5\MP5.sdk\LeNet\Debug/../src/main.c:274: undefined reference to `f_read'
c:/xilinx/sdk/2019.1/gnu/aarch32/nt/gcc-arm-none-eabi/bin/../lib/gcc/arm-none-eabi/8.2.0/../../../../arm-none-eabi/bin/ld.exe: C:\Users\huang\ECE527\MP5\MP5.sdk\LeNet\Debug/../src/main.c:285: undefined reference to `f_read'
c:/xilinx/sdk/2019.1/gnu/aarch32/nt/gcc-arm-none-eabi/bin/../lib/gcc/arm-none-eabi/8.2.0/../../../../arm-none-eabi/bin/ld.exe: C:\Users\huang\ECE527\MP5\MP5.sdk\LeNet\Debug/../src/main.c:296: undefined reference to `f_close'
c:/xilinx/sdk/2019.1/gnu/aarch32/nt/gcc-arm-none-eabi/bin/../lib/gcc/arm-none-eabi/8.2.0/../../../../arm-none-eabi/bin/ld.exe: ./src/main.o: in function `parse_mnist_labels':
C:\Users\huang\ECE527\MP5\MP5.sdk\LeNet\Debug/../src/main.c:321: undefined reference to `f_open'
c:/xilinx/sdk/2019.1/gnu/aarch32/nt/gcc-arm-none-eabi/bin/../lib/gcc/arm-none-eabi/8.2.0/../../../../arm-none-eabi/bin/ld.exe: C:\Users\huang\ECE527\MP5\MP5.sdk\LeNet\Debug/../src/main.c:332: undefined reference to `f_lseek'
c:/xilinx/sdk/2019.1/gnu/aarch32/nt/gcc-arm-none-eabi/bin/../lib/gcc/arm-none-eabi/8.2.0/../../../../arm-none-eabi/bin/ld.exe: C:\Users\huang\ECE527\MP5\MP5.sdk\LeNet\Debug/../src/main.c:343: undefined reference to `f_read'
c:/xilinx/sdk/2019.1/gnu/aarch32/nt/gcc-arm-none-eabi/bin/../lib/gcc/arm-none-eabi/8.2.0/../../../../arm-none-eabi/bin/ld.exe: C:\Users\huang\ECE527\MP5\MP5.sdk\LeNet\Debug/../src/main.c:354: undefined reference to `f_read'
c:/xilinx/sdk/2019.1/gnu/aarch32/nt/gcc-arm-none-eabi/bin/../lib/gcc/arm-none-eabi/8.2.0/../../../../arm-none-eabi/bin/ld.exe: C:\Users\huang\ECE527\MP5\MP5.sdk\LeNet\Debug/../src/main.c:365: undefined reference to `f_close'
c:/xilinx/sdk/2019.1/gnu/aarch32/nt/gcc-arm-none-eabi/bin/../lib/gcc/arm-none-eabi/8.2.0/../../../../arm-none-eabi/bin/ld.exe: ./src/main.o: in function `parse_parameters':
C:\Users\huang\ECE527\MP5\MP5.sdk\LeNet\Debug/../src/main.c:388: undefined reference to `f_open'
c:/xilinx/sdk/2019.1/gnu/aarch32/nt/gcc-arm-none-eabi/bin/../lib/gcc/arm-none-eabi/8.2.0/../../../../arm-none-eabi/bin/ld.exe: C:\Users\huang\ECE527\MP5\MP5.sdk\LeNet\Debug/../src/main.c:399: undefined reference to `f_lseek'
c:/xilinx/sdk/2019.1/gnu/aarch32/nt/gcc-arm-none-eabi/bin/../lib/gcc/arm-none-eabi/8.2.0/../../../../arm-none-eabi/bin/ld.exe: C:\Users\huang\ECE527\MP5\MP5.sdk\LeNet\Debug/../src/main.c:410: undefined reference to `f_read'
c:/xilinx/sdk/2019.1/gnu/aarch32/nt/gcc-arm-none-eabi/bin/../lib/gcc/arm-none-eabi/8.2.0/../../../../arm-none-eabi/bin/ld.exe: C:\Users\huang\ECE527\MP5\MP5.sdk\LeNet\Debug/../src/main.c:421: undefined reference to `f_read'
c:/xilinx/sdk/2019.1/gnu/aarch32/nt/gcc-arm-none-eabi/bin/../lib/gcc/arm-none-eabi/8.2.0/../../../../arm-none-eabi/bin/ld.exe: C:\Users\huang\ECE527\MP5\MP5.sdk\LeNet\Debug/../src/main.c:432: undefined reference to `f_read'
c:/xilinx/sdk/2019.1/gnu/aarch32/nt/gcc-arm-none-eabi/bin/../lib/gcc/arm-none-eabi/8.2.0/../../../../arm-none-eabi/bin/ld.exe: C:\Users\huang\ECE527\MP5\MP5.sdk\LeNet\Debug/../src/main.c:443: undefined reference to `f_read'
c:/xilinx/sdk/2019.1/gnu/aarch32/nt/gcc-arm-none-eabi/bin/../lib/gcc/arm-none-eabi/8.2.0/../../../../arm-none-eabi/bin/ld.exe: C:\Users\huang\ECE527\MP5\MP5.sdk\LeNet\Debug/../src/main.c:454: undefined reference to `f_read'
c:/xilinx/sdk/2019.1/gnu/aarch32/nt/gcc-arm-none-eabi/bin/../lib/gcc/arm-none-eabi/8.2.0/../../../../arm-none-eabi/bin/ld.exe: ./src/main.o:C:\Users\huang\ECE527\MP5\MP5.sdk\LeNet\Debug/../src/main.c:465: more undefined references to `f_read' follow
c:/xilinx/sdk/2019.1/gnu/aarch32/nt/gcc-arm-none-eabi/bin/../lib/gcc/arm-none-eabi/8.2.0/../../../../arm-none-eabi/bin/ld.exe: ./src/main.o: in function `parse_parameters':
C:\Users\huang\ECE527\MP5\MP5.sdk\LeNet\Debug/../src/main.c:498: undefined reference to `f_close'
c:/xilinx/sdk/2019.1/gnu/aarch32/nt/gcc-arm-none-eabi/bin/../lib/gcc/arm-none-eabi/8.2.0/../../../../arm-none-eabi/bin/ld.exe: ./src/main.o: in function `main':
C:\Users\huang\ECE527\MP5\MP5.sdk\LeNet\Debug/../src/main.c:549: undefined reference to `f_mount'
collect2.exe: error: ld returned 1 exit status
make: *** [makefile:41: LeNet.elf] Error 1

13:48:01 Build Finished (took 220ms)

