

================================================================
== Vivado HLS Report for 'copy_output'
================================================================
* Date:           Mon Dec 11 23:07:52 2023

* Version:        2019.1 (Build 2552052 on Fri May 24 15:28:33 MDT 2019)
* Project:        Final_HLS
* Solution:       solution1
* Product family: zynq
* Target device:  xc7z020-clg400-1


================================================================
== Performance Estimates
================================================================
+ Timing (ns): 
    * Summary: 
    +--------+-------+----------+------------+
    |  Clock | Target| Estimated| Uncertainty|
    +--------+-------+----------+------------+
    |ap_clk  |  10.00|     8.750|        1.25|
    +--------+-------+----------+------------+

+ Latency (clock cycles): 
    * Summary: 
    +-----+-----+-----+-----+---------+
    |  Latency  |  Interval | Pipeline|
    | min | max | min | max |   Type  |
    +-----+-----+-----+-----+---------+
    |    9|    9|    9|    9|   none  |
    +-----+-----+-----+-----+---------+

    + Detail: 
        * Instance: 
        N/A

        * Loop: 
        N/A



================================================================
== Utilization Estimates
================================================================
* Summary: 
+-----------------+---------+-------+--------+-------+-----+
|       Name      | BRAM_18K| DSP48E|   FF   |  LUT  | URAM|
+-----------------+---------+-------+--------+-------+-----+
|DSP              |        -|      -|       -|      -|    -|
|Expression       |        -|      -|      40|    864|    -|
|FIFO             |        -|      -|       -|      -|    -|
|Instance         |        -|      -|       -|      -|    -|
|Memory           |        -|      -|       -|      -|    -|
|Multiplexer      |        -|      -|       -|     77|    -|
|Register         |        -|      -|     229|      -|    -|
+-----------------+---------+-------+--------+-------+-----+
|Total            |        0|      0|     269|    941|    0|
+-----------------+---------+-------+--------+-------+-----+
|Available        |      280|    220|  106400|  53200|    0|
+-----------------+---------+-------+--------+-------+-----+
|Utilization (%)  |        0|      0|   ~0   |      1|    0|
+-----------------+---------+-------+--------+-------+-----+

+ Detail: 
    * Instance: 
    N/A

    * DSP48E: 
    N/A

    * Memory: 
    N/A

    * FIFO: 
    N/A

    * Expression: 
    +------------------------+----------+-------+----+-----+------------+------------+
    |      Variable Name     | Operation| DSP48E| FF | LUT | Bitwidth P0| Bitwidth P1|
    +------------------------+----------+-------+----+-----+------------+------------+
    |add_ln894_fu_193_p2     |     +    |      0|   0|   39|           7|          32|
    |add_ln899_fu_266_p2     |     +    |      0|   0|   12|           7|          12|
    |add_ln908_fu_311_p2     |     +    |      0|   0|   39|           7|          32|
    |add_ln911_fu_351_p2     |     +    |      0|   0|   71|          64|          64|
    |add_ln915_fu_401_p2     |     +    |      0|   0|   11|          11|          11|
    |sub_ln889_fu_140_p2     |     -    |      0|   0|   12|           1|          12|
    |sub_ln894_fu_184_p2     |     -    |      0|   0|   39|           4|          32|
    |sub_ln897_fu_219_p2     |     -    |      0|   0|   13|           2|           4|
    |sub_ln908_fu_326_p2     |     -    |      0|   0|   39|           6|          32|
    |sub_ln915_fu_396_p2     |     -    |      0|   0|   11|           3|          11|
    |and_ln897_1_fu_235_p2   |    and   |      0|   0|   12|          12|          12|
    |and_ln897_fu_246_p2     |    and   |      0|   0|    2|           1|           1|
    |and_ln899_fu_279_p2     |    and   |      0|   0|    2|           1|           1|
    |l_fu_172_p3             |   cttz   |      0|  40|   36|          32|           0|
    |icmp_ln885_fu_126_p2    |   icmp   |      0|   0|   13|          12|           1|
    |icmp_ln897_1_fu_240_p2  |   icmp   |      0|   0|   13|          12|           1|
    |icmp_ln897_fu_209_p2    |   icmp   |      0|   0|   18|          31|           1|
    |icmp_ln908_fu_299_p2    |   icmp   |      0|   0|   18|          32|           1|
    |lshr_ln897_fu_229_p2    |   lshr   |      0|   0|   27|           2|          12|
    |lshr_ln908_fu_316_p2    |   lshr   |      0|   0|  101|          32|          32|
    |or_ln899_fu_285_p2      |    or    |      0|   0|    2|           1|           1|
    |select_ln885_fu_430_p3  |  select  |      0|   0|   64|           1|           1|
    |select_ln888_fu_146_p3  |  select  |      0|   0|   12|           1|          12|
    |select_ln908_fu_341_p3  |  select  |      0|   0|   64|           1|          64|
    |select_ln915_fu_389_p3  |  select  |      0|   0|   10|           1|          10|
    |shl_ln908_fu_335_p2     |    shl   |      0|   0|  182|          64|          64|
    |xor_ln899_fu_260_p2     |    xor   |      0|   0|    2|           1|           2|
    +------------------------+----------+-------+----+-----+------------+------------+
    |Total                   |          |      0|  40|  864|         349|         458|
    +------------------------+----------+-------+----+-----+------------+------------+

    * Multiplexer: 
    +--------------------+----+-----------+-----+-----------+
    |        Name        | LUT| Input Size| Bits| Total Bits|
    +--------------------+----+-----------+-----+-----------+
    |ap_NS_fsm           |  50|         11|    1|         11|
    |score_out_blk_n_AW  |   9|          2|    1|          2|
    |score_out_blk_n_B   |   9|          2|    1|          2|
    |score_out_blk_n_W   |   9|          2|    1|          2|
    +--------------------+----+-----------+-----+-----------+
    |Total               |  77|         17|    4|         17|
    +--------------------+----+-----------+-----+-----------+

    * Register: 
    +----------------------+----+----+-----+-----------+
    |         Name         | FF | LUT| Bits| Const Bits|
    +----------------------+----+----+-----+-----------+
    |ap_CS_fsm             |  10|   0|   10|          0|
    |icmp_ln885_reg_437    |   1|   0|    1|          0|
    |icmp_ln908_reg_476    |   1|   0|    1|          0|
    |l_reg_455             |  32|   0|   32|          0|
    |lshr_ln_reg_481       |  63|   0|   63|          0|
    |or_ln_reg_471         |   1|   0|   32|         31|
    |select_ln885_reg_497  |  64|   0|   64|          0|
    |select_ln888_reg_447  |  12|   0|   12|          0|
    |sub_ln894_reg_465     |  32|   0|   32|          0|
    |tmp_4_reg_486         |   1|   0|    1|          0|
    |tmp_reg_442           |   1|   0|    1|          0|
    |trunc_ln893_reg_460   |  11|   0|   11|          0|
    +----------------------+----+----+-----+-----------+
    |Total                 | 229|   0|  260|         31|
    +----------------------+----+----+-----+-----------+



================================================================
== Interface
================================================================
* Summary: 
+--------------------------+-----+-----+------------+--------------------+--------------+
|         RTL Ports        | Dir | Bits|  Protocol  |    Source Object   |    C Type    |
+--------------------------+-----+-----+------------+--------------------+--------------+
|ap_clk                    |  in |    1| ap_ctrl_hs |     copy_output    | return value |
|ap_rst                    |  in |    1| ap_ctrl_hs |     copy_output    | return value |
|ap_start                  |  in |    1| ap_ctrl_hs |     copy_output    | return value |
|ap_done                   | out |    1| ap_ctrl_hs |     copy_output    | return value |
|ap_idle                   | out |    1| ap_ctrl_hs |     copy_output    | return value |
|ap_ready                  | out |    1| ap_ctrl_hs |     copy_output    | return value |
|score_int_0_V_read        |  in |   12|   ap_none  | score_int_0_V_read |    scalar    |
|m_axi_score_out_AWVALID   | out |    1|    m_axi   |      score_out     |    pointer   |
|m_axi_score_out_AWREADY   |  in |    1|    m_axi   |      score_out     |    pointer   |
|m_axi_score_out_AWADDR    | out |   32|    m_axi   |      score_out     |    pointer   |
|m_axi_score_out_AWID      | out |    1|    m_axi   |      score_out     |    pointer   |
|m_axi_score_out_AWLEN     | out |   32|    m_axi   |      score_out     |    pointer   |
|m_axi_score_out_AWSIZE    | out |    3|    m_axi   |      score_out     |    pointer   |
|m_axi_score_out_AWBURST   | out |    2|    m_axi   |      score_out     |    pointer   |
|m_axi_score_out_AWLOCK    | out |    2|    m_axi   |      score_out     |    pointer   |
|m_axi_score_out_AWCACHE   | out |    4|    m_axi   |      score_out     |    pointer   |
|m_axi_score_out_AWPROT    | out |    3|    m_axi   |      score_out     |    pointer   |
|m_axi_score_out_AWQOS     | out |    4|    m_axi   |      score_out     |    pointer   |
|m_axi_score_out_AWREGION  | out |    4|    m_axi   |      score_out     |    pointer   |
|m_axi_score_out_AWUSER    | out |    1|    m_axi   |      score_out     |    pointer   |
|m_axi_score_out_WVALID    | out |    1|    m_axi   |      score_out     |    pointer   |
|m_axi_score_out_WREADY    |  in |    1|    m_axi   |      score_out     |    pointer   |
|m_axi_score_out_WDATA     | out |   64|    m_axi   |      score_out     |    pointer   |
|m_axi_score_out_WSTRB     | out |    8|    m_axi   |      score_out     |    pointer   |
|m_axi_score_out_WLAST     | out |    1|    m_axi   |      score_out     |    pointer   |
|m_axi_score_out_WID       | out |    1|    m_axi   |      score_out     |    pointer   |
|m_axi_score_out_WUSER     | out |    1|    m_axi   |      score_out     |    pointer   |
|m_axi_score_out_ARVALID   | out |    1|    m_axi   |      score_out     |    pointer   |
|m_axi_score_out_ARREADY   |  in |    1|    m_axi   |      score_out     |    pointer   |
|m_axi_score_out_ARADDR    | out |   32|    m_axi   |      score_out     |    pointer   |
|m_axi_score_out_ARID      | out |    1|    m_axi   |      score_out     |    pointer   |
|m_axi_score_out_ARLEN     | out |   32|    m_axi   |      score_out     |    pointer   |
|m_axi_score_out_ARSIZE    | out |    3|    m_axi   |      score_out     |    pointer   |
|m_axi_score_out_ARBURST   | out |    2|    m_axi   |      score_out     |    pointer   |
|m_axi_score_out_ARLOCK    | out |    2|    m_axi   |      score_out     |    pointer   |
|m_axi_score_out_ARCACHE   | out |    4|    m_axi   |      score_out     |    pointer   |
|m_axi_score_out_ARPROT    | out |    3|    m_axi   |      score_out     |    pointer   |
|m_axi_score_out_ARQOS     | out |    4|    m_axi   |      score_out     |    pointer   |
|m_axi_score_out_ARREGION  | out |    4|    m_axi   |      score_out     |    pointer   |
|m_axi_score_out_ARUSER    | out |    1|    m_axi   |      score_out     |    pointer   |
|m_axi_score_out_RVALID    |  in |    1|    m_axi   |      score_out     |    pointer   |
|m_axi_score_out_RREADY    | out |    1|    m_axi   |      score_out     |    pointer   |
|m_axi_score_out_RDATA     |  in |   64|    m_axi   |      score_out     |    pointer   |
|m_axi_score_out_RLAST     |  in |    1|    m_axi   |      score_out     |    pointer   |
|m_axi_score_out_RID       |  in |    1|    m_axi   |      score_out     |    pointer   |
|m_axi_score_out_RUSER     |  in |    1|    m_axi   |      score_out     |    pointer   |
|m_axi_score_out_RRESP     |  in |    2|    m_axi   |      score_out     |    pointer   |
|m_axi_score_out_BVALID    |  in |    1|    m_axi   |      score_out     |    pointer   |
|m_axi_score_out_BREADY    | out |    1|    m_axi   |      score_out     |    pointer   |
|m_axi_score_out_BRESP     |  in |    2|    m_axi   |      score_out     |    pointer   |
|m_axi_score_out_BID       |  in |    1|    m_axi   |      score_out     |    pointer   |
|m_axi_score_out_BUSER     |  in |    1|    m_axi   |      score_out     |    pointer   |
|score_out_offset          |  in |   29|   ap_none  |  score_out_offset  |    scalar    |
+--------------------------+-----+-----+------------+--------------------+--------------+

