

================================================================
== Vivado HLS Report for 'decision_function_47'
================================================================
* Date:           Mon Dec 11 23:06:56 2023

* Version:        2019.1 (Build 2552052 on Fri May 24 15:28:33 MDT 2019)
* Project:        Final_HLS
* Solution:       solution1
* Product family: zynq
* Target device:  xc7z020-clg400-1


================================================================
== Performance Estimates
================================================================
+ Timing (ns): 
    * Summary: 
    +--------+-------+----------+------------+
    |  Clock | Target| Estimated| Uncertainty|
    +--------+-------+----------+------------+
    |ap_clk  |  10.00|     6.791|        1.25|
    +--------+-------+----------+------------+

+ Latency (clock cycles): 
    * Summary: 
    +-----+-----+-----+-----+----------+
    |  Latency  |  Interval | Pipeline |
    | min | max | min | max |   Type   |
    +-----+-----+-----+-----+----------+
    |    4|    4|    4|    4| function |
    +-----+-----+-----+-----+----------+

    + Detail: 
        * Instance: 
        N/A

        * Loop: 
        N/A



================================================================
== Utilization Estimates
================================================================
* Summary: 
+-----------------+---------+-------+--------+-------+-----+
|       Name      | BRAM_18K| DSP48E|   FF   |  LUT  | URAM|
+-----------------+---------+-------+--------+-------+-----+
|DSP              |        -|      -|       -|      -|    -|
|Expression       |        -|      -|       0|    132|    -|
|FIFO             |        -|      -|       -|      -|    -|
|Instance         |        -|      -|       0|    457|    -|
|Memory           |        -|      -|       -|      -|    -|
|Multiplexer      |        -|      -|       -|     93|    -|
|Register         |        -|      -|      12|      -|    -|
+-----------------+---------+-------+--------+-------+-----+
|Total            |        0|      0|      12|    682|    0|
+-----------------+---------+-------+--------+-------+-----+
|Available        |      280|    220|  106400|  53200|    0|
+-----------------+---------+-------+--------+-------+-----+
|Utilization (%)  |        0|      0|   ~0   |      1|    0|
+-----------------+---------+-------+--------+-------+-----+

+ Detail: 
    * Instance: 
    +------------------------------+-------------------------+---------+-------+---+-----+-----+
    |           Instance           |          Module         | BRAM_18K| DSP48E| FF| LUT | URAM|
    +------------------------------+-------------------------+---------+-------+---+-----+-----+
    |my_prj_acceleratobkb_x9_U115  |my_prj_acceleratobkb_x9  |        0|      0|  0|  457|    0|
    +------------------------------+-------------------------+---------+-------+---+-----+-----+
    |Total                         |                         |        0|      0|  0|  457|    0|
    +------------------------------+-------------------------+---------+-------+---+-----+-----+

    * DSP48E: 
    N/A

    * Memory: 
    N/A

    * FIFO: 
    N/A

    * Expression: 
    +---------------------------+----------+-------+---+----+------------+------------+
    |       Variable Name       | Operation| DSP48E| FF| LUT| Bitwidth P0| Bitwidth P1|
    +---------------------------+----------+-------+---+----+------------+------------+
    |and_ln73_214_fu_176_p2     |    and   |      0|  0|   2|           1|           1|
    |and_ln73_215_fu_191_p2     |    and   |      0|  0|   2|           1|           1|
    |and_ln73_216_fu_201_p2     |    and   |      0|  0|   2|           1|           1|
    |and_ln73_217_fu_206_p2     |    and   |      0|  0|   2|           1|           1|
    |and_ln73_218_fu_222_p2     |    and   |      0|  0|   2|           1|           1|
    |and_ln73_219_fu_186_p2     |    and   |      0|  0|   2|           1|           1|
    |and_ln73_220_fu_216_p2     |    and   |      0|  0|   2|           1|           1|
    |and_ln73_fu_172_p2         |    and   |      0|  0|   2|           1|           1|
    |ap_block_pp0_stage0_11001  |    and   |      0|  0|   2|           1|           1|
    |grp_fu_136_p2              |   icmp   |      0|  0|  13|          12|           1|
    |icmp_ln1497_12_fu_166_p2   |   icmp   |      0|  0|  13|          12|          10|
    |icmp_ln1497_2_fu_148_p2    |   icmp   |      0|  0|  13|          12|           9|
    |icmp_ln1497_8_fu_154_p2    |   icmp   |      0|  0|  13|          12|           1|
    |icmp_ln1497_9_fu_160_p2    |   icmp   |      0|  0|  13|          12|           9|
    |icmp_ln1497_fu_142_p2      |   icmp   |      0|  0|  13|          12|          12|
    |or_ln88_122_fu_234_p2      |    or    |      0|  0|   2|           1|           1|
    |or_ln88_123_fu_239_p2      |    or    |      0|  0|   2|           1|           1|
    |or_ln88_124_fu_244_p2      |    or    |      0|  0|   2|           1|           1|
    |or_ln88_fu_228_p2          |    or    |      0|  0|   2|           1|           1|
    |select_ln89_206_fu_268_p3  |  select  |      0|  0|   2|           1|           2|
    |select_ln89_207_fu_280_p3  |  select  |      0|  0|   4|           1|           3|
    |select_ln89_208_fu_287_p3  |  select  |      0|  0|   3|           1|           3|
    |select_ln89_209_fu_295_p3  |  select  |      0|  0|   3|           1|           3|
    |select_ln89_fu_260_p3      |  select  |      0|  0|   3|           1|           2|
    |tmp_fu_311_p9              |  select  |      0|  0|   3|           1|           3|
    |ap_enable_pp0              |    xor   |      0|  0|   2|           1|           2|
    |xor_ln75_79_fu_196_p2      |    xor   |      0|  0|   2|           1|           2|
    |xor_ln75_80_fu_211_p2      |    xor   |      0|  0|   2|           1|           2|
    |xor_ln75_fu_181_p2         |    xor   |      0|  0|   2|           1|           2|
    |xor_ln89_fu_250_p2         |    xor   |      0|  0|   2|           2|           1|
    +---------------------------+----------+-------+---+----+------------+------------+
    |Total                      |          |      0|  0| 132|          97|          80|
    +---------------------------+----------+-------+---+----+------------+------------+

    * Multiplexer: 
    +-------------------------+----+-----------+-----+-----------+
    |           Name          | LUT| Input Size| Bits| Total Bits|
    +-------------------------+----+-----------+-----+-----------+
    |ap_NS_fsm                |  27|          5|    1|          5|
    |ap_enable_reg_pp0_iter0  |   9|          2|    1|          2|
    |ap_enable_reg_pp0_iter1  |   9|          2|    1|          2|
    |x_V_address0             |  27|          5|    4|         20|
    |x_V_address1             |  21|          4|    4|         16|
    +-------------------------+----+-----------+-----+-----------+
    |Total                    |  93|         18|   11|         45|
    +-------------------------+----+-----------+-----+-----------+

    * Register: 
    +-----------------------------+---+----+-----+-----------+
    |             Name            | FF| LUT| Bits| Const Bits|
    +-----------------------------+---+----+-----+-----------+
    |ap_CS_fsm                    |  4|   0|    4|          0|
    |ap_enable_reg_pp0_iter0_reg  |  1|   0|    1|          0|
    |ap_enable_reg_pp0_iter1      |  1|   0|    1|          0|
    |icmp_ln1497_1_reg_353        |  1|   0|    1|          0|
    |icmp_ln1497_2_reg_369        |  1|   0|    1|          0|
    |icmp_ln1497_5_reg_374        |  1|   0|    1|          0|
    |icmp_ln1497_8_reg_389        |  1|   0|    1|          0|
    |icmp_ln1497_9_reg_395        |  1|   0|    1|          0|
    |icmp_ln1497_reg_343          |  1|   0|    1|          0|
    +-----------------------------+---+----+-----+-----------+
    |Total                        | 12|   0|   12|          0|
    +-----------------------------+---+----+-----+-----------+



================================================================
== Interface
================================================================
* Summary: 
+--------------+-----+-----+------------+----------------------+--------------+
|   RTL Ports  | Dir | Bits|  Protocol  |     Source Object    |    C Type    |
+--------------+-----+-----+------------+----------------------+--------------+
|ap_clk        |  in |    1| ap_ctrl_hs | decision_function.47 | return value |
|ap_rst        |  in |    1| ap_ctrl_hs | decision_function.47 | return value |
|ap_start      |  in |    1| ap_ctrl_hs | decision_function.47 | return value |
|ap_done       | out |    1| ap_ctrl_hs | decision_function.47 | return value |
|ap_idle       | out |    1| ap_ctrl_hs | decision_function.47 | return value |
|ap_ready      | out |    1| ap_ctrl_hs | decision_function.47 | return value |
|ap_return     | out |   12| ap_ctrl_hs | decision_function.47 | return value |
|x_V_address0  | out |    4|  ap_memory |          x_V         |     array    |
|x_V_ce0       | out |    1|  ap_memory |          x_V         |     array    |
|x_V_q0        |  in |   12|  ap_memory |          x_V         |     array    |
|x_V_address1  | out |    4|  ap_memory |          x_V         |     array    |
|x_V_ce1       | out |    1|  ap_memory |          x_V         |     array    |
|x_V_q1        |  in |   12|  ap_memory |          x_V         |     array    |
+--------------+-----+-----+------------+----------------------+--------------+

