

================================================================
== Vivado HLS Report for 'decision_function_38'
================================================================
* Date:           Mon Dec 11 23:07:05 2023

* Version:        2019.1 (Build 2552052 on Fri May 24 15:28:33 MDT 2019)
* Project:        Final_HLS
* Solution:       solution1
* Product family: zynq
* Target device:  xc7z020-clg400-1


================================================================
== Performance Estimates
================================================================
+ Timing (ns): 
    * Summary: 
    +--------+-------+----------+------------+
    |  Clock | Target| Estimated| Uncertainty|
    +--------+-------+----------+------------+
    |ap_clk  |  10.00|     7.771|        1.25|
    +--------+-------+----------+------------+

+ Latency (clock cycles): 
    * Summary: 
    +-----+-----+-----+-----+----------+
    |  Latency  |  Interval | Pipeline |
    | min | max | min | max |   Type   |
    +-----+-----+-----+-----+----------+
    |    3|    3|    3|    3| function |
    +-----+-----+-----+-----+----------+

    + Detail: 
        * Instance: 
        N/A

        * Loop: 
        N/A



================================================================
== Utilization Estimates
================================================================
* Summary: 
+-----------------+---------+-------+--------+-------+-----+
|       Name      | BRAM_18K| DSP48E|   FF   |  LUT  | URAM|
+-----------------+---------+-------+--------+-------+-----+
|DSP              |        -|      -|       -|      -|    -|
|Expression       |        -|      -|       0|    145|    -|
|FIFO             |        -|      -|       -|      -|    -|
|Instance         |        -|      -|       0|    457|    -|
|Memory           |        -|      -|       -|      -|    -|
|Multiplexer      |        -|      -|       -|     75|    -|
|Register         |        -|      -|      11|      -|    -|
+-----------------+---------+-------+--------+-------+-----+
|Total            |        0|      0|      11|    677|    0|
+-----------------+---------+-------+--------+-------+-----+
|Available        |      280|    220|  106400|  53200|    0|
+-----------------+---------+-------+--------+-------+-----+
|Utilization (%)  |        0|      0|   ~0   |      1|    0|
+-----------------+---------+-------+--------+-------+-----+

+ Detail: 
    * Instance: 
    +-------------------------------+--------------------------+---------+-------+---+-----+-----+
    |            Instance           |          Module          | BRAM_18K| DSP48E| FF| LUT | URAM|
    +-------------------------------+--------------------------+---------+-------+---+-----+-----+
    |my_prj_acceleratobkb_x19_U136  |my_prj_acceleratobkb_x19  |        0|      0|  0|  457|    0|
    +-------------------------------+--------------------------+---------+-------+---+-----+-----+
    |Total                          |                          |        0|      0|  0|  457|    0|
    +-------------------------------+--------------------------+---------+-------+---+-----+-----+

    * DSP48E: 
    N/A

    * Memory: 
    N/A

    * FIFO: 
    N/A

    * Expression: 
    +---------------------------+----------+-------+---+----+------------+------------+
    |       Variable Name       | Operation| DSP48E| FF| LUT| Bitwidth P0| Bitwidth P1|
    +---------------------------+----------+-------+---+----+------------+------------+
    |and_ln73_173_fu_166_p2     |    and   |      0|  0|   2|           1|           1|
    |and_ln73_174_fu_181_p2     |    and   |      0|  0|   2|           1|           1|
    |and_ln73_175_fu_191_p2     |    and   |      0|  0|   2|           1|           1|
    |and_ln73_176_fu_196_p2     |    and   |      0|  0|   2|           1|           1|
    |and_ln73_177_fu_212_p2     |    and   |      0|  0|   2|           1|           1|
    |and_ln73_178_fu_176_p2     |    and   |      0|  0|   2|           1|           1|
    |and_ln73_179_fu_207_p2     |    and   |      0|  0|   2|           1|           1|
    |and_ln73_fu_162_p2         |    and   |      0|  0|   2|           1|           1|
    |ap_block_pp0_stage0_11001  |    and   |      0|  0|   2|           1|           1|
    |icmp_ln1497_12_fu_138_p2   |   icmp   |      0|  0|  13|          12|          10|
    |icmp_ln1497_1_fu_126_p2    |   icmp   |      0|  0|  13|          12|           1|
    |icmp_ln1497_2_fu_144_p2    |   icmp   |      0|  0|  13|          12|          11|
    |icmp_ln1497_5_fu_150_p2    |   icmp   |      0|  0|  13|          12|          11|
    |icmp_ln1497_8_fu_132_p2    |   icmp   |      0|  0|  13|          12|          10|
    |icmp_ln1497_9_fu_156_p2    |   icmp   |      0|  0|  13|          12|           9|
    |icmp_ln1497_fu_120_p2      |   icmp   |      0|  0|  13|          12|          11|
    |or_ln88_103_fu_224_p2      |    or    |      0|  0|   2|           1|           1|
    |or_ln88_104_fu_229_p2      |    or    |      0|  0|   2|           1|           1|
    |or_ln88_105_fu_234_p2      |    or    |      0|  0|   2|           1|           1|
    |or_ln88_fu_218_p2          |    or    |      0|  0|   2|           1|           1|
    |select_ln89_175_fu_258_p3  |  select  |      0|  0|   2|           1|           2|
    |select_ln89_176_fu_270_p3  |  select  |      0|  0|   4|           1|           3|
    |select_ln89_177_fu_277_p3  |  select  |      0|  0|   3|           1|           3|
    |select_ln89_178_fu_285_p3  |  select  |      0|  0|   3|           1|           3|
    |select_ln89_fu_250_p3      |  select  |      0|  0|   3|           1|           2|
    |tmp_fu_301_p9              |  select  |      0|  0|   3|           1|           3|
    |ap_enable_pp0              |    xor   |      0|  0|   2|           1|           2|
    |xor_ln75_68_fu_186_p2      |    xor   |      0|  0|   2|           1|           2|
    |xor_ln75_69_fu_202_p2      |    xor   |      0|  0|   2|           1|           2|
    |xor_ln75_fu_171_p2         |    xor   |      0|  0|   2|           1|           2|
    |xor_ln89_fu_240_p2         |    xor   |      0|  0|   2|           2|           1|
    +---------------------------+----------+-------+---+----+------------+------------+
    |Total                      |          |      0|  0| 145|         109|         101|
    +---------------------------+----------+-------+---+----+------------+------------+

    * Multiplexer: 
    +-------------------------+----+-----------+-----+-----------+
    |           Name          | LUT| Input Size| Bits| Total Bits|
    +-------------------------+----+-----------+-----+-----------+
    |ap_NS_fsm                |  21|          4|    1|          4|
    |ap_enable_reg_pp0_iter0  |   9|          2|    1|          2|
    |ap_enable_reg_pp0_iter1  |   9|          2|    1|          2|
    |x_V_address0             |  21|          4|    4|         16|
    |x_V_address1             |  15|          3|    4|         12|
    +-------------------------+----+-----------+-----+-----------+
    |Total                    |  75|         15|   11|         36|
    +-------------------------+----+-----------+-----+-----------+

    * Register: 
    +-----------------------------+---+----+-----+-----------+
    |             Name            | FF| LUT| Bits| Const Bits|
    +-----------------------------+---+----+-----+-----------+
    |ap_CS_fsm                    |  3|   0|    3|          0|
    |ap_enable_reg_pp0_iter0_reg  |  1|   0|    1|          0|
    |ap_enable_reg_pp0_iter1      |  1|   0|    1|          0|
    |icmp_ln1497_12_reg_365       |  1|   0|    1|          0|
    |icmp_ln1497_1_reg_343        |  1|   0|    1|          0|
    |icmp_ln1497_2_reg_370        |  1|   0|    1|          0|
    |icmp_ln1497_5_reg_375        |  1|   0|    1|          0|
    |icmp_ln1497_8_reg_359        |  1|   0|    1|          0|
    |icmp_ln1497_reg_333          |  1|   0|    1|          0|
    +-----------------------------+---+----+-----+-----------+
    |Total                        | 11|   0|   11|          0|
    +-----------------------------+---+----+-----+-----------+



================================================================
== Interface
================================================================
* Summary: 
+--------------+-----+-----+------------+----------------------+--------------+
|   RTL Ports  | Dir | Bits|  Protocol  |     Source Object    |    C Type    |
+--------------+-----+-----+------------+----------------------+--------------+
|ap_clk        |  in |    1| ap_ctrl_hs | decision_function.38 | return value |
|ap_rst        |  in |    1| ap_ctrl_hs | decision_function.38 | return value |
|ap_start      |  in |    1| ap_ctrl_hs | decision_function.38 | return value |
|ap_done       | out |    1| ap_ctrl_hs | decision_function.38 | return value |
|ap_idle       | out |    1| ap_ctrl_hs | decision_function.38 | return value |
|ap_ready      | out |    1| ap_ctrl_hs | decision_function.38 | return value |
|ap_return     | out |   12| ap_ctrl_hs | decision_function.38 | return value |
|x_V_address0  | out |    4|  ap_memory |          x_V         |     array    |
|x_V_ce0       | out |    1|  ap_memory |          x_V         |     array    |
|x_V_q0        |  in |   12|  ap_memory |          x_V         |     array    |
|x_V_address1  | out |    4|  ap_memory |          x_V         |     array    |
|x_V_ce1       | out |    1|  ap_memory |          x_V         |     array    |
|x_V_q1        |  in |   12|  ap_memory |          x_V         |     array    |
+--------------+-----+-----+------------+----------------------+--------------+

