

================================================================
== Vivado HLS Report for 'decision_function_68'
================================================================
* Date:           Mon Dec 11 23:06:38 2023

* Version:        2019.1 (Build 2552052 on Fri May 24 15:28:33 MDT 2019)
* Project:        Final_HLS
* Solution:       solution1
* Product family: zynq
* Target device:  xc7z020-clg400-1


================================================================
== Performance Estimates
================================================================
+ Timing (ns): 
    * Summary: 
    +--------+-------+----------+------------+
    |  Clock | Target| Estimated| Uncertainty|
    +--------+-------+----------+------------+
    |ap_clk  |  10.00|     7.771|        1.25|
    +--------+-------+----------+------------+

+ Latency (clock cycles): 
    * Summary: 
    +-----+-----+-----+-----+----------+
    |  Latency  |  Interval | Pipeline |
    | min | max | min | max |   Type   |
    +-----+-----+-----+-----+----------+
    |    3|    3|    3|    3| function |
    +-----+-----+-----+-----+----------+

    + Detail: 
        * Instance: 
        N/A

        * Loop: 
        N/A



================================================================
== Utilization Estimates
================================================================
* Summary: 
+-----------------+---------+-------+--------+-------+-----+
|       Name      | BRAM_18K| DSP48E|   FF   |  LUT  | URAM|
+-----------------+---------+-------+--------+-------+-----+
|DSP              |        -|      -|       -|      -|    -|
|Expression       |        -|      -|       0|    132|    -|
|FIFO             |        -|      -|       -|      -|    -|
|Instance         |        -|      -|       0|    457|    -|
|Memory           |        -|      -|       -|      -|    -|
|Multiplexer      |        -|      -|       -|     75|    -|
|Register         |        -|      -|      11|      -|    -|
+-----------------+---------+-------+--------+-------+-----+
|Total            |        0|      0|      11|    664|    0|
+-----------------+---------+-------+--------+-------+-----+
|Available        |      280|    220|  106400|  53200|    0|
+-----------------+---------+-------+--------+-------+-----+
|Utilization (%)  |        0|      0|   ~0   |      1|    0|
+-----------------+---------+-------+--------+-------+-----+

+ Detail: 
    * Instance: 
    +-----------------------------+-------------------------+---------+-------+---+-----+-----+
    |           Instance          |          Module         | BRAM_18K| DSP48E| FF| LUT | URAM|
    +-----------------------------+-------------------------+---------+-------+---+-----+-----+
    |my_prj_acceleratobkb_x4_U69  |my_prj_acceleratobkb_x4  |        0|      0|  0|  457|    0|
    +-----------------------------+-------------------------+---------+-------+---+-----+-----+
    |Total                        |                         |        0|      0|  0|  457|    0|
    +-----------------------------+-------------------------+---------+-------+---+-----+-----+

    * DSP48E: 
    N/A

    * Memory: 
    N/A

    * FIFO: 
    N/A

    * Expression: 
    +---------------------------+----------+-------+---+----+------------+------------+
    |       Variable Name       | Operation| DSP48E| FF| LUT| Bitwidth P0| Bitwidth P1|
    +---------------------------+----------+-------+---+----+------------+------------+
    |and_ln73_142_fu_158_p2     |    and   |      0|  0|   2|           1|           1|
    |and_ln73_143_fu_168_p2     |    and   |      0|  0|   2|           1|           1|
    |and_ln73_144_fu_173_p2     |    and   |      0|  0|   2|           1|           1|
    |and_ln73_145_fu_183_p2     |    and   |      0|  0|   2|           1|           1|
    |and_ln73_146_fu_188_p2     |    and   |      0|  0|   2|           1|           1|
    |and_ln73_147_fu_199_p2     |    and   |      0|  0|   2|           1|           1|
    |and_ln73_148_fu_204_p2     |    and   |      0|  0|   2|           1|           1|
    |and_ln73_fu_154_p2         |    and   |      0|  0|   2|           1|           1|
    |ap_block_pp0_stage0_11001  |    and   |      0|  0|   2|           1|           1|
    |grp_fu_118_p2              |   icmp   |      0|  0|  13|          12|          10|
    |icmp_ln1497_1_fu_130_p2    |   icmp   |      0|  0|  13|          12|           1|
    |icmp_ln1497_2_fu_136_p2    |   icmp   |      0|  0|  13|          12|          10|
    |icmp_ln1497_8_fu_142_p2    |   icmp   |      0|  0|  13|          12|          12|
    |icmp_ln1497_9_fu_148_p2    |   icmp   |      0|  0|  13|          12|           9|
    |icmp_ln1497_fu_124_p2      |   icmp   |      0|  0|  13|          12|          10|
    |or_ln88_64_fu_216_p2       |    or    |      0|  0|   2|           1|           1|
    |or_ln88_65_fu_221_p2       |    or    |      0|  0|   2|           1|           1|
    |or_ln88_66_fu_226_p2       |    or    |      0|  0|   2|           1|           1|
    |or_ln88_fu_210_p2          |    or    |      0|  0|   2|           1|           1|
    |select_ln89_106_fu_250_p3  |  select  |      0|  0|   2|           1|           2|
    |select_ln89_107_fu_262_p3  |  select  |      0|  0|   4|           1|           3|
    |select_ln89_108_fu_269_p3  |  select  |      0|  0|   3|           1|           3|
    |select_ln89_109_fu_277_p3  |  select  |      0|  0|   3|           1|           3|
    |select_ln89_fu_242_p3      |  select  |      0|  0|   3|           1|           2|
    |tmp_fu_293_p9              |  select  |      0|  0|   3|           1|           3|
    |ap_enable_pp0              |    xor   |      0|  0|   2|           1|           2|
    |xor_ln75_43_fu_178_p2      |    xor   |      0|  0|   2|           1|           2|
    |xor_ln75_44_fu_194_p2      |    xor   |      0|  0|   2|           1|           2|
    |xor_ln75_fu_163_p2         |    xor   |      0|  0|   2|           1|           2|
    |xor_ln89_fu_232_p2         |    xor   |      0|  0|   2|           2|           1|
    +---------------------------+----------+-------+---+----+------------+------------+
    |Total                      |          |      0|  0| 132|          97|          90|
    +---------------------------+----------+-------+---+----+------------+------------+

    * Multiplexer: 
    +-------------------------+----+-----------+-----+-----------+
    |           Name          | LUT| Input Size| Bits| Total Bits|
    +-------------------------+----+-----------+-----+-----------+
    |ap_NS_fsm                |  21|          4|    1|          4|
    |ap_enable_reg_pp0_iter0  |   9|          2|    1|          2|
    |ap_enable_reg_pp0_iter1  |   9|          2|    1|          2|
    |x_V_address0             |  21|          4|    4|         16|
    |x_V_address1             |  15|          3|    4|         12|
    +-------------------------+----+-----------+-----+-----------+
    |Total                    |  75|         15|   11|         36|
    +-------------------------+----+-----------+-----+-----------+

    * Register: 
    +-----------------------------+---+----+-----+-----------+
    |             Name            | FF| LUT| Bits| Const Bits|
    +-----------------------------+---+----+-----+-----------+
    |ap_CS_fsm                    |  3|   0|    3|          0|
    |ap_enable_reg_pp0_iter0_reg  |  1|   0|    1|          0|
    |ap_enable_reg_pp0_iter1      |  1|   0|    1|          0|
    |icmp_ln1497_12_reg_356       |  1|   0|    1|          0|
    |icmp_ln1497_1_reg_335        |  1|   0|    1|          0|
    |icmp_ln1497_2_reg_341        |  1|   0|    1|          0|
    |icmp_ln1497_5_reg_361        |  1|   0|    1|          0|
    |icmp_ln1497_8_reg_366        |  1|   0|    1|          0|
    |icmp_ln1497_reg_325          |  1|   0|    1|          0|
    +-----------------------------+---+----+-----+-----------+
    |Total                        | 11|   0|   11|          0|
    +-----------------------------+---+----+-----+-----------+



================================================================
== Interface
================================================================
* Summary: 
+--------------+-----+-----+------------+----------------------+--------------+
|   RTL Ports  | Dir | Bits|  Protocol  |     Source Object    |    C Type    |
+--------------+-----+-----+------------+----------------------+--------------+
|ap_clk        |  in |    1| ap_ctrl_hs | decision_function.68 | return value |
|ap_rst        |  in |    1| ap_ctrl_hs | decision_function.68 | return value |
|ap_start      |  in |    1| ap_ctrl_hs | decision_function.68 | return value |
|ap_done       | out |    1| ap_ctrl_hs | decision_function.68 | return value |
|ap_idle       | out |    1| ap_ctrl_hs | decision_function.68 | return value |
|ap_ready      | out |    1| ap_ctrl_hs | decision_function.68 | return value |
|ap_return     | out |   12| ap_ctrl_hs | decision_function.68 | return value |
|x_V_address0  | out |    4|  ap_memory |          x_V         |     array    |
|x_V_ce0       | out |    1|  ap_memory |          x_V         |     array    |
|x_V_q0        |  in |   12|  ap_memory |          x_V         |     array    |
|x_V_address1  | out |    4|  ap_memory |          x_V         |     array    |
|x_V_ce1       | out |    1|  ap_memory |          x_V         |     array    |
|x_V_q1        |  in |   12|  ap_memory |          x_V         |     array    |
+--------------+-----+-----+------------+----------------------+--------------+

