

================================================================
== Vivado HLS Report for 'decision_function_23'
================================================================
* Date:           Mon Dec 11 23:07:19 2023

* Version:        2019.1 (Build 2552052 on Fri May 24 15:28:33 MDT 2019)
* Project:        Final_HLS
* Solution:       solution1
* Product family: zynq
* Target device:  xc7z020-clg400-1


================================================================
== Performance Estimates
================================================================
+ Timing (ns): 
    * Summary: 
    +--------+-------+----------+------------+
    |  Clock | Target| Estimated| Uncertainty|
    +--------+-------+----------+------------+
    |ap_clk  |  10.00|     6.791|        1.25|
    +--------+-------+----------+------------+

+ Latency (clock cycles): 
    * Summary: 
    +-----+-----+-----+-----+----------+
    |  Latency  |  Interval | Pipeline |
    | min | max | min | max |   Type   |
    +-----+-----+-----+-----+----------+
    |    3|    3|    3|    3| function |
    +-----+-----+-----+-----+----------+

    + Detail: 
        * Instance: 
        N/A

        * Loop: 
        N/A



================================================================
== Utilization Estimates
================================================================
* Summary: 
+-----------------+---------+-------+--------+-------+-----+
|       Name      | BRAM_18K| DSP48E|   FF   |  LUT  | URAM|
+-----------------+---------+-------+--------+-------+-----+
|DSP              |        -|      -|       -|      -|    -|
|Expression       |        -|      -|       0|    145|    -|
|FIFO             |        -|      -|       -|      -|    -|
|Instance         |        -|      -|       0|    457|    -|
|Memory           |        -|      -|       -|      -|    -|
|Multiplexer      |        -|      -|       -|     75|    -|
|Register         |        -|      -|      11|      -|    -|
+-----------------+---------+-------+--------+-------+-----+
|Total            |        0|      0|      11|    677|    0|
+-----------------+---------+-------+--------+-------+-----+
|Available        |      280|    220|  106400|  53200|    0|
+-----------------+---------+-------+--------+-------+-----+
|Utilization (%)  |        0|      0|   ~0   |      1|    0|
+-----------------+---------+-------+--------+-------+-----+

+ Detail: 
    * Instance: 
    +------------------------------+-------------------------+---------+-------+---+-----+-----+
    |           Instance           |          Module         | BRAM_18K| DSP48E| FF| LUT | URAM|
    +------------------------------+-------------------------+---------+-------+---+-----+-----+
    |my_prj_acceleratobkb_x6_U171  |my_prj_acceleratobkb_x6  |        0|      0|  0|  457|    0|
    +------------------------------+-------------------------+---------+-------+---+-----+-----+
    |Total                         |                         |        0|      0|  0|  457|    0|
    +------------------------------+-------------------------+---------+-------+---+-----+-----+

    * DSP48E: 
    N/A

    * Memory: 
    N/A

    * FIFO: 
    N/A

    * Expression: 
    +---------------------------+----------+-------+---+----+------------+------------+
    |       Variable Name       | Operation| DSP48E| FF| LUT| Bitwidth P0| Bitwidth P1|
    +---------------------------+----------+-------+---+----+------------+------------+
    |and_ln73_101_fu_164_p2     |    and   |      0|  0|   2|           1|           1|
    |and_ln73_102_fu_179_p2     |    and   |      0|  0|   2|           1|           1|
    |and_ln73_103_fu_189_p2     |    and   |      0|  0|   2|           1|           1|
    |and_ln73_104_fu_194_p2     |    and   |      0|  0|   2|           1|           1|
    |and_ln73_105_fu_210_p2     |    and   |      0|  0|   2|           1|           1|
    |and_ln73_106_fu_174_p2     |    and   |      0|  0|   2|           1|           1|
    |and_ln73_107_fu_204_p2     |    and   |      0|  0|   2|           1|           1|
    |and_ln73_fu_160_p2         |    and   |      0|  0|   2|           1|           1|
    |ap_block_pp0_stage0_11001  |    and   |      0|  0|   2|           1|           1|
    |icmp_ln1497_12_fu_154_p2   |   icmp   |      0|  0|  13|          12|          11|
    |icmp_ln1497_1_fu_124_p2    |   icmp   |      0|  0|  13|          12|          12|
    |icmp_ln1497_2_fu_136_p2    |   icmp   |      0|  0|  13|          12|           1|
    |icmp_ln1497_5_fu_142_p2    |   icmp   |      0|  0|  13|          12|          11|
    |icmp_ln1497_8_fu_130_p2    |   icmp   |      0|  0|  13|          12|          10|
    |icmp_ln1497_9_fu_148_p2    |   icmp   |      0|  0|  13|          12|           9|
    |icmp_ln1497_fu_118_p2      |   icmp   |      0|  0|  13|          12|          11|
    |or_ln88_59_fu_222_p2       |    or    |      0|  0|   2|           1|           1|
    |or_ln88_60_fu_227_p2       |    or    |      0|  0|   2|           1|           1|
    |or_ln88_61_fu_232_p2       |    or    |      0|  0|   2|           1|           1|
    |or_ln88_fu_216_p2          |    or    |      0|  0|   2|           1|           1|
    |select_ln89_102_fu_256_p3  |  select  |      0|  0|   2|           1|           2|
    |select_ln89_103_fu_268_p3  |  select  |      0|  0|   4|           1|           3|
    |select_ln89_104_fu_275_p3  |  select  |      0|  0|   3|           1|           3|
    |select_ln89_105_fu_283_p3  |  select  |      0|  0|   3|           1|           3|
    |select_ln89_fu_248_p3      |  select  |      0|  0|   3|           1|           2|
    |tmp_fu_299_p9              |  select  |      0|  0|   3|           1|           3|
    |ap_enable_pp0              |    xor   |      0|  0|   2|           1|           2|
    |xor_ln75_39_fu_184_p2      |    xor   |      0|  0|   2|           1|           2|
    |xor_ln75_40_fu_199_p2      |    xor   |      0|  0|   2|           1|           2|
    |xor_ln75_fu_169_p2         |    xor   |      0|  0|   2|           1|           2|
    |xor_ln89_fu_238_p2         |    xor   |      0|  0|   2|           2|           1|
    +---------------------------+----------+-------+---+----+------------+------------+
    |Total                      |          |      0|  0| 145|         109|         103|
    +---------------------------+----------+-------+---+----+------------+------------+

    * Multiplexer: 
    +-------------------------+----+-----------+-----+-----------+
    |           Name          | LUT| Input Size| Bits| Total Bits|
    +-------------------------+----+-----------+-----+-----------+
    |ap_NS_fsm                |  21|          4|    1|          4|
    |ap_enable_reg_pp0_iter0  |   9|          2|    1|          2|
    |ap_enable_reg_pp0_iter1  |   9|          2|    1|          2|
    |x_V_address0             |  21|          4|    4|         16|
    |x_V_address1             |  15|          3|    4|         12|
    +-------------------------+----+-----------+-----+-----------+
    |Total                    |  75|         15|   11|         36|
    +-------------------------+----+-----------+-----+-----------+

    * Register: 
    +-----------------------------+---+----+-----+-----------+
    |             Name            | FF| LUT| Bits| Const Bits|
    +-----------------------------+---+----+-----+-----------+
    |ap_CS_fsm                    |  3|   0|    3|          0|
    |ap_enable_reg_pp0_iter0_reg  |  1|   0|    1|          0|
    |ap_enable_reg_pp0_iter1      |  1|   0|    1|          0|
    |icmp_ln1497_1_reg_341        |  1|   0|    1|          0|
    |icmp_ln1497_2_reg_363        |  1|   0|    1|          0|
    |icmp_ln1497_5_reg_368        |  1|   0|    1|          0|
    |icmp_ln1497_8_reg_357        |  1|   0|    1|          0|
    |icmp_ln1497_9_reg_373        |  1|   0|    1|          0|
    |icmp_ln1497_reg_331          |  1|   0|    1|          0|
    +-----------------------------+---+----+-----+-----------+
    |Total                        | 11|   0|   11|          0|
    +-----------------------------+---+----+-----+-----------+



================================================================
== Interface
================================================================
* Summary: 
+--------------+-----+-----+------------+----------------------+--------------+
|   RTL Ports  | Dir | Bits|  Protocol  |     Source Object    |    C Type    |
+--------------+-----+-----+------------+----------------------+--------------+
|ap_clk        |  in |    1| ap_ctrl_hs | decision_function.23 | return value |
|ap_rst        |  in |    1| ap_ctrl_hs | decision_function.23 | return value |
|ap_start      |  in |    1| ap_ctrl_hs | decision_function.23 | return value |
|ap_done       | out |    1| ap_ctrl_hs | decision_function.23 | return value |
|ap_idle       | out |    1| ap_ctrl_hs | decision_function.23 | return value |
|ap_ready      | out |    1| ap_ctrl_hs | decision_function.23 | return value |
|ap_return     | out |   12| ap_ctrl_hs | decision_function.23 | return value |
|x_V_address0  | out |    4|  ap_memory |          x_V         |     array    |
|x_V_ce0       | out |    1|  ap_memory |          x_V         |     array    |
|x_V_q0        |  in |   12|  ap_memory |          x_V         |     array    |
|x_V_address1  | out |    4|  ap_memory |          x_V         |     array    |
|x_V_ce1       | out |    1|  ap_memory |          x_V         |     array    |
|x_V_q1        |  in |   12|  ap_memory |          x_V         |     array    |
+--------------+-----+-----+------------+----------------------+--------------+

