

================================================================
== Vivado HLS Report for 'decision_function_12'
================================================================
* Date:           Mon Dec 11 23:07:30 2023

* Version:        2019.1 (Build 2552052 on Fri May 24 15:28:33 MDT 2019)
* Project:        Final_HLS
* Solution:       solution1
* Product family: zynq
* Target device:  xc7z020-clg400-1


================================================================
== Performance Estimates
================================================================
+ Timing (ns): 
    * Summary: 
    +--------+-------+----------+------------+
    |  Clock | Target| Estimated| Uncertainty|
    +--------+-------+----------+------------+
    |ap_clk  |  10.00|     7.771|        1.25|
    +--------+-------+----------+------------+

+ Latency (clock cycles): 
    * Summary: 
    +-----+-----+-----+-----+----------+
    |  Latency  |  Interval | Pipeline |
    | min | max | min | max |   Type   |
    +-----+-----+-----+-----+----------+
    |    3|    3|    3|    3| function |
    +-----+-----+-----+-----+----------+

    + Detail: 
        * Instance: 
        N/A

        * Loop: 
        N/A



================================================================
== Utilization Estimates
================================================================
* Summary: 
+-----------------+---------+-------+--------+-------+-----+
|       Name      | BRAM_18K| DSP48E|   FF   |  LUT  | URAM|
+-----------------+---------+-------+--------+-------+-----+
|DSP              |        -|      -|       -|      -|    -|
|Expression       |        -|      -|       0|    132|    -|
|FIFO             |        -|      -|       -|      -|    -|
|Instance         |        -|      -|       0|    457|    -|
|Memory           |        -|      -|       -|      -|    -|
|Multiplexer      |        -|      -|       -|     81|    -|
|Register         |        -|      -|       9|      -|    -|
+-----------------+---------+-------+--------+-------+-----+
|Total            |        0|      0|       9|    670|    0|
+-----------------+---------+-------+--------+-------+-----+
|Available        |      280|    220|  106400|  53200|    0|
+-----------------+---------+-------+--------+-------+-----+
|Utilization (%)  |        0|      0|   ~0   |      1|    0|
+-----------------+---------+-------+--------+-------+-----+

+ Detail: 
    * Instance: 
    +-------------------------------+--------------------------+---------+-------+---+-----+-----+
    |            Instance           |          Module          | BRAM_18K| DSP48E| FF| LUT | URAM|
    +-------------------------------+--------------------------+---------+-------+---+-----+-----+
    |my_prj_acceleratobkb_x32_U198  |my_prj_acceleratobkb_x32  |        0|      0|  0|  457|    0|
    +-------------------------------+--------------------------+---------+-------+---+-----+-----+
    |Total                          |                          |        0|      0|  0|  457|    0|
    +-------------------------------+--------------------------+---------+-------+---+-----+-----+

    * DSP48E: 
    N/A

    * Memory: 
    N/A

    * FIFO: 
    N/A

    * Expression: 
    +---------------------------+----------+-------+---+----+------------+------------+
    |       Variable Name       | Operation| DSP48E| FF| LUT| Bitwidth P0| Bitwidth P1|
    +---------------------------+----------+-------+---+----+------------+------------+
    |and_ln73_52_fu_167_p2      |    and   |      0|  0|   2|           1|           1|
    |and_ln73_53_fu_182_p2      |    and   |      0|  0|   2|           1|           1|
    |and_ln73_54_fu_192_p2      |    and   |      0|  0|   2|           1|           1|
    |and_ln73_55_fu_197_p2      |    and   |      0|  0|   2|           1|           1|
    |and_ln73_56_fu_214_p2      |    and   |      0|  0|   2|           1|           1|
    |and_ln73_57_fu_177_p2      |    and   |      0|  0|   2|           1|           1|
    |and_ln73_58_fu_208_p2      |    and   |      0|  0|   2|           1|           1|
    |and_ln73_fu_163_p2         |    and   |      0|  0|   2|           1|           1|
    |ap_block_pp0_stage0_11001  |    and   |      0|  0|   2|           1|           1|
    |icmp_ln1497_12_fu_157_p2   |   icmp   |      0|  0|  13|          12|          11|
    |icmp_ln1497_1_fu_133_p2    |   icmp   |      0|  0|  13|          12|          11|
    |icmp_ln1497_2_fu_139_p2    |   icmp   |      0|  0|  13|          12|          11|
    |icmp_ln1497_5_fu_145_p2    |   icmp   |      0|  0|  13|          12|           1|
    |icmp_ln1497_9_fu_151_p2    |   icmp   |      0|  0|  13|          12|          11|
    |icmp_ln1497_fu_127_p2      |   icmp   |      0|  0|  13|          12|           1|
    |or_ln88_32_fu_226_p2       |    or    |      0|  0|   2|           1|           1|
    |or_ln88_33_fu_231_p2       |    or    |      0|  0|   2|           1|           1|
    |or_ln88_34_fu_236_p2       |    or    |      0|  0|   2|           1|           1|
    |or_ln88_fu_220_p2          |    or    |      0|  0|   2|           1|           1|
    |select_ln89_53_fu_260_p3   |  select  |      0|  0|   2|           1|           2|
    |select_ln89_54_fu_272_p3   |  select  |      0|  0|   4|           1|           3|
    |select_ln89_55_fu_279_p3   |  select  |      0|  0|   3|           1|           3|
    |select_ln89_56_fu_287_p3   |  select  |      0|  0|   3|           1|           3|
    |select_ln89_fu_252_p3      |  select  |      0|  0|   3|           1|           2|
    |tmp_fu_303_p9              |  select  |      0|  0|   3|           1|           3|
    |ap_enable_pp0              |    xor   |      0|  0|   2|           1|           2|
    |xor_ln75_21_fu_187_p2      |    xor   |      0|  0|   2|           1|           2|
    |xor_ln75_22_fu_203_p2      |    xor   |      0|  0|   2|           1|           2|
    |xor_ln75_fu_172_p2         |    xor   |      0|  0|   2|           1|           2|
    |xor_ln89_fu_242_p2         |    xor   |      0|  0|   2|           2|           1|
    +---------------------------+----------+-------+---+----+------------+------------+
    |Total                      |          |      0|  0| 132|          97|          84|
    +---------------------------+----------+-------+---+----+------------+------------+

    * Multiplexer: 
    +-------------------------+----+-----------+-----+-----------+
    |           Name          | LUT| Input Size| Bits| Total Bits|
    +-------------------------+----+-----------+-----+-----------+
    |ap_NS_fsm                |  21|          4|    1|          4|
    |ap_enable_reg_pp0_iter0  |   9|          2|    1|          2|
    |ap_enable_reg_pp0_iter1  |   9|          2|    1|          2|
    |x_V_address0             |  21|          4|    4|         16|
    |x_V_address1             |  21|          4|    4|         16|
    +-------------------------+----+-----------+-----+-----------+
    |Total                    |  81|         16|   11|         40|
    +-------------------------+----+-----------+-----+-----------+

    * Register: 
    +-----------------------------+---+----+-----+-----------+
    |             Name            | FF| LUT| Bits| Const Bits|
    +-----------------------------+---+----+-----+-----------+
    |ap_CS_fsm                    |  3|   0|    3|          0|
    |ap_enable_reg_pp0_iter0_reg  |  1|   0|    1|          0|
    |ap_enable_reg_pp0_iter1      |  1|   0|    1|          0|
    |icmp_ln1497_1_reg_345        |  1|   0|    1|          0|
    |icmp_ln1497_2_reg_361        |  1|   0|    1|          0|
    |icmp_ln1497_5_reg_366        |  1|   0|    1|          0|
    |icmp_ln1497_reg_335          |  1|   0|    1|          0|
    +-----------------------------+---+----+-----+-----------+
    |Total                        |  9|   0|    9|          0|
    +-----------------------------+---+----+-----+-----------+



================================================================
== Interface
================================================================
* Summary: 
+--------------+-----+-----+------------+----------------------+--------------+
|   RTL Ports  | Dir | Bits|  Protocol  |     Source Object    |    C Type    |
+--------------+-----+-----+------------+----------------------+--------------+
|ap_clk        |  in |    1| ap_ctrl_hs | decision_function.12 | return value |
|ap_rst        |  in |    1| ap_ctrl_hs | decision_function.12 | return value |
|ap_start      |  in |    1| ap_ctrl_hs | decision_function.12 | return value |
|ap_done       | out |    1| ap_ctrl_hs | decision_function.12 | return value |
|ap_idle       | out |    1| ap_ctrl_hs | decision_function.12 | return value |
|ap_ready      | out |    1| ap_ctrl_hs | decision_function.12 | return value |
|ap_return     | out |   12| ap_ctrl_hs | decision_function.12 | return value |
|x_V_address0  | out |    4|  ap_memory |          x_V         |     array    |
|x_V_ce0       | out |    1|  ap_memory |          x_V         |     array    |
|x_V_q0        |  in |   12|  ap_memory |          x_V         |     array    |
|x_V_address1  | out |    4|  ap_memory |          x_V         |     array    |
|x_V_ce1       | out |    1|  ap_memory |          x_V         |     array    |
|x_V_q1        |  in |   12|  ap_memory |          x_V         |     array    |
+--------------+-----+-----+------------+----------------------+--------------+

