

================================================================
== Vivado HLS Report for 'decision_function_32'
================================================================
* Date:           Mon Dec 11 23:07:10 2023

* Version:        2019.1 (Build 2552052 on Fri May 24 15:28:33 MDT 2019)
* Project:        Final_HLS
* Solution:       solution1
* Product family: zynq
* Target device:  xc7z020-clg400-1


================================================================
== Performance Estimates
================================================================
+ Timing (ns): 
    * Summary: 
    +--------+-------+----------+------------+
    |  Clock | Target| Estimated| Uncertainty|
    +--------+-------+----------+------------+
    |ap_clk  |  10.00|     7.771|        1.25|
    +--------+-------+----------+------------+

+ Latency (clock cycles): 
    * Summary: 
    +-----+-----+-----+-----+----------+
    |  Latency  |  Interval | Pipeline |
    | min | max | min | max |   Type   |
    +-----+-----+-----+-----+----------+
    |    3|    3|    3|    3| function |
    +-----+-----+-----+-----+----------+

    + Detail: 
        * Instance: 
        N/A

        * Loop: 
        N/A



================================================================
== Utilization Estimates
================================================================
* Summary: 
+-----------------+---------+-------+--------+-------+-----+
|       Name      | BRAM_18K| DSP48E|   FF   |  LUT  | URAM|
+-----------------+---------+-------+--------+-------+-----+
|DSP              |        -|      -|       -|      -|    -|
|Expression       |        -|      -|       0|    132|    -|
|FIFO             |        -|      -|       -|      -|    -|
|Instance         |        -|      -|       0|    457|    -|
|Memory           |        -|      -|       -|      -|    -|
|Multiplexer      |        -|      -|       -|     75|    -|
|Register         |        -|      -|       9|      -|    -|
+-----------------+---------+-------+--------+-------+-----+
|Total            |        0|      0|       9|    664|    0|
+-----------------+---------+-------+--------+-------+-----+
|Available        |      280|    220|  106400|  53200|    0|
+-----------------+---------+-------+--------+-------+-----+
|Utilization (%)  |        0|      0|   ~0   |      1|    0|
+-----------------+---------+-------+--------+-------+-----+

+ Detail: 
    * Instance: 
    +-------------------------------+--------------------------+---------+-------+---+-----+-----+
    |            Instance           |          Module          | BRAM_18K| DSP48E| FF| LUT | URAM|
    +-------------------------------+--------------------------+---------+-------+---+-----+-----+
    |my_prj_acceleratobkb_x21_U148  |my_prj_acceleratobkb_x21  |        0|      0|  0|  457|    0|
    +-------------------------------+--------------------------+---------+-------+---+-----+-----+
    |Total                          |                          |        0|      0|  0|  457|    0|
    +-------------------------------+--------------------------+---------+-------+---+-----+-----+

    * DSP48E: 
    N/A

    * Memory: 
    N/A

    * FIFO: 
    N/A

    * Expression: 
    +---------------------------+----------+-------+---+----+------------+------------+
    |       Variable Name       | Operation| DSP48E| FF| LUT| Bitwidth P0| Bitwidth P1|
    +---------------------------+----------+-------+---+----+------------+------------+
    |and_ln73_144_fu_156_p2     |    and   |      0|  0|   2|           1|           1|
    |and_ln73_145_fu_171_p2     |    and   |      0|  0|   2|           1|           1|
    |and_ln73_146_fu_181_p2     |    and   |      0|  0|   2|           1|           1|
    |and_ln73_147_fu_186_p2     |    and   |      0|  0|   2|           1|           1|
    |and_ln73_148_fu_203_p2     |    and   |      0|  0|   2|           1|           1|
    |and_ln73_149_fu_166_p2     |    and   |      0|  0|   2|           1|           1|
    |and_ln73_150_fu_197_p2     |    and   |      0|  0|   2|           1|           1|
    |and_ln73_fu_152_p2         |    and   |      0|  0|   2|           1|           1|
    |ap_block_pp0_stage0_11001  |    and   |      0|  0|   2|           1|           1|
    |icmp_ln1497_12_fu_146_p2   |   icmp   |      0|  0|  13|          12|          12|
    |icmp_ln1497_1_fu_122_p2    |   icmp   |      0|  0|  13|          12|          12|
    |icmp_ln1497_2_fu_128_p2    |   icmp   |      0|  0|  13|          12|           9|
    |icmp_ln1497_5_fu_134_p2    |   icmp   |      0|  0|  13|          12|           1|
    |icmp_ln1497_9_fu_140_p2    |   icmp   |      0|  0|  13|          12|          10|
    |icmp_ln1497_fu_116_p2      |   icmp   |      0|  0|  13|          12|           1|
    |or_ln88_85_fu_215_p2       |    or    |      0|  0|   2|           1|           1|
    |or_ln88_86_fu_220_p2       |    or    |      0|  0|   2|           1|           1|
    |or_ln88_87_fu_225_p2       |    or    |      0|  0|   2|           1|           1|
    |or_ln88_fu_209_p2          |    or    |      0|  0|   2|           1|           1|
    |select_ln89_145_fu_249_p3  |  select  |      0|  0|   2|           1|           2|
    |select_ln89_146_fu_261_p3  |  select  |      0|  0|   4|           1|           3|
    |select_ln89_147_fu_268_p3  |  select  |      0|  0|   3|           1|           3|
    |select_ln89_148_fu_276_p3  |  select  |      0|  0|   3|           1|           3|
    |select_ln89_fu_241_p3      |  select  |      0|  0|   3|           1|           2|
    |tmp_fu_292_p9              |  select  |      0|  0|   3|           1|           3|
    |ap_enable_pp0              |    xor   |      0|  0|   2|           1|           2|
    |xor_ln75_56_fu_176_p2      |    xor   |      0|  0|   2|           1|           2|
    |xor_ln75_57_fu_192_p2      |    xor   |      0|  0|   2|           1|           2|
    |xor_ln75_fu_161_p2         |    xor   |      0|  0|   2|           1|           2|
    |xor_ln89_fu_231_p2         |    xor   |      0|  0|   2|           2|           1|
    +---------------------------+----------+-------+---+----+------------+------------+
    |Total                      |          |      0|  0| 132|          97|          83|
    +---------------------------+----------+-------+---+----+------------+------------+

    * Multiplexer: 
    +-------------------------+----+-----------+-----+-----------+
    |           Name          | LUT| Input Size| Bits| Total Bits|
    +-------------------------+----+-----------+-----+-----------+
    |ap_NS_fsm                |  21|          4|    1|          4|
    |ap_enable_reg_pp0_iter0  |   9|          2|    1|          2|
    |ap_enable_reg_pp0_iter1  |   9|          2|    1|          2|
    |x_V_address0             |  21|          4|    4|         16|
    |x_V_address1             |  15|          3|    4|         12|
    +-------------------------+----+-----------+-----+-----------+
    |Total                    |  75|         15|   11|         36|
    +-------------------------+----+-----------+-----+-----------+

    * Register: 
    +-----------------------------+---+----+-----+-----------+
    |             Name            | FF| LUT| Bits| Const Bits|
    +-----------------------------+---+----+-----+-----------+
    |ap_CS_fsm                    |  3|   0|    3|          0|
    |ap_enable_reg_pp0_iter0_reg  |  1|   0|    1|          0|
    |ap_enable_reg_pp0_iter1      |  1|   0|    1|          0|
    |icmp_ln1497_1_reg_334        |  1|   0|    1|          0|
    |icmp_ln1497_2_reg_350        |  1|   0|    1|          0|
    |icmp_ln1497_5_reg_355        |  1|   0|    1|          0|
    |icmp_ln1497_reg_324          |  1|   0|    1|          0|
    +-----------------------------+---+----+-----+-----------+
    |Total                        |  9|   0|    9|          0|
    +-----------------------------+---+----+-----+-----------+



================================================================
== Interface
================================================================
* Summary: 
+--------------+-----+-----+------------+----------------------+--------------+
|   RTL Ports  | Dir | Bits|  Protocol  |     Source Object    |    C Type    |
+--------------+-----+-----+------------+----------------------+--------------+
|ap_clk        |  in |    1| ap_ctrl_hs | decision_function.32 | return value |
|ap_rst        |  in |    1| ap_ctrl_hs | decision_function.32 | return value |
|ap_start      |  in |    1| ap_ctrl_hs | decision_function.32 | return value |
|ap_done       | out |    1| ap_ctrl_hs | decision_function.32 | return value |
|ap_idle       | out |    1| ap_ctrl_hs | decision_function.32 | return value |
|ap_ready      | out |    1| ap_ctrl_hs | decision_function.32 | return value |
|ap_return     | out |   12| ap_ctrl_hs | decision_function.32 | return value |
|x_V_address0  | out |    4|  ap_memory |          x_V         |     array    |
|x_V_ce0       | out |    1|  ap_memory |          x_V         |     array    |
|x_V_q0        |  in |   12|  ap_memory |          x_V         |     array    |
|x_V_address1  | out |    4|  ap_memory |          x_V         |     array    |
|x_V_ce1       | out |    1|  ap_memory |          x_V         |     array    |
|x_V_q1        |  in |   12|  ap_memory |          x_V         |     array    |
+--------------+-----+-----+------------+----------------------+--------------+

