

================================================================
== Vivado HLS Report for 'decision_function_63'
================================================================
* Date:           Mon Dec 11 23:06:42 2023

* Version:        2019.1 (Build 2552052 on Fri May 24 15:28:33 MDT 2019)
* Project:        Final_HLS
* Solution:       solution1
* Product family: zynq
* Target device:  xc7z020-clg400-1


================================================================
== Performance Estimates
================================================================
+ Timing (ns): 
    * Summary: 
    +--------+-------+----------+------------+
    |  Clock | Target| Estimated| Uncertainty|
    +--------+-------+----------+------------+
    |ap_clk  |  10.00|     8.686|        1.25|
    +--------+-------+----------+------------+

+ Latency (clock cycles): 
    * Summary: 
    +-----+-----+-----+-----+----------+
    |  Latency  |  Interval | Pipeline |
    | min | max | min | max |   Type   |
    +-----+-----+-----+-----+----------+
    |    2|    2|    2|    2| function |
    +-----+-----+-----+-----+----------+

    + Detail: 
        * Instance: 
        N/A

        * Loop: 
        N/A



================================================================
== Utilization Estimates
================================================================
* Summary: 
+-----------------+---------+-------+--------+-------+-----+
|       Name      | BRAM_18K| DSP48E|   FF   |  LUT  | URAM|
+-----------------+---------+-------+--------+-------+-----+
|DSP              |        -|      -|       -|      -|    -|
|Expression       |        -|      -|       0|     95|    -|
|FIFO             |        -|      -|       -|      -|    -|
|Instance         |        -|      -|       0|    457|    -|
|Memory           |        -|      -|       -|      -|    -|
|Multiplexer      |        -|      -|       -|     63|    -|
|Register         |        -|      -|       6|      -|    -|
+-----------------+---------+-------+--------+-------+-----+
|Total            |        0|      0|       6|    615|    0|
+-----------------+---------+-------+--------+-------+-----+
|Available        |      280|    220|  106400|  53200|    0|
+-----------------+---------+-------+--------+-------+-----+
|Utilization (%)  |        0|      0|   ~0   |      1|    0|
+-----------------+---------+-------+--------+-------+-----+

+ Detail: 
    * Instance: 
    +--------------------------+----------------------+---------+-------+---+-----+-----+
    |         Instance         |        Module        | BRAM_18K| DSP48E| FF| LUT | URAM|
    +--------------------------+----------------------+---------+-------+---+-----+-----+
    |my_prj_acceleratocud_U79  |my_prj_acceleratocud  |        0|      0|  0|  457|    0|
    +--------------------------+----------------------+---------+-------+---+-----+-----+
    |Total                     |                      |        0|      0|  0|  457|    0|
    +--------------------------+----------------------+---------+-------+---+-----+-----+

    * DSP48E: 
    N/A

    * Memory: 
    N/A

    * FIFO: 
    N/A

    * Expression: 
    +---------------------------+----------+-------+---+----+------------+------------+
    |       Variable Name       | Operation| DSP48E| FF| LUT| Bitwidth P0| Bitwidth P1|
    +---------------------------+----------+-------+---+----+------------+------------+
    |and_ln73_175_fu_123_p2     |    and   |      0|  0|   2|           1|           1|
    |and_ln73_176_fu_134_p2     |    and   |      0|  0|   2|           1|           1|
    |and_ln73_177_fu_140_p2     |    and   |      0|  0|   2|           1|           1|
    |and_ln73_178_fu_150_p2     |    and   |      0|  0|   2|           1|           1|
    |and_ln73_179_fu_156_p2     |    and   |      0|  0|   2|           1|           1|
    |and_ln73_fu_119_p2         |    and   |      0|  0|   2|           1|           1|
    |ap_block_pp0_stage0_11001  |    and   |      0|  0|   2|           1|           1|
    |icmp_ln1497_1_fu_101_p2    |   icmp   |      0|  0|  13|          12|           1|
    |icmp_ln1497_2_fu_107_p2    |   icmp   |      0|  0|  13|          12|           1|
    |icmp_ln1497_9_fu_113_p2    |   icmp   |      0|  0|  13|          12|          11|
    |icmp_ln1497_fu_95_p2       |   icmp   |      0|  0|  13|          12|          12|
    |or_ln88_78_fu_168_p2       |    or    |      0|  0|   2|           1|           1|
    |or_ln88_79_fu_173_p2       |    or    |      0|  0|   2|           1|           1|
    |or_ln88_fu_162_p2          |    or    |      0|  0|   2|           1|           1|
    |select_ln89_130_fu_196_p3  |  select  |      0|  0|   2|           1|           2|
    |select_ln89_131_fu_208_p3  |  select  |      0|  0|   4|           1|           3|
    |select_ln89_132_fu_215_p3  |  select  |      0|  0|   3|           1|           3|
    |select_ln89_fu_188_p3      |  select  |      0|  0|   3|           1|           2|
    |tmp_fu_231_p8              |  select  |      0|  0|   3|           1|           3|
    |ap_enable_pp0              |    xor   |      0|  0|   2|           1|           2|
    |xor_ln75_52_fu_145_p2      |    xor   |      0|  0|   2|           1|           2|
    |xor_ln75_fu_129_p2         |    xor   |      0|  0|   2|           1|           2|
    |xor_ln89_fu_178_p2         |    xor   |      0|  0|   2|           2|           1|
    +---------------------------+----------+-------+---+----+------------+------------+
    |Total                      |          |      0|  0|  95|          68|          55|
    +---------------------------+----------+-------+---+----+------------+------------+

    * Multiplexer: 
    +-------------------------+----+-----------+-----+-----------+
    |           Name          | LUT| Input Size| Bits| Total Bits|
    +-------------------------+----+-----------+-----+-----------+
    |ap_NS_fsm                |  15|          3|    1|          3|
    |ap_enable_reg_pp0_iter0  |   9|          2|    1|          2|
    |ap_enable_reg_pp0_iter1  |   9|          2|    1|          2|
    |x_V_address0             |  15|          3|    4|         12|
    |x_V_address1             |  15|          3|    4|         12|
    +-------------------------+----+-----------+-----+-----------+
    |Total                    |  63|         13|   11|         31|
    +-------------------------+----+-----------+-----+-----------+

    * Register: 
    +-----------------------------+---+----+-----+-----------+
    |             Name            | FF| LUT| Bits| Const Bits|
    +-----------------------------+---+----+-----+-----------+
    |ap_CS_fsm                    |  2|   0|    2|          0|
    |ap_enable_reg_pp0_iter0_reg  |  1|   0|    1|          0|
    |ap_enable_reg_pp0_iter1      |  1|   0|    1|          0|
    |icmp_ln1497_1_reg_271        |  1|   0|    1|          0|
    |icmp_ln1497_reg_261          |  1|   0|    1|          0|
    +-----------------------------+---+----+-----+-----------+
    |Total                        |  6|   0|    6|          0|
    +-----------------------------+---+----+-----+-----------+



================================================================
== Interface
================================================================
* Summary: 
+--------------+-----+-----+------------+----------------------+--------------+
|   RTL Ports  | Dir | Bits|  Protocol  |     Source Object    |    C Type    |
+--------------+-----+-----+------------+----------------------+--------------+
|ap_clk        |  in |    1| ap_ctrl_hs | decision_function.63 | return value |
|ap_rst        |  in |    1| ap_ctrl_hs | decision_function.63 | return value |
|ap_start      |  in |    1| ap_ctrl_hs | decision_function.63 | return value |
|ap_done       | out |    1| ap_ctrl_hs | decision_function.63 | return value |
|ap_idle       | out |    1| ap_ctrl_hs | decision_function.63 | return value |
|ap_ready      | out |    1| ap_ctrl_hs | decision_function.63 | return value |
|ap_return     | out |   12| ap_ctrl_hs | decision_function.63 | return value |
|x_V_address0  | out |    4|  ap_memory |          x_V         |     array    |
|x_V_ce0       | out |    1|  ap_memory |          x_V         |     array    |
|x_V_q0        |  in |   12|  ap_memory |          x_V         |     array    |
|x_V_address1  | out |    4|  ap_memory |          x_V         |     array    |
|x_V_ce1       | out |    1|  ap_memory |          x_V         |     array    |
|x_V_q1        |  in |   12|  ap_memory |          x_V         |     array    |
+--------------+-----+-----+------------+----------------------+--------------+

